Namespace(aligner_model=None, aln_lr=0.0001, batch_size=32, data='/u/as3ek/github/reversible-meme/data', dec_lr=0.0001, decoder_model=None, enc_dim=512, enc_lr=0.0001, encoder_model=None, epochs=10, glove_path='/u/as3ek/github/reversible-meme/data/glove/glove.twitter.27B.200d.txt', id='run2', img_enc_dim=512, img_enc_net='resnet18', lambda_kld=1.0, log_interval=100, model_fldr='/u/as3ek/github/reversible-meme/models', step_size=5, train_enc=True, txt_enc_dim=512, use_glove=False, use_tf=False)
Let's use 4 GPUs!
Train Batch: [0/30239]	Loss 11.3487 (11.3487)	Top 1 Accuracy 0.000 (0.000)	Top 5 Accuracy 0.000 (0.000)
Train Batch: [100/30239]	Loss 4.3529 (6.1548)	Top 1 Accuracy 51.094 (45.889)	Top 5 Accuracy 58.281 (51.837)
Train Batch: [200/30239]	Loss 4.0986 (5.2494)	Top 1 Accuracy 50.781 (47.524)	Top 5 Accuracy 59.688 (54.872)
Train Batch: [300/30239]	Loss 4.1009 (4.9212)	Top 1 Accuracy 51.094 (48.083)	Top 5 Accuracy 60.156 (55.985)
Train Batch: [400/30239]	Loss 4.0949 (4.7355)	Top 1 Accuracy 49.844 (48.474)	Top 5 Accuracy 58.281 (56.672)
Train Batch: [500/30239]	Loss 3.9910 (4.6191)	Top 1 Accuracy 51.562 (48.743)	Top 5 Accuracy 60.000 (57.177)
Train Batch: [600/30239]	Loss 3.7729 (4.5321)	Top 1 Accuracy 52.500 (48.995)	Top 5 Accuracy 62.812 (57.571)
Train Batch: [700/30239]	Loss 4.4514 (4.4748)	Top 1 Accuracy 46.094 (49.122)	Top 5 Accuracy 56.406 (57.796)
Train Batch: [800/30239]	Loss 3.7849 (4.4184)	Top 1 Accuracy 53.594 (49.388)	Top 5 Accuracy 61.875 (58.120)
Train Batch: [900/30239]	Loss 3.6996 (4.3745)	Top 1 Accuracy 53.906 (49.558)	Top 5 Accuracy 62.656 (58.386)
Train Batch: [1000/30239]	Loss 3.7475 (4.3403)	Top 1 Accuracy 52.344 (49.698)	Top 5 Accuracy 62.812 (58.579)
Train Batch: [1100/30239]	Loss 4.1765 (4.3165)	Top 1 Accuracy 47.188 (49.741)	Top 5 Accuracy 55.938 (58.693)
Train Batch: [1200/30239]	Loss 4.3093 (4.2934)	Top 1 Accuracy 44.844 (49.801)	Top 5 Accuracy 56.406 (58.818)
Train Batch: [1300/30239]	Loss 3.7973 (4.2725)	Top 1 Accuracy 51.719 (49.871)	Top 5 Accuracy 61.406 (58.948)
Train Batch: [1400/30239]	Loss 4.1220 (4.2570)	Top 1 Accuracy 49.688 (49.892)	Top 5 Accuracy 60.000 (59.034)
Train Batch: [1500/30239]	Loss 4.2166 (4.2391)	Top 1 Accuracy 48.281 (49.955)	Top 5 Accuracy 58.750 (59.154)
Train Batch: [1600/30239]	Loss 4.2088 (4.2249)	Top 1 Accuracy 46.094 (49.984)	Top 5 Accuracy 58.750 (59.237)
Train Batch: [1700/30239]	Loss 4.0241 (4.2118)	Top 1 Accuracy 51.094 (50.024)	Top 5 Accuracy 60.781 (59.325)
Train Batch: [1800/30239]	Loss 4.1216 (4.1999)	Top 1 Accuracy 48.906 (50.059)	Top 5 Accuracy 60.312 (59.406)
Train Batch: [1900/30239]	Loss 3.8171 (4.1868)	Top 1 Accuracy 51.562 (50.118)	Top 5 Accuracy 60.781 (59.506)
Train Batch: [2000/30239]	Loss 3.9709 (4.1754)	Top 1 Accuracy 51.719 (50.162)	Top 5 Accuracy 60.781 (59.590)
Train Batch: [2100/30239]	Loss 3.9728 (4.1638)	Top 1 Accuracy 48.438 (50.223)	Top 5 Accuracy 59.531 (59.689)
Train Batch: [2200/30239]	Loss 3.6236 (4.1547)	Top 1 Accuracy 57.500 (50.239)	Top 5 Accuracy 65.781 (59.749)
Train Batch: [2300/30239]	Loss 3.8449 (4.1440)	Top 1 Accuracy 50.156 (50.299)	Top 5 Accuracy 60.625 (59.839)
Train Batch: [2400/30239]	Loss 3.5065 (4.1350)	Top 1 Accuracy 58.281 (50.336)	Top 5 Accuracy 67.031 (59.910)
Train Batch: [2500/30239]	Loss 3.6646 (4.1257)	Top 1 Accuracy 51.562 (50.375)	Top 5 Accuracy 62.969 (59.981)
Train Batch: [2600/30239]	Loss 3.9837 (4.1174)	Top 1 Accuracy 50.312 (50.412)	Top 5 Accuracy 61.406 (60.055)
Train Batch: [2700/30239]	Loss 3.9500 (4.1109)	Top 1 Accuracy 50.312 (50.432)	Top 5 Accuracy 61.562 (60.103)
Train Batch: [2800/30239]	Loss 3.4876 (4.1043)	Top 1 Accuracy 58.125 (50.452)	Top 5 Accuracy 67.188 (60.157)
Train Batch: [2900/30239]	Loss 3.9427 (4.0975)	Top 1 Accuracy 51.094 (50.478)	Top 5 Accuracy 61.406 (60.215)
Train Batch: [3000/30239]	Loss 3.6621 (4.0917)	Top 1 Accuracy 51.719 (50.490)	Top 5 Accuracy 64.688 (60.259)
Train Batch: [3100/30239]	Loss 3.5851 (4.0842)	Top 1 Accuracy 51.719 (50.523)	Top 5 Accuracy 62.969 (60.327)
Train Batch: [3200/30239]	Loss 3.1567 (4.0789)	Top 1 Accuracy 61.875 (50.542)	Top 5 Accuracy 72.812 (60.375)
Train Batch: [3300/30239]	Loss 3.2527 (4.0729)	Top 1 Accuracy 58.750 (50.575)	Top 5 Accuracy 68.906 (60.436)
Train Batch: [3400/30239]	Loss 3.9296 (4.0658)	Top 1 Accuracy 51.719 (50.603)	Top 5 Accuracy 60.312 (60.500)
Train Batch: [3500/30239]	Loss 4.3872 (4.0594)	Top 1 Accuracy 47.812 (50.636)	Top 5 Accuracy 59.531 (60.560)
Train Batch: [3600/30239]	Loss 3.8426 (4.0551)	Top 1 Accuracy 55.000 (50.641)	Top 5 Accuracy 64.531 (60.596)
Train Batch: [3700/30239]	Loss 3.4762 (4.0508)	Top 1 Accuracy 59.375 (50.651)	Top 5 Accuracy 69.688 (60.633)
Train Batch: [3800/30239]	Loss 3.3119 (4.0440)	Top 1 Accuracy 57.344 (50.685)	Top 5 Accuracy 68.438 (60.701)
Train Batch: [3900/30239]	Loss 3.8039 (4.0393)	Top 1 Accuracy 51.719 (50.701)	Top 5 Accuracy 62.188 (60.742)
Train Batch: [4000/30239]	Loss 4.0066 (4.0344)	Top 1 Accuracy 48.438 (50.727)	Top 5 Accuracy 60.000 (60.789)
Train Batch: [4100/30239]	Loss 3.7806 (4.0303)	Top 1 Accuracy 52.188 (50.741)	Top 5 Accuracy 64.688 (60.828)
Train Batch: [4200/30239]	Loss 3.5508 (4.0260)	Top 1 Accuracy 54.531 (50.759)	Top 5 Accuracy 64.062 (60.872)
Train Batch: [4300/30239]	Loss 4.4682 (4.0218)	Top 1 Accuracy 43.281 (50.774)	Top 5 Accuracy 55.781 (60.909)
Train Batch: [4400/30239]	Loss 3.5098 (4.0180)	Top 1 Accuracy 54.844 (50.786)	Top 5 Accuracy 66.406 (60.948)
Train Batch: [4500/30239]	Loss 3.4040 (4.0137)	Top 1 Accuracy 56.719 (50.809)	Top 5 Accuracy 66.250 (60.994)
Train Batch: [4600/30239]	Loss 3.7890 (4.0091)	Top 1 Accuracy 51.719 (50.832)	Top 5 Accuracy 64.531 (61.040)
Train Batch: [4700/30239]	Loss 3.6091 (4.0036)	Top 1 Accuracy 51.406 (50.869)	Top 5 Accuracy 64.844 (61.099)
Train Batch: [4800/30239]	Loss 3.8015 (3.9986)	Top 1 Accuracy 53.125 (50.900)	Top 5 Accuracy 64.531 (61.155)
Train Batch: [4900/30239]	Loss 3.9481 (3.9952)	Top 1 Accuracy 50.469 (50.909)	Top 5 Accuracy 61.094 (61.194)
Train Batch: [5000/30239]	Loss 3.7531 (3.9907)	Top 1 Accuracy 52.969 (50.931)	Top 5 Accuracy 65.000 (61.239)
Train Batch: [5100/30239]	Loss 3.9448 (3.9879)	Top 1 Accuracy 51.250 (50.939)	Top 5 Accuracy 61.719 (61.268)
Train Batch: [5200/30239]	Loss 3.4350 (3.9845)	Top 1 Accuracy 55.312 (50.947)	Top 5 Accuracy 66.719 (61.303)
Train Batch: [5300/30239]	Loss 3.3072 (3.9814)	Top 1 Accuracy 58.594 (50.959)	Top 5 Accuracy 70.625 (61.336)
Train Batch: [5400/30239]	Loss 3.4813 (3.9783)	Top 1 Accuracy 54.531 (50.967)	Top 5 Accuracy 67.031 (61.372)
Train Batch: [5500/30239]	Loss 2.8587 (3.9754)	Top 1 Accuracy 64.844 (50.973)	Top 5 Accuracy 74.219 (61.401)
Train Batch: [5600/30239]	Loss 4.1764 (3.9719)	Top 1 Accuracy 47.969 (50.989)	Top 5 Accuracy 58.594 (61.434)
Train Batch: [5700/30239]	Loss 3.8740 (3.9689)	Top 1 Accuracy 49.688 (51.002)	Top 5 Accuracy 60.469 (61.468)
Train Batch: [5800/30239]	Loss 4.3434 (3.9653)	Top 1 Accuracy 45.156 (51.022)	Top 5 Accuracy 56.719 (61.509)
Train Batch: [5900/30239]	Loss 4.1850 (3.9629)	Top 1 Accuracy 47.031 (51.027)	Top 5 Accuracy 59.219 (61.532)
Train Batch: [6000/30239]	Loss 3.6888 (3.9600)	Top 1 Accuracy 51.562 (51.041)	Top 5 Accuracy 63.281 (61.563)
Train Batch: [6100/30239]	Loss 3.9758 (3.9566)	Top 1 Accuracy 48.750 (51.055)	Top 5 Accuracy 62.031 (61.596)
Train Batch: [6200/30239]	Loss 3.3610 (3.9542)	Top 1 Accuracy 60.156 (51.060)	Top 5 Accuracy 70.469 (61.621)
Train Batch: [6300/30239]	Loss 3.7551 (3.9517)	Top 1 Accuracy 50.469 (51.070)	Top 5 Accuracy 64.062 (61.650)
Train Batch: [6400/30239]	Loss 3.5974 (3.9486)	Top 1 Accuracy 52.969 (51.089)	Top 5 Accuracy 66.094 (61.684)
Train Batch: [6500/30239]	Loss 3.5883 (3.9455)	Top 1 Accuracy 53.594 (51.105)	Top 5 Accuracy 67.031 (61.717)
Train Batch: [6600/30239]	Loss 4.0009 (3.9434)	Top 1 Accuracy 51.406 (51.104)	Top 5 Accuracy 62.188 (61.740)
Train Batch: [6700/30239]	Loss 3.7573 (3.9397)	Top 1 Accuracy 52.812 (51.129)	Top 5 Accuracy 64.531 (61.779)
Train Batch: [6800/30239]	Loss 3.4405 (3.9370)	Top 1 Accuracy 58.438 (51.140)	Top 5 Accuracy 67.344 (61.806)
Train Batch: [6900/30239]	Loss 3.6617 (3.9336)	Top 1 Accuracy 51.875 (51.159)	Top 5 Accuracy 64.531 (61.843)
Train Batch: [7000/30239]	Loss 3.7197 (3.9303)	Top 1 Accuracy 50.781 (51.179)	Top 5 Accuracy 63.125 (61.879)
Train Batch: [7100/30239]	Loss 3.6566 (3.9274)	Top 1 Accuracy 52.500 (51.198)	Top 5 Accuracy 66.250 (61.913)
Train Batch: [7200/30239]	Loss 3.7364 (3.9243)	Top 1 Accuracy 54.062 (51.217)	Top 5 Accuracy 62.031 (61.951)
Train Batch: [7300/30239]	Loss 3.7410 (3.9207)	Top 1 Accuracy 51.250 (51.239)	Top 5 Accuracy 63.594 (61.989)
Train Batch: [7400/30239]	Loss 3.7345 (3.9179)	Top 1 Accuracy 50.781 (51.256)	Top 5 Accuracy 63.125 (62.021)
Train Batch: [7500/30239]	Loss 3.2511 (3.9153)	Top 1 Accuracy 56.875 (51.268)	Top 5 Accuracy 71.406 (62.048)
Train Batch: [7600/30239]	Loss 3.8346 (3.9132)	Top 1 Accuracy 51.250 (51.279)	Top 5 Accuracy 63.594 (62.074)
Train Batch: [7700/30239]	Loss 3.6921 (3.9108)	Top 1 Accuracy 52.500 (51.289)	Top 5 Accuracy 64.531 (62.103)
Train Batch: [7800/30239]	Loss 3.3584 (3.9087)	Top 1 Accuracy 55.781 (51.296)	Top 5 Accuracy 68.750 (62.127)
Train Batch: [7900/30239]	Loss 3.4540 (3.9063)	Top 1 Accuracy 56.562 (51.312)	Top 5 Accuracy 68.281 (62.157)
Train Batch: [8000/30239]	Loss 3.7164 (3.9035)	Top 1 Accuracy 54.531 (51.325)	Top 5 Accuracy 64.844 (62.186)
Train Batch: [8100/30239]	Loss 3.8560 (3.9006)	Top 1 Accuracy 51.719 (51.345)	Top 5 Accuracy 62.031 (62.217)
Train Batch: [8200/30239]	Loss 3.9975 (3.8986)	Top 1 Accuracy 48.438 (51.353)	Top 5 Accuracy 61.250 (62.239)
Train Batch: [8300/30239]	Loss 3.1729 (3.8963)	Top 1 Accuracy 58.438 (51.365)	Top 5 Accuracy 70.625 (62.266)
Train Batch: [8400/30239]	Loss 3.7598 (3.8936)	Top 1 Accuracy 52.031 (51.382)	Top 5 Accuracy 65.625 (62.297)
Train Batch: [8500/30239]	Loss 3.8469 (3.8918)	Top 1 Accuracy 52.969 (51.390)	Top 5 Accuracy 64.688 (62.320)
Train Batch: [8600/30239]	Loss 3.7338 (3.8892)	Top 1 Accuracy 52.812 (51.408)	Top 5 Accuracy 63.594 (62.352)
Train Batch: [8700/30239]	Loss 3.6938 (3.8866)	Top 1 Accuracy 51.719 (51.427)	Top 5 Accuracy 62.969 (62.383)
Train Batch: [8800/30239]	Loss 3.2869 (3.8842)	Top 1 Accuracy 57.969 (51.446)	Top 5 Accuracy 69.688 (62.413)
Train Batch: [8900/30239]	Loss 3.3225 (3.8822)	Top 1 Accuracy 55.625 (51.455)	Top 5 Accuracy 68.750 (62.436)
Train Batch: [9000/30239]	Loss 4.0427 (3.8798)	Top 1 Accuracy 47.188 (51.470)	Top 5 Accuracy 58.594 (62.464)
Train Batch: [9100/30239]	Loss 4.2846 (3.8778)	Top 1 Accuracy 46.406 (51.481)	Top 5 Accuracy 57.500 (62.486)
Train Batch: [9200/30239]	Loss 3.0757 (3.8755)	Top 1 Accuracy 57.969 (51.497)	Top 5 Accuracy 71.250 (62.514)
Train Batch: [9300/30239]	Loss 3.5172 (3.8735)	Top 1 Accuracy 54.844 (51.503)	Top 5 Accuracy 65.625 (62.537)
Train Batch: [9400/30239]	Loss 3.3118 (3.8712)	Top 1 Accuracy 58.906 (51.516)	Top 5 Accuracy 69.375 (62.563)
Train Batch: [9500/30239]	Loss 3.4410 (3.8688)	Top 1 Accuracy 57.812 (51.529)	Top 5 Accuracy 70.625 (62.589)
Train Batch: [9600/30239]	Loss 3.4763 (3.8663)	Top 1 Accuracy 53.281 (51.544)	Top 5 Accuracy 67.188 (62.618)
Train Batch: [9700/30239]	Loss 3.6764 (3.8644)	Top 1 Accuracy 55.156 (51.554)	Top 5 Accuracy 65.156 (62.641)
Train Batch: [9800/30239]	Loss 3.3510 (3.8621)	Top 1 Accuracy 57.656 (51.569)	Top 5 Accuracy 70.156 (62.665)
Train Batch: [9900/30239]	Loss 3.4516 (3.8607)	Top 1 Accuracy 55.312 (51.572)	Top 5 Accuracy 65.781 (62.681)
Train Batch: [10000/30239]	Loss 3.2245 (3.8582)	Top 1 Accuracy 56.875 (51.588)	Top 5 Accuracy 68.594 (62.708)
Train Batch: [10100/30239]	Loss 3.3708 (3.8564)	Top 1 Accuracy 55.625 (51.597)	Top 5 Accuracy 69.062 (62.728)
Train Batch: [10200/30239]	Loss 3.5776 (3.8538)	Top 1 Accuracy 53.438 (51.618)	Top 5 Accuracy 67.500 (62.759)
Train Batch: [10300/30239]	Loss 3.8690 (3.8521)	Top 1 Accuracy 47.969 (51.625)	Top 5 Accuracy 62.188 (62.780)
Train Batch: [10400/30239]	Loss 3.5782 (3.8500)	Top 1 Accuracy 52.344 (51.637)	Top 5 Accuracy 66.406 (62.805)
Train Batch: [10500/30239]	Loss 3.5347 (3.8484)	Top 1 Accuracy 54.844 (51.642)	Top 5 Accuracy 66.719 (62.822)
Train Batch: [10600/30239]	Loss 3.6551 (3.8462)	Top 1 Accuracy 52.969 (51.657)	Top 5 Accuracy 64.375 (62.847)
Train Batch: [10700/30239]	Loss 3.0344 (3.8441)	Top 1 Accuracy 62.031 (51.670)	Top 5 Accuracy 71.562 (62.872)
Train Batch: [10800/30239]	Loss 3.5437 (3.8421)	Top 1 Accuracy 53.125 (51.685)	Top 5 Accuracy 68.594 (62.898)
Train Batch: [10900/30239]	Loss 3.4877 (3.8402)	Top 1 Accuracy 56.250 (51.696)	Top 5 Accuracy 68.125 (62.918)
Train Batch: [11000/30239]	Loss 3.5627 (3.8387)	Top 1 Accuracy 52.344 (51.701)	Top 5 Accuracy 64.219 (62.936)
Train Batch: [11100/30239]	Loss 3.6079 (3.8372)	Top 1 Accuracy 51.406 (51.709)	Top 5 Accuracy 66.094 (62.953)
Train Batch: [11200/30239]	Loss 3.3957 (3.8352)	Top 1 Accuracy 55.625 (51.725)	Top 5 Accuracy 67.500 (62.976)
Train Batch: [11300/30239]	Loss 3.8946 (3.8334)	Top 1 Accuracy 47.969 (51.737)	Top 5 Accuracy 61.562 (62.999)
Train Batch: [11400/30239]	Loss 3.3149 (3.8318)	Top 1 Accuracy 52.812 (51.746)	Top 5 Accuracy 69.219 (63.017)
Train Batch: [11500/30239]	Loss 3.2580 (3.8300)	Top 1 Accuracy 56.094 (51.755)	Top 5 Accuracy 69.531 (63.037)
Train Batch: [11600/30239]	Loss 3.3592 (3.8286)	Top 1 Accuracy 58.750 (51.763)	Top 5 Accuracy 69.062 (63.053)
Train Batch: [11700/30239]	Loss 3.4468 (3.8269)	Top 1 Accuracy 53.594 (51.772)	Top 5 Accuracy 66.562 (63.075)
Train Batch: [11800/30239]	Loss 3.7977 (3.8250)	Top 1 Accuracy 50.625 (51.785)	Top 5 Accuracy 63.438 (63.097)
Train Batch: [11900/30239]	Loss 3.2391 (3.8233)	Top 1 Accuracy 58.125 (51.796)	Top 5 Accuracy 70.625 (63.117)
Train Batch: [12000/30239]	Loss 3.6608 (3.8218)	Top 1 Accuracy 54.531 (51.804)	Top 5 Accuracy 65.312 (63.135)
Train Batch: [12100/30239]	Loss 3.3293 (3.8201)	Top 1 Accuracy 57.031 (51.813)	Top 5 Accuracy 70.000 (63.155)
Train Batch: [12200/30239]	Loss 3.9849 (3.8189)	Top 1 Accuracy 50.000 (51.816)	Top 5 Accuracy 62.969 (63.171)
Train Batch: [12300/30239]	Loss 3.0782 (3.8173)	Top 1 Accuracy 58.281 (51.827)	Top 5 Accuracy 71.562 (63.191)
Train Batch: [12400/30239]	Loss 3.6551 (3.8156)	Top 1 Accuracy 53.281 (51.835)	Top 5 Accuracy 65.625 (63.209)
Train Batch: [12500/30239]	Loss 3.0725 (3.8142)	Top 1 Accuracy 59.219 (51.841)	Top 5 Accuracy 70.312 (63.224)
Train Batch: [12600/30239]	Loss 3.4395 (3.8120)	Top 1 Accuracy 56.875 (51.858)	Top 5 Accuracy 68.750 (63.249)
Train Batch: [12700/30239]	Loss 3.3248 (3.8102)	Top 1 Accuracy 59.844 (51.868)	Top 5 Accuracy 70.000 (63.270)
Train Batch: [12800/30239]	Loss 3.5856 (3.8084)	Top 1 Accuracy 54.375 (51.881)	Top 5 Accuracy 66.875 (63.291)
Train Batch: [12900/30239]	Loss 4.1041 (3.8069)	Top 1 Accuracy 46.250 (51.890)	Top 5 Accuracy 58.906 (63.309)
Train Batch: [13000/30239]	Loss 2.9104 (3.8051)	Top 1 Accuracy 60.938 (51.903)	Top 5 Accuracy 74.688 (63.330)
Train Batch: [13100/30239]	Loss 3.6172 (3.8034)	Top 1 Accuracy 52.812 (51.914)	Top 5 Accuracy 65.000 (63.350)
Train Batch: [13200/30239]	Loss 3.4942 (3.8020)	Top 1 Accuracy 55.000 (51.925)	Top 5 Accuracy 69.219 (63.367)
Train Batch: [13300/30239]	Loss 3.8312 (3.8003)	Top 1 Accuracy 48.750 (51.934)	Top 5 Accuracy 63.125 (63.386)
Train Batch: [13400/30239]	Loss 3.4122 (3.7990)	Top 1 Accuracy 55.938 (51.942)	Top 5 Accuracy 67.031 (63.402)
Train Batch: [13500/30239]	Loss 3.4099 (3.7980)	Top 1 Accuracy 54.688 (51.947)	Top 5 Accuracy 66.250 (63.415)
Train Batch: [13600/30239]	Loss 3.4173 (3.7965)	Top 1 Accuracy 54.688 (51.957)	Top 5 Accuracy 68.281 (63.434)
Train Batch: [13700/30239]	Loss 3.5737 (3.7950)	Top 1 Accuracy 53.750 (51.965)	Top 5 Accuracy 64.844 (63.450)
Train Batch: [13800/30239]	Loss 3.1828 (3.7935)	Top 1 Accuracy 57.656 (51.974)	Top 5 Accuracy 66.875 (63.468)
Train Batch: [13900/30239]	Loss 3.5443 (3.7919)	Top 1 Accuracy 54.844 (51.985)	Top 5 Accuracy 65.781 (63.489)
Train Batch: [14000/30239]	Loss 3.4324 (3.7904)	Top 1 Accuracy 53.906 (51.994)	Top 5 Accuracy 68.750 (63.506)
Train Batch: [14100/30239]	Loss 3.3881 (3.7892)	Top 1 Accuracy 58.281 (52.002)	Top 5 Accuracy 69.844 (63.522)
Train Batch: [14200/30239]	Loss 3.9607 (3.7879)	Top 1 Accuracy 48.906 (52.010)	Top 5 Accuracy 59.688 (63.537)
Train Batch: [14300/30239]	Loss 4.0305 (3.7866)	Top 1 Accuracy 51.875 (52.017)	Top 5 Accuracy 62.656 (63.554)
Train Batch: [14400/30239]	Loss 3.9868 (3.7851)	Top 1 Accuracy 49.688 (52.027)	Top 5 Accuracy 63.281 (63.572)
Train Batch: [14500/30239]	Loss 3.7773 (3.7837)	Top 1 Accuracy 52.656 (52.036)	Top 5 Accuracy 64.375 (63.588)
Train Batch: [14600/30239]	Loss 3.3985 (3.7825)	Top 1 Accuracy 56.875 (52.041)	Top 5 Accuracy 69.219 (63.602)
Train Batch: [14700/30239]	Loss 3.9306 (3.7811)	Top 1 Accuracy 45.938 (52.049)	Top 5 Accuracy 59.531 (63.617)
Train Batch: [14800/30239]	Loss 3.5402 (3.7798)	Top 1 Accuracy 53.594 (52.056)	Top 5 Accuracy 67.344 (63.633)
Train Batch: [14900/30239]	Loss 3.3517 (3.7787)	Top 1 Accuracy 57.969 (52.060)	Top 5 Accuracy 69.531 (63.647)
Train Batch: [15000/30239]	Loss 3.1162 (3.7773)	Top 1 Accuracy 58.281 (52.068)	Top 5 Accuracy 70.000 (63.663)
Train Batch: [15100/30239]	Loss 3.6860 (3.7760)	Top 1 Accuracy 52.031 (52.077)	Top 5 Accuracy 65.625 (63.679)
Train Batch: [15200/30239]	Loss 3.3019 (3.7746)	Top 1 Accuracy 55.625 (52.087)	Top 5 Accuracy 70.156 (63.696)
Train Batch: [15300/30239]	Loss 3.4281 (3.7732)	Top 1 Accuracy 53.906 (52.094)	Top 5 Accuracy 67.500 (63.711)
Train Batch: [15400/30239]	Loss 3.7232 (3.7716)	Top 1 Accuracy 50.156 (52.106)	Top 5 Accuracy 62.188 (63.730)
Train Batch: [15500/30239]	Loss 3.7557 (3.7704)	Top 1 Accuracy 50.938 (52.110)	Top 5 Accuracy 65.000 (63.743)
Train Batch: [15600/30239]	Loss 3.2642 (3.7690)	Top 1 Accuracy 57.969 (52.119)	Top 5 Accuracy 67.969 (63.760)
Train Batch: [15700/30239]	Loss 3.5679 (3.7677)	Top 1 Accuracy 54.844 (52.126)	Top 5 Accuracy 65.938 (63.775)
Train Batch: [15800/30239]	Loss 3.4488 (3.7660)	Top 1 Accuracy 55.312 (52.139)	Top 5 Accuracy 70.156 (63.794)
Train Batch: [15900/30239]	Loss 3.5302 (3.7650)	Top 1 Accuracy 51.406 (52.142)	Top 5 Accuracy 65.156 (63.807)
Train Batch: [16000/30239]	Loss 3.5980 (3.7637)	Top 1 Accuracy 55.469 (52.149)	Top 5 Accuracy 68.594 (63.822)
Train Batch: [16100/30239]	Loss 3.2831 (3.7624)	Top 1 Accuracy 55.781 (52.157)	Top 5 Accuracy 69.219 (63.837)
Train Batch: [16200/30239]	Loss 3.5094 (3.7611)	Top 1 Accuracy 56.406 (52.166)	Top 5 Accuracy 68.750 (63.852)
Train Batch: [16300/30239]	Loss 3.5645 (3.7602)	Top 1 Accuracy 52.344 (52.170)	Top 5 Accuracy 66.094 (63.863)
Train Batch: [16400/30239]	Loss 3.4492 (3.7590)	Top 1 Accuracy 54.375 (52.174)	Top 5 Accuracy 66.094 (63.875)
Train Batch: [16500/30239]	Loss 3.6689 (3.7582)	Top 1 Accuracy 52.031 (52.176)	Top 5 Accuracy 63.438 (63.883)
Train Batch: [16600/30239]	Loss 3.0080 (3.7567)	Top 1 Accuracy 59.375 (52.186)	Top 5 Accuracy 70.625 (63.900)
Train Batch: [16700/30239]	Loss 3.2814 (3.7557)	Top 1 Accuracy 56.250 (52.192)	Top 5 Accuracy 68.750 (63.913)
Train Batch: [16800/30239]	Loss 3.6714 (3.7546)	Top 1 Accuracy 50.625 (52.197)	Top 5 Accuracy 65.000 (63.926)
Train Batch: [16900/30239]	Loss 3.8498 (3.7540)	Top 1 Accuracy 48.906 (52.198)	Top 5 Accuracy 63.594 (63.934)
Train Batch: [17000/30239]	Loss 3.1625 (3.7526)	Top 1 Accuracy 56.562 (52.208)	Top 5 Accuracy 69.844 (63.950)
Train Batch: [17100/30239]	Loss 3.6304 (3.7515)	Top 1 Accuracy 53.125 (52.213)	Top 5 Accuracy 65.000 (63.962)
Train Batch: [17200/30239]	Loss 3.2244 (3.7502)	Top 1 Accuracy 59.531 (52.219)	Top 5 Accuracy 71.094 (63.976)
Train Batch: [17300/30239]	Loss 3.6864 (3.7490)	Top 1 Accuracy 53.750 (52.226)	Top 5 Accuracy 66.250 (63.991)
Train Batch: [17400/30239]	Loss 3.6390 (3.7477)	Top 1 Accuracy 52.500 (52.233)	Top 5 Accuracy 64.062 (64.005)
Train Batch: [17500/30239]	Loss 2.9975 (3.7468)	Top 1 Accuracy 60.469 (52.236)	Top 5 Accuracy 74.531 (64.015)
Train Batch: [17600/30239]	Loss 3.8233 (3.7456)	Top 1 Accuracy 52.344 (52.245)	Top 5 Accuracy 64.531 (64.029)
Train Batch: [17700/30239]	Loss 3.7352 (3.7448)	Top 1 Accuracy 50.781 (52.246)	Top 5 Accuracy 64.531 (64.037)
Train Batch: [17800/30239]	Loss 3.4937 (3.7438)	Top 1 Accuracy 53.906 (52.251)	Top 5 Accuracy 67.031 (64.049)
Train Batch: [17900/30239]	Loss 3.1761 (3.7423)	Top 1 Accuracy 56.250 (52.262)	Top 5 Accuracy 70.156 (64.066)
Train Batch: [18000/30239]	Loss 2.9538 (3.7410)	Top 1 Accuracy 59.531 (52.270)	Top 5 Accuracy 73.125 (64.080)
Train Batch: [18100/30239]	Loss 3.4433 (3.7399)	Top 1 Accuracy 56.719 (52.279)	Top 5 Accuracy 67.500 (64.094)
Train Batch: [18200/30239]	Loss 3.5611 (3.7389)	Top 1 Accuracy 53.281 (52.282)	Top 5 Accuracy 65.938 (64.104)
Train Batch: [18300/30239]	Loss 3.4243 (3.7377)	Top 1 Accuracy 54.062 (52.288)	Top 5 Accuracy 67.344 (64.118)
Train Batch: [18400/30239]	Loss 3.5319 (3.7367)	Top 1 Accuracy 52.031 (52.293)	Top 5 Accuracy 66.250 (64.129)
Train Batch: [18500/30239]	Loss 3.8781 (3.7358)	Top 1 Accuracy 46.094 (52.295)	Top 5 Accuracy 60.156 (64.139)
Train Batch: [18600/30239]	Loss 3.6746 (3.7348)	Top 1 Accuracy 53.281 (52.301)	Top 5 Accuracy 65.625 (64.150)
Train Batch: [18700/30239]	Loss 3.1065 (3.7337)	Top 1 Accuracy 60.000 (52.307)	Top 5 Accuracy 73.438 (64.162)
Train Batch: [18800/30239]	Loss 3.0628 (3.7325)	Top 1 Accuracy 60.938 (52.314)	Top 5 Accuracy 72.031 (64.175)
Train Batch: [18900/30239]	Loss 3.1445 (3.7314)	Top 1 Accuracy 58.906 (52.319)	Top 5 Accuracy 70.781 (64.187)
Train Batch: [19000/30239]	Loss 3.2057 (3.7302)	Top 1 Accuracy 56.406 (52.324)	Top 5 Accuracy 70.781 (64.201)
Train Batch: [19100/30239]	Loss 3.7039 (3.7290)	Top 1 Accuracy 52.812 (52.332)	Top 5 Accuracy 65.781 (64.215)
Train Batch: [19200/30239]	Loss 2.7785 (3.7281)	Top 1 Accuracy 60.625 (52.338)	Top 5 Accuracy 74.844 (64.227)
Train Batch: [19300/30239]	Loss 3.5936 (3.7273)	Top 1 Accuracy 56.719 (52.341)	Top 5 Accuracy 67.656 (64.236)
Train Batch: [19400/30239]	Loss 3.5273 (3.7262)	Top 1 Accuracy 53.281 (52.348)	Top 5 Accuracy 65.938 (64.249)
Train Batch: [19500/30239]	Loss 3.8078 (3.7250)	Top 1 Accuracy 48.906 (52.356)	Top 5 Accuracy 64.688 (64.262)
Train Batch: [19600/30239]	Loss 3.4286 (3.7241)	Top 1 Accuracy 56.094 (52.361)	Top 5 Accuracy 68.594 (64.273)
Train Batch: [19700/30239]	Loss 3.7679 (3.7227)	Top 1 Accuracy 53.750 (52.371)	Top 5 Accuracy 64.688 (64.289)
Train Batch: [19800/30239]	Loss 3.3705 (3.7214)	Top 1 Accuracy 57.812 (52.380)	Top 5 Accuracy 68.750 (64.304)
Train Batch: [19900/30239]	Loss 3.1445 (3.7202)	Top 1 Accuracy 58.125 (52.387)	Top 5 Accuracy 70.469 (64.318)
Train Batch: [20000/30239]	Loss 3.4027 (3.7193)	Top 1 Accuracy 52.500 (52.391)	Top 5 Accuracy 66.875 (64.328)
Train Batch: [20100/30239]	Loss 4.2686 (3.7186)	Top 1 Accuracy 45.000 (52.393)	Top 5 Accuracy 59.531 (64.336)
Train Batch: [20200/30239]	Loss 3.9823 (3.7177)	Top 1 Accuracy 45.625 (52.396)	Top 5 Accuracy 61.562 (64.346)
Train Batch: [20300/30239]	Loss 3.2056 (3.7164)	Top 1 Accuracy 56.875 (52.405)	Top 5 Accuracy 70.625 (64.360)
Train Batch: [20400/30239]	Loss 3.9433 (3.7153)	Top 1 Accuracy 53.125 (52.413)	Top 5 Accuracy 63.750 (64.373)
Train Batch: [20500/30239]	Loss 3.4292 (3.7143)	Top 1 Accuracy 56.094 (52.420)	Top 5 Accuracy 70.469 (64.385)
Train Batch: [20600/30239]	Loss 3.3732 (3.7135)	Top 1 Accuracy 55.312 (52.423)	Top 5 Accuracy 67.656 (64.394)
Train Batch: [20700/30239]	Loss 3.8036 (3.7123)	Top 1 Accuracy 50.938 (52.432)	Top 5 Accuracy 65.000 (64.408)
Train Batch: [20800/30239]	Loss 3.4731 (3.7114)	Top 1 Accuracy 55.781 (52.436)	Top 5 Accuracy 67.969 (64.419)
Train Batch: [20900/30239]	Loss 3.5784 (3.7104)	Top 1 Accuracy 52.031 (52.442)	Top 5 Accuracy 64.844 (64.430)
Train Batch: [21000/30239]	Loss 3.1369 (3.7094)	Top 1 Accuracy 57.031 (52.447)	Top 5 Accuracy 71.250 (64.442)
Train Batch: [21100/30239]	Loss 3.5679 (3.7085)	Top 1 Accuracy 51.250 (52.450)	Top 5 Accuracy 67.656 (64.452)
Train Batch: [21200/30239]	Loss 3.2177 (3.7074)	Top 1 Accuracy 55.469 (52.456)	Top 5 Accuracy 68.281 (64.463)
Train Batch: [21300/30239]	Loss 3.8784 (3.7064)	Top 1 Accuracy 49.531 (52.463)	Top 5 Accuracy 62.969 (64.476)
Train Batch: [21400/30239]	Loss 3.9900 (3.7054)	Top 1 Accuracy 50.312 (52.470)	Top 5 Accuracy 60.781 (64.488)
Train Batch: [21500/30239]	Loss 4.0132 (3.7041)	Top 1 Accuracy 47.188 (52.480)	Top 5 Accuracy 60.781 (64.503)
Train Batch: [21600/30239]	Loss 2.5470 (3.7033)	Top 1 Accuracy 65.625 (52.483)	Top 5 Accuracy 77.188 (64.513)
Train Batch: [21700/30239]	Loss 3.9156 (3.7027)	Top 1 Accuracy 50.781 (52.483)	Top 5 Accuracy 64.688 (64.519)
Train Batch: [21800/30239]	Loss 3.9740 (3.7017)	Top 1 Accuracy 48.750 (52.490)	Top 5 Accuracy 61.875 (64.530)
Train Batch: [21900/30239]	Loss 3.8772 (3.7010)	Top 1 Accuracy 49.844 (52.492)	Top 5 Accuracy 60.312 (64.538)
Train Batch: [22000/30239]	Loss 3.4364 (3.6999)	Top 1 Accuracy 58.281 (52.500)	Top 5 Accuracy 69.688 (64.550)
Train Batch: [22100/30239]	Loss 4.0546 (3.6989)	Top 1 Accuracy 47.812 (52.506)	Top 5 Accuracy 61.719 (64.562)
Train Batch: [22200/30239]	Loss 3.6844 (3.6980)	Top 1 Accuracy 53.906 (52.511)	Top 5 Accuracy 65.781 (64.573)
Train Batch: [22300/30239]	Loss 3.5083 (3.6971)	Top 1 Accuracy 52.500 (52.517)	Top 5 Accuracy 66.719 (64.583)
Train Batch: [22400/30239]	Loss 3.1722 (3.6962)	Top 1 Accuracy 58.281 (52.521)	Top 5 Accuracy 70.938 (64.593)
Train Batch: [22500/30239]	Loss 3.2365 (3.6952)	Top 1 Accuracy 55.781 (52.527)	Top 5 Accuracy 67.969 (64.603)
Train Batch: [22600/30239]	Loss 3.4897 (3.6942)	Top 1 Accuracy 54.062 (52.534)	Top 5 Accuracy 66.406 (64.615)
Train Batch: [22700/30239]	Loss 3.7047 (3.6933)	Top 1 Accuracy 50.312 (52.540)	Top 5 Accuracy 62.344 (64.627)
Train Batch: [22800/30239]	Loss 3.3700 (3.6922)	Top 1 Accuracy 57.188 (52.546)	Top 5 Accuracy 66.562 (64.638)
Train Batch: [22900/30239]	Loss 4.1020 (3.6914)	Top 1 Accuracy 48.594 (52.549)	Top 5 Accuracy 58.750 (64.647)
Train Batch: [23000/30239]	Loss 3.0833 (3.6905)	Top 1 Accuracy 56.875 (52.556)	Top 5 Accuracy 69.062 (64.658)
Train Batch: [23100/30239]	Loss 4.3097 (3.6898)	Top 1 Accuracy 42.031 (52.558)	Top 5 Accuracy 56.406 (64.666)
Train Batch: [23200/30239]	Loss 3.5098 (3.6890)	Top 1 Accuracy 53.281 (52.564)	Top 5 Accuracy 65.469 (64.676)
Train Batch: [23300/30239]	Loss 3.5237 (3.6882)	Top 1 Accuracy 52.500 (52.569)	Top 5 Accuracy 67.969 (64.686)
Train Batch: [23400/30239]	Loss 3.3329 (3.6874)	Top 1 Accuracy 57.812 (52.574)	Top 5 Accuracy 69.531 (64.695)
Train Batch: [23500/30239]	Loss 3.2748 (3.6864)	Top 1 Accuracy 57.031 (52.579)	Top 5 Accuracy 69.688 (64.706)
Train Batch: [23600/30239]	Loss 3.7293 (3.6858)	Top 1 Accuracy 49.844 (52.580)	Top 5 Accuracy 64.531 (64.712)
Train Batch: [23700/30239]	Loss 3.3998 (3.6849)	Top 1 Accuracy 51.250 (52.585)	Top 5 Accuracy 66.562 (64.723)
Train Batch: [23800/30239]	Loss 3.3879 (3.6841)	Top 1 Accuracy 57.344 (52.588)	Top 5 Accuracy 69.219 (64.732)
Train Batch: [23900/30239]	Loss 4.2907 (3.6831)	Top 1 Accuracy 48.594 (52.593)	Top 5 Accuracy 59.688 (64.743)
Train Batch: [24000/30239]	Loss 3.1030 (3.6822)	Top 1 Accuracy 58.594 (52.599)	Top 5 Accuracy 70.625 (64.754)
Train Batch: [24100/30239]	Loss 3.4930 (3.6814)	Top 1 Accuracy 52.188 (52.605)	Top 5 Accuracy 66.562 (64.763)
Train Batch: [24200/30239]	Loss 3.1692 (3.6807)	Top 1 Accuracy 55.625 (52.607)	Top 5 Accuracy 70.156 (64.771)
Train Batch: [24300/30239]	Loss 3.4921 (3.6797)	Top 1 Accuracy 52.656 (52.612)	Top 5 Accuracy 66.562 (64.782)
Train Batch: [24400/30239]	Loss 4.0664 (3.6788)	Top 1 Accuracy 45.156 (52.616)	Top 5 Accuracy 59.688 (64.791)
Train Batch: [24500/30239]	Loss 3.5663 (3.6780)	Top 1 Accuracy 52.969 (52.621)	Top 5 Accuracy 65.469 (64.800)
Train Batch: [24600/30239]	Loss 3.2315 (3.6773)	Top 1 Accuracy 59.062 (52.623)	Top 5 Accuracy 70.781 (64.808)
Train Batch: [24700/30239]	Loss 3.2537 (3.6765)	Top 1 Accuracy 55.312 (52.628)	Top 5 Accuracy 69.531 (64.816)
Train Batch: [24800/30239]	Loss 3.6023 (3.6756)	Top 1 Accuracy 51.250 (52.635)	Top 5 Accuracy 65.156 (64.827)
Train Batch: [24900/30239]	Loss 3.3029 (3.6746)	Top 1 Accuracy 56.094 (52.640)	Top 5 Accuracy 68.281 (64.837)
Train Batch: [25000/30239]	Loss 2.8622 (3.6739)	Top 1 Accuracy 61.094 (52.644)	Top 5 Accuracy 75.156 (64.845)
Train Batch: [25100/30239]	Loss 3.3514 (3.6732)	Top 1 Accuracy 55.469 (52.646)	Top 5 Accuracy 68.594 (64.853)
Train Batch: [25200/30239]	Loss 2.9246 (3.6723)	Top 1 Accuracy 59.219 (52.651)	Top 5 Accuracy 72.500 (64.863)
Train Batch: [25300/30239]	Loss 3.8441 (3.6713)	Top 1 Accuracy 48.594 (52.659)	Top 5 Accuracy 62.812 (64.875)
Train Batch: [25400/30239]	Loss 3.8242 (3.6703)	Top 1 Accuracy 49.375 (52.665)	Top 5 Accuracy 61.719 (64.886)
Train Batch: [25500/30239]	Loss 3.0772 (3.6695)	Top 1 Accuracy 58.438 (52.668)	Top 5 Accuracy 70.156 (64.894)
Train Batch: [25600/30239]	Loss 2.8673 (3.6687)	Top 1 Accuracy 60.000 (52.673)	Top 5 Accuracy 73.906 (64.904)
Train Batch: [25700/30239]	Loss 4.0730 (3.6679)	Top 1 Accuracy 47.656 (52.679)	Top 5 Accuracy 60.625 (64.913)
Train Batch: [25800/30239]	Loss 4.0043 (3.6671)	Top 1 Accuracy 48.906 (52.684)	Top 5 Accuracy 61.562 (64.922)
Train Batch: [25900/30239]	Loss 3.4546 (3.6665)	Top 1 Accuracy 55.625 (52.687)	Top 5 Accuracy 65.625 (64.930)
Train Batch: [26000/30239]	Loss 3.3054 (3.6659)	Top 1 Accuracy 54.531 (52.691)	Top 5 Accuracy 68.906 (64.937)
Train Batch: [26100/30239]	Loss 3.2101 (3.6650)	Top 1 Accuracy 57.188 (52.697)	Top 5 Accuracy 70.938 (64.947)
Train Batch: [26200/30239]	Loss 3.4921 (3.6641)	Top 1 Accuracy 55.781 (52.703)	Top 5 Accuracy 67.188 (64.957)
Train Batch: [26300/30239]	Loss 3.3327 (3.6634)	Top 1 Accuracy 56.094 (52.706)	Top 5 Accuracy 69.062 (64.965)
Train Batch: [26400/30239]	Loss 4.1998 (3.6626)	Top 1 Accuracy 44.062 (52.711)	Top 5 Accuracy 58.281 (64.974)
Train Batch: [26500/30239]	Loss 3.5978 (3.6618)	Top 1 Accuracy 50.625 (52.716)	Top 5 Accuracy 66.094 (64.983)
Train Batch: [26600/30239]	Loss 3.5331 (3.6611)	Top 1 Accuracy 52.812 (52.720)	Top 5 Accuracy 66.719 (64.992)
Train Batch: [26700/30239]	Loss 3.1850 (3.6603)	Top 1 Accuracy 56.875 (52.724)	Top 5 Accuracy 69.375 (65.000)
Train Batch: [26800/30239]	Loss 3.2804 (3.6595)	Top 1 Accuracy 54.219 (52.727)	Top 5 Accuracy 68.438 (65.009)
Train Batch: [26900/30239]	Loss 3.2709 (3.6588)	Top 1 Accuracy 53.594 (52.730)	Top 5 Accuracy 68.594 (65.017)
Train Batch: [27000/30239]	Loss 3.0657 (3.6579)	Top 1 Accuracy 59.844 (52.737)	Top 5 Accuracy 72.031 (65.028)
Train Batch: [27100/30239]	Loss 3.7872 (3.6571)	Top 1 Accuracy 48.281 (52.741)	Top 5 Accuracy 62.500 (65.037)
Train Batch: [27200/30239]	Loss 2.8740 (3.6562)	Top 1 Accuracy 61.094 (52.746)	Top 5 Accuracy 74.844 (65.047)
Train Batch: [27300/30239]	Loss 3.2186 (3.6557)	Top 1 Accuracy 59.688 (52.747)	Top 5 Accuracy 72.031 (65.053)
Train Batch: [27400/30239]	Loss 2.7684 (3.6548)	Top 1 Accuracy 62.656 (52.754)	Top 5 Accuracy 73.906 (65.064)
Train Batch: [27500/30239]	Loss 2.8950 (3.6540)	Top 1 Accuracy 60.938 (52.758)	Top 5 Accuracy 74.688 (65.073)
Train Batch: [27600/30239]	Loss 3.3028 (3.6532)	Top 1 Accuracy 55.000 (52.762)	Top 5 Accuracy 67.188 (65.081)
Train Batch: [27700/30239]	Loss 3.2405 (3.6524)	Top 1 Accuracy 57.188 (52.767)	Top 5 Accuracy 67.656 (65.091)
Train Batch: [27800/30239]	Loss 3.5034 (3.6515)	Top 1 Accuracy 50.781 (52.773)	Top 5 Accuracy 65.000 (65.101)
Train Batch: [27900/30239]	Loss 3.1124 (3.6507)	Top 1 Accuracy 58.281 (52.776)	Top 5 Accuracy 71.406 (65.109)
Train Batch: [28000/30239]	Loss 2.9095 (3.6500)	Top 1 Accuracy 61.562 (52.780)	Top 5 Accuracy 74.688 (65.117)
Train Batch: [28100/30239]	Loss 3.5033 (3.6490)	Top 1 Accuracy 55.000 (52.786)	Top 5 Accuracy 66.875 (65.127)
Train Batch: [28200/30239]	Loss 3.6825 (3.6483)	Top 1 Accuracy 51.719 (52.791)	Top 5 Accuracy 65.781 (65.135)
Train Batch: [28300/30239]	Loss 3.4221 (3.6474)	Top 1 Accuracy 55.781 (52.797)	Top 5 Accuracy 68.438 (65.145)
Train Batch: [28400/30239]	Loss 3.5655 (3.6466)	Top 1 Accuracy 53.750 (52.803)	Top 5 Accuracy 65.469 (65.154)
Train Batch: [28500/30239]	Loss 4.1462 (3.6459)	Top 1 Accuracy 45.625 (52.807)	Top 5 Accuracy 56.562 (65.162)
Train Batch: [28600/30239]	Loss 2.8382 (3.6449)	Top 1 Accuracy 59.531 (52.814)	Top 5 Accuracy 74.375 (65.174)
Train Batch: [28700/30239]	Loss 3.9103 (3.6440)	Top 1 Accuracy 49.531 (52.820)	Top 5 Accuracy 63.125 (65.183)
Train Batch: [28800/30239]	Loss 3.3594 (3.6433)	Top 1 Accuracy 55.000 (52.826)	Top 5 Accuracy 67.812 (65.192)
Train Batch: [28900/30239]	Loss 3.1302 (3.6426)	Top 1 Accuracy 56.094 (52.830)	Top 5 Accuracy 69.688 (65.200)
Train Batch: [29000/30239]	Loss 3.2839 (3.6418)	Top 1 Accuracy 57.812 (52.835)	Top 5 Accuracy 70.781 (65.209)
Train Batch: [29100/30239]	Loss 3.1705 (3.6410)	Top 1 Accuracy 55.938 (52.841)	Top 5 Accuracy 71.406 (65.219)
Train Batch: [29200/30239]	Loss 3.6494 (3.6404)	Top 1 Accuracy 52.812 (52.843)	Top 5 Accuracy 65.156 (65.226)
Train Batch: [29300/30239]	Loss 3.3097 (3.6396)	Top 1 Accuracy 57.344 (52.847)	Top 5 Accuracy 67.812 (65.235)
Train Batch: [29400/30239]	Loss 3.3389 (3.6389)	Top 1 Accuracy 55.469 (52.852)	Top 5 Accuracy 68.438 (65.243)
Train Batch: [29500/30239]	Loss 3.3613 (3.6382)	Top 1 Accuracy 55.938 (52.857)	Top 5 Accuracy 67.031 (65.250)
Train Batch: [29600/30239]	Loss 3.6112 (3.6375)	Top 1 Accuracy 48.594 (52.861)	Top 5 Accuracy 66.250 (65.258)
Train Batch: [29700/30239]	Loss 4.0643 (3.6368)	Top 1 Accuracy 48.438 (52.863)	Top 5 Accuracy 62.812 (65.266)
Train Batch: [29800/30239]	Loss 3.3621 (3.6362)	Top 1 Accuracy 53.750 (52.865)	Top 5 Accuracy 66.719 (65.272)
Train Batch: [29900/30239]	Loss 3.3539 (3.6356)	Top 1 Accuracy 51.875 (52.867)	Top 5 Accuracy 68.438 (65.279)
Train Batch: [30000/30239]	Loss 2.8413 (3.6350)	Top 1 Accuracy 62.344 (52.869)	Top 5 Accuracy 74.375 (65.285)
Train Batch: [30100/30239]	Loss 3.5306 (3.6342)	Top 1 Accuracy 55.938 (52.876)	Top 5 Accuracy 68.594 (65.295)
Train Batch: [30200/30239]	Loss 2.9916 (3.6335)	Top 1 Accuracy 59.688 (52.880)	Top 5 Accuracy 74.062 (65.303)
Saved Model!
Train Batch: [0/30239]	Loss 3.3840 (3.3840)	Top 1 Accuracy 53.906 (53.906)	Top 5 Accuracy 69.062 (69.062)
Train Batch: [100/30239]	Loss 3.6917 (3.4375)	Top 1 Accuracy 48.906 (53.380)	Top 5 Accuracy 64.219 (67.155)
Train Batch: [200/30239]	Loss 3.7275 (3.4136)	Top 1 Accuracy 52.031 (53.755)	Top 5 Accuracy 64.375 (67.538)
Train Batch: [300/30239]	Loss 3.3644 (3.4045)	Top 1 Accuracy 55.312 (53.919)	Top 5 Accuracy 69.062 (67.670)
Train Batch: [400/30239]	Loss 3.3038 (3.3971)	Top 1 Accuracy 56.719 (54.031)	Top 5 Accuracy 69.375 (67.736)
Train Batch: [500/30239]	Loss 3.4199 (3.4072)	Top 1 Accuracy 53.906 (53.937)	Top 5 Accuracy 66.250 (67.637)
Train Batch: [600/30239]	Loss 2.8960 (3.4086)	Top 1 Accuracy 61.406 (53.884)	Top 5 Accuracy 74.219 (67.590)
Train Batch: [700/30239]	Loss 3.2912 (3.4057)	Top 1 Accuracy 56.406 (53.917)	Top 5 Accuracy 68.281 (67.603)
Train Batch: [800/30239]	Loss 3.0330 (3.4018)	Top 1 Accuracy 56.406 (53.958)	Top 5 Accuracy 71.875 (67.639)
Train Batch: [900/30239]	Loss 3.1942 (3.4072)	Top 1 Accuracy 55.625 (53.901)	Top 5 Accuracy 70.625 (67.575)
Train Batch: [1000/30239]	Loss 3.6977 (3.4017)	Top 1 Accuracy 52.344 (53.982)	Top 5 Accuracy 63.750 (67.662)
Train Batch: [1100/30239]	Loss 3.2995 (3.3969)	Top 1 Accuracy 55.469 (54.028)	Top 5 Accuracy 68.125 (67.701)
Train Batch: [1200/30239]	Loss 3.7746 (3.3935)	Top 1 Accuracy 48.594 (54.050)	Top 5 Accuracy 62.969 (67.744)
Train Batch: [1300/30239]	Loss 2.9904 (3.3980)	Top 1 Accuracy 58.281 (53.965)	Top 5 Accuracy 73.281 (67.685)
Train Batch: [1400/30239]	Loss 3.0363 (3.3969)	Top 1 Accuracy 58.281 (53.983)	Top 5 Accuracy 73.125 (67.709)
Train Batch: [1500/30239]	Loss 3.5939 (3.3996)	Top 1 Accuracy 50.938 (53.970)	Top 5 Accuracy 64.375 (67.684)
Train Batch: [1600/30239]	Loss 2.8968 (3.4015)	Top 1 Accuracy 60.469 (53.937)	Top 5 Accuracy 75.625 (67.658)
Train Batch: [1700/30239]	Loss 3.7299 (3.4001)	Top 1 Accuracy 46.875 (53.945)	Top 5 Accuracy 62.969 (67.678)
Train Batch: [1800/30239]	Loss 3.5885 (3.3990)	Top 1 Accuracy 50.938 (53.969)	Top 5 Accuracy 66.719 (67.698)
Train Batch: [1900/30239]	Loss 3.0185 (3.3997)	Top 1 Accuracy 57.344 (53.957)	Top 5 Accuracy 72.188 (67.680)
Train Batch: [2000/30239]	Loss 3.4416 (3.3974)	Top 1 Accuracy 54.844 (53.987)	Top 5 Accuracy 68.125 (67.711)
Train Batch: [2100/30239]	Loss 3.5342 (3.3968)	Top 1 Accuracy 48.906 (54.002)	Top 5 Accuracy 64.531 (67.713)
Train Batch: [2200/30239]	Loss 2.9638 (3.3963)	Top 1 Accuracy 63.125 (54.016)	Top 5 Accuracy 74.844 (67.715)
Train Batch: [2300/30239]	Loss 3.6470 (3.3933)	Top 1 Accuracy 50.000 (54.046)	Top 5 Accuracy 64.375 (67.758)
Train Batch: [2400/30239]	Loss 2.8037 (3.3923)	Top 1 Accuracy 61.562 (54.064)	Top 5 Accuracy 73.125 (67.770)
Train Batch: [2500/30239]	Loss 3.1798 (3.3928)	Top 1 Accuracy 56.875 (54.063)	Top 5 Accuracy 70.312 (67.771)
Train Batch: [2600/30239]	Loss 3.0467 (3.3911)	Top 1 Accuracy 58.438 (54.069)	Top 5 Accuracy 70.781 (67.790)
Train Batch: [2700/30239]	Loss 3.1099 (3.3894)	Top 1 Accuracy 56.719 (54.083)	Top 5 Accuracy 71.406 (67.806)
Train Batch: [2800/30239]	Loss 3.2467 (3.3890)	Top 1 Accuracy 56.562 (54.092)	Top 5 Accuracy 70.625 (67.808)
Train Batch: [2900/30239]	Loss 3.4318 (3.3888)	Top 1 Accuracy 53.750 (54.090)	Top 5 Accuracy 66.875 (67.821)
Train Batch: [3000/30239]	Loss 3.8024 (3.3898)	Top 1 Accuracy 47.500 (54.072)	Top 5 Accuracy 62.812 (67.810)
Train Batch: [3100/30239]	Loss 3.0315 (3.3901)	Top 1 Accuracy 56.875 (54.068)	Top 5 Accuracy 72.812 (67.807)
Train Batch: [3200/30239]	Loss 3.2488 (3.3904)	Top 1 Accuracy 60.469 (54.067)	Top 5 Accuracy 70.625 (67.808)
Train Batch: [3300/30239]	Loss 3.5398 (3.3903)	Top 1 Accuracy 54.219 (54.076)	Top 5 Accuracy 67.500 (67.816)
Train Batch: [3400/30239]	Loss 3.2721 (3.3892)	Top 1 Accuracy 55.156 (54.089)	Top 5 Accuracy 69.531 (67.830)
Train Batch: [3500/30239]	Loss 3.3468 (3.3891)	Top 1 Accuracy 51.406 (54.095)	Top 5 Accuracy 68.125 (67.835)
Train Batch: [3600/30239]	Loss 3.0331 (3.3912)	Top 1 Accuracy 56.406 (54.066)	Top 5 Accuracy 70.312 (67.810)
Train Batch: [3700/30239]	Loss 3.3742 (3.3910)	Top 1 Accuracy 57.188 (54.067)	Top 5 Accuracy 69.062 (67.812)
Train Batch: [3800/30239]	Loss 3.1421 (3.3900)	Top 1 Accuracy 60.469 (54.078)	Top 5 Accuracy 71.875 (67.825)
Train Batch: [3900/30239]	Loss 3.7221 (3.3909)	Top 1 Accuracy 51.875 (54.075)	Top 5 Accuracy 63.750 (67.814)
Train Batch: [4000/30239]	Loss 3.3645 (3.3894)	Top 1 Accuracy 54.219 (54.088)	Top 5 Accuracy 69.219 (67.833)
Train Batch: [4100/30239]	Loss 3.9071 (3.3889)	Top 1 Accuracy 51.094 (54.093)	Top 5 Accuracy 63.906 (67.836)
Train Batch: [4200/30239]	Loss 3.4235 (3.3876)	Top 1 Accuracy 52.812 (54.106)	Top 5 Accuracy 69.219 (67.850)
Train Batch: [4300/30239]	Loss 3.2609 (3.3890)	Top 1 Accuracy 52.812 (54.091)	Top 5 Accuracy 69.219 (67.839)
Train Batch: [4400/30239]	Loss 3.2907 (3.3880)	Top 1 Accuracy 52.969 (54.101)	Top 5 Accuracy 69.688 (67.850)
Train Batch: [4500/30239]	Loss 3.2762 (3.3885)	Top 1 Accuracy 56.406 (54.089)	Top 5 Accuracy 69.375 (67.843)
Train Batch: [4600/30239]	Loss 3.7877 (3.3879)	Top 1 Accuracy 50.469 (54.095)	Top 5 Accuracy 62.500 (67.852)
Train Batch: [4700/30239]	Loss 3.4783 (3.3876)	Top 1 Accuracy 54.531 (54.098)	Top 5 Accuracy 68.750 (67.857)
Train Batch: [4800/30239]	Loss 3.6234 (3.3870)	Top 1 Accuracy 51.562 (54.107)	Top 5 Accuracy 65.000 (67.867)
Train Batch: [4900/30239]	Loss 3.3828 (3.3863)	Top 1 Accuracy 55.000 (54.113)	Top 5 Accuracy 67.969 (67.877)
Train Batch: [5000/30239]	Loss 3.4778 (3.3854)	Top 1 Accuracy 53.281 (54.121)	Top 5 Accuracy 65.938 (67.889)
Train Batch: [5100/30239]	Loss 3.3491 (3.3856)	Top 1 Accuracy 54.844 (54.121)	Top 5 Accuracy 68.750 (67.888)
Train Batch: [5200/30239]	Loss 3.1717 (3.3862)	Top 1 Accuracy 58.125 (54.111)	Top 5 Accuracy 70.312 (67.884)
Train Batch: [5300/30239]	Loss 3.4205 (3.3855)	Top 1 Accuracy 51.875 (54.111)	Top 5 Accuracy 68.281 (67.890)
Train Batch: [5400/30239]	Loss 3.6259 (3.3858)	Top 1 Accuracy 52.500 (54.107)	Top 5 Accuracy 65.000 (67.890)
Train Batch: [5500/30239]	Loss 3.3170 (3.3852)	Top 1 Accuracy 55.469 (54.104)	Top 5 Accuracy 70.781 (67.892)
Train Batch: [5600/30239]	Loss 3.0204 (3.3842)	Top 1 Accuracy 62.344 (54.114)	Top 5 Accuracy 73.438 (67.906)
Train Batch: [5700/30239]	Loss 3.2708 (3.3835)	Top 1 Accuracy 55.000 (54.120)	Top 5 Accuracy 69.375 (67.916)
Train Batch: [5800/30239]	Loss 3.0433 (3.3836)	Top 1 Accuracy 60.000 (54.119)	Top 5 Accuracy 72.656 (67.914)
Train Batch: [5900/30239]	Loss 3.4056 (3.3833)	Top 1 Accuracy 53.125 (54.127)	Top 5 Accuracy 67.188 (67.919)
Train Batch: [6000/30239]	Loss 3.1283 (3.3827)	Top 1 Accuracy 60.312 (54.132)	Top 5 Accuracy 71.875 (67.923)
Train Batch: [6100/30239]	Loss 3.3284 (3.3819)	Top 1 Accuracy 54.688 (54.141)	Top 5 Accuracy 67.188 (67.935)
Train Batch: [6200/30239]	Loss 3.6333 (3.3812)	Top 1 Accuracy 51.094 (54.148)	Top 5 Accuracy 65.781 (67.941)
Train Batch: [6300/30239]	Loss 3.9159 (3.3807)	Top 1 Accuracy 49.062 (54.152)	Top 5 Accuracy 60.781 (67.951)
Train Batch: [6400/30239]	Loss 3.4231 (3.3807)	Top 1 Accuracy 52.812 (54.154)	Top 5 Accuracy 67.188 (67.950)
Train Batch: [6500/30239]	Loss 3.4422 (3.3806)	Top 1 Accuracy 54.531 (54.155)	Top 5 Accuracy 68.438 (67.954)
Train Batch: [6600/30239]	Loss 3.6688 (3.3800)	Top 1 Accuracy 50.781 (54.157)	Top 5 Accuracy 65.469 (67.960)
Train Batch: [6700/30239]	Loss 2.6223 (3.3793)	Top 1 Accuracy 62.500 (54.161)	Top 5 Accuracy 76.719 (67.967)
Train Batch: [6800/30239]	Loss 3.4362 (3.3787)	Top 1 Accuracy 53.906 (54.159)	Top 5 Accuracy 68.125 (67.971)
Train Batch: [6900/30239]	Loss 3.2487 (3.3788)	Top 1 Accuracy 57.188 (54.158)	Top 5 Accuracy 67.500 (67.969)
Train Batch: [7000/30239]	Loss 3.0604 (3.3778)	Top 1 Accuracy 57.500 (54.166)	Top 5 Accuracy 70.469 (67.978)
Train Batch: [7100/30239]	Loss 3.2597 (3.3780)	Top 1 Accuracy 55.469 (54.161)	Top 5 Accuracy 70.469 (67.974)
Train Batch: [7200/30239]	Loss 3.6572 (3.3776)	Top 1 Accuracy 47.188 (54.160)	Top 5 Accuracy 64.688 (67.978)
Train Batch: [7300/30239]	Loss 3.7183 (3.3767)	Top 1 Accuracy 49.062 (54.173)	Top 5 Accuracy 61.875 (67.991)
Train Batch: [7400/30239]	Loss 3.2858 (3.3762)	Top 1 Accuracy 56.094 (54.174)	Top 5 Accuracy 69.062 (67.995)
Train Batch: [7500/30239]	Loss 3.0100 (3.3754)	Top 1 Accuracy 57.812 (54.183)	Top 5 Accuracy 70.938 (68.005)
Train Batch: [7600/30239]	Loss 3.3488 (3.3753)	Top 1 Accuracy 52.500 (54.182)	Top 5 Accuracy 68.281 (68.004)
Train Batch: [7700/30239]	Loss 2.8947 (3.3747)	Top 1 Accuracy 59.219 (54.187)	Top 5 Accuracy 74.062 (68.008)
Train Batch: [7800/30239]	Loss 3.0368 (3.3737)	Top 1 Accuracy 57.500 (54.201)	Top 5 Accuracy 70.781 (68.022)
Train Batch: [7900/30239]	Loss 3.7260 (3.3733)	Top 1 Accuracy 49.375 (54.205)	Top 5 Accuracy 63.906 (68.026)
Train Batch: [8000/30239]	Loss 2.9954 (3.3728)	Top 1 Accuracy 57.188 (54.208)	Top 5 Accuracy 72.656 (68.031)
Train Batch: [8100/30239]	Loss 3.6416 (3.3726)	Top 1 Accuracy 51.406 (54.211)	Top 5 Accuracy 66.562 (68.036)
Train Batch: [8200/30239]	Loss 3.1992 (3.3723)	Top 1 Accuracy 56.875 (54.213)	Top 5 Accuracy 68.750 (68.039)
Train Batch: [8300/30239]	Loss 3.2311 (3.3726)	Top 1 Accuracy 54.062 (54.207)	Top 5 Accuracy 66.719 (68.036)
Train Batch: [8400/30239]	Loss 2.9467 (3.3725)	Top 1 Accuracy 61.562 (54.205)	Top 5 Accuracy 71.875 (68.037)
Train Batch: [8500/30239]	Loss 3.1617 (3.3719)	Top 1 Accuracy 57.969 (54.208)	Top 5 Accuracy 70.156 (68.041)
Train Batch: [8600/30239]	Loss 3.5537 (3.3717)	Top 1 Accuracy 53.906 (54.206)	Top 5 Accuracy 65.938 (68.044)
Train Batch: [8700/30239]	Loss 3.3747 (3.3715)	Top 1 Accuracy 56.094 (54.207)	Top 5 Accuracy 70.312 (68.046)
Train Batch: [8800/30239]	Loss 3.4623 (3.3707)	Top 1 Accuracy 55.000 (54.215)	Top 5 Accuracy 69.531 (68.056)
Train Batch: [8900/30239]	Loss 3.7148 (3.3706)	Top 1 Accuracy 48.906 (54.213)	Top 5 Accuracy 62.656 (68.057)
Train Batch: [9000/30239]	Loss 2.5542 (3.3707)	Top 1 Accuracy 65.469 (54.209)	Top 5 Accuracy 77.812 (68.053)
Train Batch: [9100/30239]	Loss 3.4211 (3.3700)	Top 1 Accuracy 55.625 (54.212)	Top 5 Accuracy 67.344 (68.059)
Train Batch: [9200/30239]	Loss 3.0021 (3.3697)	Top 1 Accuracy 63.906 (54.218)	Top 5 Accuracy 75.625 (68.064)
Train Batch: [9300/30239]	Loss 3.2741 (3.3691)	Top 1 Accuracy 55.781 (54.223)	Top 5 Accuracy 68.125 (68.069)
Train Batch: [9400/30239]	Loss 3.4571 (3.3685)	Top 1 Accuracy 52.969 (54.230)	Top 5 Accuracy 68.906 (68.076)
Train Batch: [9500/30239]	Loss 3.6746 (3.3678)	Top 1 Accuracy 51.719 (54.234)	Top 5 Accuracy 66.094 (68.082)
Train Batch: [9600/30239]	Loss 3.5931 (3.3674)	Top 1 Accuracy 51.562 (54.241)	Top 5 Accuracy 66.406 (68.088)
Train Batch: [9700/30239]	Loss 3.5048 (3.3662)	Top 1 Accuracy 54.219 (54.251)	Top 5 Accuracy 67.031 (68.102)
Train Batch: [9800/30239]	Loss 3.1436 (3.3662)	Top 1 Accuracy 56.250 (54.249)	Top 5 Accuracy 69.844 (68.102)
Train Batch: [9900/30239]	Loss 3.7337 (3.3662)	Top 1 Accuracy 49.531 (54.249)	Top 5 Accuracy 65.312 (68.101)
Train Batch: [10000/30239]	Loss 3.3721 (3.3659)	Top 1 Accuracy 56.719 (54.253)	Top 5 Accuracy 70.000 (68.104)
Train Batch: [10100/30239]	Loss 3.6251 (3.3656)	Top 1 Accuracy 50.625 (54.258)	Top 5 Accuracy 64.219 (68.109)
Train Batch: [10200/30239]	Loss 3.2633 (3.3652)	Top 1 Accuracy 55.938 (54.262)	Top 5 Accuracy 69.062 (68.112)
Train Batch: [10300/30239]	Loss 3.1544 (3.3646)	Top 1 Accuracy 59.219 (54.267)	Top 5 Accuracy 70.625 (68.117)
Train Batch: [10400/30239]	Loss 3.5060 (3.3640)	Top 1 Accuracy 52.500 (54.272)	Top 5 Accuracy 64.688 (68.122)
Train Batch: [10500/30239]	Loss 3.4270 (3.3639)	Top 1 Accuracy 52.188 (54.271)	Top 5 Accuracy 68.125 (68.124)
Train Batch: [10600/30239]	Loss 2.7884 (3.3638)	Top 1 Accuracy 57.969 (54.272)	Top 5 Accuracy 75.156 (68.126)
Train Batch: [10700/30239]	Loss 3.3298 (3.3634)	Top 1 Accuracy 57.969 (54.277)	Top 5 Accuracy 70.625 (68.130)
Train Batch: [10800/30239]	Loss 3.8652 (3.3635)	Top 1 Accuracy 44.375 (54.274)	Top 5 Accuracy 58.750 (68.127)
Train Batch: [10900/30239]	Loss 3.0803 (3.3625)	Top 1 Accuracy 56.094 (54.281)	Top 5 Accuracy 72.656 (68.137)
Train Batch: [11000/30239]	Loss 3.4871 (3.3618)	Top 1 Accuracy 50.781 (54.287)	Top 5 Accuracy 66.406 (68.147)
Train Batch: [11100/30239]	Loss 3.5778 (3.3614)	Top 1 Accuracy 52.969 (54.290)	Top 5 Accuracy 64.375 (68.152)
Train Batch: [11200/30239]	Loss 3.3383 (3.3608)	Top 1 Accuracy 54.219 (54.295)	Top 5 Accuracy 68.125 (68.160)
Train Batch: [11300/30239]	Loss 3.1930 (3.3610)	Top 1 Accuracy 57.031 (54.291)	Top 5 Accuracy 71.250 (68.159)
Train Batch: [11400/30239]	Loss 3.6831 (3.3607)	Top 1 Accuracy 51.250 (54.293)	Top 5 Accuracy 63.906 (68.160)
Train Batch: [11500/30239]	Loss 3.1627 (3.3602)	Top 1 Accuracy 55.938 (54.295)	Top 5 Accuracy 69.688 (68.164)
Train Batch: [11600/30239]	Loss 2.9415 (3.3599)	Top 1 Accuracy 62.188 (54.298)	Top 5 Accuracy 73.594 (68.168)
Train Batch: [11700/30239]	Loss 2.8271 (3.3598)	Top 1 Accuracy 62.344 (54.297)	Top 5 Accuracy 74.219 (68.171)
Train Batch: [11800/30239]	Loss 3.5437 (3.3598)	Top 1 Accuracy 52.500 (54.297)	Top 5 Accuracy 65.156 (68.171)
Train Batch: [11900/30239]	Loss 3.4491 (3.3595)	Top 1 Accuracy 55.156 (54.297)	Top 5 Accuracy 66.875 (68.172)
Train Batch: [12000/30239]	Loss 3.2332 (3.3587)	Top 1 Accuracy 57.188 (54.306)	Top 5 Accuracy 69.688 (68.182)
Train Batch: [12100/30239]	Loss 3.3608 (3.3583)	Top 1 Accuracy 55.156 (54.310)	Top 5 Accuracy 68.594 (68.185)
Train Batch: [12200/30239]	Loss 3.4586 (3.3579)	Top 1 Accuracy 53.281 (54.311)	Top 5 Accuracy 67.656 (68.190)
Train Batch: [12300/30239]	Loss 3.6033 (3.3575)	Top 1 Accuracy 49.219 (54.315)	Top 5 Accuracy 63.438 (68.192)
Train Batch: [12400/30239]	Loss 3.3314 (3.3570)	Top 1 Accuracy 53.906 (54.317)	Top 5 Accuracy 68.125 (68.197)
Train Batch: [12500/30239]	Loss 3.4777 (3.3566)	Top 1 Accuracy 54.219 (54.320)	Top 5 Accuracy 68.281 (68.200)
Train Batch: [12600/30239]	Loss 2.9876 (3.3567)	Top 1 Accuracy 60.781 (54.317)	Top 5 Accuracy 73.750 (68.199)
Train Batch: [12700/30239]	Loss 2.7688 (3.3563)	Top 1 Accuracy 62.344 (54.321)	Top 5 Accuracy 77.188 (68.204)
Train Batch: [12800/30239]	Loss 3.4192 (3.3564)	Top 1 Accuracy 53.906 (54.320)	Top 5 Accuracy 68.438 (68.202)
Train Batch: [12900/30239]	Loss 3.2510 (3.3563)	Top 1 Accuracy 57.969 (54.321)	Top 5 Accuracy 69.844 (68.203)
Train Batch: [13000/30239]	Loss 3.2703 (3.3559)	Top 1 Accuracy 56.875 (54.324)	Top 5 Accuracy 68.438 (68.207)
Train Batch: [13100/30239]	Loss 3.5093 (3.3558)	Top 1 Accuracy 51.719 (54.324)	Top 5 Accuracy 67.188 (68.207)
Train Batch: [13200/30239]	Loss 3.3173 (3.3555)	Top 1 Accuracy 54.062 (54.326)	Top 5 Accuracy 66.875 (68.210)
Train Batch: [13300/30239]	Loss 3.2744 (3.3555)	Top 1 Accuracy 57.188 (54.322)	Top 5 Accuracy 68.125 (68.208)
Train Batch: [13400/30239]	Loss 3.0705 (3.3549)	Top 1 Accuracy 59.531 (54.330)	Top 5 Accuracy 70.000 (68.216)
Train Batch: [13500/30239]	Loss 3.1911 (3.3550)	Top 1 Accuracy 56.719 (54.329)	Top 5 Accuracy 70.781 (68.216)
Train Batch: [13600/30239]	Loss 3.1652 (3.3546)	Top 1 Accuracy 55.625 (54.332)	Top 5 Accuracy 70.781 (68.219)
Train Batch: [13700/30239]	Loss 3.1058 (3.3543)	Top 1 Accuracy 57.812 (54.336)	Top 5 Accuracy 71.875 (68.224)
Train Batch: [13800/30239]	Loss 3.4784 (3.3543)	Top 1 Accuracy 51.562 (54.332)	Top 5 Accuracy 67.188 (68.221)
Train Batch: [13900/30239]	Loss 3.0947 (3.3542)	Top 1 Accuracy 57.969 (54.331)	Top 5 Accuracy 71.562 (68.222)
Train Batch: [14000/30239]	Loss 3.0503 (3.3539)	Top 1 Accuracy 57.656 (54.332)	Top 5 Accuracy 71.875 (68.225)
Train Batch: [14100/30239]	Loss 3.0355 (3.3539)	Top 1 Accuracy 57.969 (54.331)	Top 5 Accuracy 72.500 (68.224)
Train Batch: [14200/30239]	Loss 3.2514 (3.3534)	Top 1 Accuracy 53.281 (54.333)	Top 5 Accuracy 68.594 (68.229)
Train Batch: [14300/30239]	Loss 3.3762 (3.3531)	Top 1 Accuracy 52.188 (54.332)	Top 5 Accuracy 69.531 (68.230)
Train Batch: [14400/30239]	Loss 3.4203 (3.3532)	Top 1 Accuracy 51.875 (54.329)	Top 5 Accuracy 69.844 (68.229)
Train Batch: [14500/30239]	Loss 3.1104 (3.3530)	Top 1 Accuracy 56.406 (54.331)	Top 5 Accuracy 71.094 (68.232)
Train Batch: [14600/30239]	Loss 3.3963 (3.3526)	Top 1 Accuracy 53.750 (54.333)	Top 5 Accuracy 69.375 (68.235)
Train Batch: [14700/30239]	Loss 3.0478 (3.3523)	Top 1 Accuracy 57.812 (54.335)	Top 5 Accuracy 72.500 (68.238)
Train Batch: [14800/30239]	Loss 3.3080 (3.3517)	Top 1 Accuracy 55.469 (54.341)	Top 5 Accuracy 69.688 (68.245)
Train Batch: [14900/30239]	Loss 2.9156 (3.3513)	Top 1 Accuracy 60.938 (54.344)	Top 5 Accuracy 72.031 (68.250)
Train Batch: [15000/30239]	Loss 3.0473 (3.3511)	Top 1 Accuracy 59.375 (54.343)	Top 5 Accuracy 72.969 (68.251)
Train Batch: [15100/30239]	Loss 3.2301 (3.3512)	Top 1 Accuracy 57.812 (54.341)	Top 5 Accuracy 69.688 (68.250)
Train Batch: [15200/30239]	Loss 3.3221 (3.3508)	Top 1 Accuracy 53.281 (54.347)	Top 5 Accuracy 68.125 (68.255)
Train Batch: [15300/30239]	Loss 3.7743 (3.3504)	Top 1 Accuracy 51.406 (54.349)	Top 5 Accuracy 63.750 (68.259)
Train Batch: [15400/30239]	Loss 2.8189 (3.3503)	Top 1 Accuracy 59.531 (54.350)	Top 5 Accuracy 74.531 (68.261)
Train Batch: [15500/30239]	Loss 2.8400 (3.3503)	Top 1 Accuracy 61.406 (54.346)	Top 5 Accuracy 75.000 (68.262)
Train Batch: [15600/30239]	Loss 3.5939 (3.3498)	Top 1 Accuracy 50.312 (54.351)	Top 5 Accuracy 65.000 (68.269)
Train Batch: [15700/30239]	Loss 3.4747 (3.3494)	Top 1 Accuracy 54.219 (54.352)	Top 5 Accuracy 67.500 (68.273)
Train Batch: [15800/30239]	Loss 3.2607 (3.3491)	Top 1 Accuracy 52.344 (54.354)	Top 5 Accuracy 71.250 (68.278)
Train Batch: [15900/30239]	Loss 3.6369 (3.3489)	Top 1 Accuracy 49.688 (54.354)	Top 5 Accuracy 63.906 (68.279)
Train Batch: [16000/30239]	Loss 3.7287 (3.3488)	Top 1 Accuracy 50.938 (54.352)	Top 5 Accuracy 66.094 (68.279)
Train Batch: [16100/30239]	Loss 3.4266 (3.3483)	Top 1 Accuracy 51.406 (54.354)	Top 5 Accuracy 67.031 (68.284)
Train Batch: [16200/30239]	Loss 3.3041 (3.3478)	Top 1 Accuracy 55.469 (54.360)	Top 5 Accuracy 70.469 (68.290)
Train Batch: [16300/30239]	Loss 3.2977 (3.3477)	Top 1 Accuracy 54.844 (54.360)	Top 5 Accuracy 67.812 (68.291)
Train Batch: [16400/30239]	Loss 3.4747 (3.3475)	Top 1 Accuracy 51.406 (54.360)	Top 5 Accuracy 68.125 (68.293)
Train Batch: [16500/30239]	Loss 2.8358 (3.3469)	Top 1 Accuracy 60.781 (54.367)	Top 5 Accuracy 73.750 (68.300)
Train Batch: [16600/30239]	Loss 3.4986 (3.3466)	Top 1 Accuracy 51.562 (54.367)	Top 5 Accuracy 66.250 (68.303)
Train Batch: [16700/30239]	Loss 2.9772 (3.3464)	Top 1 Accuracy 60.938 (54.368)	Top 5 Accuracy 73.438 (68.306)
Train Batch: [16800/30239]	Loss 2.7976 (3.3459)	Top 1 Accuracy 59.688 (54.373)	Top 5 Accuracy 75.312 (68.312)
Train Batch: [16900/30239]	Loss 3.2414 (3.3454)	Top 1 Accuracy 57.031 (54.377)	Top 5 Accuracy 69.062 (68.316)
Train Batch: [17000/30239]	Loss 2.9547 (3.3448)	Top 1 Accuracy 61.562 (54.383)	Top 5 Accuracy 74.062 (68.324)
Train Batch: [17100/30239]	Loss 3.4932 (3.3448)	Top 1 Accuracy 55.625 (54.381)	Top 5 Accuracy 66.406 (68.323)
Train Batch: [17200/30239]	Loss 3.1265 (3.3450)	Top 1 Accuracy 59.219 (54.378)	Top 5 Accuracy 71.719 (68.321)
Train Batch: [17300/30239]	Loss 3.8655 (3.3452)	Top 1 Accuracy 46.719 (54.371)	Top 5 Accuracy 62.344 (68.318)
Train Batch: [17400/30239]	Loss 3.2929 (3.3450)	Top 1 Accuracy 55.312 (54.372)	Top 5 Accuracy 70.938 (68.321)
Train Batch: [17500/30239]	Loss 2.8717 (3.3446)	Top 1 Accuracy 58.750 (54.375)	Top 5 Accuracy 74.688 (68.325)
Train Batch: [17600/30239]	Loss 2.9343 (3.3448)	Top 1 Accuracy 61.875 (54.370)	Top 5 Accuracy 72.656 (68.323)
Train Batch: [17700/30239]	Loss 2.9630 (3.3444)	Top 1 Accuracy 57.969 (54.373)	Top 5 Accuracy 71.562 (68.324)
Train Batch: [17800/30239]	Loss 2.9134 (3.3441)	Top 1 Accuracy 61.094 (54.377)	Top 5 Accuracy 74.062 (68.329)
Train Batch: [17900/30239]	Loss 2.9878 (3.3439)	Top 1 Accuracy 56.875 (54.378)	Top 5 Accuracy 70.781 (68.331)
Train Batch: [18000/30239]	Loss 3.4530 (3.3436)	Top 1 Accuracy 51.250 (54.380)	Top 5 Accuracy 66.875 (68.335)
Train Batch: [18100/30239]	Loss 2.8340 (3.3434)	Top 1 Accuracy 59.688 (54.379)	Top 5 Accuracy 74.375 (68.335)
Train Batch: [18200/30239]	Loss 3.3312 (3.3432)	Top 1 Accuracy 53.750 (54.381)	Top 5 Accuracy 67.969 (68.338)
Train Batch: [18300/30239]	Loss 3.1310 (3.3429)	Top 1 Accuracy 57.031 (54.381)	Top 5 Accuracy 71.562 (68.339)
Train Batch: [18400/30239]	Loss 3.2235 (3.3427)	Top 1 Accuracy 56.562 (54.381)	Top 5 Accuracy 71.406 (68.341)
Train Batch: [18500/30239]	Loss 2.5755 (3.3425)	Top 1 Accuracy 63.906 (54.381)	Top 5 Accuracy 76.406 (68.345)
Train Batch: [18600/30239]	Loss 2.7408 (3.3423)	Top 1 Accuracy 63.594 (54.381)	Top 5 Accuracy 75.469 (68.346)
Train Batch: [18700/30239]	Loss 3.1932 (3.3421)	Top 1 Accuracy 54.688 (54.382)	Top 5 Accuracy 69.844 (68.349)
Train Batch: [18800/30239]	Loss 2.9762 (3.3420)	Top 1 Accuracy 58.281 (54.381)	Top 5 Accuracy 72.344 (68.350)
Train Batch: [18900/30239]	Loss 3.3452 (3.3417)	Top 1 Accuracy 51.562 (54.381)	Top 5 Accuracy 67.812 (68.353)
Train Batch: [19000/30239]	Loss 3.2769 (3.3412)	Top 1 Accuracy 57.031 (54.385)	Top 5 Accuracy 70.625 (68.358)
Train Batch: [19100/30239]	Loss 3.1281 (3.3411)	Top 1 Accuracy 58.438 (54.385)	Top 5 Accuracy 70.312 (68.359)
Train Batch: [19200/30239]	Loss 3.1916 (3.3406)	Top 1 Accuracy 56.250 (54.389)	Top 5 Accuracy 70.156 (68.365)
Train Batch: [19300/30239]	Loss 3.1734 (3.3401)	Top 1 Accuracy 52.188 (54.392)	Top 5 Accuracy 68.750 (68.370)
Train Batch: [19400/30239]	Loss 2.9005 (3.3402)	Top 1 Accuracy 58.906 (54.389)	Top 5 Accuracy 73.438 (68.370)
Train Batch: [19500/30239]	Loss 2.7019 (3.3401)	Top 1 Accuracy 63.281 (54.387)	Top 5 Accuracy 74.375 (68.370)
Train Batch: [19600/30239]	Loss 3.6833 (3.3398)	Top 1 Accuracy 50.469 (54.389)	Top 5 Accuracy 65.000 (68.373)
Train Batch: [19700/30239]	Loss 3.6395 (3.3398)	Top 1 Accuracy 49.531 (54.388)	Top 5 Accuracy 65.156 (68.374)
Train Batch: [19800/30239]	Loss 3.6639 (3.3396)	Top 1 Accuracy 46.250 (54.389)	Top 5 Accuracy 63.438 (68.376)
Train Batch: [19900/30239]	Loss 2.7775 (3.3390)	Top 1 Accuracy 62.344 (54.393)	Top 5 Accuracy 75.312 (68.381)
Train Batch: [20000/30239]	Loss 3.4276 (3.3388)	Top 1 Accuracy 52.812 (54.394)	Top 5 Accuracy 68.906 (68.383)
Train Batch: [20100/30239]	Loss 2.9281 (3.3387)	Top 1 Accuracy 57.969 (54.393)	Top 5 Accuracy 71.562 (68.384)
Train Batch: [20200/30239]	Loss 3.0356 (3.3384)	Top 1 Accuracy 58.750 (54.396)	Top 5 Accuracy 70.156 (68.388)
Train Batch: [20300/30239]	Loss 3.0826 (3.3381)	Top 1 Accuracy 55.469 (54.399)	Top 5 Accuracy 70.469 (68.392)
Train Batch: [20400/30239]	Loss 3.5557 (3.3380)	Top 1 Accuracy 51.094 (54.398)	Top 5 Accuracy 65.781 (68.393)
Train Batch: [20500/30239]	Loss 2.8772 (3.3378)	Top 1 Accuracy 57.656 (54.398)	Top 5 Accuracy 72.812 (68.395)
Train Batch: [20600/30239]	Loss 3.3106 (3.3374)	Top 1 Accuracy 53.438 (54.399)	Top 5 Accuracy 66.094 (68.399)
Train Batch: [20700/30239]	Loss 3.2534 (3.3370)	Top 1 Accuracy 56.562 (54.404)	Top 5 Accuracy 69.062 (68.403)
Train Batch: [20800/30239]	Loss 3.5467 (3.3367)	Top 1 Accuracy 52.500 (54.406)	Top 5 Accuracy 64.375 (68.406)
Train Batch: [20900/30239]	Loss 3.1295 (3.3364)	Top 1 Accuracy 55.469 (54.407)	Top 5 Accuracy 70.469 (68.409)
Train Batch: [21000/30239]	Loss 3.0936 (3.3360)	Top 1 Accuracy 55.625 (54.409)	Top 5 Accuracy 70.312 (68.413)
Train Batch: [21100/30239]	Loss 2.9761 (3.3357)	Top 1 Accuracy 57.969 (54.412)	Top 5 Accuracy 73.594 (68.416)
Train Batch: [21200/30239]	Loss 3.1213 (3.3357)	Top 1 Accuracy 55.000 (54.411)	Top 5 Accuracy 70.156 (68.416)
Train Batch: [21300/30239]	Loss 3.2842 (3.3356)	Top 1 Accuracy 57.500 (54.411)	Top 5 Accuracy 69.219 (68.418)
Train Batch: [21400/30239]	Loss 3.9764 (3.3353)	Top 1 Accuracy 42.812 (54.413)	Top 5 Accuracy 57.500 (68.421)
Train Batch: [21500/30239]	Loss 3.2518 (3.3350)	Top 1 Accuracy 54.844 (54.416)	Top 5 Accuracy 69.219 (68.424)
Train Batch: [21600/30239]	Loss 3.3254 (3.3347)	Top 1 Accuracy 56.719 (54.418)	Top 5 Accuracy 70.312 (68.427)
Train Batch: [21700/30239]	Loss 3.0741 (3.3345)	Top 1 Accuracy 58.438 (54.419)	Top 5 Accuracy 70.781 (68.430)
Train Batch: [21800/30239]	Loss 3.1799 (3.3342)	Top 1 Accuracy 55.312 (54.421)	Top 5 Accuracy 69.062 (68.433)
Train Batch: [21900/30239]	Loss 3.5416 (3.3341)	Top 1 Accuracy 50.625 (54.420)	Top 5 Accuracy 64.219 (68.435)
Train Batch: [22000/30239]	Loss 3.2714 (3.3342)	Top 1 Accuracy 56.562 (54.417)	Top 5 Accuracy 69.844 (68.434)
Train Batch: [22100/30239]	Loss 2.8745 (3.3342)	Top 1 Accuracy 61.094 (54.416)	Top 5 Accuracy 74.531 (68.434)
Train Batch: [22200/30239]	Loss 2.8704 (3.3336)	Top 1 Accuracy 60.625 (54.420)	Top 5 Accuracy 72.656 (68.440)
Train Batch: [22300/30239]	Loss 3.3259 (3.3331)	Top 1 Accuracy 53.750 (54.426)	Top 5 Accuracy 68.594 (68.446)
Train Batch: [22400/30239]	Loss 3.0451 (3.3329)	Top 1 Accuracy 57.344 (54.427)	Top 5 Accuracy 70.156 (68.448)
Train Batch: [22500/30239]	Loss 3.6369 (3.3328)	Top 1 Accuracy 48.906 (54.426)	Top 5 Accuracy 63.281 (68.448)
Train Batch: [22600/30239]	Loss 3.2049 (3.3325)	Top 1 Accuracy 55.469 (54.428)	Top 5 Accuracy 71.094 (68.452)
Train Batch: [22700/30239]	Loss 3.0167 (3.3324)	Top 1 Accuracy 58.750 (54.428)	Top 5 Accuracy 72.344 (68.452)
Train Batch: [22800/30239]	Loss 3.5501 (3.3320)	Top 1 Accuracy 50.469 (54.430)	Top 5 Accuracy 65.156 (68.456)
Train Batch: [22900/30239]	Loss 3.1416 (3.3318)	Top 1 Accuracy 56.406 (54.432)	Top 5 Accuracy 71.562 (68.459)
Train Batch: [23000/30239]	Loss 4.0401 (3.3319)	Top 1 Accuracy 43.594 (54.429)	Top 5 Accuracy 59.844 (68.457)
Train Batch: [23100/30239]	Loss 3.1008 (3.3318)	Top 1 Accuracy 59.062 (54.428)	Top 5 Accuracy 69.844 (68.458)
Train Batch: [23200/30239]	Loss 2.6612 (3.3314)	Top 1 Accuracy 65.312 (54.429)	Top 5 Accuracy 78.281 (68.462)
Train Batch: [23300/30239]	Loss 3.2789 (3.3312)	Top 1 Accuracy 54.844 (54.430)	Top 5 Accuracy 68.281 (68.464)
Train Batch: [23400/30239]	Loss 3.2604 (3.3310)	Top 1 Accuracy 57.500 (54.431)	Top 5 Accuracy 70.000 (68.467)
Train Batch: [23500/30239]	Loss 3.1057 (3.3306)	Top 1 Accuracy 56.250 (54.435)	Top 5 Accuracy 70.469 (68.471)
Train Batch: [23600/30239]	Loss 3.2836 (3.3304)	Top 1 Accuracy 56.719 (54.435)	Top 5 Accuracy 69.688 (68.473)
Train Batch: [23700/30239]	Loss 3.4919 (3.3302)	Top 1 Accuracy 46.875 (54.436)	Top 5 Accuracy 66.406 (68.475)
Train Batch: [23800/30239]	Loss 3.3220 (3.3302)	Top 1 Accuracy 54.375 (54.433)	Top 5 Accuracy 67.344 (68.474)
Train Batch: [23900/30239]	Loss 3.0177 (3.3298)	Top 1 Accuracy 57.031 (54.437)	Top 5 Accuracy 72.188 (68.479)
Train Batch: [24000/30239]	Loss 3.1737 (3.3296)	Top 1 Accuracy 54.062 (54.439)	Top 5 Accuracy 68.906 (68.481)
Train Batch: [24100/30239]	Loss 3.1902 (3.3293)	Top 1 Accuracy 58.750 (54.441)	Top 5 Accuracy 71.250 (68.485)
Train Batch: [24200/30239]	Loss 2.7611 (3.3294)	Top 1 Accuracy 61.250 (54.439)	Top 5 Accuracy 73.281 (68.484)
Train Batch: [24300/30239]	Loss 3.1178 (3.3290)	Top 1 Accuracy 56.250 (54.440)	Top 5 Accuracy 71.875 (68.487)
Train Batch: [24400/30239]	Loss 2.8765 (3.3287)	Top 1 Accuracy 59.531 (54.442)	Top 5 Accuracy 72.031 (68.489)
Train Batch: [24500/30239]	Loss 3.2267 (3.3283)	Top 1 Accuracy 55.625 (54.444)	Top 5 Accuracy 70.781 (68.494)
Train Batch: [24600/30239]	Loss 3.0969 (3.3280)	Top 1 Accuracy 59.531 (54.447)	Top 5 Accuracy 73.125 (68.496)
Train Batch: [24700/30239]	Loss 2.9904 (3.3280)	Top 1 Accuracy 55.625 (54.445)	Top 5 Accuracy 71.094 (68.496)
Train Batch: [24800/30239]	Loss 3.0395 (3.3278)	Top 1 Accuracy 57.969 (54.445)	Top 5 Accuracy 71.562 (68.498)
Train Batch: [24900/30239]	Loss 2.4252 (3.3275)	Top 1 Accuracy 69.531 (54.448)	Top 5 Accuracy 79.062 (68.502)
Train Batch: [25000/30239]	Loss 3.9168 (3.3274)	Top 1 Accuracy 45.312 (54.448)	Top 5 Accuracy 59.375 (68.502)
Train Batch: [25100/30239]	Loss 3.2038 (3.3269)	Top 1 Accuracy 55.156 (54.453)	Top 5 Accuracy 68.906 (68.508)
Train Batch: [25200/30239]	Loss 2.8982 (3.3266)	Top 1 Accuracy 57.188 (54.455)	Top 5 Accuracy 71.250 (68.511)
Train Batch: [25300/30239]	Loss 2.6528 (3.3265)	Top 1 Accuracy 61.719 (54.453)	Top 5 Accuracy 76.250 (68.510)
Train Batch: [25400/30239]	Loss 3.9438 (3.3263)	Top 1 Accuracy 46.719 (54.455)	Top 5 Accuracy 63.438 (68.513)
Train Batch: [25500/30239]	Loss 3.2829 (3.3261)	Top 1 Accuracy 56.094 (54.455)	Top 5 Accuracy 70.000 (68.515)
Train Batch: [25600/30239]	Loss 3.4725 (3.3260)	Top 1 Accuracy 51.562 (54.454)	Top 5 Accuracy 67.812 (68.515)
Train Batch: [25700/30239]	Loss 2.8101 (3.3257)	Top 1 Accuracy 62.500 (54.455)	Top 5 Accuracy 74.844 (68.518)
Train Batch: [25800/30239]	Loss 3.4586 (3.3254)	Top 1 Accuracy 55.000 (54.457)	Top 5 Accuracy 67.656 (68.521)
Train Batch: [25900/30239]	Loss 3.0259 (3.3251)	Top 1 Accuracy 59.531 (54.458)	Top 5 Accuracy 72.656 (68.523)
Train Batch: [26000/30239]	Loss 3.2091 (3.3247)	Top 1 Accuracy 54.531 (54.461)	Top 5 Accuracy 71.406 (68.527)
Train Batch: [26100/30239]	Loss 3.0909 (3.3244)	Top 1 Accuracy 59.062 (54.463)	Top 5 Accuracy 71.406 (68.530)
Train Batch: [26200/30239]	Loss 3.0874 (3.3241)	Top 1 Accuracy 57.969 (54.465)	Top 5 Accuracy 72.031 (68.533)
Train Batch: [26300/30239]	Loss 2.9044 (3.3238)	Top 1 Accuracy 60.312 (54.469)	Top 5 Accuracy 74.531 (68.537)
Train Batch: [26400/30239]	Loss 3.8335 (3.3235)	Top 1 Accuracy 48.594 (54.472)	Top 5 Accuracy 62.656 (68.540)
Train Batch: [26500/30239]	Loss 3.1927 (3.3231)	Top 1 Accuracy 55.781 (54.475)	Top 5 Accuracy 70.156 (68.544)
Train Batch: [26600/30239]	Loss 3.1653 (3.3229)	Top 1 Accuracy 57.500 (54.475)	Top 5 Accuracy 70.156 (68.547)
Train Batch: [26700/30239]	Loss 3.2678 (3.3226)	Top 1 Accuracy 54.219 (54.477)	Top 5 Accuracy 70.000 (68.550)
Train Batch: [26800/30239]	Loss 3.0769 (3.3225)	Top 1 Accuracy 53.906 (54.476)	Top 5 Accuracy 70.625 (68.551)
Train Batch: [26900/30239]	Loss 3.2338 (3.3222)	Top 1 Accuracy 55.469 (54.478)	Top 5 Accuracy 70.000 (68.554)
Train Batch: [27000/30239]	Loss 3.6620 (3.3219)	Top 1 Accuracy 51.250 (54.479)	Top 5 Accuracy 64.375 (68.558)
Train Batch: [27100/30239]	Loss 3.5397 (3.3218)	Top 1 Accuracy 48.281 (54.477)	Top 5 Accuracy 63.906 (68.557)
Train Batch: [27200/30239]	Loss 3.6153 (3.3218)	Top 1 Accuracy 51.719 (54.477)	Top 5 Accuracy 64.688 (68.558)
Train Batch: [27300/30239]	Loss 3.6509 (3.3218)	Top 1 Accuracy 49.531 (54.474)	Top 5 Accuracy 64.219 (68.557)
Train Batch: [27400/30239]	Loss 3.2361 (3.3212)	Top 1 Accuracy 56.562 (54.479)	Top 5 Accuracy 69.688 (68.564)
Train Batch: [27500/30239]	Loss 3.4705 (3.3210)	Top 1 Accuracy 52.344 (54.480)	Top 5 Accuracy 67.188 (68.566)
Train Batch: [27600/30239]	Loss 3.5294 (3.3208)	Top 1 Accuracy 50.000 (54.480)	Top 5 Accuracy 65.938 (68.568)
Train Batch: [27700/30239]	Loss 2.9448 (3.3205)	Top 1 Accuracy 56.094 (54.482)	Top 5 Accuracy 70.938 (68.573)
Train Batch: [27800/30239]	Loss 3.0332 (3.3201)	Top 1 Accuracy 55.781 (54.483)	Top 5 Accuracy 71.250 (68.575)
Train Batch: [27900/30239]	Loss 2.6038 (3.3199)	Top 1 Accuracy 62.344 (54.484)	Top 5 Accuracy 77.031 (68.577)
Train Batch: [28000/30239]	Loss 2.5800 (3.3196)	Top 1 Accuracy 64.219 (54.486)	Top 5 Accuracy 78.125 (68.580)
Train Batch: [28100/30239]	Loss 3.5437 (3.3194)	Top 1 Accuracy 51.094 (54.487)	Top 5 Accuracy 68.750 (68.581)
Train Batch: [28200/30239]	Loss 3.2429 (3.3191)	Top 1 Accuracy 55.469 (54.489)	Top 5 Accuracy 69.219 (68.585)
Train Batch: [28300/30239]	Loss 2.9373 (3.3188)	Top 1 Accuracy 60.000 (54.491)	Top 5 Accuracy 73.125 (68.588)
Train Batch: [28400/30239]	Loss 3.2153 (3.3185)	Top 1 Accuracy 52.656 (54.492)	Top 5 Accuracy 69.219 (68.591)
Train Batch: [28500/30239]	Loss 3.5250 (3.3182)	Top 1 Accuracy 50.469 (54.494)	Top 5 Accuracy 65.469 (68.594)
Train Batch: [28600/30239]	Loss 3.1179 (3.3182)	Top 1 Accuracy 57.500 (54.492)	Top 5 Accuracy 71.094 (68.593)
Train Batch: [28700/30239]	Loss 3.0089 (3.3181)	Top 1 Accuracy 58.125 (54.491)	Top 5 Accuracy 71.406 (68.594)
Train Batch: [28800/30239]	Loss 3.3948 (3.3177)	Top 1 Accuracy 56.562 (54.495)	Top 5 Accuracy 68.750 (68.598)
Train Batch: [28900/30239]	Loss 3.2516 (3.3174)	Top 1 Accuracy 53.906 (54.496)	Top 5 Accuracy 69.375 (68.601)
Train Batch: [29000/30239]	Loss 3.7798 (3.3174)	Top 1 Accuracy 46.094 (54.493)	Top 5 Accuracy 61.719 (68.600)
Train Batch: [29100/30239]	Loss 3.3186 (3.3173)	Top 1 Accuracy 53.125 (54.493)	Top 5 Accuracy 69.375 (68.601)
Train Batch: [29200/30239]	Loss 3.1023 (3.3173)	Top 1 Accuracy 56.094 (54.491)	Top 5 Accuracy 70.781 (68.601)
Train Batch: [29300/30239]	Loss 3.3806 (3.3171)	Top 1 Accuracy 54.844 (54.491)	Top 5 Accuracy 69.062 (68.602)
Train Batch: [29400/30239]	Loss 3.1054 (3.3169)	Top 1 Accuracy 58.438 (54.491)	Top 5 Accuracy 71.094 (68.603)
Train Batch: [29500/30239]	Loss 2.8825 (3.3167)	Top 1 Accuracy 60.781 (54.491)	Top 5 Accuracy 73.750 (68.605)
Train Batch: [29600/30239]	Loss 3.3484 (3.3165)	Top 1 Accuracy 52.656 (54.492)	Top 5 Accuracy 67.344 (68.607)
Train Batch: [29700/30239]	Loss 3.2346 (3.3162)	Top 1 Accuracy 54.688 (54.492)	Top 5 Accuracy 69.844 (68.609)
Train Batch: [29800/30239]	Loss 3.7774 (3.3161)	Top 1 Accuracy 47.344 (54.493)	Top 5 Accuracy 63.906 (68.611)
Train Batch: [29900/30239]	Loss 3.2543 (3.3160)	Top 1 Accuracy 54.688 (54.492)	Top 5 Accuracy 68.281 (68.612)
Train Batch: [30000/30239]	Loss 3.4311 (3.3157)	Top 1 Accuracy 51.562 (54.494)	Top 5 Accuracy 67.969 (68.616)
Train Batch: [30100/30239]	Loss 3.6182 (3.3153)	Top 1 Accuracy 48.906 (54.498)	Top 5 Accuracy 64.844 (68.620)
Train Batch: [30200/30239]	Loss 2.8605 (3.3149)	Top 1 Accuracy 60.781 (54.501)	Top 5 Accuracy 74.531 (68.624)
Saved Model!
Train Batch: [0/30239]	Loss 2.7751 (2.7751)	Top 1 Accuracy 57.969 (57.969)	Top 5 Accuracy 74.375 (74.375)
Train Batch: [100/30239]	Loss 2.9594 (3.1675)	Top 1 Accuracy 61.719 (55.338)	Top 5 Accuracy 76.250 (70.039)
Train Batch: [200/30239]	Loss 3.5773 (3.2173)	Top 1 Accuracy 51.094 (54.804)	Top 5 Accuracy 64.688 (69.434)
Train Batch: [300/30239]	Loss 2.9305 (3.2268)	Top 1 Accuracy 59.688 (54.783)	Top 5 Accuracy 71.719 (69.334)
Train Batch: [400/30239]	Loss 2.7430 (3.2185)	Top 1 Accuracy 61.875 (54.813)	Top 5 Accuracy 76.875 (69.383)
Train Batch: [500/30239]	Loss 3.7694 (3.2203)	Top 1 Accuracy 48.906 (54.769)	Top 5 Accuracy 63.125 (69.356)
Train Batch: [600/30239]	Loss 3.4021 (3.2078)	Top 1 Accuracy 54.375 (54.933)	Top 5 Accuracy 67.969 (69.486)
Train Batch: [700/30239]	Loss 3.3390 (3.2104)	Top 1 Accuracy 53.906 (54.911)	Top 5 Accuracy 67.344 (69.476)
Train Batch: [800/30239]	Loss 2.7437 (3.2093)	Top 1 Accuracy 60.938 (54.920)	Top 5 Accuracy 75.156 (69.509)
Train Batch: [900/30239]	Loss 3.5677 (3.2096)	Top 1 Accuracy 50.156 (54.907)	Top 5 Accuracy 63.750 (69.518)
Train Batch: [1000/30239]	Loss 3.3211 (3.2148)	Top 1 Accuracy 55.156 (54.834)	Top 5 Accuracy 70.312 (69.442)
Train Batch: [1100/30239]	Loss 3.0206 (3.2128)	Top 1 Accuracy 57.344 (54.848)	Top 5 Accuracy 70.625 (69.478)
Train Batch: [1200/30239]	Loss 3.4714 (3.2094)	Top 1 Accuracy 51.875 (54.896)	Top 5 Accuracy 68.594 (69.533)
Train Batch: [1300/30239]	Loss 3.6585 (3.2100)	Top 1 Accuracy 51.719 (54.906)	Top 5 Accuracy 64.688 (69.554)
Train Batch: [1400/30239]	Loss 3.6229 (3.2088)	Top 1 Accuracy 51.719 (54.922)	Top 5 Accuracy 65.938 (69.555)
Train Batch: [1500/30239]	Loss 3.6644 (3.2083)	Top 1 Accuracy 46.250 (54.923)	Top 5 Accuracy 63.281 (69.561)
Train Batch: [1600/30239]	Loss 3.1122 (3.2078)	Top 1 Accuracy 55.625 (54.932)	Top 5 Accuracy 70.312 (69.572)
Train Batch: [1700/30239]	Loss 2.5481 (3.2101)	Top 1 Accuracy 63.594 (54.906)	Top 5 Accuracy 76.719 (69.535)
Train Batch: [1800/30239]	Loss 3.0933 (3.2095)	Top 1 Accuracy 60.312 (54.915)	Top 5 Accuracy 71.094 (69.535)
Train Batch: [1900/30239]	Loss 3.1855 (3.2066)	Top 1 Accuracy 56.406 (54.958)	Top 5 Accuracy 70.156 (69.565)
Train Batch: [2000/30239]	Loss 2.7147 (3.2050)	Top 1 Accuracy 59.531 (54.980)	Top 5 Accuracy 76.250 (69.580)
Train Batch: [2100/30239]	Loss 2.9159 (3.2033)	Top 1 Accuracy 57.812 (54.990)	Top 5 Accuracy 72.656 (69.601)
Train Batch: [2200/30239]	Loss 2.9698 (3.2055)	Top 1 Accuracy 57.344 (54.969)	Top 5 Accuracy 70.781 (69.572)
Train Batch: [2300/30239]	Loss 3.3706 (3.2056)	Top 1 Accuracy 55.000 (54.967)	Top 5 Accuracy 69.062 (69.566)
Train Batch: [2400/30239]	Loss 3.5256 (3.2046)	Top 1 Accuracy 48.750 (54.977)	Top 5 Accuracy 63.906 (69.576)
Train Batch: [2500/30239]	Loss 3.3383 (3.2048)	Top 1 Accuracy 52.188 (54.978)	Top 5 Accuracy 67.656 (69.572)
Train Batch: [2600/30239]	Loss 3.1269 (3.2042)	Top 1 Accuracy 53.750 (54.982)	Top 5 Accuracy 68.906 (69.576)
Train Batch: [2700/30239]	Loss 3.4280 (3.2057)	Top 1 Accuracy 53.125 (54.968)	Top 5 Accuracy 67.656 (69.560)
Train Batch: [2800/30239]	Loss 2.9246 (3.2069)	Top 1 Accuracy 58.906 (54.941)	Top 5 Accuracy 73.125 (69.538)
Train Batch: [2900/30239]	Loss 2.9367 (3.2075)	Top 1 Accuracy 57.969 (54.935)	Top 5 Accuracy 73.125 (69.526)
Train Batch: [3000/30239]	Loss 3.2366 (3.2059)	Top 1 Accuracy 54.375 (54.953)	Top 5 Accuracy 69.531 (69.542)
Train Batch: [3100/30239]	Loss 3.7068 (3.2070)	Top 1 Accuracy 47.969 (54.929)	Top 5 Accuracy 63.281 (69.524)
Train Batch: [3200/30239]	Loss 2.7312 (3.2077)	Top 1 Accuracy 62.656 (54.913)	Top 5 Accuracy 75.625 (69.514)
Train Batch: [3300/30239]	Loss 3.5059 (3.2097)	Top 1 Accuracy 50.938 (54.890)	Top 5 Accuracy 67.969 (69.490)
Train Batch: [3400/30239]	Loss 3.3105 (3.2122)	Top 1 Accuracy 52.031 (54.861)	Top 5 Accuracy 67.344 (69.462)
Train Batch: [3500/30239]	Loss 3.1490 (3.2125)	Top 1 Accuracy 54.844 (54.849)	Top 5 Accuracy 69.844 (69.457)
Train Batch: [3600/30239]	Loss 3.1949 (3.2130)	Top 1 Accuracy 55.625 (54.853)	Top 5 Accuracy 70.469 (69.461)
Train Batch: [3700/30239]	Loss 3.6603 (3.2119)	Top 1 Accuracy 47.969 (54.863)	Top 5 Accuracy 61.719 (69.473)
Train Batch: [3800/30239]	Loss 3.0694 (3.2131)	Top 1 Accuracy 57.031 (54.849)	Top 5 Accuracy 70.156 (69.453)
Train Batch: [3900/30239]	Loss 3.2578 (3.2128)	Top 1 Accuracy 55.781 (54.858)	Top 5 Accuracy 67.188 (69.463)
Train Batch: [4000/30239]	Loss 3.4245 (3.2111)	Top 1 Accuracy 52.656 (54.873)	Top 5 Accuracy 68.438 (69.485)
Train Batch: [4100/30239]	Loss 3.1966 (3.2111)	Top 1 Accuracy 55.938 (54.872)	Top 5 Accuracy 70.469 (69.489)
Train Batch: [4200/30239]	Loss 2.9369 (3.2118)	Top 1 Accuracy 58.438 (54.866)	Top 5 Accuracy 71.562 (69.480)
Train Batch: [4300/30239]	Loss 3.4565 (3.2115)	Top 1 Accuracy 50.625 (54.867)	Top 5 Accuracy 65.156 (69.482)
Train Batch: [4400/30239]	Loss 2.9620 (3.2115)	Top 1 Accuracy 61.250 (54.866)	Top 5 Accuracy 73.594 (69.477)
Train Batch: [4500/30239]	Loss 3.1333 (3.2101)	Top 1 Accuracy 53.906 (54.877)	Top 5 Accuracy 71.719 (69.495)
Train Batch: [4600/30239]	Loss 3.0289 (3.2110)	Top 1 Accuracy 56.875 (54.866)	Top 5 Accuracy 71.562 (69.486)
Train Batch: [4700/30239]	Loss 3.3252 (3.2110)	Top 1 Accuracy 49.531 (54.861)	Top 5 Accuracy 65.156 (69.481)
Train Batch: [4800/30239]	Loss 3.4960 (3.2107)	Top 1 Accuracy 52.188 (54.867)	Top 5 Accuracy 65.781 (69.486)
Train Batch: [4900/30239]	Loss 2.8810 (3.2104)	Top 1 Accuracy 57.188 (54.869)	Top 5 Accuracy 73.594 (69.487)
Train Batch: [5000/30239]	Loss 3.2505 (3.2100)	Top 1 Accuracy 56.094 (54.875)	Top 5 Accuracy 69.688 (69.492)
Train Batch: [5100/30239]	Loss 3.6540 (3.2103)	Top 1 Accuracy 49.531 (54.877)	Top 5 Accuracy 65.156 (69.487)
Train Batch: [5200/30239]	Loss 2.9629 (3.2096)	Top 1 Accuracy 59.219 (54.880)	Top 5 Accuracy 72.500 (69.499)
Train Batch: [5300/30239]	Loss 2.9290 (3.2099)	Top 1 Accuracy 55.469 (54.874)	Top 5 Accuracy 72.188 (69.500)
Train Batch: [5400/30239]	Loss 2.9301 (3.2100)	Top 1 Accuracy 58.750 (54.871)	Top 5 Accuracy 71.094 (69.497)
Train Batch: [5500/30239]	Loss 3.0571 (3.2099)	Top 1 Accuracy 55.938 (54.870)	Top 5 Accuracy 73.281 (69.497)
Train Batch: [5600/30239]	Loss 2.7470 (3.2092)	Top 1 Accuracy 60.781 (54.876)	Top 5 Accuracy 75.469 (69.505)
Train Batch: [5700/30239]	Loss 2.8792 (3.2087)	Top 1 Accuracy 57.344 (54.882)	Top 5 Accuracy 74.688 (69.513)
Train Batch: [5800/30239]	Loss 2.3305 (3.2085)	Top 1 Accuracy 64.375 (54.880)	Top 5 Accuracy 79.062 (69.514)
Train Batch: [5900/30239]	Loss 3.3419 (3.2083)	Top 1 Accuracy 51.406 (54.882)	Top 5 Accuracy 65.938 (69.518)
Train Batch: [6000/30239]	Loss 3.1453 (3.2083)	Top 1 Accuracy 56.719 (54.874)	Top 5 Accuracy 69.062 (69.514)
Train Batch: [6100/30239]	Loss 3.3255 (3.2083)	Top 1 Accuracy 54.688 (54.873)	Top 5 Accuracy 66.250 (69.516)
Train Batch: [6200/30239]	Loss 3.5019 (3.2083)	Top 1 Accuracy 50.938 (54.874)	Top 5 Accuracy 66.875 (69.516)
Train Batch: [6300/30239]	Loss 3.0421 (3.2078)	Top 1 Accuracy 55.938 (54.878)	Top 5 Accuracy 70.156 (69.523)
Train Batch: [6400/30239]	Loss 2.7287 (3.2079)	Top 1 Accuracy 61.250 (54.875)	Top 5 Accuracy 75.156 (69.520)
Train Batch: [6500/30239]	Loss 2.8347 (3.2084)	Top 1 Accuracy 55.312 (54.868)	Top 5 Accuracy 72.188 (69.514)
Train Batch: [6600/30239]	Loss 2.2919 (3.2072)	Top 1 Accuracy 66.562 (54.881)	Top 5 Accuracy 80.312 (69.529)
Train Batch: [6700/30239]	Loss 3.1650 (3.2066)	Top 1 Accuracy 56.719 (54.890)	Top 5 Accuracy 70.469 (69.536)
Train Batch: [6800/30239]	Loss 2.3456 (3.2065)	Top 1 Accuracy 67.969 (54.883)	Top 5 Accuracy 81.406 (69.534)
Train Batch: [6900/30239]	Loss 2.7689 (3.2066)	Top 1 Accuracy 61.562 (54.883)	Top 5 Accuracy 76.250 (69.533)
Train Batch: [7000/30239]	Loss 3.3653 (3.2067)	Top 1 Accuracy 52.969 (54.880)	Top 5 Accuracy 67.656 (69.533)
Train Batch: [7100/30239]	Loss 3.1064 (3.2061)	Top 1 Accuracy 55.156 (54.887)	Top 5 Accuracy 70.781 (69.538)
Train Batch: [7200/30239]	Loss 3.3825 (3.2056)	Top 1 Accuracy 48.281 (54.892)	Top 5 Accuracy 65.469 (69.545)
Train Batch: [7300/30239]	Loss 3.2038 (3.2057)	Top 1 Accuracy 54.375 (54.892)	Top 5 Accuracy 71.094 (69.544)
Train Batch: [7400/30239]	Loss 3.2864 (3.2055)	Top 1 Accuracy 55.938 (54.892)	Top 5 Accuracy 69.844 (69.545)
Train Batch: [7500/30239]	Loss 3.3826 (3.2048)	Top 1 Accuracy 49.844 (54.905)	Top 5 Accuracy 67.500 (69.555)
Train Batch: [7600/30239]	Loss 3.4617 (3.2045)	Top 1 Accuracy 50.156 (54.910)	Top 5 Accuracy 63.281 (69.559)
Train Batch: [7700/30239]	Loss 3.2809 (3.2043)	Top 1 Accuracy 56.719 (54.912)	Top 5 Accuracy 68.438 (69.563)
Train Batch: [7800/30239]	Loss 2.9396 (3.2048)	Top 1 Accuracy 58.281 (54.899)	Top 5 Accuracy 74.531 (69.556)
Train Batch: [7900/30239]	Loss 2.9888 (3.2042)	Top 1 Accuracy 58.438 (54.910)	Top 5 Accuracy 72.188 (69.564)
Train Batch: [8000/30239]	Loss 3.3146 (3.2037)	Top 1 Accuracy 53.125 (54.918)	Top 5 Accuracy 68.906 (69.570)
Train Batch: [8100/30239]	Loss 3.4271 (3.2044)	Top 1 Accuracy 49.219 (54.908)	Top 5 Accuracy 66.094 (69.562)
Train Batch: [8200/30239]	Loss 3.7399 (3.2040)	Top 1 Accuracy 46.875 (54.912)	Top 5 Accuracy 62.969 (69.569)
Train Batch: [8300/30239]	Loss 3.7928 (3.2035)	Top 1 Accuracy 47.812 (54.914)	Top 5 Accuracy 60.625 (69.573)
Train Batch: [8400/30239]	Loss 3.0283 (3.2035)	Top 1 Accuracy 57.812 (54.914)	Top 5 Accuracy 72.812 (69.574)
Train Batch: [8500/30239]	Loss 3.0760 (3.2031)	Top 1 Accuracy 58.750 (54.918)	Top 5 Accuracy 70.625 (69.578)
Train Batch: [8600/30239]	Loss 2.7415 (3.2029)	Top 1 Accuracy 61.094 (54.922)	Top 5 Accuracy 75.938 (69.581)
Train Batch: [8700/30239]	Loss 3.0315 (3.2027)	Top 1 Accuracy 58.125 (54.923)	Top 5 Accuracy 69.062 (69.582)
Train Batch: [8800/30239]	Loss 3.2658 (3.2026)	Top 1 Accuracy 56.094 (54.922)	Top 5 Accuracy 70.625 (69.581)
Train Batch: [8900/30239]	Loss 3.4168 (3.2039)	Top 1 Accuracy 51.719 (54.904)	Top 5 Accuracy 68.594 (69.564)
Train Batch: [9000/30239]	Loss 3.6156 (3.2035)	Top 1 Accuracy 49.375 (54.910)	Top 5 Accuracy 63.750 (69.568)
Train Batch: [9100/30239]	Loss 3.4932 (3.2037)	Top 1 Accuracy 52.031 (54.904)	Top 5 Accuracy 66.094 (69.561)
Train Batch: [9200/30239]	Loss 3.4463 (3.2041)	Top 1 Accuracy 50.938 (54.901)	Top 5 Accuracy 68.750 (69.560)
Train Batch: [9300/30239]	Loss 2.6220 (3.2040)	Top 1 Accuracy 63.906 (54.902)	Top 5 Accuracy 77.188 (69.561)
Train Batch: [9400/30239]	Loss 3.8639 (3.2039)	Top 1 Accuracy 45.469 (54.899)	Top 5 Accuracy 59.375 (69.559)
Train Batch: [9500/30239]	Loss 3.8573 (3.2040)	Top 1 Accuracy 42.031 (54.894)	Top 5 Accuracy 61.562 (69.557)
Train Batch: [9600/30239]	Loss 3.5735 (3.2039)	Top 1 Accuracy 49.219 (54.893)	Top 5 Accuracy 65.469 (69.561)
Train Batch: [9700/30239]	Loss 3.4575 (3.2037)	Top 1 Accuracy 52.656 (54.893)	Top 5 Accuracy 67.031 (69.562)
Train Batch: [9800/30239]	Loss 2.8678 (3.2033)	Top 1 Accuracy 57.969 (54.897)	Top 5 Accuracy 73.594 (69.565)
Train Batch: [9900/30239]	Loss 3.1987 (3.2035)	Top 1 Accuracy 53.125 (54.896)	Top 5 Accuracy 69.844 (69.565)
Train Batch: [10000/30239]	Loss 3.4301 (3.2036)	Top 1 Accuracy 52.188 (54.894)	Top 5 Accuracy 67.031 (69.563)
Train Batch: [10100/30239]	Loss 4.1355 (3.2039)	Top 1 Accuracy 42.344 (54.891)	Top 5 Accuracy 56.875 (69.560)
Train Batch: [10200/30239]	Loss 2.7797 (3.2043)	Top 1 Accuracy 60.469 (54.886)	Top 5 Accuracy 73.438 (69.557)
Train Batch: [10300/30239]	Loss 2.9337 (3.2035)	Top 1 Accuracy 59.375 (54.895)	Top 5 Accuracy 75.312 (69.565)
Train Batch: [10400/30239]	Loss 3.5055 (3.2037)	Top 1 Accuracy 50.156 (54.893)	Top 5 Accuracy 67.188 (69.564)
Train Batch: [10500/30239]	Loss 2.9429 (3.2034)	Top 1 Accuracy 59.688 (54.899)	Top 5 Accuracy 73.125 (69.570)
Train Batch: [10600/30239]	Loss 3.2897 (3.2030)	Top 1 Accuracy 54.062 (54.902)	Top 5 Accuracy 70.000 (69.574)
Train Batch: [10700/30239]	Loss 2.6995 (3.2033)	Top 1 Accuracy 59.844 (54.897)	Top 5 Accuracy 75.469 (69.573)
Train Batch: [10800/30239]	Loss 2.6883 (3.2036)	Top 1 Accuracy 61.719 (54.892)	Top 5 Accuracy 75.469 (69.569)
Train Batch: [10900/30239]	Loss 3.4890 (3.2033)	Top 1 Accuracy 54.219 (54.895)	Top 5 Accuracy 65.625 (69.572)
Train Batch: [11000/30239]	Loss 2.5457 (3.2031)	Top 1 Accuracy 63.438 (54.900)	Top 5 Accuracy 78.750 (69.574)
Train Batch: [11100/30239]	Loss 3.3304 (3.2028)	Top 1 Accuracy 53.750 (54.901)	Top 5 Accuracy 70.156 (69.576)
Train Batch: [11200/30239]	Loss 3.1658 (3.2025)	Top 1 Accuracy 55.312 (54.905)	Top 5 Accuracy 69.531 (69.580)
Train Batch: [11300/30239]	Loss 3.1929 (3.2020)	Top 1 Accuracy 54.531 (54.910)	Top 5 Accuracy 70.312 (69.586)
Train Batch: [11400/30239]	Loss 2.9917 (3.2022)	Top 1 Accuracy 57.344 (54.906)	Top 5 Accuracy 72.500 (69.584)
Train Batch: [11500/30239]	Loss 3.0282 (3.2027)	Top 1 Accuracy 55.156 (54.898)	Top 5 Accuracy 71.562 (69.577)
Train Batch: [11600/30239]	Loss 3.7156 (3.2028)	Top 1 Accuracy 44.688 (54.897)	Top 5 Accuracy 61.562 (69.575)
Train Batch: [11700/30239]	Loss 3.4206 (3.2028)	Top 1 Accuracy 52.969 (54.899)	Top 5 Accuracy 68.281 (69.577)
