Namespace(aligner_model=None, aln_lr=0.0001, batch_size=32, data='/u/as3ek/github/reversible-meme/data', dec_lr=0.0001, decoder_model=None, enc_dim=512, enc_lr=0.0001, encoder_model=None, epochs=10, glove_path='/u/as3ek/github/reversible-meme/data/glove/glove.twitter.27B.200d.txt', id='run1', img_enc_dim=512, img_enc_net='resnet18', lambda_kld=1.0, log_interval=100, model_fldr='/u/as3ek/github/reversible-meme/models', step_size=5, train_enc=True, txt_enc_dim=512, use_glove=False, use_tf=False)
Let's use 4 GPUs!
Train Batch: [0/30239]	Loss 11.3638 (11.3638)	Top 1 Accuracy 0.000 (0.000)	Top 5 Accuracy 0.000 (0.000)
Train Batch: [100/30239]	Loss 4.6778 (6.3050)	Top 1 Accuracy 46.719 (45.626)	Top 5 Accuracy 56.094 (51.140)
Train Batch: [200/30239]	Loss 4.0106 (5.3185)	Top 1 Accuracy 50.938 (47.210)	Top 5 Accuracy 59.688 (54.481)
Train Batch: [300/30239]	Loss 4.5309 (4.9557)	Top 1 Accuracy 45.156 (47.933)	Top 5 Accuracy 52.969 (55.752)
Train Batch: [400/30239]	Loss 3.8238 (4.7558)	Top 1 Accuracy 55.156 (48.356)	Top 5 Accuracy 65.469 (56.554)
Train Batch: [500/30239]	Loss 3.5291 (4.6285)	Top 1 Accuracy 54.375 (48.760)	Top 5 Accuracy 66.719 (57.130)
Train Batch: [600/30239]	Loss 3.6744 (4.5435)	Top 1 Accuracy 56.719 (48.971)	Top 5 Accuracy 65.000 (57.517)
Train Batch: [700/30239]	Loss 4.1037 (4.4747)	Top 1 Accuracy 50.625 (49.172)	Top 5 Accuracy 60.312 (57.816)
Train Batch: [800/30239]	Loss 4.8157 (4.4280)	Top 1 Accuracy 41.562 (49.281)	Top 5 Accuracy 51.094 (58.018)
Train Batch: [900/30239]	Loss 4.2752 (4.3904)	Top 1 Accuracy 46.875 (49.360)	Top 5 Accuracy 55.156 (58.179)
Train Batch: [1000/30239]	Loss 3.8363 (4.3578)	Top 1 Accuracy 53.281 (49.454)	Top 5 Accuracy 63.281 (58.344)
Train Batch: [1100/30239]	Loss 4.1654 (4.3318)	Top 1 Accuracy 47.656 (49.505)	Top 5 Accuracy 58.594 (58.442)
Train Batch: [1200/30239]	Loss 3.9691 (4.3099)	Top 1 Accuracy 52.500 (49.533)	Top 5 Accuracy 60.469 (58.524)
Train Batch: [1300/30239]	Loss 4.0531 (4.2874)	Top 1 Accuracy 49.219 (49.616)	Top 5 Accuracy 59.219 (58.666)
Train Batch: [1400/30239]	Loss 3.7056 (4.2660)	Top 1 Accuracy 50.469 (49.711)	Top 5 Accuracy 62.031 (58.797)
Train Batch: [1500/30239]	Loss 3.7970 (4.2542)	Top 1 Accuracy 52.812 (49.700)	Top 5 Accuracy 61.875 (58.841)
Train Batch: [1600/30239]	Loss 4.1433 (4.2385)	Top 1 Accuracy 49.219 (49.764)	Top 5 Accuracy 59.219 (58.936)
Train Batch: [1700/30239]	Loss 4.1428 (4.2246)	Top 1 Accuracy 49.375 (49.811)	Top 5 Accuracy 59.844 (59.019)
Train Batch: [1800/30239]	Loss 3.9255 (4.2133)	Top 1 Accuracy 50.781 (49.850)	Top 5 Accuracy 60.781 (59.091)
Train Batch: [1900/30239]	Loss 3.7221 (4.2007)	Top 1 Accuracy 52.188 (49.900)	Top 5 Accuracy 62.969 (59.171)
Train Batch: [2000/30239]	Loss 4.4699 (4.1890)	Top 1 Accuracy 45.625 (49.959)	Top 5 Accuracy 56.250 (59.264)
Train Batch: [2100/30239]	Loss 3.8850 (4.1822)	Top 1 Accuracy 50.625 (49.952)	Top 5 Accuracy 61.406 (59.296)
Train Batch: [2200/30239]	Loss 4.1541 (4.1721)	Top 1 Accuracy 47.500 (49.991)	Top 5 Accuracy 60.000 (59.368)
Train Batch: [2300/30239]	Loss 3.8244 (4.1620)	Top 1 Accuracy 52.812 (50.048)	Top 5 Accuracy 63.281 (59.454)
Train Batch: [2400/30239]	Loss 3.4189 (4.1537)	Top 1 Accuracy 56.875 (50.081)	Top 5 Accuracy 66.094 (59.513)
Train Batch: [2500/30239]	Loss 3.4075 (4.1436)	Top 1 Accuracy 57.188 (50.126)	Top 5 Accuracy 67.031 (59.594)
Train Batch: [2600/30239]	Loss 3.8674 (4.1350)	Top 1 Accuracy 50.156 (50.171)	Top 5 Accuracy 58.750 (59.661)
Train Batch: [2700/30239]	Loss 4.4113 (4.1290)	Top 1 Accuracy 47.500 (50.193)	Top 5 Accuracy 55.938 (59.706)
Train Batch: [2800/30239]	Loss 3.2515 (4.1205)	Top 1 Accuracy 57.656 (50.239)	Top 5 Accuracy 70.469 (59.782)
Train Batch: [2900/30239]	Loss 3.8062 (4.1135)	Top 1 Accuracy 52.656 (50.270)	Top 5 Accuracy 62.500 (59.840)
Train Batch: [3000/30239]	Loss 3.8989 (4.1049)	Top 1 Accuracy 51.406 (50.322)	Top 5 Accuracy 61.719 (59.913)
Train Batch: [3100/30239]	Loss 4.1702 (4.0990)	Top 1 Accuracy 47.031 (50.343)	Top 5 Accuracy 59.531 (59.960)
Train Batch: [3200/30239]	Loss 3.7555 (4.0917)	Top 1 Accuracy 52.812 (50.387)	Top 5 Accuracy 63.125 (60.020)
Train Batch: [3300/30239]	Loss 4.8201 (4.0864)	Top 1 Accuracy 37.812 (50.409)	Top 5 Accuracy 47.969 (60.064)
Train Batch: [3400/30239]	Loss 4.2887 (4.0814)	Top 1 Accuracy 45.469 (50.436)	Top 5 Accuracy 57.500 (60.116)
Train Batch: [3500/30239]	Loss 3.3781 (4.0762)	Top 1 Accuracy 58.594 (50.453)	Top 5 Accuracy 68.438 (60.150)
Train Batch: [3600/30239]	Loss 3.6753 (4.0704)	Top 1 Accuracy 54.062 (50.484)	Top 5 Accuracy 63.750 (60.200)
Train Batch: [3700/30239]	Loss 3.7249 (4.0654)	Top 1 Accuracy 53.281 (50.502)	Top 5 Accuracy 65.156 (60.243)
Train Batch: [3800/30239]	Loss 3.8898 (4.0610)	Top 1 Accuracy 50.938 (50.519)	Top 5 Accuracy 61.875 (60.281)
Train Batch: [3900/30239]	Loss 3.8706 (4.0561)	Top 1 Accuracy 51.562 (50.545)	Top 5 Accuracy 60.156 (60.329)
Train Batch: [4000/30239]	Loss 3.8322 (4.0518)	Top 1 Accuracy 51.875 (50.563)	Top 5 Accuracy 61.406 (60.368)
Train Batch: [4100/30239]	Loss 3.4364 (4.0469)	Top 1 Accuracy 57.969 (50.593)	Top 5 Accuracy 68.125 (60.417)
Train Batch: [4200/30239]	Loss 3.4188 (4.0426)	Top 1 Accuracy 55.625 (50.613)	Top 5 Accuracy 65.938 (60.456)
Train Batch: [4300/30239]	Loss 3.6692 (4.0384)	Top 1 Accuracy 53.906 (50.628)	Top 5 Accuracy 64.375 (60.494)
Train Batch: [4400/30239]	Loss 3.4704 (4.0332)	Top 1 Accuracy 55.781 (50.653)	Top 5 Accuracy 65.312 (60.542)
Train Batch: [4500/30239]	Loss 4.2150 (4.0304)	Top 1 Accuracy 45.156 (50.664)	Top 5 Accuracy 56.875 (60.568)
Train Batch: [4600/30239]	Loss 4.3424 (4.0263)	Top 1 Accuracy 46.250 (50.684)	Top 5 Accuracy 57.344 (60.608)
Train Batch: [4700/30239]	Loss 3.7538 (4.0228)	Top 1 Accuracy 52.500 (50.694)	Top 5 Accuracy 61.406 (60.643)
Train Batch: [4800/30239]	Loss 3.8469 (4.0185)	Top 1 Accuracy 53.750 (50.720)	Top 5 Accuracy 64.062 (60.689)
Train Batch: [4900/30239]	Loss 3.8196 (4.0147)	Top 1 Accuracy 51.719 (50.744)	Top 5 Accuracy 62.344 (60.727)
Train Batch: [5000/30239]	Loss 3.2337 (4.0109)	Top 1 Accuracy 61.250 (50.764)	Top 5 Accuracy 71.719 (60.767)
Train Batch: [5100/30239]	Loss 4.1833 (4.0069)	Top 1 Accuracy 48.125 (50.784)	Top 5 Accuracy 58.438 (60.807)
Train Batch: [5200/30239]	Loss 4.1480 (4.0037)	Top 1 Accuracy 45.938 (50.800)	Top 5 Accuracy 58.125 (60.838)
Train Batch: [5300/30239]	Loss 4.0180 (4.0014)	Top 1 Accuracy 47.812 (50.799)	Top 5 Accuracy 61.094 (60.861)
Train Batch: [5400/30239]	Loss 4.0733 (3.9980)	Top 1 Accuracy 48.281 (50.822)	Top 5 Accuracy 58.594 (60.899)
Train Batch: [5500/30239]	Loss 3.5688 (3.9944)	Top 1 Accuracy 53.594 (50.844)	Top 5 Accuracy 64.844 (60.938)
Train Batch: [5600/30239]	Loss 3.8079 (3.9913)	Top 1 Accuracy 52.188 (50.854)	Top 5 Accuracy 61.875 (60.972)
Train Batch: [5700/30239]	Loss 3.5038 (3.9880)	Top 1 Accuracy 56.719 (50.871)	Top 5 Accuracy 67.188 (61.006)
Train Batch: [5800/30239]	Loss 3.9007 (3.9841)	Top 1 Accuracy 50.000 (50.898)	Top 5 Accuracy 60.469 (61.051)
Train Batch: [5900/30239]	Loss 3.9510 (3.9806)	Top 1 Accuracy 50.625 (50.924)	Top 5 Accuracy 60.781 (61.091)
Train Batch: [6000/30239]	Loss 3.3252 (3.9774)	Top 1 Accuracy 57.500 (50.939)	Top 5 Accuracy 67.188 (61.125)
Train Batch: [6100/30239]	Loss 4.0520 (3.9747)	Top 1 Accuracy 50.312 (50.952)	Top 5 Accuracy 60.781 (61.159)
Train Batch: [6200/30239]	Loss 3.3838 (3.9721)	Top 1 Accuracy 58.438 (50.967)	Top 5 Accuracy 69.219 (61.191)
Train Batch: [6300/30239]	Loss 3.8630 (3.9693)	Top 1 Accuracy 49.375 (50.987)	Top 5 Accuracy 62.031 (61.226)
Train Batch: [6400/30239]	Loss 3.3435 (3.9663)	Top 1 Accuracy 56.250 (50.999)	Top 5 Accuracy 65.938 (61.258)
Train Batch: [6500/30239]	Loss 3.9467 (3.9633)	Top 1 Accuracy 51.250 (51.015)	Top 5 Accuracy 61.406 (61.291)
Train Batch: [6600/30239]	Loss 3.4844 (3.9600)	Top 1 Accuracy 57.031 (51.034)	Top 5 Accuracy 66.719 (61.326)
Train Batch: [6700/30239]	Loss 4.0639 (3.9578)	Top 1 Accuracy 47.500 (51.039)	Top 5 Accuracy 60.156 (61.344)
Train Batch: [6800/30239]	Loss 3.4392 (3.9546)	Top 1 Accuracy 55.156 (51.061)	Top 5 Accuracy 68.438 (61.383)
Train Batch: [6900/30239]	Loss 3.9972 (3.9516)	Top 1 Accuracy 49.219 (51.081)	Top 5 Accuracy 60.312 (61.420)
Train Batch: [7000/30239]	Loss 3.7278 (3.9498)	Top 1 Accuracy 51.719 (51.082)	Top 5 Accuracy 62.188 (61.439)
Train Batch: [7100/30239]	Loss 3.7444 (3.9466)	Top 1 Accuracy 50.938 (51.104)	Top 5 Accuracy 61.562 (61.474)
Train Batch: [7200/30239]	Loss 4.1217 (3.9444)	Top 1 Accuracy 48.750 (51.112)	Top 5 Accuracy 60.156 (61.497)
Train Batch: [7300/30239]	Loss 3.5995 (3.9422)	Top 1 Accuracy 53.438 (51.120)	Top 5 Accuracy 65.312 (61.523)
Train Batch: [7400/30239]	Loss 3.1722 (3.9395)	Top 1 Accuracy 60.625 (51.136)	Top 5 Accuracy 70.000 (61.555)
Train Batch: [7500/30239]	Loss 4.0065 (3.9377)	Top 1 Accuracy 48.750 (51.145)	Top 5 Accuracy 60.312 (61.578)
Train Batch: [7600/30239]	Loss 3.3629 (3.9360)	Top 1 Accuracy 57.812 (51.151)	Top 5 Accuracy 69.375 (61.598)
Train Batch: [7700/30239]	Loss 2.9985 (3.9332)	Top 1 Accuracy 61.406 (51.168)	Top 5 Accuracy 71.094 (61.629)
Train Batch: [7800/30239]	Loss 3.5306 (3.9308)	Top 1 Accuracy 55.000 (51.181)	Top 5 Accuracy 67.812 (61.657)
Train Batch: [7900/30239]	Loss 3.5615 (3.9292)	Top 1 Accuracy 55.469 (51.184)	Top 5 Accuracy 67.188 (61.676)
Train Batch: [8000/30239]	Loss 3.8818 (3.9264)	Top 1 Accuracy 49.688 (51.201)	Top 5 Accuracy 61.562 (61.708)
Train Batch: [8100/30239]	Loss 3.2399 (3.9235)	Top 1 Accuracy 58.281 (51.224)	Top 5 Accuracy 67.969 (61.742)
Train Batch: [8200/30239]	Loss 3.6342 (3.9211)	Top 1 Accuracy 53.281 (51.238)	Top 5 Accuracy 64.219 (61.768)
Train Batch: [8300/30239]	Loss 3.8064 (3.9187)	Top 1 Accuracy 51.406 (51.251)	Top 5 Accuracy 62.031 (61.796)
Train Batch: [8400/30239]	Loss 3.5912 (3.9167)	Top 1 Accuracy 56.719 (51.264)	Top 5 Accuracy 67.656 (61.821)
Train Batch: [8500/30239]	Loss 4.1706 (3.9134)	Top 1 Accuracy 45.625 (51.289)	Top 5 Accuracy 56.250 (61.858)
Train Batch: [8600/30239]	Loss 3.4800 (3.9105)	Top 1 Accuracy 54.688 (51.310)	Top 5 Accuracy 65.781 (61.892)
Train Batch: [8700/30239]	Loss 3.7139 (3.9085)	Top 1 Accuracy 51.094 (51.320)	Top 5 Accuracy 63.125 (61.915)
Train Batch: [8800/30239]	Loss 3.6351 (3.9064)	Top 1 Accuracy 54.219 (51.330)	Top 5 Accuracy 66.250 (61.939)
Train Batch: [8900/30239]	Loss 3.6966 (3.9042)	Top 1 Accuracy 52.656 (51.340)	Top 5 Accuracy 64.531 (61.964)
Train Batch: [9000/30239]	Loss 3.6819 (3.9029)	Top 1 Accuracy 54.062 (51.340)	Top 5 Accuracy 65.000 (61.977)
Train Batch: [9100/30239]	Loss 3.9737 (3.9011)	Top 1 Accuracy 50.156 (51.349)	Top 5 Accuracy 61.875 (61.998)
Train Batch: [9200/30239]	Loss 3.3156 (3.8988)	Top 1 Accuracy 58.281 (51.364)	Top 5 Accuracy 70.000 (62.026)
Train Batch: [9300/30239]	Loss 3.3933 (3.8965)	Top 1 Accuracy 58.125 (51.378)	Top 5 Accuracy 67.500 (62.054)
Train Batch: [9400/30239]	Loss 3.2402 (3.8946)	Top 1 Accuracy 58.281 (51.387)	Top 5 Accuracy 69.219 (62.076)
Train Batch: [9500/30239]	Loss 3.2634 (3.8929)	Top 1 Accuracy 55.625 (51.397)	Top 5 Accuracy 69.844 (62.099)
Train Batch: [9600/30239]	Loss 3.6242 (3.8909)	Top 1 Accuracy 52.188 (51.410)	Top 5 Accuracy 66.562 (62.122)
Train Batch: [9700/30239]	Loss 3.9971 (3.8890)	Top 1 Accuracy 48.125 (51.421)	Top 5 Accuracy 62.188 (62.143)
Train Batch: [9800/30239]	Loss 4.3080 (3.8869)	Top 1 Accuracy 45.469 (51.434)	Top 5 Accuracy 57.031 (62.167)
Train Batch: [9900/30239]	Loss 3.3923 (3.8845)	Top 1 Accuracy 56.406 (51.450)	Top 5 Accuracy 67.812 (62.195)
Train Batch: [10000/30239]	Loss 3.7828 (3.8825)	Top 1 Accuracy 53.125 (51.465)	Top 5 Accuracy 64.688 (62.222)
Train Batch: [10100/30239]	Loss 3.4836 (3.8806)	Top 1 Accuracy 54.844 (51.473)	Top 5 Accuracy 66.719 (62.242)
Train Batch: [10200/30239]	Loss 3.6612 (3.8791)	Top 1 Accuracy 53.125 (51.480)	Top 5 Accuracy 65.781 (62.261)
Train Batch: [10300/30239]	Loss 3.8761 (3.8771)	Top 1 Accuracy 48.594 (51.491)	Top 5 Accuracy 61.562 (62.283)
Train Batch: [10400/30239]	Loss 3.5454 (3.8752)	Top 1 Accuracy 55.156 (51.503)	Top 5 Accuracy 66.875 (62.308)
Train Batch: [10500/30239]	Loss 3.5224 (3.8735)	Top 1 Accuracy 54.219 (51.511)	Top 5 Accuracy 64.844 (62.326)
Train Batch: [10600/30239]	Loss 4.2077 (3.8714)	Top 1 Accuracy 44.844 (51.525)	Top 5 Accuracy 57.812 (62.349)
Train Batch: [10700/30239]	Loss 3.5286 (3.8695)	Top 1 Accuracy 55.781 (51.540)	Top 5 Accuracy 67.969 (62.376)
Train Batch: [10800/30239]	Loss 4.0481 (3.8680)	Top 1 Accuracy 47.500 (51.550)	Top 5 Accuracy 59.688 (62.396)
Train Batch: [10900/30239]	Loss 3.0499 (3.8664)	Top 1 Accuracy 61.562 (51.559)	Top 5 Accuracy 72.188 (62.416)
Train Batch: [11000/30239]	Loss 3.0102 (3.8643)	Top 1 Accuracy 62.344 (51.576)	Top 5 Accuracy 73.750 (62.443)
Train Batch: [11100/30239]	Loss 3.5732 (3.8629)	Top 1 Accuracy 52.344 (51.580)	Top 5 Accuracy 65.938 (62.460)
Train Batch: [11200/30239]	Loss 4.1170 (3.8611)	Top 1 Accuracy 44.062 (51.588)	Top 5 Accuracy 59.219 (62.479)
Train Batch: [11300/30239]	Loss 3.4803 (3.8594)	Top 1 Accuracy 56.406 (51.598)	Top 5 Accuracy 68.594 (62.501)
Train Batch: [11400/30239]	Loss 3.0947 (3.8578)	Top 1 Accuracy 60.156 (51.607)	Top 5 Accuracy 72.344 (62.522)
Train Batch: [11500/30239]	Loss 3.4429 (3.8560)	Top 1 Accuracy 56.562 (51.618)	Top 5 Accuracy 68.438 (62.541)
Train Batch: [11600/30239]	Loss 3.3123 (3.8542)	Top 1 Accuracy 56.094 (51.630)	Top 5 Accuracy 69.531 (62.563)
Train Batch: [11700/30239]	Loss 3.8560 (3.8521)	Top 1 Accuracy 51.250 (51.645)	Top 5 Accuracy 60.938 (62.588)
Train Batch: [11800/30239]	Loss 3.5990 (3.8506)	Top 1 Accuracy 53.438 (51.653)	Top 5 Accuracy 65.156 (62.607)
Train Batch: [11900/30239]	Loss 3.8084 (3.8493)	Top 1 Accuracy 48.125 (51.655)	Top 5 Accuracy 61.875 (62.621)
Train Batch: [12000/30239]	Loss 3.1503 (3.8479)	Top 1 Accuracy 61.250 (51.663)	Top 5 Accuracy 71.875 (62.637)
Train Batch: [12100/30239]	Loss 3.5553 (3.8465)	Top 1 Accuracy 55.000 (51.670)	Top 5 Accuracy 65.312 (62.653)
Train Batch: [12200/30239]	Loss 4.1480 (3.8448)	Top 1 Accuracy 49.219 (51.679)	Top 5 Accuracy 60.469 (62.673)
Train Batch: [12300/30239]	Loss 3.5878 (3.8434)	Top 1 Accuracy 53.906 (51.684)	Top 5 Accuracy 66.406 (62.688)
Train Batch: [12400/30239]	Loss 3.5961 (3.8419)	Top 1 Accuracy 54.219 (51.692)	Top 5 Accuracy 65.938 (62.707)
Train Batch: [12500/30239]	Loss 3.6386 (3.8402)	Top 1 Accuracy 52.812 (51.704)	Top 5 Accuracy 64.375 (62.729)
Train Batch: [12600/30239]	Loss 3.6059 (3.8388)	Top 1 Accuracy 51.406 (51.711)	Top 5 Accuracy 63.438 (62.745)
Train Batch: [12700/30239]	Loss 3.9739 (3.8372)	Top 1 Accuracy 49.844 (51.721)	Top 5 Accuracy 61.875 (62.762)
Train Batch: [12800/30239]	Loss 3.4707 (3.8354)	Top 1 Accuracy 54.688 (51.736)	Top 5 Accuracy 67.656 (62.785)
Train Batch: [12900/30239]	Loss 3.5665 (3.8336)	Top 1 Accuracy 56.094 (51.748)	Top 5 Accuracy 65.938 (62.806)
Train Batch: [13000/30239]	Loss 3.8221 (3.8321)	Top 1 Accuracy 52.031 (51.760)	Top 5 Accuracy 63.438 (62.825)
Train Batch: [13100/30239]	Loss 3.4362 (3.8305)	Top 1 Accuracy 55.781 (51.767)	Top 5 Accuracy 65.781 (62.844)
Train Batch: [13200/30239]	Loss 2.7990 (3.8288)	Top 1 Accuracy 65.156 (51.775)	Top 5 Accuracy 76.094 (62.863)
Train Batch: [13300/30239]	Loss 3.2274 (3.8276)	Top 1 Accuracy 57.969 (51.782)	Top 5 Accuracy 69.531 (62.880)
Train Batch: [13400/30239]	Loss 3.5240 (3.8263)	Top 1 Accuracy 55.781 (51.787)	Top 5 Accuracy 65.938 (62.895)
Train Batch: [13500/30239]	Loss 3.5068 (3.8249)	Top 1 Accuracy 53.125 (51.795)	Top 5 Accuracy 66.719 (62.912)
Train Batch: [13600/30239]	Loss 4.3427 (3.8236)	Top 1 Accuracy 41.562 (51.800)	Top 5 Accuracy 56.094 (62.929)
Train Batch: [13700/30239]	Loss 3.1218 (3.8220)	Top 1 Accuracy 58.906 (51.810)	Top 5 Accuracy 72.500 (62.948)
Train Batch: [13800/30239]	Loss 3.4115 (3.8206)	Top 1 Accuracy 58.281 (51.818)	Top 5 Accuracy 68.594 (62.966)
Train Batch: [13900/30239]	Loss 4.0557 (3.8194)	Top 1 Accuracy 50.156 (51.823)	Top 5 Accuracy 60.781 (62.980)
Train Batch: [14000/30239]	Loss 3.6824 (3.8179)	Top 1 Accuracy 52.656 (51.830)	Top 5 Accuracy 66.562 (62.997)
Train Batch: [14100/30239]	Loss 3.5657 (3.8171)	Top 1 Accuracy 53.281 (51.831)	Top 5 Accuracy 65.469 (63.008)
Train Batch: [14200/30239]	Loss 2.9755 (3.8161)	Top 1 Accuracy 62.969 (51.834)	Top 5 Accuracy 74.688 (63.021)
Train Batch: [14300/30239]	Loss 2.7420 (3.8144)	Top 1 Accuracy 65.469 (51.845)	Top 5 Accuracy 76.562 (63.041)
Train Batch: [14400/30239]	Loss 3.2528 (3.8128)	Top 1 Accuracy 58.594 (51.857)	Top 5 Accuracy 70.000 (63.061)
Train Batch: [14500/30239]	Loss 3.6472 (3.8114)	Top 1 Accuracy 51.875 (51.863)	Top 5 Accuracy 66.094 (63.077)
Train Batch: [14600/30239]	Loss 3.2318 (3.8104)	Top 1 Accuracy 55.156 (51.865)	Top 5 Accuracy 69.375 (63.090)
Train Batch: [14700/30239]	Loss 3.3498 (3.8091)	Top 1 Accuracy 59.219 (51.872)	Top 5 Accuracy 69.219 (63.105)
Train Batch: [14800/30239]	Loss 3.6574 (3.8081)	Top 1 Accuracy 51.719 (51.875)	Top 5 Accuracy 65.469 (63.117)
Train Batch: [14900/30239]	Loss 3.6651 (3.8067)	Top 1 Accuracy 52.656 (51.885)	Top 5 Accuracy 65.156 (63.134)
Train Batch: [15000/30239]	Loss 3.7299 (3.8051)	Top 1 Accuracy 50.156 (51.897)	Top 5 Accuracy 62.812 (63.153)
Train Batch: [15100/30239]	Loss 3.5345 (3.8038)	Top 1 Accuracy 54.688 (51.904)	Top 5 Accuracy 67.031 (63.170)
Train Batch: [15200/30239]	Loss 3.8163 (3.8027)	Top 1 Accuracy 49.062 (51.909)	Top 5 Accuracy 62.031 (63.182)
Train Batch: [15300/30239]	Loss 3.3486 (3.8013)	Top 1 Accuracy 58.750 (51.918)	Top 5 Accuracy 69.688 (63.198)
Train Batch: [15400/30239]	Loss 3.4201 (3.8001)	Top 1 Accuracy 55.156 (51.925)	Top 5 Accuracy 66.562 (63.213)
Train Batch: [15500/30239]	Loss 3.4516 (3.7986)	Top 1 Accuracy 57.344 (51.934)	Top 5 Accuracy 68.906 (63.232)
Train Batch: [15600/30239]	Loss 3.4909 (3.7974)	Top 1 Accuracy 56.719 (51.942)	Top 5 Accuracy 69.531 (63.248)
Train Batch: [15700/30239]	Loss 3.3074 (3.7959)	Top 1 Accuracy 57.031 (51.951)	Top 5 Accuracy 69.375 (63.266)
Train Batch: [15800/30239]	Loss 3.7706 (3.7945)	Top 1 Accuracy 47.188 (51.962)	Top 5 Accuracy 62.500 (63.284)
Train Batch: [15900/30239]	Loss 4.2575 (3.7934)	Top 1 Accuracy 43.594 (51.968)	Top 5 Accuracy 57.031 (63.298)
Train Batch: [16000/30239]	Loss 3.7862 (3.7922)	Top 1 Accuracy 51.250 (51.975)	Top 5 Accuracy 63.438 (63.313)
Train Batch: [16100/30239]	Loss 3.0894 (3.7910)	Top 1 Accuracy 59.219 (51.981)	Top 5 Accuracy 72.031 (63.327)
Train Batch: [16200/30239]	Loss 2.9517 (3.7896)	Top 1 Accuracy 60.156 (51.991)	Top 5 Accuracy 73.594 (63.344)
Train Batch: [16300/30239]	Loss 3.2491 (3.7884)	Top 1 Accuracy 59.375 (51.998)	Top 5 Accuracy 69.688 (63.358)
Train Batch: [16400/30239]	Loss 3.8688 (3.7869)	Top 1 Accuracy 49.531 (52.007)	Top 5 Accuracy 61.250 (63.375)
Train Batch: [16500/30239]	Loss 3.6860 (3.7854)	Top 1 Accuracy 49.844 (52.016)	Top 5 Accuracy 64.375 (63.393)
Train Batch: [16600/30239]	Loss 3.4860 (3.7844)	Top 1 Accuracy 57.031 (52.023)	Top 5 Accuracy 69.219 (63.406)
Train Batch: [16700/30239]	Loss 3.5264 (3.7830)	Top 1 Accuracy 52.344 (52.032)	Top 5 Accuracy 65.625 (63.422)
Train Batch: [16800/30239]	Loss 3.3554 (3.7822)	Top 1 Accuracy 56.719 (52.035)	Top 5 Accuracy 67.969 (63.434)
Train Batch: [16900/30239]	Loss 3.4595 (3.7808)	Top 1 Accuracy 53.906 (52.042)	Top 5 Accuracy 66.094 (63.450)
Train Batch: [17000/30239]	Loss 3.6050 (3.7796)	Top 1 Accuracy 55.312 (52.049)	Top 5 Accuracy 67.500 (63.464)
Train Batch: [17100/30239]	Loss 3.1389 (3.7784)	Top 1 Accuracy 57.500 (52.057)	Top 5 Accuracy 72.500 (63.479)
Train Batch: [17200/30239]	Loss 3.5934 (3.7771)	Top 1 Accuracy 54.531 (52.066)	Top 5 Accuracy 66.250 (63.495)
Train Batch: [17300/30239]	Loss 3.6386 (3.7758)	Top 1 Accuracy 51.562 (52.073)	Top 5 Accuracy 64.062 (63.509)
Train Batch: [17400/30239]	Loss 3.3083 (3.7743)	Top 1 Accuracy 52.344 (52.083)	Top 5 Accuracy 66.562 (63.526)
Train Batch: [17500/30239]	Loss 3.4404 (3.7734)	Top 1 Accuracy 55.781 (52.087)	Top 5 Accuracy 66.094 (63.538)
Train Batch: [17600/30239]	Loss 3.5715 (3.7721)	Top 1 Accuracy 49.531 (52.095)	Top 5 Accuracy 63.594 (63.553)
Train Batch: [17700/30239]	Loss 3.0169 (3.7708)	Top 1 Accuracy 60.781 (52.103)	Top 5 Accuracy 72.656 (63.570)
Train Batch: [17800/30239]	Loss 4.0842 (3.7696)	Top 1 Accuracy 47.500 (52.110)	Top 5 Accuracy 59.844 (63.583)
Train Batch: [17900/30239]	Loss 4.2036 (3.7686)	Top 1 Accuracy 42.969 (52.115)	Top 5 Accuracy 57.969 (63.596)
Train Batch: [18000/30239]	Loss 3.9448 (3.7672)	Top 1 Accuracy 52.031 (52.124)	Top 5 Accuracy 64.531 (63.613)
Train Batch: [18100/30239]	Loss 3.1826 (3.7661)	Top 1 Accuracy 57.969 (52.131)	Top 5 Accuracy 70.469 (63.627)
Train Batch: [18200/30239]	Loss 3.8247 (3.7649)	Top 1 Accuracy 50.625 (52.138)	Top 5 Accuracy 62.969 (63.641)
Train Batch: [18300/30239]	Loss 3.7547 (3.7636)	Top 1 Accuracy 51.562 (52.148)	Top 5 Accuracy 63.438 (63.657)
Train Batch: [18400/30239]	Loss 2.8854 (3.7621)	Top 1 Accuracy 60.156 (52.159)	Top 5 Accuracy 73.438 (63.674)
Train Batch: [18500/30239]	Loss 3.7087 (3.7609)	Top 1 Accuracy 52.188 (52.167)	Top 5 Accuracy 63.750 (63.689)
Train Batch: [18600/30239]	Loss 3.6342 (3.7598)	Top 1 Accuracy 53.906 (52.176)	Top 5 Accuracy 65.625 (63.703)
Train Batch: [18700/30239]	Loss 3.0034 (3.7589)	Top 1 Accuracy 61.562 (52.178)	Top 5 Accuracy 73.906 (63.714)
Train Batch: [18800/30239]	Loss 3.0027 (3.7578)	Top 1 Accuracy 60.781 (52.185)	Top 5 Accuracy 72.969 (63.726)
Train Batch: [18900/30239]	Loss 3.5110 (3.7570)	Top 1 Accuracy 53.438 (52.188)	Top 5 Accuracy 67.656 (63.737)
Train Batch: [19000/30239]	Loss 3.3041 (3.7559)	Top 1 Accuracy 58.594 (52.195)	Top 5 Accuracy 68.594 (63.750)
Train Batch: [19100/30239]	Loss 3.6496 (3.7552)	Top 1 Accuracy 50.781 (52.197)	Top 5 Accuracy 65.156 (63.760)
Train Batch: [19200/30239]	Loss 3.4400 (3.7542)	Top 1 Accuracy 54.375 (52.202)	Top 5 Accuracy 68.281 (63.772)
Train Batch: [19300/30239]	Loss 3.8414 (3.7533)	Top 1 Accuracy 46.562 (52.205)	Top 5 Accuracy 62.344 (63.782)
Train Batch: [19400/30239]	Loss 3.3827 (3.7523)	Top 1 Accuracy 56.719 (52.211)	Top 5 Accuracy 71.094 (63.795)
Train Batch: [19500/30239]	Loss 3.4496 (3.7512)	Top 1 Accuracy 55.312 (52.218)	Top 5 Accuracy 67.500 (63.809)
Train Batch: [19600/30239]	Loss 3.4294 (3.7501)	Top 1 Accuracy 54.062 (52.226)	Top 5 Accuracy 69.375 (63.822)
Train Batch: [19700/30239]	Loss 3.7332 (3.7491)	Top 1 Accuracy 51.250 (52.233)	Top 5 Accuracy 63.750 (63.835)
Train Batch: [19800/30239]	Loss 3.5405 (3.7481)	Top 1 Accuracy 55.156 (52.240)	Top 5 Accuracy 66.562 (63.847)
Train Batch: [19900/30239]	Loss 3.7052 (3.7469)	Top 1 Accuracy 52.656 (52.248)	Top 5 Accuracy 66.875 (63.862)
Train Batch: [20000/30239]	Loss 3.0838 (3.7458)	Top 1 Accuracy 59.375 (52.255)	Top 5 Accuracy 70.469 (63.874)
Train Batch: [20100/30239]	Loss 3.0178 (3.7447)	Top 1 Accuracy 59.531 (52.263)	Top 5 Accuracy 70.938 (63.889)
Train Batch: [20200/30239]	Loss 3.3210 (3.7436)	Top 1 Accuracy 57.031 (52.271)	Top 5 Accuracy 70.000 (63.902)
Train Batch: [20300/30239]	Loss 3.3225 (3.7427)	Top 1 Accuracy 55.938 (52.277)	Top 5 Accuracy 67.500 (63.914)
Train Batch: [20400/30239]	Loss 3.7560 (3.7417)	Top 1 Accuracy 49.219 (52.283)	Top 5 Accuracy 60.781 (63.926)
Train Batch: [20500/30239]	Loss 3.8203 (3.7408)	Top 1 Accuracy 51.094 (52.287)	Top 5 Accuracy 65.781 (63.937)
Train Batch: [20600/30239]	Loss 3.7902 (3.7398)	Top 1 Accuracy 50.156 (52.292)	Top 5 Accuracy 63.438 (63.949)
Train Batch: [20700/30239]	Loss 3.5051 (3.7386)	Top 1 Accuracy 56.719 (52.301)	Top 5 Accuracy 67.031 (63.964)
Train Batch: [20800/30239]	Loss 3.5945 (3.7377)	Top 1 Accuracy 50.625 (52.305)	Top 5 Accuracy 64.375 (63.974)
Train Batch: [20900/30239]	Loss 3.4778 (3.7367)	Top 1 Accuracy 53.125 (52.311)	Top 5 Accuracy 68.906 (63.986)
Train Batch: [21000/30239]	Loss 3.1084 (3.7358)	Top 1 Accuracy 59.375 (52.316)	Top 5 Accuracy 71.562 (63.997)
Train Batch: [21100/30239]	Loss 3.5465 (3.7348)	Top 1 Accuracy 49.375 (52.323)	Top 5 Accuracy 65.625 (64.010)
Train Batch: [21200/30239]	Loss 3.9407 (3.7341)	Top 1 Accuracy 46.406 (52.324)	Top 5 Accuracy 61.094 (64.018)
Train Batch: [21300/30239]	Loss 3.7946 (3.7330)	Top 1 Accuracy 51.719 (52.332)	Top 5 Accuracy 64.531 (64.032)
Train Batch: [21400/30239]	Loss 3.5372 (3.7320)	Top 1 Accuracy 54.219 (52.338)	Top 5 Accuracy 65.781 (64.043)
Train Batch: [21500/30239]	Loss 3.5909 (3.7311)	Top 1 Accuracy 51.562 (52.341)	Top 5 Accuracy 66.094 (64.052)
Train Batch: [21600/30239]	Loss 3.6491 (3.7303)	Top 1 Accuracy 48.594 (52.343)	Top 5 Accuracy 63.750 (64.061)
Train Batch: [21700/30239]	Loss 3.4286 (3.7293)	Top 1 Accuracy 52.969 (52.349)	Top 5 Accuracy 67.031 (64.072)
Train Batch: [21800/30239]	Loss 4.0219 (3.7282)	Top 1 Accuracy 51.562 (52.355)	Top 5 Accuracy 61.562 (64.085)
Train Batch: [21900/30239]	Loss 3.4420 (3.7272)	Top 1 Accuracy 57.500 (52.362)	Top 5 Accuracy 67.031 (64.097)
Train Batch: [22000/30239]	Loss 3.7940 (3.7263)	Top 1 Accuracy 48.750 (52.367)	Top 5 Accuracy 65.000 (64.108)
Train Batch: [22100/30239]	Loss 3.0481 (3.7254)	Top 1 Accuracy 58.125 (52.372)	Top 5 Accuracy 70.156 (64.119)
Train Batch: [22200/30239]	Loss 3.4556 (3.7244)	Top 1 Accuracy 55.000 (52.378)	Top 5 Accuracy 67.344 (64.131)
Train Batch: [22300/30239]	Loss 3.7276 (3.7235)	Top 1 Accuracy 49.844 (52.383)	Top 5 Accuracy 63.438 (64.143)
Train Batch: [22400/30239]	Loss 3.3855 (3.7227)	Top 1 Accuracy 54.219 (52.387)	Top 5 Accuracy 68.281 (64.153)
Train Batch: [22500/30239]	Loss 4.1666 (3.7220)	Top 1 Accuracy 46.406 (52.391)	Top 5 Accuracy 59.062 (64.162)
Train Batch: [22600/30239]	Loss 3.2274 (3.7209)	Top 1 Accuracy 56.406 (52.398)	Top 5 Accuracy 68.906 (64.175)
Train Batch: [22700/30239]	Loss 3.7913 (3.7202)	Top 1 Accuracy 48.594 (52.401)	Top 5 Accuracy 62.188 (64.184)
Train Batch: [22800/30239]	Loss 3.8093 (3.7194)	Top 1 Accuracy 48.906 (52.406)	Top 5 Accuracy 63.281 (64.194)
Train Batch: [22900/30239]	Loss 2.9876 (3.7182)	Top 1 Accuracy 61.250 (52.415)	Top 5 Accuracy 73.281 (64.208)
Train Batch: [23000/30239]	Loss 3.3323 (3.7174)	Top 1 Accuracy 54.062 (52.418)	Top 5 Accuracy 68.594 (64.218)
Train Batch: [23100/30239]	Loss 3.1967 (3.7164)	Top 1 Accuracy 58.281 (52.425)	Top 5 Accuracy 69.844 (64.229)
Train Batch: [23200/30239]	Loss 3.1013 (3.7154)	Top 1 Accuracy 58.125 (52.431)	Top 5 Accuracy 71.406 (64.242)
Train Batch: [23300/30239]	Loss 3.8744 (3.7145)	Top 1 Accuracy 49.844 (52.437)	Top 5 Accuracy 62.188 (64.253)
Train Batch: [23400/30239]	Loss 2.9967 (3.7134)	Top 1 Accuracy 58.750 (52.444)	Top 5 Accuracy 71.719 (64.266)
Train Batch: [23500/30239]	Loss 3.4721 (3.7125)	Top 1 Accuracy 50.625 (52.450)	Top 5 Accuracy 65.625 (64.277)
Train Batch: [23600/30239]	Loss 2.9771 (3.7116)	Top 1 Accuracy 59.844 (52.454)	Top 5 Accuracy 72.500 (64.287)
Train Batch: [23700/30239]	Loss 3.2474 (3.7107)	Top 1 Accuracy 57.500 (52.460)	Top 5 Accuracy 69.844 (64.298)
Train Batch: [23800/30239]	Loss 3.4054 (3.7098)	Top 1 Accuracy 53.594 (52.465)	Top 5 Accuracy 67.188 (64.308)
Train Batch: [23900/30239]	Loss 3.2988 (3.7091)	Top 1 Accuracy 53.750 (52.468)	Top 5 Accuracy 70.938 (64.316)
Train Batch: [24000/30239]	Loss 3.5921 (3.7080)	Top 1 Accuracy 52.500 (52.474)	Top 5 Accuracy 64.375 (64.328)
Train Batch: [24100/30239]	Loss 3.8359 (3.7072)	Top 1 Accuracy 50.469 (52.479)	Top 5 Accuracy 63.125 (64.338)
Train Batch: [24200/30239]	Loss 3.6591 (3.7064)	Top 1 Accuracy 51.719 (52.483)	Top 5 Accuracy 63.750 (64.347)
Train Batch: [24300/30239]	Loss 3.0456 (3.7056)	Top 1 Accuracy 59.375 (52.487)	Top 5 Accuracy 72.031 (64.357)
Train Batch: [24400/30239]	Loss 3.1757 (3.7047)	Top 1 Accuracy 57.188 (52.492)	Top 5 Accuracy 69.844 (64.368)
Train Batch: [24500/30239]	Loss 3.6556 (3.7039)	Top 1 Accuracy 48.125 (52.497)	Top 5 Accuracy 65.312 (64.377)
Train Batch: [24600/30239]	Loss 3.4010 (3.7032)	Top 1 Accuracy 54.688 (52.500)	Top 5 Accuracy 66.406 (64.385)
Train Batch: [24700/30239]	Loss 3.3326 (3.7020)	Top 1 Accuracy 53.438 (52.508)	Top 5 Accuracy 67.969 (64.399)
Train Batch: [24800/30239]	Loss 3.6905 (3.7011)	Top 1 Accuracy 50.156 (52.515)	Top 5 Accuracy 62.344 (64.410)
Train Batch: [24900/30239]	Loss 3.1547 (3.7004)	Top 1 Accuracy 59.531 (52.517)	Top 5 Accuracy 71.250 (64.418)
Train Batch: [25000/30239]	Loss 3.4498 (3.6994)	Top 1 Accuracy 53.594 (52.522)	Top 5 Accuracy 67.969 (64.428)
Train Batch: [25100/30239]	Loss 3.3023 (3.6984)	Top 1 Accuracy 52.812 (52.531)	Top 5 Accuracy 68.281 (64.441)
Train Batch: [25200/30239]	Loss 3.1900 (3.6973)	Top 1 Accuracy 57.344 (52.538)	Top 5 Accuracy 68.438 (64.453)
Train Batch: [25300/30239]	Loss 3.4395 (3.6963)	Top 1 Accuracy 55.938 (52.545)	Top 5 Accuracy 69.531 (64.465)
Train Batch: [25400/30239]	Loss 3.7291 (3.6955)	Top 1 Accuracy 51.094 (52.550)	Top 5 Accuracy 62.500 (64.475)
Train Batch: [25500/30239]	Loss 3.0419 (3.6946)	Top 1 Accuracy 59.062 (52.556)	Top 5 Accuracy 69.688 (64.486)
Train Batch: [25600/30239]	Loss 3.1732 (3.6939)	Top 1 Accuracy 59.844 (52.559)	Top 5 Accuracy 71.875 (64.494)
Train Batch: [25700/30239]	Loss 2.9448 (3.6929)	Top 1 Accuracy 61.250 (52.566)	Top 5 Accuracy 72.969 (64.505)
Train Batch: [25800/30239]	Loss 3.4178 (3.6919)	Top 1 Accuracy 55.469 (52.573)	Top 5 Accuracy 68.125 (64.516)
Train Batch: [25900/30239]	Loss 3.5770 (3.6911)	Top 1 Accuracy 54.531 (52.579)	Top 5 Accuracy 68.750 (64.526)
Train Batch: [26000/30239]	Loss 2.9024 (3.6902)	Top 1 Accuracy 60.781 (52.584)	Top 5 Accuracy 72.969 (64.537)
Train Batch: [26100/30239]	Loss 3.3880 (3.6895)	Top 1 Accuracy 55.625 (52.588)	Top 5 Accuracy 67.656 (64.545)
Train Batch: [26200/30239]	Loss 3.9394 (3.6887)	Top 1 Accuracy 43.281 (52.592)	Top 5 Accuracy 57.812 (64.555)
Train Batch: [26300/30239]	Loss 3.1665 (3.6881)	Top 1 Accuracy 59.688 (52.595)	Top 5 Accuracy 72.344 (64.563)
Train Batch: [26400/30239]	Loss 3.5946 (3.6872)	Top 1 Accuracy 50.625 (52.600)	Top 5 Accuracy 64.688 (64.572)
Train Batch: [26500/30239]	Loss 3.3752 (3.6866)	Top 1 Accuracy 55.156 (52.602)	Top 5 Accuracy 67.188 (64.580)
Train Batch: [26600/30239]	Loss 3.5376 (3.6858)	Top 1 Accuracy 53.750 (52.608)	Top 5 Accuracy 65.156 (64.590)
Train Batch: [26700/30239]	Loss 3.6535 (3.6851)	Top 1 Accuracy 51.562 (52.611)	Top 5 Accuracy 65.625 (64.597)
Train Batch: [26800/30239]	Loss 3.4699 (3.6844)	Top 1 Accuracy 53.750 (52.614)	Top 5 Accuracy 67.969 (64.605)
Train Batch: [26900/30239]	Loss 3.3888 (3.6834)	Top 1 Accuracy 52.031 (52.621)	Top 5 Accuracy 66.094 (64.617)
Train Batch: [27000/30239]	Loss 3.0804 (3.6825)	Top 1 Accuracy 59.219 (52.627)	Top 5 Accuracy 70.312 (64.628)
Train Batch: [27100/30239]	Loss 3.6061 (3.6820)	Top 1 Accuracy 50.625 (52.627)	Top 5 Accuracy 65.469 (64.634)
Train Batch: [27200/30239]	Loss 4.4470 (3.6812)	Top 1 Accuracy 41.250 (52.633)	Top 5 Accuracy 56.719 (64.643)
Train Batch: [27300/30239]	Loss 3.7633 (3.6803)	Top 1 Accuracy 48.906 (52.638)	Top 5 Accuracy 65.000 (64.653)
Train Batch: [27400/30239]	Loss 3.3185 (3.6796)	Top 1 Accuracy 55.938 (52.641)	Top 5 Accuracy 69.844 (64.661)
Train Batch: [27500/30239]	Loss 3.8012 (3.6787)	Top 1 Accuracy 48.125 (52.647)	Top 5 Accuracy 62.344 (64.672)
Train Batch: [27600/30239]	Loss 3.6940 (3.6781)	Top 1 Accuracy 50.625 (52.649)	Top 5 Accuracy 63.750 (64.678)
Train Batch: [27700/30239]	Loss 3.7298 (3.6775)	Top 1 Accuracy 47.031 (52.652)	Top 5 Accuracy 62.188 (64.686)
Train Batch: [27800/30239]	Loss 3.0579 (3.6767)	Top 1 Accuracy 60.000 (52.657)	Top 5 Accuracy 71.719 (64.695)
Train Batch: [27900/30239]	Loss 3.3111 (3.6759)	Top 1 Accuracy 56.250 (52.661)	Top 5 Accuracy 69.531 (64.704)
Train Batch: [28000/30239]	Loss 3.2528 (3.6749)	Top 1 Accuracy 53.750 (52.668)	Top 5 Accuracy 68.594 (64.715)
Train Batch: [28100/30239]	Loss 3.4727 (3.6743)	Top 1 Accuracy 56.250 (52.670)	Top 5 Accuracy 68.281 (64.722)
Train Batch: [28200/30239]	Loss 3.3918 (3.6735)	Top 1 Accuracy 53.125 (52.675)	Top 5 Accuracy 68.438 (64.732)
Train Batch: [28300/30239]	Loss 3.3406 (3.6727)	Top 1 Accuracy 55.469 (52.680)	Top 5 Accuracy 67.656 (64.741)
Train Batch: [28400/30239]	Loss 3.9147 (3.6719)	Top 1 Accuracy 50.625 (52.685)	Top 5 Accuracy 61.406 (64.750)
Train Batch: [28500/30239]	Loss 3.2339 (3.6713)	Top 1 Accuracy 56.875 (52.688)	Top 5 Accuracy 70.156 (64.759)
Train Batch: [28600/30239]	Loss 3.1096 (3.6705)	Top 1 Accuracy 58.906 (52.693)	Top 5 Accuracy 71.875 (64.768)
Train Batch: [28700/30239]	Loss 3.5318 (3.6696)	Top 1 Accuracy 51.562 (52.698)	Top 5 Accuracy 62.656 (64.778)
Train Batch: [28800/30239]	Loss 2.7720 (3.6690)	Top 1 Accuracy 63.906 (52.700)	Top 5 Accuracy 74.844 (64.785)
Train Batch: [28900/30239]	Loss 2.9658 (3.6682)	Top 1 Accuracy 61.406 (52.704)	Top 5 Accuracy 72.969 (64.793)
Train Batch: [29000/30239]	Loss 3.3006 (3.6673)	Top 1 Accuracy 57.656 (52.711)	Top 5 Accuracy 69.062 (64.804)
Train Batch: [29100/30239]	Loss 3.1809 (3.6665)	Top 1 Accuracy 59.375 (52.714)	Top 5 Accuracy 69.844 (64.813)
Train Batch: [29200/30239]	Loss 3.6499 (3.6659)	Top 1 Accuracy 52.969 (52.717)	Top 5 Accuracy 64.375 (64.821)
Train Batch: [29300/30239]	Loss 3.3335 (3.6650)	Top 1 Accuracy 54.688 (52.722)	Top 5 Accuracy 68.594 (64.831)
Train Batch: [29400/30239]	Loss 3.9019 (3.6644)	Top 1 Accuracy 48.125 (52.725)	Top 5 Accuracy 61.719 (64.838)
Train Batch: [29500/30239]	Loss 3.6291 (3.6638)	Top 1 Accuracy 49.844 (52.727)	Top 5 Accuracy 64.531 (64.845)
Train Batch: [29600/30239]	Loss 3.4508 (3.6631)	Top 1 Accuracy 50.938 (52.731)	Top 5 Accuracy 67.344 (64.853)
Train Batch: [29700/30239]	Loss 3.2679 (3.6622)	Top 1 Accuracy 55.781 (52.740)	Top 5 Accuracy 68.281 (64.864)
Train Batch: [29800/30239]	Loss 3.3567 (3.6615)	Top 1 Accuracy 53.750 (52.743)	Top 5 Accuracy 68.594 (64.872)
Train Batch: [29900/30239]	Loss 3.2742 (3.6606)	Top 1 Accuracy 58.594 (52.750)	Top 5 Accuracy 69.688 (64.883)
Train Batch: [30000/30239]	Loss 3.6860 (3.6599)	Top 1 Accuracy 50.781 (52.753)	Top 5 Accuracy 65.469 (64.891)
Train Batch: [30100/30239]	Loss 3.9937 (3.6591)	Top 1 Accuracy 46.094 (52.759)	Top 5 Accuracy 60.625 (64.900)
Train Batch: [30200/30239]	Loss 3.3891 (3.6584)	Top 1 Accuracy 52.656 (52.763)	Top 5 Accuracy 65.938 (64.909)
Saved Model!
Train Batch: [0/30239]	Loss 3.4546 (3.4546)	Top 1 Accuracy 53.438 (53.438)	Top 5 Accuracy 70.000 (70.000)
Train Batch: [100/30239]	Loss 3.5427 (3.4196)	Top 1 Accuracy 53.125 (54.197)	Top 5 Accuracy 66.094 (67.501)
Train Batch: [200/30239]	Loss 3.3786 (3.4098)	Top 1 Accuracy 55.469 (54.410)	Top 5 Accuracy 70.000 (67.699)
Train Batch: [300/30239]	Loss 3.5177 (3.4154)	Top 1 Accuracy 55.625 (54.219)	Top 5 Accuracy 66.250 (67.512)
Train Batch: [400/30239]	Loss 2.7292 (3.4051)	Top 1 Accuracy 64.688 (54.362)	Top 5 Accuracy 75.781 (67.633)
Train Batch: [500/30239]	Loss 3.3759 (3.4237)	Top 1 Accuracy 52.188 (54.105)	Top 5 Accuracy 68.125 (67.433)
Train Batch: [600/30239]	Loss 3.6332 (3.4200)	Top 1 Accuracy 51.406 (54.139)	Top 5 Accuracy 64.219 (67.470)
Train Batch: [700/30239]	Loss 3.6751 (3.4265)	Top 1 Accuracy 53.125 (54.087)	Top 5 Accuracy 65.938 (67.382)
Train Batch: [800/30239]	Loss 3.2838 (3.4214)	Top 1 Accuracy 50.312 (54.106)	Top 5 Accuracy 65.938 (67.442)
Train Batch: [900/30239]	Loss 3.1384 (3.4243)	Top 1 Accuracy 60.625 (54.059)	Top 5 Accuracy 71.875 (67.398)
Train Batch: [1000/30239]	Loss 3.8451 (3.4206)	Top 1 Accuracy 49.062 (54.101)	Top 5 Accuracy 61.719 (67.449)
Train Batch: [1100/30239]	Loss 3.3080 (3.4213)	Top 1 Accuracy 55.938 (54.082)	Top 5 Accuracy 68.594 (67.453)
Train Batch: [1200/30239]	Loss 3.5714 (3.4162)	Top 1 Accuracy 53.906 (54.130)	Top 5 Accuracy 64.375 (67.502)
Train Batch: [1300/30239]	Loss 3.2194 (3.4141)	Top 1 Accuracy 56.875 (54.151)	Top 5 Accuracy 68.594 (67.528)
Train Batch: [1400/30239]	Loss 3.6018 (3.4086)	Top 1 Accuracy 52.188 (54.203)	Top 5 Accuracy 64.688 (67.598)
Train Batch: [1500/30239]	Loss 2.9747 (3.4106)	Top 1 Accuracy 59.219 (54.170)	Top 5 Accuracy 72.188 (67.584)
Train Batch: [1600/30239]	Loss 3.5121 (3.4068)	Top 1 Accuracy 54.844 (54.221)	Top 5 Accuracy 67.188 (67.627)
Train Batch: [1700/30239]	Loss 3.6005 (3.4092)	Top 1 Accuracy 50.312 (54.198)	Top 5 Accuracy 64.844 (67.601)
Train Batch: [1800/30239]	Loss 3.2666 (3.4101)	Top 1 Accuracy 58.125 (54.177)	Top 5 Accuracy 70.469 (67.584)
Train Batch: [1900/30239]	Loss 3.4381 (3.4121)	Top 1 Accuracy 53.281 (54.154)	Top 5 Accuracy 67.031 (67.566)
Train Batch: [2000/30239]	Loss 3.1278 (3.4113)	Top 1 Accuracy 57.656 (54.156)	Top 5 Accuracy 70.625 (67.573)
Train Batch: [2100/30239]	Loss 3.4648 (3.4107)	Top 1 Accuracy 56.094 (54.152)	Top 5 Accuracy 67.500 (67.578)
Train Batch: [2200/30239]	Loss 3.5923 (3.4090)	Top 1 Accuracy 54.844 (54.161)	Top 5 Accuracy 67.500 (67.591)
Train Batch: [2300/30239]	Loss 3.2167 (3.4094)	Top 1 Accuracy 56.875 (54.147)	Top 5 Accuracy 72.188 (67.588)
Train Batch: [2400/30239]	Loss 3.3609 (3.4091)	Top 1 Accuracy 52.031 (54.143)	Top 5 Accuracy 68.125 (67.595)
Train Batch: [2500/30239]	Loss 3.2517 (3.4094)	Top 1 Accuracy 55.781 (54.124)	Top 5 Accuracy 69.844 (67.590)
Train Batch: [2600/30239]	Loss 3.1907 (3.4082)	Top 1 Accuracy 57.969 (54.133)	Top 5 Accuracy 70.781 (67.597)
Train Batch: [2700/30239]	Loss 3.3995 (3.4064)	Top 1 Accuracy 55.469 (54.145)	Top 5 Accuracy 67.812 (67.619)
Train Batch: [2800/30239]	Loss 3.7407 (3.4048)	Top 1 Accuracy 48.750 (54.154)	Top 5 Accuracy 62.344 (67.631)
Train Batch: [2900/30239]	Loss 3.2552 (3.4054)	Top 1 Accuracy 55.000 (54.142)	Top 5 Accuracy 68.125 (67.621)
Train Batch: [3000/30239]	Loss 3.3807 (3.4043)	Top 1 Accuracy 53.438 (54.148)	Top 5 Accuracy 68.438 (67.634)
Train Batch: [3100/30239]	Loss 3.4944 (3.4051)	Top 1 Accuracy 53.281 (54.133)	Top 5 Accuracy 65.625 (67.630)
Train Batch: [3200/30239]	Loss 2.8957 (3.4043)	Top 1 Accuracy 60.469 (54.152)	Top 5 Accuracy 72.344 (67.643)
Train Batch: [3300/30239]	Loss 3.0771 (3.4021)	Top 1 Accuracy 58.594 (54.173)	Top 5 Accuracy 70.469 (67.668)
Train Batch: [3400/30239]	Loss 3.2669 (3.4022)	Top 1 Accuracy 57.656 (54.161)	Top 5 Accuracy 69.688 (67.661)
Train Batch: [3500/30239]	Loss 2.7497 (3.4028)	Top 1 Accuracy 61.719 (54.153)	Top 5 Accuracy 76.250 (67.655)
Train Batch: [3600/30239]	Loss 3.3487 (3.4019)	Top 1 Accuracy 57.656 (54.165)	Top 5 Accuracy 69.062 (67.664)
Train Batch: [3700/30239]	Loss 3.4963 (3.4024)	Top 1 Accuracy 55.312 (54.158)	Top 5 Accuracy 67.812 (67.656)
Train Batch: [3800/30239]	Loss 3.6191 (3.4019)	Top 1 Accuracy 48.906 (54.166)	Top 5 Accuracy 64.375 (67.661)
Train Batch: [3900/30239]	Loss 2.7119 (3.4010)	Top 1 Accuracy 63.594 (54.178)	Top 5 Accuracy 75.000 (67.674)
Train Batch: [4000/30239]	Loss 3.1761 (3.4008)	Top 1 Accuracy 56.875 (54.180)	Top 5 Accuracy 71.562 (67.675)
Train Batch: [4100/30239]	Loss 2.7664 (3.3993)	Top 1 Accuracy 59.844 (54.197)	Top 5 Accuracy 72.344 (67.692)
Train Batch: [4200/30239]	Loss 3.7839 (3.3991)	Top 1 Accuracy 48.125 (54.195)	Top 5 Accuracy 60.781 (67.690)
Train Batch: [4300/30239]	Loss 3.3889 (3.3980)	Top 1 Accuracy 53.594 (54.210)	Top 5 Accuracy 68.125 (67.701)
Train Batch: [4400/30239]	Loss 3.1727 (3.3974)	Top 1 Accuracy 56.250 (54.209)	Top 5 Accuracy 69.531 (67.708)
Train Batch: [4500/30239]	Loss 3.4454 (3.3964)	Top 1 Accuracy 53.594 (54.219)	Top 5 Accuracy 67.969 (67.718)
Train Batch: [4600/30239]	Loss 3.1902 (3.3960)	Top 1 Accuracy 58.125 (54.229)	Top 5 Accuracy 68.906 (67.729)
Train Batch: [4700/30239]	Loss 3.1725 (3.3959)	Top 1 Accuracy 54.062 (54.224)	Top 5 Accuracy 67.031 (67.726)
Train Batch: [4800/30239]	Loss 3.6394 (3.3966)	Top 1 Accuracy 51.719 (54.212)	Top 5 Accuracy 66.094 (67.718)
Train Batch: [4900/30239]	Loss 3.2726 (3.3948)	Top 1 Accuracy 55.625 (54.223)	Top 5 Accuracy 68.906 (67.733)
Train Batch: [5000/30239]	Loss 3.2991 (3.3938)	Top 1 Accuracy 55.625 (54.237)	Top 5 Accuracy 69.219 (67.749)
Train Batch: [5100/30239]	Loss 3.1330 (3.3934)	Top 1 Accuracy 55.781 (54.242)	Top 5 Accuracy 70.781 (67.753)
Train Batch: [5200/30239]	Loss 3.3507 (3.3940)	Top 1 Accuracy 55.781 (54.227)	Top 5 Accuracy 71.562 (67.747)
Train Batch: [5300/30239]	Loss 3.1977 (3.3931)	Top 1 Accuracy 54.688 (54.236)	Top 5 Accuracy 68.906 (67.758)
Train Batch: [5400/30239]	Loss 3.6499 (3.3937)	Top 1 Accuracy 50.781 (54.225)	Top 5 Accuracy 63.281 (67.753)
Train Batch: [5500/30239]	Loss 3.9654 (3.3932)	Top 1 Accuracy 49.219 (54.230)	Top 5 Accuracy 61.250 (67.760)
Train Batch: [5600/30239]	Loss 3.1876 (3.3923)	Top 1 Accuracy 59.844 (54.244)	Top 5 Accuracy 71.719 (67.772)
Train Batch: [5700/30239]	Loss 3.2589 (3.3921)	Top 1 Accuracy 54.844 (54.249)	Top 5 Accuracy 71.406 (67.775)
Train Batch: [5800/30239]	Loss 3.1207 (3.3913)	Top 1 Accuracy 56.406 (54.255)	Top 5 Accuracy 71.250 (67.785)
Train Batch: [5900/30239]	Loss 3.1608 (3.3909)	Top 1 Accuracy 56.875 (54.257)	Top 5 Accuracy 69.531 (67.787)
Train Batch: [6000/30239]	Loss 3.2518 (3.3910)	Top 1 Accuracy 56.562 (54.250)	Top 5 Accuracy 69.531 (67.785)
Train Batch: [6100/30239]	Loss 3.4933 (3.3904)	Top 1 Accuracy 47.656 (54.251)	Top 5 Accuracy 64.531 (67.791)
Train Batch: [6200/30239]	Loss 3.1908 (3.3898)	Top 1 Accuracy 56.719 (54.254)	Top 5 Accuracy 70.156 (67.799)
Train Batch: [6300/30239]	Loss 3.4883 (3.3899)	Top 1 Accuracy 52.500 (54.247)	Top 5 Accuracy 66.875 (67.800)
Train Batch: [6400/30239]	Loss 3.2493 (3.3896)	Top 1 Accuracy 58.125 (54.254)	Top 5 Accuracy 69.219 (67.806)
Train Batch: [6500/30239]	Loss 3.5519 (3.3890)	Top 1 Accuracy 48.281 (54.257)	Top 5 Accuracy 64.375 (67.813)
Train Batch: [6600/30239]	Loss 3.5919 (3.3884)	Top 1 Accuracy 50.938 (54.263)	Top 5 Accuracy 65.156 (67.820)
Train Batch: [6700/30239]	Loss 3.5242 (3.3890)	Top 1 Accuracy 51.406 (54.252)	Top 5 Accuracy 65.312 (67.815)
Train Batch: [6800/30239]	Loss 3.0008 (3.3887)	Top 1 Accuracy 59.688 (54.260)	Top 5 Accuracy 72.188 (67.823)
Train Batch: [6900/30239]	Loss 3.3582 (3.3887)	Top 1 Accuracy 55.000 (54.255)	Top 5 Accuracy 70.000 (67.825)
Train Batch: [7000/30239]	Loss 3.6520 (3.3881)	Top 1 Accuracy 49.062 (54.259)	Top 5 Accuracy 62.969 (67.830)
Train Batch: [7100/30239]	Loss 2.9818 (3.3877)	Top 1 Accuracy 57.969 (54.264)	Top 5 Accuracy 74.375 (67.834)
Train Batch: [7200/30239]	Loss 3.6675 (3.3877)	Top 1 Accuracy 54.688 (54.261)	Top 5 Accuracy 68.125 (67.834)
Train Batch: [7300/30239]	Loss 3.1055 (3.3875)	Top 1 Accuracy 57.656 (54.261)	Top 5 Accuracy 73.125 (67.836)
Train Batch: [7400/30239]	Loss 3.0576 (3.3869)	Top 1 Accuracy 62.031 (54.270)	Top 5 Accuracy 73.438 (67.843)
Train Batch: [7500/30239]	Loss 3.2112 (3.3864)	Top 1 Accuracy 55.469 (54.276)	Top 5 Accuracy 68.438 (67.847)
Train Batch: [7600/30239]	Loss 3.4962 (3.3858)	Top 1 Accuracy 54.375 (54.283)	Top 5 Accuracy 69.062 (67.853)
Train Batch: [7700/30239]	Loss 4.0767 (3.3855)	Top 1 Accuracy 44.375 (54.286)	Top 5 Accuracy 58.125 (67.858)
Train Batch: [7800/30239]	Loss 3.0735 (3.3853)	Top 1 Accuracy 60.000 (54.287)	Top 5 Accuracy 71.406 (67.859)
Train Batch: [7900/30239]	Loss 3.4520 (3.3849)	Top 1 Accuracy 52.969 (54.287)	Top 5 Accuracy 64.844 (67.863)
Train Batch: [8000/30239]	Loss 3.1575 (3.3849)	Top 1 Accuracy 58.750 (54.285)	Top 5 Accuracy 71.250 (67.863)
Train Batch: [8100/30239]	Loss 2.9138 (3.3845)	Top 1 Accuracy 60.625 (54.287)	Top 5 Accuracy 72.188 (67.868)
Train Batch: [8200/30239]	Loss 3.3470 (3.3839)	Top 1 Accuracy 53.281 (54.291)	Top 5 Accuracy 67.344 (67.873)
Train Batch: [8300/30239]	Loss 3.1139 (3.3842)	Top 1 Accuracy 57.188 (54.282)	Top 5 Accuracy 70.781 (67.866)
Train Batch: [8400/30239]	Loss 3.0797 (3.3833)	Top 1 Accuracy 58.125 (54.291)	Top 5 Accuracy 70.469 (67.878)
Train Batch: [8500/30239]	Loss 3.7648 (3.3825)	Top 1 Accuracy 48.750 (54.297)	Top 5 Accuracy 64.531 (67.885)
Train Batch: [8600/30239]	Loss 3.6030 (3.3824)	Top 1 Accuracy 50.469 (54.300)	Top 5 Accuracy 65.156 (67.890)
Train Batch: [8700/30239]	Loss 3.3095 (3.3824)	Top 1 Accuracy 58.750 (54.298)	Top 5 Accuracy 68.906 (67.891)
Train Batch: [8800/30239]	Loss 3.2094 (3.3816)	Top 1 Accuracy 59.219 (54.303)	Top 5 Accuracy 71.719 (67.901)
Train Batch: [8900/30239]	Loss 3.3123 (3.3813)	Top 1 Accuracy 55.781 (54.306)	Top 5 Accuracy 68.438 (67.905)
Train Batch: [9000/30239]	Loss 3.7403 (3.3810)	Top 1 Accuracy 52.500 (54.309)	Top 5 Accuracy 66.250 (67.910)
Train Batch: [9100/30239]	Loss 4.1136 (3.3807)	Top 1 Accuracy 45.625 (54.311)	Top 5 Accuracy 58.594 (67.914)
Train Batch: [9200/30239]	Loss 3.3609 (3.3804)	Top 1 Accuracy 54.688 (54.312)	Top 5 Accuracy 70.312 (67.919)
Train Batch: [9300/30239]	Loss 3.7691 (3.3797)	Top 1 Accuracy 48.125 (54.317)	Top 5 Accuracy 61.719 (67.927)
Train Batch: [9400/30239]	Loss 3.3295 (3.3794)	Top 1 Accuracy 55.625 (54.321)	Top 5 Accuracy 68.594 (67.931)
Train Batch: [9500/30239]	Loss 4.0997 (3.3788)	Top 1 Accuracy 45.312 (54.324)	Top 5 Accuracy 58.594 (67.937)
Train Batch: [9600/30239]	Loss 3.2421 (3.3782)	Top 1 Accuracy 54.531 (54.327)	Top 5 Accuracy 67.656 (67.945)
Train Batch: [9700/30239]	Loss 3.4720 (3.3782)	Top 1 Accuracy 51.406 (54.324)	Top 5 Accuracy 66.406 (67.944)
Train Batch: [9800/30239]	Loss 3.0233 (3.3776)	Top 1 Accuracy 60.469 (54.330)	Top 5 Accuracy 73.906 (67.952)
Train Batch: [9900/30239]	Loss 3.6979 (3.3780)	Top 1 Accuracy 48.438 (54.324)	Top 5 Accuracy 64.375 (67.945)
Train Batch: [10000/30239]	Loss 3.3623 (3.3780)	Top 1 Accuracy 56.875 (54.323)	Top 5 Accuracy 69.219 (67.946)
Train Batch: [10100/30239]	Loss 3.7592 (3.3769)	Top 1 Accuracy 49.531 (54.334)	Top 5 Accuracy 64.688 (67.958)
Train Batch: [10200/30239]	Loss 3.1262 (3.3767)	Top 1 Accuracy 59.844 (54.332)	Top 5 Accuracy 71.875 (67.958)
Train Batch: [10300/30239]	Loss 3.5927 (3.3771)	Top 1 Accuracy 51.250 (54.325)	Top 5 Accuracy 65.156 (67.955)
Train Batch: [10400/30239]	Loss 3.3310 (3.3769)	Top 1 Accuracy 56.250 (54.323)	Top 5 Accuracy 68.438 (67.958)
Train Batch: [10500/30239]	Loss 3.2172 (3.3766)	Top 1 Accuracy 52.656 (54.325)	Top 5 Accuracy 69.375 (67.961)
Train Batch: [10600/30239]	Loss 3.1913 (3.3762)	Top 1 Accuracy 57.812 (54.329)	Top 5 Accuracy 71.719 (67.966)
Train Batch: [10700/30239]	Loss 3.2634 (3.3762)	Top 1 Accuracy 54.531 (54.324)	Top 5 Accuracy 70.000 (67.966)
Train Batch: [10800/30239]	Loss 3.2103 (3.3757)	Top 1 Accuracy 57.188 (54.326)	Top 5 Accuracy 69.531 (67.973)
Train Batch: [10900/30239]	Loss 3.4533 (3.3757)	Top 1 Accuracy 52.969 (54.324)	Top 5 Accuracy 67.188 (67.973)
Train Batch: [11000/30239]	Loss 3.4192 (3.3751)	Top 1 Accuracy 52.812 (54.327)	Top 5 Accuracy 66.875 (67.979)
Train Batch: [11100/30239]	Loss 3.3438 (3.3746)	Top 1 Accuracy 56.719 (54.331)	Top 5 Accuracy 70.156 (67.986)
Train Batch: [11200/30239]	Loss 2.6213 (3.3749)	Top 1 Accuracy 66.562 (54.325)	Top 5 Accuracy 77.656 (67.984)
Train Batch: [11300/30239]	Loss 2.7098 (3.3738)	Top 1 Accuracy 62.188 (54.337)	Top 5 Accuracy 73.125 (67.996)
Train Batch: [11400/30239]	Loss 3.2218 (3.3735)	Top 1 Accuracy 56.875 (54.338)	Top 5 Accuracy 70.312 (68.001)
Train Batch: [11500/30239]	Loss 3.1545 (3.3733)	Top 1 Accuracy 56.875 (54.339)	Top 5 Accuracy 68.281 (68.003)
Train Batch: [11600/30239]	Loss 3.1050 (3.3733)	Top 1 Accuracy 56.406 (54.338)	Top 5 Accuracy 69.219 (68.005)
Train Batch: [11700/30239]	Loss 3.4186 (3.3728)	Top 1 Accuracy 52.500 (54.342)	Top 5 Accuracy 66.562 (68.010)
Train Batch: [11800/30239]	Loss 3.7603 (3.3723)	Top 1 Accuracy 50.156 (54.345)	Top 5 Accuracy 62.969 (68.015)
Train Batch: [11900/30239]	Loss 3.1273 (3.3725)	Top 1 Accuracy 56.719 (54.343)	Top 5 Accuracy 69.688 (68.013)
Train Batch: [12000/30239]	Loss 3.2163 (3.3718)	Top 1 Accuracy 54.688 (54.349)	Top 5 Accuracy 70.000 (68.021)
Train Batch: [12100/30239]	Loss 2.9361 (3.3716)	Top 1 Accuracy 63.281 (54.350)	Top 5 Accuracy 74.219 (68.024)
Train Batch: [12200/30239]	Loss 2.8883 (3.3715)	Top 1 Accuracy 58.906 (54.349)	Top 5 Accuracy 73.281 (68.023)
Train Batch: [12300/30239]	Loss 2.6635 (3.3712)	Top 1 Accuracy 66.875 (54.349)	Top 5 Accuracy 77.344 (68.024)
Train Batch: [12400/30239]	Loss 4.0007 (3.3709)	Top 1 Accuracy 47.031 (54.351)	Top 5 Accuracy 60.156 (68.027)
Train Batch: [12500/30239]	Loss 3.1876 (3.3706)	Top 1 Accuracy 55.625 (54.351)	Top 5 Accuracy 68.438 (68.030)
Train Batch: [12600/30239]	Loss 3.4214 (3.3707)	Top 1 Accuracy 52.188 (54.347)	Top 5 Accuracy 67.344 (68.029)
Train Batch: [12700/30239]	Loss 3.3948 (3.3707)	Top 1 Accuracy 54.219 (54.343)	Top 5 Accuracy 67.031 (68.027)
Train Batch: [12800/30239]	Loss 2.9627 (3.3707)	Top 1 Accuracy 62.656 (54.343)	Top 5 Accuracy 74.688 (68.028)
Train Batch: [12900/30239]	Loss 4.0595 (3.3704)	Top 1 Accuracy 45.156 (54.346)	Top 5 Accuracy 60.000 (68.032)
Train Batch: [13000/30239]	Loss 3.1793 (3.3702)	Top 1 Accuracy 56.250 (54.348)	Top 5 Accuracy 69.531 (68.035)
Train Batch: [13100/30239]	Loss 3.6508 (3.3698)	Top 1 Accuracy 50.312 (54.349)	Top 5 Accuracy 65.625 (68.038)
Train Batch: [13200/30239]	Loss 3.1616 (3.3692)	Top 1 Accuracy 57.500 (54.354)	Top 5 Accuracy 69.375 (68.043)
Train Batch: [13300/30239]	Loss 3.5789 (3.3689)	Top 1 Accuracy 51.406 (54.355)	Top 5 Accuracy 64.219 (68.048)
Train Batch: [13400/30239]	Loss 3.9427 (3.3689)	Top 1 Accuracy 42.188 (54.351)	Top 5 Accuracy 60.156 (68.047)
Train Batch: [13500/30239]	Loss 3.2987 (3.3691)	Top 1 Accuracy 54.844 (54.345)	Top 5 Accuracy 68.125 (68.045)
Train Batch: [13600/30239]	Loss 3.1858 (3.3690)	Top 1 Accuracy 56.406 (54.345)	Top 5 Accuracy 70.156 (68.046)
Train Batch: [13700/30239]	Loss 2.6225 (3.3691)	Top 1 Accuracy 65.156 (54.342)	Top 5 Accuracy 78.125 (68.044)
Train Batch: [13800/30239]	Loss 3.2567 (3.3687)	Top 1 Accuracy 56.406 (54.344)	Top 5 Accuracy 69.062 (68.049)
Train Batch: [13900/30239]	Loss 3.2330 (3.3686)	Top 1 Accuracy 57.812 (54.343)	Top 5 Accuracy 69.531 (68.051)
Train Batch: [14000/30239]	Loss 3.1118 (3.3690)	Top 1 Accuracy 56.719 (54.336)	Top 5 Accuracy 70.000 (68.046)
Train Batch: [14100/30239]	Loss 2.9131 (3.3688)	Top 1 Accuracy 60.312 (54.337)	Top 5 Accuracy 74.688 (68.047)
Train Batch: [14200/30239]	Loss 3.5029 (3.3685)	Top 1 Accuracy 52.812 (54.339)	Top 5 Accuracy 67.344 (68.050)
Train Batch: [14300/30239]	Loss 3.2849 (3.3684)	Top 1 Accuracy 55.781 (54.339)	Top 5 Accuracy 69.688 (68.051)
Train Batch: [14400/30239]	Loss 3.7133 (3.3684)	Top 1 Accuracy 47.969 (54.335)	Top 5 Accuracy 64.688 (68.051)
Train Batch: [14500/30239]	Loss 3.3372 (3.3683)	Top 1 Accuracy 54.688 (54.336)	Top 5 Accuracy 70.000 (68.053)
Train Batch: [14600/30239]	Loss 3.4321 (3.3682)	Top 1 Accuracy 52.656 (54.337)	Top 5 Accuracy 65.312 (68.054)
Train Batch: [14700/30239]	Loss 2.7391 (3.3678)	Top 1 Accuracy 63.125 (54.341)	Top 5 Accuracy 76.719 (68.060)
Train Batch: [14800/30239]	Loss 2.7415 (3.3676)	Top 1 Accuracy 60.625 (54.341)	Top 5 Accuracy 75.938 (68.062)
Train Batch: [14900/30239]	Loss 3.2282 (3.3679)	Top 1 Accuracy 55.000 (54.337)	Top 5 Accuracy 69.375 (68.060)
Train Batch: [15000/30239]	Loss 3.0450 (3.3675)	Top 1 Accuracy 55.156 (54.336)	Top 5 Accuracy 70.312 (68.063)
Train Batch: [15100/30239]	Loss 3.1333 (3.3672)	Top 1 Accuracy 58.125 (54.339)	Top 5 Accuracy 70.781 (68.068)
Train Batch: [15200/30239]	Loss 3.5616 (3.3668)	Top 1 Accuracy 52.344 (54.342)	Top 5 Accuracy 65.156 (68.072)
Train Batch: [15300/30239]	Loss 4.0658 (3.3666)	Top 1 Accuracy 46.406 (54.343)	Top 5 Accuracy 61.562 (68.076)
Train Batch: [15400/30239]	Loss 2.9322 (3.3665)	Top 1 Accuracy 60.312 (54.341)	Top 5 Accuracy 73.594 (68.077)
Train Batch: [15500/30239]	Loss 3.4880 (3.3664)	Top 1 Accuracy 51.719 (54.339)	Top 5 Accuracy 66.094 (68.079)
Train Batch: [15600/30239]	Loss 2.9614 (3.3660)	Top 1 Accuracy 58.438 (54.342)	Top 5 Accuracy 73.125 (68.083)
Train Batch: [15700/30239]	Loss 3.3190 (3.3658)	Top 1 Accuracy 54.688 (54.342)	Top 5 Accuracy 67.812 (68.085)
Train Batch: [15800/30239]	Loss 3.2551 (3.3655)	Top 1 Accuracy 53.906 (54.346)	Top 5 Accuracy 68.438 (68.089)
Train Batch: [15900/30239]	Loss 3.0162 (3.3656)	Top 1 Accuracy 60.312 (54.343)	Top 5 Accuracy 74.062 (68.088)
Train Batch: [16000/30239]	Loss 3.2442 (3.3657)	Top 1 Accuracy 54.219 (54.339)	Top 5 Accuracy 70.156 (68.087)
Train Batch: [16100/30239]	Loss 3.3980 (3.3654)	Top 1 Accuracy 52.969 (54.339)	Top 5 Accuracy 67.969 (68.089)
Train Batch: [16200/30239]	Loss 3.0056 (3.3654)	Top 1 Accuracy 57.344 (54.339)	Top 5 Accuracy 71.719 (68.091)
Train Batch: [16300/30239]	Loss 3.2632 (3.3653)	Top 1 Accuracy 56.719 (54.338)	Top 5 Accuracy 68.750 (68.093)
Train Batch: [16400/30239]	Loss 3.2744 (3.3650)	Top 1 Accuracy 53.750 (54.341)	Top 5 Accuracy 68.594 (68.097)
Train Batch: [16500/30239]	Loss 2.7742 (3.3647)	Top 1 Accuracy 59.844 (54.344)	Top 5 Accuracy 74.531 (68.102)
Train Batch: [16600/30239]	Loss 3.2945 (3.3644)	Top 1 Accuracy 54.531 (54.345)	Top 5 Accuracy 69.844 (68.105)
Train Batch: [16700/30239]	Loss 3.0415 (3.3644)	Top 1 Accuracy 63.594 (54.345)	Top 5 Accuracy 72.656 (68.104)
Train Batch: [16800/30239]	Loss 3.3106 (3.3639)	Top 1 Accuracy 54.531 (54.350)	Top 5 Accuracy 68.438 (68.109)
Train Batch: [16900/30239]	Loss 3.3419 (3.3637)	Top 1 Accuracy 55.156 (54.348)	Top 5 Accuracy 70.000 (68.110)
Train Batch: [17000/30239]	Loss 3.3353 (3.3633)	Top 1 Accuracy 54.062 (54.351)	Top 5 Accuracy 68.594 (68.114)
Train Batch: [17100/30239]	Loss 3.5090 (3.3630)	Top 1 Accuracy 53.750 (54.353)	Top 5 Accuracy 65.312 (68.117)
Train Batch: [17200/30239]	Loss 3.2554 (3.3626)	Top 1 Accuracy 53.594 (54.356)	Top 5 Accuracy 67.344 (68.121)
Train Batch: [17300/30239]	Loss 3.4018 (3.3620)	Top 1 Accuracy 52.969 (54.361)	Top 5 Accuracy 67.500 (68.127)
Train Batch: [17400/30239]	Loss 2.7026 (3.3618)	Top 1 Accuracy 64.375 (54.360)	Top 5 Accuracy 76.562 (68.127)
Train Batch: [17500/30239]	Loss 3.3826 (3.3615)	Top 1 Accuracy 53.906 (54.361)	Top 5 Accuracy 67.656 (68.129)
Train Batch: [17600/30239]	Loss 2.9504 (3.3612)	Top 1 Accuracy 60.000 (54.364)	Top 5 Accuracy 72.188 (68.132)
Train Batch: [17700/30239]	Loss 3.6086 (3.3611)	Top 1 Accuracy 50.938 (54.363)	Top 5 Accuracy 63.281 (68.133)
Train Batch: [17800/30239]	Loss 3.4049 (3.3611)	Top 1 Accuracy 50.469 (54.362)	Top 5 Accuracy 67.188 (68.133)
Train Batch: [17900/30239]	Loss 2.7737 (3.3608)	Top 1 Accuracy 62.500 (54.365)	Top 5 Accuracy 75.469 (68.136)
Train Batch: [18000/30239]	Loss 3.2221 (3.3608)	Top 1 Accuracy 55.781 (54.361)	Top 5 Accuracy 68.906 (68.136)
Train Batch: [18100/30239]	Loss 2.9824 (3.3607)	Top 1 Accuracy 59.375 (54.361)	Top 5 Accuracy 71.562 (68.138)
Train Batch: [18200/30239]	Loss 3.4837 (3.3599)	Top 1 Accuracy 49.062 (54.369)	Top 5 Accuracy 65.469 (68.147)
Train Batch: [18300/30239]	Loss 3.3629 (3.3595)	Top 1 Accuracy 56.406 (54.373)	Top 5 Accuracy 68.125 (68.151)
Train Batch: [18400/30239]	Loss 3.2682 (3.3593)	Top 1 Accuracy 52.656 (54.372)	Top 5 Accuracy 69.844 (68.152)
Train Batch: [18500/30239]	Loss 3.1873 (3.3590)	Top 1 Accuracy 54.688 (54.376)	Top 5 Accuracy 70.938 (68.157)
Train Batch: [18600/30239]	Loss 3.4223 (3.3586)	Top 1 Accuracy 52.969 (54.379)	Top 5 Accuracy 67.812 (68.161)
Train Batch: [18700/30239]	Loss 3.2606 (3.3583)	Top 1 Accuracy 54.062 (54.382)	Top 5 Accuracy 67.656 (68.165)
Train Batch: [18800/30239]	Loss 2.8595 (3.3581)	Top 1 Accuracy 61.562 (54.383)	Top 5 Accuracy 74.375 (68.166)
Train Batch: [18900/30239]	Loss 3.2399 (3.3582)	Top 1 Accuracy 55.312 (54.378)	Top 5 Accuracy 67.500 (68.165)
Train Batch: [19000/30239]	Loss 3.3427 (3.3578)	Top 1 Accuracy 53.281 (54.381)	Top 5 Accuracy 67.812 (68.169)
Train Batch: [19100/30239]	Loss 3.3551 (3.3577)	Top 1 Accuracy 54.844 (54.380)	Top 5 Accuracy 67.656 (68.172)
Train Batch: [19200/30239]	Loss 3.2901 (3.3570)	Top 1 Accuracy 52.969 (54.385)	Top 5 Accuracy 65.469 (68.179)
Train Batch: [19300/30239]	Loss 3.3157 (3.3569)	Top 1 Accuracy 50.781 (54.384)	Top 5 Accuracy 68.438 (68.179)
Train Batch: [19400/30239]	Loss 3.6643 (3.3566)	Top 1 Accuracy 51.875 (54.388)	Top 5 Accuracy 66.250 (68.184)
Train Batch: [19500/30239]	Loss 3.5354 (3.3564)	Top 1 Accuracy 50.312 (54.389)	Top 5 Accuracy 66.875 (68.187)
Train Batch: [19600/30239]	Loss 2.6807 (3.3559)	Top 1 Accuracy 61.562 (54.391)	Top 5 Accuracy 74.531 (68.191)
Train Batch: [19700/30239]	Loss 3.8271 (3.3554)	Top 1 Accuracy 47.969 (54.397)	Top 5 Accuracy 61.562 (68.196)
Train Batch: [19800/30239]	Loss 2.8950 (3.3553)	Top 1 Accuracy 61.406 (54.397)	Top 5 Accuracy 74.219 (68.198)
Train Batch: [19900/30239]	Loss 2.4632 (3.3551)	Top 1 Accuracy 64.688 (54.397)	Top 5 Accuracy 77.188 (68.199)
Train Batch: [20000/30239]	Loss 3.7117 (3.3551)	Top 1 Accuracy 49.219 (54.394)	Top 5 Accuracy 65.469 (68.199)
Train Batch: [20100/30239]	Loss 3.7212 (3.3551)	Top 1 Accuracy 48.438 (54.393)	Top 5 Accuracy 63.438 (68.199)
Train Batch: [20200/30239]	Loss 3.0854 (3.3549)	Top 1 Accuracy 57.500 (54.395)	Top 5 Accuracy 72.031 (68.203)
Train Batch: [20300/30239]	Loss 3.3431 (3.3546)	Top 1 Accuracy 54.375 (54.395)	Top 5 Accuracy 70.938 (68.206)
Train Batch: [20400/30239]	Loss 3.7998 (3.3544)	Top 1 Accuracy 47.500 (54.395)	Top 5 Accuracy 64.688 (68.208)
Train Batch: [20500/30239]	Loss 3.1100 (3.3542)	Top 1 Accuracy 56.719 (54.395)	Top 5 Accuracy 70.312 (68.210)
Train Batch: [20600/30239]	Loss 3.3190 (3.3541)	Top 1 Accuracy 55.469 (54.394)	Top 5 Accuracy 68.750 (68.211)
Train Batch: [20700/30239]	Loss 2.7885 (3.3538)	Top 1 Accuracy 60.312 (54.395)	Top 5 Accuracy 75.000 (68.213)
Train Batch: [20800/30239]	Loss 3.4897 (3.3537)	Top 1 Accuracy 50.938 (54.395)	Top 5 Accuracy 67.031 (68.215)
Train Batch: [20900/30239]	Loss 3.3253 (3.3535)	Top 1 Accuracy 57.031 (54.395)	Top 5 Accuracy 69.219 (68.217)
Train Batch: [21000/30239]	Loss 3.2237 (3.3531)	Top 1 Accuracy 54.375 (54.398)	Top 5 Accuracy 69.219 (68.222)
Train Batch: [21100/30239]	Loss 3.4847 (3.3531)	Top 1 Accuracy 51.406 (54.395)	Top 5 Accuracy 66.875 (68.222)
Train Batch: [21200/30239]	Loss 3.0208 (3.3530)	Top 1 Accuracy 57.188 (54.397)	Top 5 Accuracy 71.562 (68.225)
Train Batch: [21300/30239]	Loss 3.2147 (3.3526)	Top 1 Accuracy 55.625 (54.399)	Top 5 Accuracy 70.625 (68.229)
Train Batch: [21400/30239]	Loss 3.0001 (3.3521)	Top 1 Accuracy 57.812 (54.401)	Top 5 Accuracy 72.031 (68.234)
Train Batch: [21500/30239]	Loss 3.1580 (3.3520)	Top 1 Accuracy 57.812 (54.400)	Top 5 Accuracy 71.562 (68.236)
Train Batch: [21600/30239]	Loss 2.7582 (3.3516)	Top 1 Accuracy 64.844 (54.403)	Top 5 Accuracy 77.969 (68.240)
Train Batch: [21700/30239]	Loss 3.7352 (3.3515)	Top 1 Accuracy 51.250 (54.402)	Top 5 Accuracy 67.344 (68.241)
Train Batch: [21800/30239]	Loss 3.6186 (3.3513)	Top 1 Accuracy 52.656 (54.403)	Top 5 Accuracy 63.750 (68.243)
Train Batch: [21900/30239]	Loss 2.9880 (3.3511)	Top 1 Accuracy 57.188 (54.405)	Top 5 Accuracy 71.406 (68.247)
Train Batch: [22000/30239]	Loss 3.3318 (3.3508)	Top 1 Accuracy 51.875 (54.407)	Top 5 Accuracy 68.125 (68.249)
Train Batch: [22100/30239]	Loss 3.6543 (3.3504)	Top 1 Accuracy 51.562 (54.410)	Top 5 Accuracy 67.812 (68.254)
Train Batch: [22200/30239]	Loss 3.5235 (3.3503)	Top 1 Accuracy 50.781 (54.409)	Top 5 Accuracy 65.781 (68.255)
Train Batch: [22300/30239]	Loss 3.3872 (3.3501)	Top 1 Accuracy 54.844 (54.409)	Top 5 Accuracy 68.281 (68.257)
Train Batch: [22400/30239]	Loss 3.1341 (3.3496)	Top 1 Accuracy 58.750 (54.413)	Top 5 Accuracy 71.719 (68.262)
Train Batch: [22500/30239]	Loss 3.3927 (3.3493)	Top 1 Accuracy 52.500 (54.414)	Top 5 Accuracy 68.750 (68.266)
Train Batch: [22600/30239]	Loss 3.5831 (3.3490)	Top 1 Accuracy 48.438 (54.416)	Top 5 Accuracy 62.812 (68.270)
Train Batch: [22700/30239]	Loss 3.1788 (3.3487)	Top 1 Accuracy 56.094 (54.420)	Top 5 Accuracy 71.250 (68.274)
Train Batch: [22800/30239]	Loss 3.3824 (3.3486)	Top 1 Accuracy 55.000 (54.418)	Top 5 Accuracy 69.688 (68.274)
Train Batch: [22900/30239]	Loss 3.1779 (3.3483)	Top 1 Accuracy 57.656 (54.419)	Top 5 Accuracy 72.188 (68.277)
Train Batch: [23000/30239]	Loss 3.1430 (3.3481)	Top 1 Accuracy 53.750 (54.420)	Top 5 Accuracy 67.500 (68.279)
Train Batch: [23100/30239]	Loss 3.5004 (3.3479)	Top 1 Accuracy 50.781 (54.419)	Top 5 Accuracy 65.156 (68.280)
Train Batch: [23200/30239]	Loss 3.3584 (3.3477)	Top 1 Accuracy 53.906 (54.421)	Top 5 Accuracy 70.156 (68.284)
Train Batch: [23300/30239]	Loss 3.5453 (3.3474)	Top 1 Accuracy 50.469 (54.423)	Top 5 Accuracy 64.531 (68.286)
Train Batch: [23400/30239]	Loss 3.1148 (3.3472)	Top 1 Accuracy 55.781 (54.423)	Top 5 Accuracy 69.531 (68.287)
Train Batch: [23500/30239]	Loss 3.5649 (3.3470)	Top 1 Accuracy 51.406 (54.425)	Top 5 Accuracy 63.750 (68.289)
Train Batch: [23600/30239]	Loss 3.2433 (3.3470)	Top 1 Accuracy 56.094 (54.422)	Top 5 Accuracy 69.375 (68.289)
Train Batch: [23700/30239]	Loss 3.3441 (3.3467)	Top 1 Accuracy 53.281 (54.424)	Top 5 Accuracy 67.500 (68.292)
Train Batch: [23800/30239]	Loss 3.3207 (3.3464)	Top 1 Accuracy 55.156 (54.427)	Top 5 Accuracy 70.312 (68.296)
Train Batch: [23900/30239]	Loss 3.3255 (3.3462)	Top 1 Accuracy 58.750 (54.430)	Top 5 Accuracy 69.062 (68.298)
Train Batch: [24000/30239]	Loss 3.6531 (3.3460)	Top 1 Accuracy 49.375 (54.432)	Top 5 Accuracy 63.438 (68.302)
Train Batch: [24100/30239]	Loss 3.2778 (3.3457)	Top 1 Accuracy 56.875 (54.432)	Top 5 Accuracy 70.312 (68.304)
Train Batch: [24200/30239]	Loss 3.0983 (3.3456)	Top 1 Accuracy 55.469 (54.432)	Top 5 Accuracy 72.031 (68.305)
Train Batch: [24300/30239]	Loss 2.9918 (3.3454)	Top 1 Accuracy 59.531 (54.434)	Top 5 Accuracy 72.344 (68.308)
Train Batch: [24400/30239]	Loss 3.3606 (3.3452)	Top 1 Accuracy 55.312 (54.432)	Top 5 Accuracy 68.906 (68.310)
Train Batch: [24500/30239]	Loss 3.6614 (3.3451)	Top 1 Accuracy 50.312 (54.432)	Top 5 Accuracy 66.250 (68.311)
Train Batch: [24600/30239]	Loss 2.6913 (3.3448)	Top 1 Accuracy 62.969 (54.435)	Top 5 Accuracy 76.250 (68.315)
Train Batch: [24700/30239]	Loss 3.4717 (3.3447)	Top 1 Accuracy 52.500 (54.435)	Top 5 Accuracy 68.750 (68.316)
Train Batch: [24800/30239]	Loss 3.1143 (3.3442)	Top 1 Accuracy 57.656 (54.439)	Top 5 Accuracy 71.406 (68.322)
Train Batch: [24900/30239]	Loss 3.1708 (3.3438)	Top 1 Accuracy 56.406 (54.440)	Top 5 Accuracy 71.250 (68.326)
Train Batch: [25000/30239]	Loss 3.0425 (3.3435)	Top 1 Accuracy 59.844 (54.443)	Top 5 Accuracy 73.750 (68.329)
Train Batch: [25100/30239]	Loss 2.8652 (3.3434)	Top 1 Accuracy 59.062 (54.442)	Top 5 Accuracy 73.125 (68.330)
Train Batch: [25200/30239]	Loss 2.8073 (3.3432)	Top 1 Accuracy 61.875 (54.441)	Top 5 Accuracy 75.156 (68.331)
Train Batch: [25300/30239]	Loss 3.1516 (3.3430)	Top 1 Accuracy 54.688 (54.442)	Top 5 Accuracy 70.625 (68.333)
Train Batch: [25400/30239]	Loss 3.2362 (3.3428)	Top 1 Accuracy 54.375 (54.443)	Top 5 Accuracy 68.125 (68.336)
Train Batch: [25500/30239]	Loss 3.0176 (3.3426)	Top 1 Accuracy 58.594 (54.444)	Top 5 Accuracy 72.344 (68.337)
Train Batch: [25600/30239]	Loss 3.4024 (3.3423)	Top 1 Accuracy 52.812 (54.446)	Top 5 Accuracy 66.875 (68.340)
Train Batch: [25700/30239]	Loss 2.8864 (3.3421)	Top 1 Accuracy 58.750 (54.445)	Top 5 Accuracy 73.438 (68.342)
Train Batch: [25800/30239]	Loss 2.8093 (3.3421)	Top 1 Accuracy 61.406 (54.444)	Top 5 Accuracy 74.531 (68.343)
Train Batch: [25900/30239]	Loss 3.3304 (3.3420)	Top 1 Accuracy 54.062 (54.443)	Top 5 Accuracy 68.594 (68.344)
Train Batch: [26000/30239]	Loss 3.1404 (3.3417)	Top 1 Accuracy 55.938 (54.445)	Top 5 Accuracy 70.156 (68.348)
Train Batch: [26100/30239]	Loss 3.6677 (3.3413)	Top 1 Accuracy 50.625 (54.445)	Top 5 Accuracy 64.062 (68.350)
Train Batch: [26200/30239]	Loss 3.1437 (3.3410)	Top 1 Accuracy 58.750 (54.448)	Top 5 Accuracy 72.188 (68.354)
Train Batch: [26300/30239]	Loss 4.0167 (3.3409)	Top 1 Accuracy 43.906 (54.448)	Top 5 Accuracy 61.094 (68.355)
Train Batch: [26400/30239]	Loss 3.3560 (3.3407)	Top 1 Accuracy 52.344 (54.448)	Top 5 Accuracy 67.031 (68.358)
Train Batch: [26500/30239]	Loss 3.5002 (3.3405)	Top 1 Accuracy 52.031 (54.448)	Top 5 Accuracy 64.844 (68.359)
Train Batch: [26600/30239]	Loss 3.0625 (3.3401)	Top 1 Accuracy 54.844 (54.451)	Top 5 Accuracy 69.375 (68.363)
Train Batch: [26700/30239]	Loss 3.7495 (3.3399)	Top 1 Accuracy 47.344 (54.452)	Top 5 Accuracy 63.594 (68.365)
Train Batch: [26800/30239]	Loss 3.4079 (3.3395)	Top 1 Accuracy 51.719 (54.454)	Top 5 Accuracy 66.406 (68.370)
Train Batch: [26900/30239]	Loss 3.3533 (3.3392)	Top 1 Accuracy 57.500 (54.456)	Top 5 Accuracy 70.938 (68.373)
Train Batch: [27000/30239]	Loss 3.0582 (3.3387)	Top 1 Accuracy 57.031 (54.460)	Top 5 Accuracy 72.812 (68.378)
Train Batch: [27100/30239]	Loss 2.7508 (3.3385)	Top 1 Accuracy 60.156 (54.461)	Top 5 Accuracy 77.344 (68.380)
Train Batch: [27200/30239]	Loss 3.0525 (3.3384)	Top 1 Accuracy 60.469 (54.459)	Top 5 Accuracy 73.750 (68.380)
Train Batch: [27300/30239]	Loss 3.0726 (3.3381)	Top 1 Accuracy 55.938 (54.461)	Top 5 Accuracy 69.062 (68.383)
Train Batch: [27400/30239]	Loss 3.6483 (3.3378)	Top 1 Accuracy 50.781 (54.463)	Top 5 Accuracy 65.156 (68.388)
Train Batch: [27500/30239]	Loss 3.3605 (3.3373)	Top 1 Accuracy 55.000 (54.467)	Top 5 Accuracy 69.688 (68.393)
Train Batch: [27600/30239]	Loss 3.3750 (3.3373)	Top 1 Accuracy 53.906 (54.465)	Top 5 Accuracy 69.219 (68.393)
Train Batch: [27700/30239]	Loss 3.6587 (3.3370)	Top 1 Accuracy 47.969 (54.467)	Top 5 Accuracy 64.062 (68.397)
Train Batch: [27800/30239]	Loss 3.2553 (3.3368)	Top 1 Accuracy 54.688 (54.465)	Top 5 Accuracy 68.750 (68.398)
Train Batch: [27900/30239]	Loss 3.1379 (3.3366)	Top 1 Accuracy 54.531 (54.467)	Top 5 Accuracy 68.906 (68.401)
Train Batch: [28000/30239]	Loss 3.1151 (3.3365)	Top 1 Accuracy 58.594 (54.467)	Top 5 Accuracy 72.344 (68.402)
Train Batch: [28100/30239]	Loss 2.9576 (3.3362)	Top 1 Accuracy 58.594 (54.469)	Top 5 Accuracy 71.875 (68.405)
Train Batch: [28200/30239]	Loss 4.1742 (3.3360)	Top 1 Accuracy 40.469 (54.470)	Top 5 Accuracy 57.812 (68.407)
Train Batch: [28300/30239]	Loss 3.3598 (3.3359)	Top 1 Accuracy 57.188 (54.470)	Top 5 Accuracy 69.375 (68.408)
Train Batch: [28400/30239]	Loss 3.1386 (3.3357)	Top 1 Accuracy 56.094 (54.470)	Top 5 Accuracy 72.188 (68.411)
Train Batch: [28500/30239]	Loss 2.9640 (3.3354)	Top 1 Accuracy 59.219 (54.472)	Top 5 Accuracy 74.844 (68.414)
Train Batch: [28600/30239]	Loss 2.9361 (3.3352)	Top 1 Accuracy 59.375 (54.473)	Top 5 Accuracy 71.719 (68.416)
Train Batch: [28700/30239]	Loss 3.2567 (3.3348)	Top 1 Accuracy 55.781 (54.476)	Top 5 Accuracy 70.938 (68.419)
Train Batch: [28800/30239]	Loss 2.8986 (3.3344)	Top 1 Accuracy 58.906 (54.479)	Top 5 Accuracy 73.281 (68.423)
Train Batch: [28900/30239]	Loss 3.0497 (3.3342)	Top 1 Accuracy 60.781 (54.480)	Top 5 Accuracy 72.500 (68.426)
Train Batch: [29000/30239]	Loss 3.3639 (3.3339)	Top 1 Accuracy 49.062 (54.481)	Top 5 Accuracy 67.656 (68.429)
Train Batch: [29100/30239]	Loss 3.5372 (3.3336)	Top 1 Accuracy 49.375 (54.484)	Top 5 Accuracy 64.062 (68.432)
Train Batch: [29200/30239]	Loss 3.2460 (3.3334)	Top 1 Accuracy 53.125 (54.484)	Top 5 Accuracy 70.625 (68.434)
Train Batch: [29300/30239]	Loss 3.4167 (3.3331)	Top 1 Accuracy 51.719 (54.486)	Top 5 Accuracy 65.469 (68.436)
Train Batch: [29400/30239]	Loss 2.9294 (3.3327)	Top 1 Accuracy 59.531 (54.489)	Top 5 Accuracy 71.875 (68.441)
Train Batch: [29500/30239]	Loss 3.0458 (3.3324)	Top 1 Accuracy 57.500 (54.491)	Top 5 Accuracy 71.719 (68.445)
Train Batch: [29600/30239]	Loss 3.4057 (3.3322)	Top 1 Accuracy 56.250 (54.491)	Top 5 Accuracy 68.594 (68.447)
Train Batch: [29700/30239]	Loss 3.7778 (3.3320)	Top 1 Accuracy 47.188 (54.490)	Top 5 Accuracy 58.594 (68.447)
Train Batch: [29800/30239]	Loss 3.3162 (3.3320)	Top 1 Accuracy 55.938 (54.490)	Top 5 Accuracy 70.625 (68.449)
Train Batch: [29900/30239]	Loss 3.5630 (3.3318)	Top 1 Accuracy 51.719 (54.492)	Top 5 Accuracy 65.000 (68.451)
Train Batch: [30000/30239]	Loss 3.6934 (3.3317)	Top 1 Accuracy 46.719 (54.490)	Top 5 Accuracy 62.656 (68.451)
Train Batch: [30100/30239]	Loss 3.8697 (3.3317)	Top 1 Accuracy 46.406 (54.489)	Top 5 Accuracy 62.969 (68.451)
Train Batch: [30200/30239]	Loss 2.9402 (3.3313)	Top 1 Accuracy 59.688 (54.492)	Top 5 Accuracy 72.656 (68.455)
Saved Model!
Train Batch: [0/30239]	Loss 3.1690 (3.1690)	Top 1 Accuracy 53.125 (53.125)	Top 5 Accuracy 68.906 (68.906)
Train Batch: [100/30239]	Loss 3.2669 (3.2202)	Top 1 Accuracy 53.281 (54.947)	Top 5 Accuracy 67.188 (69.451)
Train Batch: [200/30239]	Loss 3.2207 (3.2208)	Top 1 Accuracy 52.344 (54.837)	Top 5 Accuracy 69.375 (69.363)
Train Batch: [300/30239]	Loss 3.2411 (3.2172)	Top 1 Accuracy 54.688 (54.851)	Top 5 Accuracy 69.375 (69.374)
Train Batch: [400/30239]	Loss 3.2437 (3.2123)	Top 1 Accuracy 50.625 (54.922)	Top 5 Accuracy 67.812 (69.424)
Train Batch: [500/30239]	Loss 3.3986 (3.2175)	Top 1 Accuracy 50.000 (54.857)	Top 5 Accuracy 68.438 (69.367)
Train Batch: [600/30239]	Loss 3.0495 (3.2175)	Top 1 Accuracy 55.938 (54.849)	Top 5 Accuracy 72.969 (69.373)
Train Batch: [700/30239]	Loss 3.5997 (3.2233)	Top 1 Accuracy 49.844 (54.806)	Top 5 Accuracy 65.781 (69.322)
Train Batch: [800/30239]	Loss 2.7277 (3.2233)	Top 1 Accuracy 62.344 (54.837)	Top 5 Accuracy 75.938 (69.323)
Train Batch: [900/30239]	Loss 2.9517 (3.2311)	Top 1 Accuracy 57.500 (54.735)	Top 5 Accuracy 72.188 (69.211)
Train Batch: [1000/30239]	Loss 3.4864 (3.2274)	Top 1 Accuracy 53.125 (54.814)	Top 5 Accuracy 65.000 (69.271)
Train Batch: [1100/30239]	Loss 3.1887 (3.2322)	Top 1 Accuracy 54.219 (54.768)	Top 5 Accuracy 70.000 (69.225)
Train Batch: [1200/30239]	Loss 2.5545 (3.2338)	Top 1 Accuracy 62.500 (54.741)	Top 5 Accuracy 77.500 (69.216)
Train Batch: [1300/30239]	Loss 3.5744 (3.2315)	Top 1 Accuracy 51.406 (54.754)	Top 5 Accuracy 66.250 (69.253)
Train Batch: [1400/30239]	Loss 3.1751 (3.2286)	Top 1 Accuracy 54.531 (54.799)	Top 5 Accuracy 70.156 (69.288)
Train Batch: [1500/30239]	Loss 3.0470 (3.2287)	Top 1 Accuracy 57.656 (54.810)	Top 5 Accuracy 72.656 (69.290)
Train Batch: [1600/30239]	Loss 3.7635 (3.2295)	Top 1 Accuracy 48.438 (54.818)	Top 5 Accuracy 60.781 (69.296)
Train Batch: [1700/30239]	Loss 3.5030 (3.2310)	Top 1 Accuracy 53.906 (54.791)	Top 5 Accuracy 69.219 (69.273)
Train Batch: [1800/30239]	Loss 2.9212 (3.2312)	Top 1 Accuracy 61.719 (54.787)	Top 5 Accuracy 75.312 (69.269)
Train Batch: [1900/30239]	Loss 3.1865 (3.2311)	Top 1 Accuracy 53.750 (54.783)	Top 5 Accuracy 70.312 (69.268)
Train Batch: [2000/30239]	Loss 3.5574 (3.2309)	Top 1 Accuracy 51.406 (54.777)	Top 5 Accuracy 64.844 (69.273)
Train Batch: [2100/30239]	Loss 2.8793 (3.2303)	Top 1 Accuracy 59.062 (54.785)	Top 5 Accuracy 72.812 (69.289)
Train Batch: [2200/30239]	Loss 2.6146 (3.2268)	Top 1 Accuracy 64.375 (54.839)	Top 5 Accuracy 74.844 (69.332)
Train Batch: [2300/30239]	Loss 3.3989 (3.2289)	Top 1 Accuracy 51.719 (54.800)	Top 5 Accuracy 65.938 (69.306)
Train Batch: [2400/30239]	Loss 3.5947 (3.2287)	Top 1 Accuracy 51.094 (54.803)	Top 5 Accuracy 66.406 (69.306)
Train Batch: [2500/30239]	Loss 3.0733 (3.2280)	Top 1 Accuracy 58.281 (54.817)	Top 5 Accuracy 70.781 (69.320)
Train Batch: [2600/30239]	Loss 2.5416 (3.2286)	Top 1 Accuracy 64.844 (54.817)	Top 5 Accuracy 77.031 (69.315)
Train Batch: [2700/30239]	Loss 3.5448 (3.2278)	Top 1 Accuracy 49.688 (54.825)	Top 5 Accuracy 66.250 (69.321)
Train Batch: [2800/30239]	Loss 3.2782 (3.2256)	Top 1 Accuracy 51.250 (54.856)	Top 5 Accuracy 68.281 (69.355)
Train Batch: [2900/30239]	Loss 2.7944 (3.2268)	Top 1 Accuracy 60.938 (54.836)	Top 5 Accuracy 75.625 (69.341)
Train Batch: [3000/30239]	Loss 3.3603 (3.2249)	Top 1 Accuracy 50.000 (54.852)	Top 5 Accuracy 66.406 (69.365)
Train Batch: [3100/30239]	Loss 3.0765 (3.2269)	Top 1 Accuracy 56.406 (54.828)	Top 5 Accuracy 71.562 (69.342)
Train Batch: [3200/30239]	Loss 2.6464 (3.2252)	Top 1 Accuracy 62.344 (54.851)	Top 5 Accuracy 74.844 (69.366)
Train Batch: [3300/30239]	Loss 2.9954 (3.2236)	Top 1 Accuracy 59.688 (54.870)	Top 5 Accuracy 73.906 (69.389)
Train Batch: [3400/30239]	Loss 3.2243 (3.2256)	Top 1 Accuracy 56.875 (54.847)	Top 5 Accuracy 69.219 (69.366)
Train Batch: [3500/30239]	Loss 3.3355 (3.2250)	Top 1 Accuracy 52.031 (54.854)	Top 5 Accuracy 67.969 (69.381)
Train Batch: [3600/30239]	Loss 3.2792 (3.2244)	Top 1 Accuracy 51.719 (54.858)	Top 5 Accuracy 70.156 (69.384)
Train Batch: [3700/30239]	Loss 3.2909 (3.2247)	Top 1 Accuracy 54.219 (54.858)	Top 5 Accuracy 68.438 (69.380)
Train Batch: [3800/30239]	Loss 3.3803 (3.2234)	Top 1 Accuracy 52.969 (54.875)	Top 5 Accuracy 69.531 (69.393)
Train Batch: [3900/30239]	Loss 3.5017 (3.2226)	Top 1 Accuracy 51.719 (54.882)	Top 5 Accuracy 68.281 (69.406)
Train Batch: [4000/30239]	Loss 3.7596 (3.2231)	Top 1 Accuracy 49.375 (54.873)	Top 5 Accuracy 63.438 (69.396)
Train Batch: [4100/30239]	Loss 3.4948 (3.2222)	Top 1 Accuracy 53.281 (54.889)	Top 5 Accuracy 66.562 (69.406)
Train Batch: [4200/30239]	Loss 3.3405 (3.2229)	Top 1 Accuracy 52.344 (54.881)	Top 5 Accuracy 68.438 (69.399)
Train Batch: [4300/30239]	Loss 3.0452 (3.2211)	Top 1 Accuracy 58.750 (54.904)	Top 5 Accuracy 72.188 (69.418)
Train Batch: [4400/30239]	Loss 2.9442 (3.2207)	Top 1 Accuracy 58.438 (54.906)	Top 5 Accuracy 75.000 (69.422)
Train Batch: [4500/30239]	Loss 3.1418 (3.2204)	Top 1 Accuracy 55.156 (54.905)	Top 5 Accuracy 68.125 (69.428)
Train Batch: [4600/30239]	Loss 3.2009 (3.2211)	Top 1 Accuracy 51.719 (54.889)	Top 5 Accuracy 69.062 (69.415)
Train Batch: [4700/30239]	Loss 3.3337 (3.2209)	Top 1 Accuracy 54.062 (54.890)	Top 5 Accuracy 67.969 (69.418)
Train Batch: [4800/30239]	Loss 2.9291 (3.2205)	Top 1 Accuracy 59.375 (54.893)	Top 5 Accuracy 74.219 (69.424)
Train Batch: [4900/30239]	Loss 3.0920 (3.2206)	Top 1 Accuracy 57.812 (54.889)	Top 5 Accuracy 72.344 (69.422)
Train Batch: [5000/30239]	Loss 3.2680 (3.2205)	Top 1 Accuracy 55.469 (54.889)	Top 5 Accuracy 67.344 (69.422)
Train Batch: [5100/30239]	Loss 3.3733 (3.2217)	Top 1 Accuracy 51.719 (54.876)	Top 5 Accuracy 67.656 (69.409)
Train Batch: [5200/30239]	Loss 3.0662 (3.2208)	Top 1 Accuracy 56.094 (54.890)	Top 5 Accuracy 69.688 (69.420)
Train Batch: [5300/30239]	Loss 2.8828 (3.2208)	Top 1 Accuracy 61.406 (54.884)	Top 5 Accuracy 72.969 (69.424)
Train Batch: [5400/30239]	Loss 3.0860 (3.2192)	Top 1 Accuracy 55.938 (54.904)	Top 5 Accuracy 69.062 (69.440)
Train Batch: [5500/30239]	Loss 3.6095 (3.2191)	Top 1 Accuracy 50.938 (54.906)	Top 5 Accuracy 63.125 (69.442)
Train Batch: [5600/30239]	Loss 2.8423 (3.2200)	Top 1 Accuracy 59.375 (54.892)	Top 5 Accuracy 73.438 (69.433)
Train Batch: [5700/30239]	Loss 3.2841 (3.2206)	Top 1 Accuracy 57.031 (54.885)	Top 5 Accuracy 68.906 (69.426)
Train Batch: [5800/30239]	Loss 2.9878 (3.2208)	Top 1 Accuracy 61.094 (54.884)	Top 5 Accuracy 72.969 (69.427)
Train Batch: [5900/30239]	Loss 3.1963 (3.2209)	Top 1 Accuracy 55.781 (54.886)	Top 5 Accuracy 69.531 (69.428)
Train Batch: [6000/30239]	Loss 3.9808 (3.2218)	Top 1 Accuracy 45.469 (54.876)	Top 5 Accuracy 59.062 (69.418)
Train Batch: [6100/30239]	Loss 3.9013 (3.2220)	Top 1 Accuracy 46.250 (54.874)	Top 5 Accuracy 63.125 (69.417)
Train Batch: [6200/30239]	Loss 3.4570 (3.2219)	Top 1 Accuracy 52.344 (54.875)	Top 5 Accuracy 67.188 (69.420)
Train Batch: [6300/30239]	Loss 3.4317 (3.2215)	Top 1 Accuracy 53.438 (54.880)	Top 5 Accuracy 65.156 (69.427)
Train Batch: [6400/30239]	Loss 3.1404 (3.2219)	Top 1 Accuracy 54.375 (54.870)	Top 5 Accuracy 70.312 (69.423)
Train Batch: [6500/30239]	Loss 3.8981 (3.2218)	Top 1 Accuracy 45.000 (54.869)	Top 5 Accuracy 58.750 (69.424)
Train Batch: [6600/30239]	Loss 3.4809 (3.2213)	Top 1 Accuracy 50.469 (54.873)	Top 5 Accuracy 65.625 (69.429)
Train Batch: [6700/30239]	Loss 3.4101 (3.2204)	Top 1 Accuracy 55.156 (54.886)	Top 5 Accuracy 66.250 (69.438)
Train Batch: [6800/30239]	Loss 3.1820 (3.2197)	Top 1 Accuracy 55.000 (54.895)	Top 5 Accuracy 68.438 (69.448)
Train Batch: [6900/30239]	Loss 3.0455 (3.2199)	Top 1 Accuracy 54.375 (54.891)	Top 5 Accuracy 71.250 (69.447)
Train Batch: [7000/30239]	Loss 3.0194 (3.2197)	Top 1 Accuracy 58.125 (54.890)	Top 5 Accuracy 72.500 (69.451)
Train Batch: [7100/30239]	Loss 3.1959 (3.2192)	Top 1 Accuracy 51.250 (54.893)	Top 5 Accuracy 67.656 (69.457)
Train Batch: [7200/30239]	Loss 3.1824 (3.2186)	Top 1 Accuracy 52.969 (54.900)	Top 5 Accuracy 67.656 (69.463)
Train Batch: [7300/30239]	Loss 3.2823 (3.2189)	Top 1 Accuracy 55.156 (54.894)	Top 5 Accuracy 68.906 (69.458)
Train Batch: [7400/30239]	Loss 2.6781 (3.2186)	Top 1 Accuracy 61.094 (54.897)	Top 5 Accuracy 74.375 (69.461)
Train Batch: [7500/30239]	Loss 3.1277 (3.2184)	Top 1 Accuracy 57.031 (54.898)	Top 5 Accuracy 71.875 (69.462)
Train Batch: [7600/30239]	Loss 3.1751 (3.2186)	Top 1 Accuracy 51.250 (54.893)	Top 5 Accuracy 66.875 (69.459)
Train Batch: [7700/30239]	Loss 3.0866 (3.2188)	Top 1 Accuracy 59.219 (54.891)	Top 5 Accuracy 72.969 (69.456)
Train Batch: [7800/30239]	Loss 2.9601 (3.2191)	Top 1 Accuracy 56.875 (54.887)	Top 5 Accuracy 71.562 (69.449)
Train Batch: [7900/30239]	Loss 3.3281 (3.2199)	Top 1 Accuracy 53.281 (54.875)	Top 5 Accuracy 68.438 (69.440)
Train Batch: [8000/30239]	Loss 3.2603 (3.2199)	Top 1 Accuracy 53.750 (54.875)	Top 5 Accuracy 70.312 (69.440)
Train Batch: [8100/30239]	Loss 3.0212 (3.2192)	Top 1 Accuracy 58.438 (54.887)	Top 5 Accuracy 71.406 (69.448)
Train Batch: [8200/30239]	Loss 3.2845 (3.2190)	Top 1 Accuracy 53.594 (54.886)	Top 5 Accuracy 68.594 (69.448)
Train Batch: [8300/30239]	Loss 3.0263 (3.2191)	Top 1 Accuracy 57.969 (54.882)	Top 5 Accuracy 70.781 (69.446)
Train Batch: [8400/30239]	Loss 3.0463 (3.2192)	Top 1 Accuracy 57.812 (54.878)	Top 5 Accuracy 71.875 (69.446)
Train Batch: [8500/30239]	Loss 3.4134 (3.2191)	Top 1 Accuracy 54.844 (54.877)	Top 5 Accuracy 66.250 (69.448)
Train Batch: [8600/30239]	Loss 3.2908 (3.2191)	Top 1 Accuracy 52.031 (54.876)	Top 5 Accuracy 67.500 (69.448)
Train Batch: [8700/30239]	Loss 3.5310 (3.2187)	Top 1 Accuracy 50.156 (54.880)	Top 5 Accuracy 68.438 (69.453)
Train Batch: [8800/30239]	Loss 3.2558 (3.2183)	Top 1 Accuracy 56.719 (54.885)	Top 5 Accuracy 70.312 (69.456)
Train Batch: [8900/30239]	Loss 3.4328 (3.2184)	Top 1 Accuracy 51.875 (54.884)	Top 5 Accuracy 66.875 (69.457)
Train Batch: [9000/30239]	Loss 3.4808 (3.2186)	Top 1 Accuracy 50.781 (54.880)	Top 5 Accuracy 66.719 (69.457)
Train Batch: [9100/30239]	Loss 2.9574 (3.2187)	Top 1 Accuracy 58.281 (54.878)	Top 5 Accuracy 71.094 (69.456)
Train Batch: [9200/30239]	Loss 2.6882 (3.2187)	Top 1 Accuracy 59.688 (54.874)	Top 5 Accuracy 75.000 (69.456)
Train Batch: [9300/30239]	Loss 3.2760 (3.2182)	Top 1 Accuracy 53.281 (54.879)	Top 5 Accuracy 69.375 (69.463)
Train Batch: [9400/30239]	Loss 3.8312 (3.2184)	Top 1 Accuracy 51.562 (54.874)	Top 5 Accuracy 63.906 (69.460)
Train Batch: [9500/30239]	Loss 3.1150 (3.2176)	Top 1 Accuracy 54.219 (54.885)	Top 5 Accuracy 70.312 (69.468)
Train Batch: [9600/30239]	Loss 2.6042 (3.2177)	Top 1 Accuracy 61.406 (54.883)	Top 5 Accuracy 76.406 (69.467)
Train Batch: [9700/30239]	Loss 2.7256 (3.2175)	Top 1 Accuracy 62.656 (54.886)	Top 5 Accuracy 75.938 (69.471)
Train Batch: [9800/30239]	Loss 3.4934 (3.2172)	Top 1 Accuracy 54.219 (54.889)	Top 5 Accuracy 68.281 (69.475)
Train Batch: [9900/30239]	Loss 2.8674 (3.2169)	Top 1 Accuracy 58.906 (54.892)	Top 5 Accuracy 74.688 (69.479)
Train Batch: [10000/30239]	Loss 2.8710 (3.2166)	Top 1 Accuracy 57.344 (54.896)	Top 5 Accuracy 72.500 (69.484)
Train Batch: [10100/30239]	Loss 3.2656 (3.2165)	Top 1 Accuracy 55.938 (54.900)	Top 5 Accuracy 70.625 (69.488)
