Loading Glove Model
1193514  words loaded!
Let's use 4 GPUs!
Starting training with Namespace(aligner_model=None, aln_lr=0.0001, alpha_c=1, batch_size=32, data='/u/as3ek/github/reversible-meme/data/', dec_lr=0.0001, decoder_model=None, enc_dim=256, enc_lr=0.0001, encoder_model=None, epochs=10, glove_path='/u/as3ek/github/reversible-meme/data/glove/glove.twitter.27B.200d.txt', img_enc_dim=256, img_enc_net='resnet18', lambda_kld=1.0, log_interval=100, model_fldr='/u/as3ek/github/reversible-meme/models/', step_size=5, train_enc=True, txt_enc_dim=256, use_glove=True, use_tf=False)
Train Batch: [0/30247]	Loss 13.2390 (13.2390)	Top 1 Accuracy 0.000 (0.000)	Top 5 Accuracy 0.000 (0.000)
Train Batch: [100/30247]	Loss 11.9653 (12.0951)	Top 1 Accuracy 0.000 (0.002)	Top 5 Accuracy 0.000 (0.009)
Train Batch: [200/30247]	Loss 12.0161 (12.0592)	Top 1 Accuracy 0.000 (0.002)	Top 5 Accuracy 0.000 (0.013)
Train Batch: [300/30247]	Loss 12.0092 (12.0472)	Top 1 Accuracy 0.000 (0.002)	Top 5 Accuracy 0.000 (0.010)
Train Batch: [400/30247]	Loss 12.0278 (12.0406)	Top 1 Accuracy 0.000 (0.002)	Top 5 Accuracy 0.000 (0.010)
Train Batch: [500/30247]	Loss 12.0061 (12.0366)	Top 1 Accuracy 0.000 (0.003)	Top 5 Accuracy 0.000 (0.013)
Train Batch: [600/30247]	Loss 12.0232 (12.0334)	Top 1 Accuracy 0.000 (0.003)	Top 5 Accuracy 0.000 (0.013)
Train Batch: [700/30247]	Loss 12.0252 (12.0309)	Top 1 Accuracy 0.000 (0.004)	Top 5 Accuracy 0.000 (0.013)
Train Batch: [800/30247]	Loss 12.0208 (12.0288)	Top 1 Accuracy 0.000 (0.004)	Top 5 Accuracy 0.000 (0.013)
Train Batch: [900/30247]	Loss 12.0266 (12.0268)	Top 1 Accuracy 0.000 (0.004)	Top 5 Accuracy 0.000 (0.014)
Train Batch: [1000/30247]	Loss 12.0208 (12.0249)	Top 1 Accuracy 0.000 (0.004)	Top 5 Accuracy 0.000 (0.014)
Train Batch: [1100/30247]	Loss 12.0180 (12.0236)	Top 1 Accuracy 0.156 (0.004)	Top 5 Accuracy 0.156 (0.015)
Train Batch: [1200/30247]	Loss 12.0073 (12.0223)	Top 1 Accuracy 0.000 (0.004)	Top 5 Accuracy 0.000 (0.016)
Train Batch: [1300/30247]	Loss 12.0258 (12.0209)	Top 1 Accuracy 0.000 (0.005)	Top 5 Accuracy 0.000 (0.018)
Train Batch: [1400/30247]	Loss 12.0097 (12.0196)	Top 1 Accuracy 0.000 (0.006)	Top 5 Accuracy 0.000 (0.020)
Train Batch: [1500/30247]	Loss 11.9969 (12.0181)	Top 1 Accuracy 0.000 (0.006)	Top 5 Accuracy 0.000 (0.022)
Train Batch: [1600/30247]	Loss 12.0047 (12.0170)	Top 1 Accuracy 0.000 (0.006)	Top 5 Accuracy 0.000 (0.022)
Train Batch: [1700/30247]	Loss 12.0105 (12.0157)	Top 1 Accuracy 0.000 (0.007)	Top 5 Accuracy 0.000 (0.023)
Train Batch: [1800/30247]	Loss 11.9926 (12.0147)	Top 1 Accuracy 0.000 (0.007)	Top 5 Accuracy 0.000 (0.025)
Train Batch: [1900/30247]	Loss 11.9862 (12.0137)	Top 1 Accuracy 0.156 (0.008)	Top 5 Accuracy 0.312 (0.026)
Train Batch: [2000/30247]	Loss 11.9956 (12.0127)	Top 1 Accuracy 0.000 (0.009)	Top 5 Accuracy 0.156 (0.029)
Train Batch: [2100/30247]	Loss 11.9646 (12.0116)	Top 1 Accuracy 0.156 (0.010)	Top 5 Accuracy 0.312 (0.032)
Train Batch: [2200/30247]	Loss 11.9729 (12.0105)	Top 1 Accuracy 0.000 (0.011)	Top 5 Accuracy 0.000 (0.034)
Train Batch: [2300/30247]	Loss 12.0100 (12.0095)	Top 1 Accuracy 0.000 (0.012)	Top 5 Accuracy 0.000 (0.038)
Train Batch: [2400/30247]	Loss 11.9955 (12.0086)	Top 1 Accuracy 0.000 (0.013)	Top 5 Accuracy 0.000 (0.041)
Train Batch: [2500/30247]	Loss 11.9982 (12.0077)	Top 1 Accuracy 0.156 (0.014)	Top 5 Accuracy 0.156 (0.046)
Train Batch: [2600/30247]	Loss 11.9892 (12.0065)	Top 1 Accuracy 0.156 (0.015)	Top 5 Accuracy 0.469 (0.050)
Train Batch: [2700/30247]	Loss 11.9439 (12.0054)	Top 1 Accuracy 0.156 (0.017)	Top 5 Accuracy 0.312 (0.053)
Train Batch: [2800/30247]	Loss 11.9874 (12.0043)	Top 1 Accuracy 0.000 (0.020)	Top 5 Accuracy 0.000 (0.060)
Train Batch: [2900/30247]	Loss 11.9873 (12.0033)	Top 1 Accuracy 0.312 (0.022)	Top 5 Accuracy 0.625 (0.065)
Train Batch: [3000/30247]	Loss 11.9730 (12.0023)	Top 1 Accuracy 0.000 (0.024)	Top 5 Accuracy 0.000 (0.072)
Train Batch: [3100/30247]	Loss 11.9554 (12.0014)	Top 1 Accuracy 0.000 (0.026)	Top 5 Accuracy 0.000 (0.078)
Train Batch: [3200/30247]	Loss 11.9712 (12.0004)	Top 1 Accuracy 0.156 (0.029)	Top 5 Accuracy 0.469 (0.086)
Train Batch: [3300/30247]	Loss 11.9678 (11.9994)	Top 1 Accuracy 0.000 (0.032)	Top 5 Accuracy 0.469 (0.094)
Train Batch: [3400/30247]	Loss 11.9939 (11.9984)	Top 1 Accuracy 0.469 (0.036)	Top 5 Accuracy 0.625 (0.102)
Train Batch: [3500/30247]	Loss 11.9352 (11.9973)	Top 1 Accuracy 0.312 (0.040)	Top 5 Accuracy 0.469 (0.112)
Train Batch: [3600/30247]	Loss 11.9801 (11.9964)	Top 1 Accuracy 0.000 (0.044)	Top 5 Accuracy 0.312 (0.123)
Train Batch: [3700/30247]	Loss 11.9547 (11.9953)	Top 1 Accuracy 0.000 (0.049)	Top 5 Accuracy 0.156 (0.133)
Train Batch: [3800/30247]	Loss 11.9589 (11.9943)	Top 1 Accuracy 0.000 (0.054)	Top 5 Accuracy 0.469 (0.145)
Train Batch: [3900/30247]	Loss 11.9550 (11.9934)	Top 1 Accuracy 0.156 (0.060)	Top 5 Accuracy 0.625 (0.157)
Train Batch: [4000/30247]	Loss 11.9393 (11.9925)	Top 1 Accuracy 0.312 (0.066)	Top 5 Accuracy 0.625 (0.169)
Train Batch: [4100/30247]	Loss 11.9750 (11.9915)	Top 1 Accuracy 0.625 (0.073)	Top 5 Accuracy 0.938 (0.183)
Train Batch: [4200/30247]	Loss 11.9515 (11.9906)	Top 1 Accuracy 0.312 (0.080)	Top 5 Accuracy 0.938 (0.198)
Train Batch: [4300/30247]	Loss 11.9522 (11.9897)	Top 1 Accuracy 0.469 (0.087)	Top 5 Accuracy 0.781 (0.212)
Train Batch: [4400/30247]	Loss 11.9733 (11.9888)	Top 1 Accuracy 0.625 (0.095)	Top 5 Accuracy 0.938 (0.229)
Train Batch: [4500/30247]	Loss 11.9232 (11.9878)	Top 1 Accuracy 0.312 (0.103)	Top 5 Accuracy 1.250 (0.244)
Train Batch: [4600/30247]	Loss 11.9377 (11.9869)	Top 1 Accuracy 0.156 (0.112)	Top 5 Accuracy 0.781 (0.262)
Train Batch: [4700/30247]	Loss 11.9397 (11.9859)	Top 1 Accuracy 0.938 (0.122)	Top 5 Accuracy 1.250 (0.281)
Train Batch: [4800/30247]	Loss 11.9431 (11.9849)	Top 1 Accuracy 0.625 (0.132)	Top 5 Accuracy 1.562 (0.301)
Train Batch: [4900/30247]	Loss 11.9353 (11.9839)	Top 1 Accuracy 0.625 (0.143)	Top 5 Accuracy 1.406 (0.321)
Train Batch: [5000/30247]	Loss 11.9193 (11.9829)	Top 1 Accuracy 0.781 (0.156)	Top 5 Accuracy 1.719 (0.343)
Train Batch: [5100/30247]	Loss 11.9496 (11.9820)	Top 1 Accuracy 0.938 (0.170)	Top 5 Accuracy 1.250 (0.367)
Train Batch: [5200/30247]	Loss 11.9545 (11.9810)	Top 1 Accuracy 1.250 (0.184)	Top 5 Accuracy 2.031 (0.393)
Train Batch: [5300/30247]	Loss 11.9338 (11.9801)	Top 1 Accuracy 0.469 (0.199)	Top 5 Accuracy 1.562 (0.417)
Train Batch: [5400/30247]	Loss 11.9053 (11.9790)	Top 1 Accuracy 0.781 (0.216)	Top 5 Accuracy 1.875 (0.445)
Train Batch: [5500/30247]	Loss 11.9132 (11.9781)	Top 1 Accuracy 2.188 (0.235)	Top 5 Accuracy 2.344 (0.475)
Train Batch: [5600/30247]	Loss 11.9088 (11.9771)	Top 1 Accuracy 0.938 (0.254)	Top 5 Accuracy 2.188 (0.505)
Train Batch: [5700/30247]	Loss 11.9362 (11.9761)	Top 1 Accuracy 1.406 (0.275)	Top 5 Accuracy 1.875 (0.538)
Train Batch: [5800/30247]	Loss 11.9320 (11.9751)	Top 1 Accuracy 0.938 (0.297)	Top 5 Accuracy 2.344 (0.572)
Train Batch: [5900/30247]	Loss 11.8863 (11.9740)	Top 1 Accuracy 2.812 (0.321)	Top 5 Accuracy 4.062 (0.607)
Train Batch: [6000/30247]	Loss 11.9162 (11.9730)	Top 1 Accuracy 2.188 (0.346)	Top 5 Accuracy 3.750 (0.645)
Train Batch: [6100/30247]	Loss 11.8776 (11.9719)	Top 1 Accuracy 3.125 (0.374)	Top 5 Accuracy 4.375 (0.685)
Train Batch: [6200/30247]	Loss 11.8479 (11.9708)	Top 1 Accuracy 3.594 (0.402)	Top 5 Accuracy 5.156 (0.726)
Train Batch: [6300/30247]	Loss 11.9087 (11.9697)	Top 1 Accuracy 2.188 (0.433)	Top 5 Accuracy 3.906 (0.770)
Train Batch: [6400/30247]	Loss 11.9335 (11.9686)	Top 1 Accuracy 2.656 (0.466)	Top 5 Accuracy 3.125 (0.814)
Train Batch: [6500/30247]	Loss 11.9216 (11.9676)	Top 1 Accuracy 2.031 (0.501)	Top 5 Accuracy 3.750 (0.863)
Train Batch: [6600/30247]	Loss 11.8738 (11.9664)	Top 1 Accuracy 3.906 (0.538)	Top 5 Accuracy 5.156 (0.913)
Train Batch: [6700/30247]	Loss 11.8606 (11.9653)	Top 1 Accuracy 2.812 (0.575)	Top 5 Accuracy 4.062 (0.961)
Train Batch: [6800/30247]	Loss 11.8564 (11.9641)	Top 1 Accuracy 4.375 (0.616)	Top 5 Accuracy 5.156 (1.015)
Train Batch: [6900/30247]	Loss 11.8610 (11.9629)	Top 1 Accuracy 3.438 (0.657)	Top 5 Accuracy 4.688 (1.068)
Train Batch: [7000/30247]	Loss 11.8971 (11.9616)	Top 1 Accuracy 2.500 (0.700)	Top 5 Accuracy 4.062 (1.124)
Train Batch: [7100/30247]	Loss 11.8979 (11.9603)	Top 1 Accuracy 3.750 (0.742)	Top 5 Accuracy 4.688 (1.178)
Train Batch: [7200/30247]	Loss 11.8784 (11.9591)	Top 1 Accuracy 4.219 (0.788)	Top 5 Accuracy 5.156 (1.237)
Train Batch: [7300/30247]	Loss 11.8714 (11.9577)	Top 1 Accuracy 3.750 (0.836)	Top 5 Accuracy 5.312 (1.300)
Train Batch: [7400/30247]	Loss 11.8508 (11.9564)	Top 1 Accuracy 5.938 (0.886)	Top 5 Accuracy 7.812 (1.362)
Train Batch: [7500/30247]	Loss 11.8618 (11.9550)	Top 1 Accuracy 5.156 (0.936)	Top 5 Accuracy 6.250 (1.425)
Train Batch: [7600/30247]	Loss 11.8486 (11.9536)	Top 1 Accuracy 5.000 (0.988)	Top 5 Accuracy 6.250 (1.488)
Train Batch: [7700/30247]	Loss 11.8607 (11.9522)	Top 1 Accuracy 5.312 (1.039)	Top 5 Accuracy 5.781 (1.552)
Train Batch: [7800/30247]	Loss 11.8552 (11.9508)	Top 1 Accuracy 5.781 (1.093)	Top 5 Accuracy 7.344 (1.618)
Train Batch: [7900/30247]	Loss 11.8394 (11.9493)	Top 1 Accuracy 5.781 (1.147)	Top 5 Accuracy 8.125 (1.684)
Train Batch: [8000/30247]	Loss 11.8543 (11.9479)	Top 1 Accuracy 4.375 (1.201)	Top 5 Accuracy 6.250 (1.750)
Train Batch: [8100/30247]	Loss 11.8359 (11.9464)	Top 1 Accuracy 6.406 (1.257)	Top 5 Accuracy 8.750 (1.818)
Train Batch: [8200/30247]	Loss 11.8519 (11.9448)	Top 1 Accuracy 4.219 (1.313)	Top 5 Accuracy 5.469 (1.887)
Train Batch: [8300/30247]	Loss 11.7786 (11.9433)	Top 1 Accuracy 6.250 (1.370)	Top 5 Accuracy 7.344 (1.954)
Train Batch: [8400/30247]	Loss 11.8025 (11.9417)	Top 1 Accuracy 6.562 (1.432)	Top 5 Accuracy 7.969 (2.027)
Train Batch: [8500/30247]	Loss 11.7726 (11.9401)	Top 1 Accuracy 8.438 (1.491)	Top 5 Accuracy 10.000 (2.097)
Train Batch: [8600/30247]	Loss 11.7832 (11.9385)	Top 1 Accuracy 6.562 (1.547)	Top 5 Accuracy 8.750 (2.166)
Train Batch: [8700/30247]	Loss 11.8192 (11.9369)	Top 1 Accuracy 6.406 (1.604)	Top 5 Accuracy 8.438 (2.235)
Train Batch: [8800/30247]	Loss 11.7729 (11.9352)	Top 1 Accuracy 7.188 (1.663)	Top 5 Accuracy 9.062 (2.305)
Train Batch: [8900/30247]	Loss 11.7766 (11.9336)	Top 1 Accuracy 7.344 (1.720)	Top 5 Accuracy 8.906 (2.374)
Train Batch: [9000/30247]	Loss 11.7682 (11.9318)	Top 1 Accuracy 7.969 (1.782)	Top 5 Accuracy 9.844 (2.448)
Train Batch: [9100/30247]	Loss 11.7743 (11.9301)	Top 1 Accuracy 7.969 (1.841)	Top 5 Accuracy 9.688 (2.519)
Train Batch: [9200/30247]	Loss 11.7589 (11.9284)	Top 1 Accuracy 8.125 (1.901)	Top 5 Accuracy 9.219 (2.591)
Train Batch: [9300/30247]	Loss 11.7337 (11.9267)	Top 1 Accuracy 7.500 (1.960)	Top 5 Accuracy 9.531 (2.664)
Train Batch: [9400/30247]	Loss 11.7665 (11.9249)	Top 1 Accuracy 5.312 (2.022)	Top 5 Accuracy 6.719 (2.737)
Train Batch: [9500/30247]	Loss 11.7787 (11.9233)	Top 1 Accuracy 7.344 (2.079)	Top 5 Accuracy 10.000 (2.808)
Train Batch: [9600/30247]	Loss 11.7815 (11.9215)	Top 1 Accuracy 6.406 (2.138)	Top 5 Accuracy 8.750 (2.880)
Train Batch: [9700/30247]	Loss 11.7473 (11.9197)	Top 1 Accuracy 6.875 (2.200)	Top 5 Accuracy 8.750 (2.955)
Train Batch: [9800/30247]	Loss 11.7516 (11.9179)	Top 1 Accuracy 8.438 (2.258)	Top 5 Accuracy 9.844 (3.027)
Train Batch: [9900/30247]	Loss 11.6845 (11.9162)	Top 1 Accuracy 9.844 (2.317)	Top 5 Accuracy 13.906 (3.099)
Train Batch: [10000/30247]	Loss 11.7418 (11.9144)	Top 1 Accuracy 8.750 (2.376)	Top 5 Accuracy 10.625 (3.172)
Train Batch: [10100/30247]	Loss 11.7683 (11.9126)	Top 1 Accuracy 7.656 (2.435)	Top 5 Accuracy 10.156 (3.247)
Train Batch: [10200/30247]	Loss 11.6915 (11.9108)	Top 1 Accuracy 9.531 (2.493)	Top 5 Accuracy 12.188 (3.319)
Train Batch: [10300/30247]	Loss 11.7558 (11.9090)	Top 1 Accuracy 7.500 (2.552)	Top 5 Accuracy 9.688 (3.392)
Train Batch: [10400/30247]	Loss 11.7229 (11.9073)	Top 1 Accuracy 9.375 (2.609)	Top 5 Accuracy 10.781 (3.464)
Train Batch: [10500/30247]	Loss 11.7225 (11.9055)	Top 1 Accuracy 9.375 (2.668)	Top 5 Accuracy 12.188 (3.538)
Train Batch: [10600/30247]	Loss 11.7158 (11.9036)	Top 1 Accuracy 7.969 (2.726)	Top 5 Accuracy 10.781 (3.614)
Train Batch: [10700/30247]	Loss 11.7293 (11.9018)	Top 1 Accuracy 7.500 (2.787)	Top 5 Accuracy 9.375 (3.691)
Train Batch: [10800/30247]	Loss 11.6769 (11.8999)	Top 1 Accuracy 9.062 (2.846)	Top 5 Accuracy 12.969 (3.767)
Train Batch: [10900/30247]	Loss 11.7111 (11.8981)	Top 1 Accuracy 8.906 (2.904)	Top 5 Accuracy 10.312 (3.843)
Train Batch: [11000/30247]	Loss 11.6716 (11.8962)	Top 1 Accuracy 11.562 (2.965)	Top 5 Accuracy 14.219 (3.922)
Train Batch: [11100/30247]	Loss 11.6497 (11.8944)	Top 1 Accuracy 10.156 (3.025)	Top 5 Accuracy 14.688 (4.000)
Train Batch: [11200/30247]	Loss 11.6996 (11.8925)	Top 1 Accuracy 7.031 (3.084)	Top 5 Accuracy 8.750 (4.078)
Train Batch: [11300/30247]	Loss 11.6521 (11.8906)	Top 1 Accuracy 9.844 (3.145)	Top 5 Accuracy 14.062 (4.159)
Train Batch: [11400/30247]	Loss 11.6229 (11.8886)	Top 1 Accuracy 11.875 (3.207)	Top 5 Accuracy 14.688 (4.242)
Train Batch: [11500/30247]	Loss 11.6494 (11.8868)	Top 1 Accuracy 9.688 (3.266)	Top 5 Accuracy 13.750 (4.321)
Train Batch: [11600/30247]	Loss 11.6646 (11.8848)	Top 1 Accuracy 11.875 (3.327)	Top 5 Accuracy 15.938 (4.404)
Train Batch: [11700/30247]	Loss 11.6612 (11.8829)	Top 1 Accuracy 13.125 (3.391)	Top 5 Accuracy 17.031 (4.488)
Train Batch: [11800/30247]	Loss 11.6376 (11.8809)	Top 1 Accuracy 13.125 (3.454)	Top 5 Accuracy 16.406 (4.573)
Train Batch: [11900/30247]	Loss 11.6440 (11.8789)	Top 1 Accuracy 10.469 (3.519)	Top 5 Accuracy 15.469 (4.663)
Train Batch: [12000/30247]	Loss 11.6891 (11.8770)	Top 1 Accuracy 8.906 (3.584)	Top 5 Accuracy 13.594 (4.753)
Train Batch: [12100/30247]	Loss 11.6413 (11.8750)	Top 1 Accuracy 10.312 (3.652)	Top 5 Accuracy 15.781 (4.845)
Train Batch: [12200/30247]	Loss 11.6521 (11.8729)	Top 1 Accuracy 12.031 (3.721)	Top 5 Accuracy 15.469 (4.941)
Train Batch: [12300/30247]	Loss 11.5945 (11.8708)	Top 1 Accuracy 11.875 (3.794)	Top 5 Accuracy 16.250 (5.040)
Train Batch: [12400/30247]	Loss 11.5849 (11.8687)	Top 1 Accuracy 13.906 (3.870)	Top 5 Accuracy 19.688 (5.142)
Train Batch: [12500/30247]	Loss 11.5886 (11.8666)	Top 1 Accuracy 16.250 (3.949)	Top 5 Accuracy 21.250 (5.251)
Train Batch: [12600/30247]	Loss 11.6212 (11.8644)	Top 1 Accuracy 11.406 (4.033)	Top 5 Accuracy 16.094 (5.362)
Train Batch: [12700/30247]	Loss 11.5680 (11.8622)	Top 1 Accuracy 13.438 (4.118)	Top 5 Accuracy 17.969 (5.475)
Train Batch: [12800/30247]	Loss 11.5236 (11.8599)	Top 1 Accuracy 17.188 (4.210)	Top 5 Accuracy 25.000 (5.597)
Train Batch: [12900/30247]	Loss 11.6189 (11.8576)	Top 1 Accuracy 12.812 (4.306)	Top 5 Accuracy 19.219 (5.721)
Train Batch: [13000/30247]	Loss 11.5143 (11.8552)	Top 1 Accuracy 21.562 (4.408)	Top 5 Accuracy 28.906 (5.853)
Train Batch: [13100/30247]	Loss 11.6280 (11.8527)	Top 1 Accuracy 13.125 (4.518)	Top 5 Accuracy 19.219 (5.995)
Train Batch: [13200/30247]	Loss 11.5318 (11.8503)	Top 1 Accuracy 18.125 (4.630)	Top 5 Accuracy 23.906 (6.134)
Train Batch: [13300/30247]	Loss 11.4692 (11.8477)	Top 1 Accuracy 21.875 (4.749)	Top 5 Accuracy 28.750 (6.284)
Train Batch: [13400/30247]	Loss 11.5337 (11.8450)	Top 1 Accuracy 18.125 (4.874)	Top 5 Accuracy 22.812 (6.438)
Train Batch: [13500/30247]	Loss 11.4272 (11.8423)	Top 1 Accuracy 28.750 (5.010)	Top 5 Accuracy 33.906 (6.602)
Train Batch: [13600/30247]	Loss 11.3663 (11.8395)	Top 1 Accuracy 29.844 (5.156)	Top 5 Accuracy 35.938 (6.777)
Train Batch: [13700/30247]	Loss 11.4353 (11.8366)	Top 1 Accuracy 21.875 (5.296)	Top 5 Accuracy 28.594 (6.947)
Train Batch: [13800/30247]	Loss 11.4313 (11.8337)	Top 1 Accuracy 28.125 (5.453)	Top 5 Accuracy 32.969 (7.133)
Train Batch: [13900/30247]	Loss 11.5386 (11.8306)	Top 1 Accuracy 15.000 (5.616)	Top 5 Accuracy 21.875 (7.324)
Train Batch: [14000/30247]	Loss 11.4010 (11.8276)	Top 1 Accuracy 28.750 (5.778)	Top 5 Accuracy 34.062 (7.513)
Train Batch: [14100/30247]	Loss 11.3600 (11.8244)	Top 1 Accuracy 30.000 (5.948)	Top 5 Accuracy 36.562 (7.710)
Train Batch: [14200/30247]	Loss 11.3437 (11.8210)	Top 1 Accuracy 34.688 (6.134)	Top 5 Accuracy 39.844 (7.922)
Train Batch: [14300/30247]	Loss 11.4219 (11.8177)	Top 1 Accuracy 29.219 (6.320)	Top 5 Accuracy 33.906 (8.134)
Train Batch: [14400/30247]	Loss 11.2633 (11.8143)	Top 1 Accuracy 39.375 (6.508)	Top 5 Accuracy 44.844 (8.349)
Train Batch: [14500/30247]	Loss 11.3504 (11.8107)	Top 1 Accuracy 32.656 (6.706)	Top 5 Accuracy 37.344 (8.573)
Train Batch: [14600/30247]	Loss 11.2588 (11.8071)	Top 1 Accuracy 37.969 (6.913)	Top 5 Accuracy 42.969 (8.804)
Train Batch: [14700/30247]	Loss 11.2001 (11.8034)	Top 1 Accuracy 39.062 (7.122)	Top 5 Accuracy 46.406 (9.038)
Train Batch: [14800/30247]	Loss 11.2922 (11.7996)	Top 1 Accuracy 33.906 (7.335)	Top 5 Accuracy 40.469 (9.274)
Train Batch: [14900/30247]	Loss 11.1613 (11.7957)	Top 1 Accuracy 43.750 (7.557)	Top 5 Accuracy 48.750 (9.518)
Train Batch: [15000/30247]	Loss 11.2911 (11.7919)	Top 1 Accuracy 38.281 (7.771)	Top 5 Accuracy 41.875 (9.755)
Train Batch: [15100/30247]	Loss 11.3618 (11.7880)	Top 1 Accuracy 31.406 (7.991)	Top 5 Accuracy 35.625 (9.997)
Train Batch: [15200/30247]	Loss 11.2130 (11.7840)	Top 1 Accuracy 40.938 (8.217)	Top 5 Accuracy 47.656 (10.243)
Train Batch: [15300/30247]	Loss 11.1748 (11.7799)	Top 1 Accuracy 43.750 (8.445)	Top 5 Accuracy 48.906 (10.493)
Train Batch: [15400/30247]	Loss 11.1245 (11.7758)	Top 1 Accuracy 46.562 (8.674)	Top 5 Accuracy 51.875 (10.743)
Train Batch: [15500/30247]	Loss 10.9999 (11.7717)	Top 1 Accuracy 54.531 (8.907)	Top 5 Accuracy 59.375 (10.995)
Train Batch: [15600/30247]	Loss 11.1328 (11.7675)	Top 1 Accuracy 46.719 (9.141)	Top 5 Accuracy 49.688 (11.250)
Train Batch: [15700/30247]	Loss 11.2426 (11.7631)	Top 1 Accuracy 35.156 (9.385)	Top 5 Accuracy 41.719 (11.512)
Train Batch: [15800/30247]	Loss 10.9891 (11.7588)	Top 1 Accuracy 52.969 (9.624)	Top 5 Accuracy 58.750 (11.769)
Train Batch: [15900/30247]	Loss 11.1539 (11.7546)	Top 1 Accuracy 42.812 (9.859)	Top 5 Accuracy 46.406 (12.023)
Train Batch: [16000/30247]	Loss 10.9956 (11.7501)	Top 1 Accuracy 52.500 (10.103)	Top 5 Accuracy 56.250 (12.285)
Train Batch: [16100/30247]	Loss 10.9746 (11.7457)	Top 1 Accuracy 53.125 (10.345)	Top 5 Accuracy 57.500 (12.544)
Train Batch: [16200/30247]	Loss 11.0204 (11.7412)	Top 1 Accuracy 50.000 (10.590)	Top 5 Accuracy 54.844 (12.805)
Train Batch: [16300/30247]	Loss 11.0212 (11.7368)	Top 1 Accuracy 47.031 (10.831)	Top 5 Accuracy 53.438 (13.063)
Train Batch: [16400/30247]	Loss 11.1010 (11.7322)	Top 1 Accuracy 42.969 (11.080)	Top 5 Accuracy 48.750 (13.327)
Train Batch: [16500/30247]	Loss 10.9578 (11.7276)	Top 1 Accuracy 52.031 (11.327)	Top 5 Accuracy 55.469 (13.589)
Train Batch: [16600/30247]	Loss 10.8848 (11.7230)	Top 1 Accuracy 56.875 (11.572)	Top 5 Accuracy 61.094 (13.849)
Train Batch: [16700/30247]	Loss 10.8731 (11.7183)	Top 1 Accuracy 56.406 (11.822)	Top 5 Accuracy 61.250 (14.116)
Train Batch: [16800/30247]	Loss 10.7767 (11.7136)	Top 1 Accuracy 62.969 (12.071)	Top 5 Accuracy 67.031 (14.378)
Train Batch: [16900/30247]	Loss 10.9447 (11.7088)	Top 1 Accuracy 51.406 (12.317)	Top 5 Accuracy 56.719 (14.642)
Train Batch: [17000/30247]	Loss 10.9553 (11.7041)	Top 1 Accuracy 48.594 (12.563)	Top 5 Accuracy 55.469 (14.902)
Train Batch: [17100/30247]	Loss 11.0299 (11.6994)	Top 1 Accuracy 46.562 (12.809)	Top 5 Accuracy 51.719 (15.163)
Train Batch: [17200/30247]	Loss 10.8941 (11.6945)	Top 1 Accuracy 53.281 (13.058)	Top 5 Accuracy 56.562 (15.426)
Train Batch: [17300/30247]	Loss 10.8626 (11.6898)	Top 1 Accuracy 56.250 (13.299)	Top 5 Accuracy 60.781 (15.680)
Train Batch: [17400/30247]	Loss 10.8777 (11.6850)	Top 1 Accuracy 55.000 (13.541)	Top 5 Accuracy 58.750 (15.936)
Train Batch: [17500/30247]	Loss 10.8438 (11.6803)	Top 1 Accuracy 57.188 (13.781)	Top 5 Accuracy 60.469 (16.191)
Train Batch: [17600/30247]	Loss 10.9620 (11.6754)	Top 1 Accuracy 47.500 (14.026)	Top 5 Accuracy 54.219 (16.450)
Train Batch: [17700/30247]	Loss 10.9340 (11.6705)	Top 1 Accuracy 48.750 (14.269)	Top 5 Accuracy 54.062 (16.705)
Train Batch: [17800/30247]	Loss 10.6780 (11.6657)	Top 1 Accuracy 66.094 (14.507)	Top 5 Accuracy 69.844 (16.957)
Train Batch: [17900/30247]	Loss 10.8519 (11.6608)	Top 1 Accuracy 55.312 (14.746)	Top 5 Accuracy 60.938 (17.210)
Train Batch: [18000/30247]	Loss 10.7408 (11.6559)	Top 1 Accuracy 59.375 (14.986)	Top 5 Accuracy 65.469 (17.463)
Train Batch: [18100/30247]	Loss 10.6351 (11.6510)	Top 1 Accuracy 63.594 (15.227)	Top 5 Accuracy 69.844 (17.715)
Train Batch: [18200/30247]	Loss 10.7222 (11.6460)	Top 1 Accuracy 59.844 (15.466)	Top 5 Accuracy 64.375 (17.966)
Train Batch: [18300/30247]	Loss 10.7404 (11.6411)	Top 1 Accuracy 61.719 (15.703)	Top 5 Accuracy 65.000 (18.213)
Train Batch: [18400/30247]	Loss 10.6645 (11.6362)	Top 1 Accuracy 64.062 (15.935)	Top 5 Accuracy 67.188 (18.458)
Train Batch: [18500/30247]	Loss 10.7586 (11.6314)	Top 1 Accuracy 58.125 (16.165)	Top 5 Accuracy 61.406 (18.700)
Train Batch: [18600/30247]	Loss 10.7346 (11.6264)	Top 1 Accuracy 59.219 (16.396)	Top 5 Accuracy 63.594 (18.944)
Train Batch: [18700/30247]	Loss 10.6062 (11.6214)	Top 1 Accuracy 64.062 (16.629)	Top 5 Accuracy 68.594 (19.190)
Train Batch: [18800/30247]	Loss 10.5617 (11.6165)	Top 1 Accuracy 65.000 (16.858)	Top 5 Accuracy 71.719 (19.431)
Train Batch: [18900/30247]	Loss 10.7192 (11.6116)	Top 1 Accuracy 56.875 (17.085)	Top 5 Accuracy 61.562 (19.670)
Train Batch: [19000/30247]	Loss 10.5917 (11.6066)	Top 1 Accuracy 64.062 (17.314)	Top 5 Accuracy 69.062 (19.911)
Train Batch: [19100/30247]	Loss 10.7892 (11.6017)	Top 1 Accuracy 54.219 (17.538)	Top 5 Accuracy 59.375 (20.146)
Train Batch: [19200/30247]	Loss 10.6884 (11.5967)	Top 1 Accuracy 58.750 (17.762)	Top 5 Accuracy 62.812 (20.383)
Train Batch: [19300/30247]	Loss 10.6211 (11.5918)	Top 1 Accuracy 62.344 (17.982)	Top 5 Accuracy 66.250 (20.615)
Train Batch: [19400/30247]	Loss 10.5250 (11.5869)	Top 1 Accuracy 63.906 (18.200)	Top 5 Accuracy 71.406 (20.844)
Train Batch: [19500/30247]	Loss 10.6280 (11.5820)	Top 1 Accuracy 61.562 (18.419)	Top 5 Accuracy 64.375 (21.075)
Train Batch: [19600/30247]	Loss 10.6231 (11.5770)	Top 1 Accuracy 59.531 (18.640)	Top 5 Accuracy 64.688 (21.306)
Train Batch: [19700/30247]	Loss 10.6114 (11.5720)	Top 1 Accuracy 60.312 (18.859)	Top 5 Accuracy 66.562 (21.536)
Train Batch: [19800/30247]	Loss 10.4552 (11.5671)	Top 1 Accuracy 67.500 (19.075)	Top 5 Accuracy 72.031 (21.764)
Train Batch: [19900/30247]	Loss 10.5792 (11.5622)	Top 1 Accuracy 59.219 (19.287)	Top 5 Accuracy 64.844 (21.987)
Train Batch: [20000/30247]	Loss 10.6257 (11.5573)	Top 1 Accuracy 55.938 (19.498)	Top 5 Accuracy 66.875 (22.210)
Train Batch: [20100/30247]	Loss 10.6439 (11.5523)	Top 1 Accuracy 55.469 (19.709)	Top 5 Accuracy 64.219 (22.432)
Train Batch: [20200/30247]	Loss 10.5526 (11.5474)	Top 1 Accuracy 62.188 (19.921)	Top 5 Accuracy 67.188 (22.654)
Train Batch: [20300/30247]	Loss 10.6286 (11.5424)	Top 1 Accuracy 58.750 (20.132)	Top 5 Accuracy 62.656 (22.874)
Train Batch: [20400/30247]	Loss 10.5464 (11.5375)	Top 1 Accuracy 63.594 (20.339)	Top 5 Accuracy 67.500 (23.094)
Train Batch: [20500/30247]	Loss 10.4245 (11.5326)	Top 1 Accuracy 67.812 (20.542)	Top 5 Accuracy 71.094 (23.307)
Train Batch: [20600/30247]	Loss 10.4288 (11.5277)	Top 1 Accuracy 66.094 (20.745)	Top 5 Accuracy 71.875 (23.521)
Train Batch: [20700/30247]	Loss 10.5281 (11.5229)	Top 1 Accuracy 62.344 (20.946)	Top 5 Accuracy 67.188 (23.734)
Train Batch: [20800/30247]	Loss 10.7326 (11.5180)	Top 1 Accuracy 52.969 (21.145)	Top 5 Accuracy 56.719 (23.943)
Train Batch: [20900/30247]	Loss 10.4117 (11.5132)	Top 1 Accuracy 68.906 (21.342)	Top 5 Accuracy 70.469 (24.151)
Train Batch: [21000/30247]	Loss 10.6372 (11.5082)	Top 1 Accuracy 56.875 (21.543)	Top 5 Accuracy 60.938 (24.363)
Train Batch: [21100/30247]	Loss 10.3533 (11.5034)	Top 1 Accuracy 66.562 (21.740)	Top 5 Accuracy 73.281 (24.570)
Train Batch: [21200/30247]	Loss 10.4764 (11.4985)	Top 1 Accuracy 62.656 (21.936)	Top 5 Accuracy 68.594 (24.777)
Train Batch: [21300/30247]	Loss 10.3942 (11.4936)	Top 1 Accuracy 66.875 (22.130)	Top 5 Accuracy 71.562 (24.981)
Train Batch: [21400/30247]	Loss 10.6459 (11.4887)	Top 1 Accuracy 54.688 (22.326)	Top 5 Accuracy 58.750 (25.188)
Train Batch: [21500/30247]	Loss 10.3946 (11.4838)	Top 1 Accuracy 64.844 (22.521)	Top 5 Accuracy 71.250 (25.393)
Train Batch: [21600/30247]	Loss 10.3898 (11.4789)	Top 1 Accuracy 65.469 (22.712)	Top 5 Accuracy 70.938 (25.595)
Train Batch: [21700/30247]	Loss 10.4270 (11.4741)	Top 1 Accuracy 64.219 (22.902)	Top 5 Accuracy 69.062 (25.795)
Train Batch: [21800/30247]	Loss 10.2953 (11.4692)	Top 1 Accuracy 68.594 (23.091)	Top 5 Accuracy 73.750 (25.995)
Train Batch: [21900/30247]	Loss 10.4402 (11.4644)	Top 1 Accuracy 64.844 (23.279)	Top 5 Accuracy 68.438 (26.193)
Train Batch: [22000/30247]	Loss 10.4065 (11.4596)	Top 1 Accuracy 64.688 (23.464)	Top 5 Accuracy 68.594 (26.387)
Train Batch: [22100/30247]	Loss 10.3098 (11.4547)	Top 1 Accuracy 67.969 (23.649)	Top 5 Accuracy 71.562 (26.581)
Train Batch: [22200/30247]	Loss 10.3573 (11.4499)	Top 1 Accuracy 66.094 (23.831)	Top 5 Accuracy 71.250 (26.775)
Train Batch: [22300/30247]	Loss 10.3322 (11.4451)	Top 1 Accuracy 65.938 (24.013)	Top 5 Accuracy 69.844 (26.966)
Train Batch: [22400/30247]	Loss 10.2871 (11.4404)	Top 1 Accuracy 67.188 (24.191)	Top 5 Accuracy 72.344 (27.155)
Train Batch: [22500/30247]	Loss 10.2744 (11.4356)	Top 1 Accuracy 67.812 (24.368)	Top 5 Accuracy 70.781 (27.342)
Train Batch: [22600/30247]	Loss 10.3257 (11.4309)	Top 1 Accuracy 60.469 (24.544)	Top 5 Accuracy 72.188 (27.528)
Train Batch: [22700/30247]	Loss 10.3852 (11.4262)	Top 1 Accuracy 63.594 (24.720)	Top 5 Accuracy 69.375 (27.715)
Train Batch: [22800/30247]	Loss 10.4389 (11.4214)	Top 1 Accuracy 59.219 (24.894)	Top 5 Accuracy 67.500 (27.899)
Train Batch: [22900/30247]	Loss 10.2589 (11.4167)	Top 1 Accuracy 63.906 (25.067)	Top 5 Accuracy 73.750 (28.082)
Train Batch: [23000/30247]	Loss 10.2066 (11.4120)	Top 1 Accuracy 69.375 (25.238)	Top 5 Accuracy 73.750 (28.263)
Train Batch: [23100/30247]	Loss 10.2749 (11.4073)	Top 1 Accuracy 67.344 (25.410)	Top 5 Accuracy 71.406 (28.444)
Train Batch: [23200/30247]	Loss 10.3819 (11.4026)	Top 1 Accuracy 61.250 (25.578)	Top 5 Accuracy 67.344 (28.623)
Train Batch: [23300/30247]	Loss 10.3284 (11.3980)	Top 1 Accuracy 63.750 (25.747)	Top 5 Accuracy 68.438 (28.801)
Train Batch: [23400/30247]	Loss 10.3638 (11.3933)	Top 1 Accuracy 58.750 (25.915)	Top 5 Accuracy 68.281 (28.979)
Train Batch: [23500/30247]	Loss 10.4250 (11.3886)	Top 1 Accuracy 60.938 (26.080)	Top 5 Accuracy 64.844 (29.155)
Train Batch: [23600/30247]	Loss 10.2982 (11.3840)	Top 1 Accuracy 63.594 (26.244)	Top 5 Accuracy 68.750 (29.328)
Train Batch: [23700/30247]	Loss 10.3773 (11.3794)	Top 1 Accuracy 62.500 (26.407)	Top 5 Accuracy 65.781 (29.501)
Train Batch: [23800/30247]	Loss 10.2559 (11.3747)	Top 1 Accuracy 65.312 (26.569)	Top 5 Accuracy 70.469 (29.672)
Train Batch: [23900/30247]	Loss 10.3179 (11.3701)	Top 1 Accuracy 64.219 (26.730)	Top 5 Accuracy 68.750 (29.842)
Train Batch: [24000/30247]	Loss 10.2464 (11.3656)	Top 1 Accuracy 67.969 (26.890)	Top 5 Accuracy 71.719 (30.011)
Train Batch: [24100/30247]	Loss 10.1825 (11.3610)	Top 1 Accuracy 70.156 (27.049)	Top 5 Accuracy 72.500 (30.180)
Train Batch: [24200/30247]	Loss 10.3482 (11.3564)	Top 1 Accuracy 62.031 (27.207)	Top 5 Accuracy 66.250 (30.347)
Train Batch: [24300/30247]	Loss 10.3344 (11.3519)	Top 1 Accuracy 60.625 (27.362)	Top 5 Accuracy 66.875 (30.512)
Train Batch: [24400/30247]	Loss 10.2632 (11.3473)	Top 1 Accuracy 63.906 (27.517)	Top 5 Accuracy 71.094 (30.676)
Train Batch: [24500/30247]	Loss 10.1950 (11.3428)	Top 1 Accuracy 67.031 (27.668)	Top 5 Accuracy 72.188 (30.838)
Train Batch: [24600/30247]	Loss 10.0898 (11.3384)	Top 1 Accuracy 70.156 (27.819)	Top 5 Accuracy 74.375 (30.999)
Train Batch: [24700/30247]	Loss 10.2109 (11.3339)	Top 1 Accuracy 66.719 (27.971)	Top 5 Accuracy 70.938 (31.159)
Train Batch: [24800/30247]	Loss 10.3626 (11.3294)	Top 1 Accuracy 60.312 (28.121)	Top 5 Accuracy 64.219 (31.318)
Train Batch: [24900/30247]	Loss 10.2178 (11.3249)	Top 1 Accuracy 64.375 (28.270)	Top 5 Accuracy 70.938 (31.476)
Train Batch: [25000/30247]	Loss 10.0302 (11.3204)	Top 1 Accuracy 72.812 (28.419)	Top 5 Accuracy 77.188 (31.633)
Train Batch: [25100/30247]	Loss 10.1296 (11.3160)	Top 1 Accuracy 67.188 (28.565)	Top 5 Accuracy 72.969 (31.788)
Train Batch: [25200/30247]	Loss 10.2465 (11.3116)	Top 1 Accuracy 64.375 (28.711)	Top 5 Accuracy 69.062 (31.943)
Train Batch: [25300/30247]	Loss 10.1856 (11.3071)	Top 1 Accuracy 66.406 (28.858)	Top 5 Accuracy 70.312 (32.099)
Train Batch: [25400/30247]	Loss 10.2335 (11.3027)	Top 1 Accuracy 62.031 (29.003)	Top 5 Accuracy 69.688 (32.252)
Train Batch: [25500/30247]	Loss 10.2035 (11.2982)	Top 1 Accuracy 64.219 (29.147)	Top 5 Accuracy 70.156 (32.405)
Train Batch: [25600/30247]	Loss 10.2469 (11.2938)	Top 1 Accuracy 60.312 (29.289)	Top 5 Accuracy 68.438 (32.556)
Train Batch: [25700/30247]	Loss 10.0879 (11.2895)	Top 1 Accuracy 66.875 (29.430)	Top 5 Accuracy 74.062 (32.705)
Train Batch: [25800/30247]	Loss 10.1422 (11.2851)	Top 1 Accuracy 66.875 (29.571)	Top 5 Accuracy 70.469 (32.853)
Train Batch: [25900/30247]	Loss 10.2357 (11.2807)	Top 1 Accuracy 63.281 (29.710)	Top 5 Accuracy 67.031 (33.000)
Train Batch: [26000/30247]	Loss 9.9974 (11.2764)	Top 1 Accuracy 70.625 (29.850)	Top 5 Accuracy 77.031 (33.147)
Train Batch: [26100/30247]	Loss 10.1342 (11.2720)	Top 1 Accuracy 63.438 (29.988)	Top 5 Accuracy 73.594 (33.293)
Train Batch: [26200/30247]	Loss 10.1728 (11.2677)	Top 1 Accuracy 63.906 (30.124)	Top 5 Accuracy 70.625 (33.437)
Train Batch: [26300/30247]	Loss 10.1985 (11.2634)	Top 1 Accuracy 63.594 (30.260)	Top 5 Accuracy 68.125 (33.581)
Train Batch: [26400/30247]	Loss 10.1810 (11.2591)	Top 1 Accuracy 62.969 (30.393)	Top 5 Accuracy 68.281 (33.723)
Train Batch: [26500/30247]	Loss 10.0978 (11.2548)	Top 1 Accuracy 67.031 (30.526)	Top 5 Accuracy 72.188 (33.864)
Train Batch: [26600/30247]	Loss 10.2028 (11.2506)	Top 1 Accuracy 63.906 (30.658)	Top 5 Accuracy 69.531 (34.004)
Train Batch: [26700/30247]	Loss 10.0288 (11.2463)	Top 1 Accuracy 68.438 (30.791)	Top 5 Accuracy 72.031 (34.144)
Train Batch: [26800/30247]	Loss 10.1393 (11.2420)	Top 1 Accuracy 65.781 (30.923)	Top 5 Accuracy 70.312 (34.282)
Train Batch: [26900/30247]	Loss 10.0841 (11.2378)	Top 1 Accuracy 64.531 (31.053)	Top 5 Accuracy 72.656 (34.421)
Train Batch: [27000/30247]	Loss 10.1051 (11.2336)	Top 1 Accuracy 65.625 (31.182)	Top 5 Accuracy 71.250 (34.557)
Train Batch: [27100/30247]	Loss 10.0716 (11.2293)	Top 1 Accuracy 66.094 (31.310)	Top 5 Accuracy 71.094 (34.692)
Train Batch: [27200/30247]	Loss 10.0419 (11.2252)	Top 1 Accuracy 69.375 (31.436)	Top 5 Accuracy 72.812 (34.825)
Train Batch: [27300/30247]	Loss 10.1310 (11.2209)	Top 1 Accuracy 63.906 (31.564)	Top 5 Accuracy 69.375 (34.960)
Train Batch: [27400/30247]	Loss 9.9986 (11.2168)	Top 1 Accuracy 68.906 (31.690)	Top 5 Accuracy 72.812 (35.093)
Train Batch: [27500/30247]	Loss 9.9989 (11.2126)	Top 1 Accuracy 66.875 (31.815)	Top 5 Accuracy 72.656 (35.224)
Train Batch: [27600/30247]	Loss 9.9441 (11.2084)	Top 1 Accuracy 70.000 (31.939)	Top 5 Accuracy 75.938 (35.356)
Train Batch: [27700/30247]	Loss 9.9804 (11.2043)	Top 1 Accuracy 72.344 (32.062)	Top 5 Accuracy 74.219 (35.486)
Train Batch: [27800/30247]	Loss 10.0337 (11.2002)	Top 1 Accuracy 67.969 (32.184)	Top 5 Accuracy 71.875 (35.615)
Train Batch: [27900/30247]	Loss 10.0662 (11.1960)	Top 1 Accuracy 62.969 (32.306)	Top 5 Accuracy 71.250 (35.744)
Train Batch: [28000/30247]	Loss 10.0354 (11.1919)	Top 1 Accuracy 62.656 (32.426)	Top 5 Accuracy 72.656 (35.870)
Train Batch: [28100/30247]	Loss 10.1004 (11.1878)	Top 1 Accuracy 63.906 (32.546)	Top 5 Accuracy 69.375 (35.997)
Train Batch: [28200/30247]	Loss 10.0229 (11.1837)	Top 1 Accuracy 67.031 (32.666)	Top 5 Accuracy 73.125 (36.123)
Train Batch: [28300/30247]	Loss 9.9280 (11.1796)	Top 1 Accuracy 70.938 (32.786)	Top 5 Accuracy 75.625 (36.248)
Train Batch: [28400/30247]	Loss 10.0689 (11.1755)	Top 1 Accuracy 64.531 (32.903)	Top 5 Accuracy 69.219 (36.373)
Train Batch: [28500/30247]	Loss 10.0149 (11.1714)	Top 1 Accuracy 67.500 (33.021)	Top 5 Accuracy 74.375 (36.497)
Train Batch: [28600/30247]	Loss 10.0623 (11.1674)	Top 1 Accuracy 65.469 (33.138)	Top 5 Accuracy 68.906 (36.620)
Train Batch: [28700/30247]	Loss 9.9924 (11.1633)	Top 1 Accuracy 66.406 (33.252)	Top 5 Accuracy 73.281 (36.741)
Train Batch: [28800/30247]	Loss 10.0602 (11.1593)	Top 1 Accuracy 63.281 (33.367)	Top 5 Accuracy 67.344 (36.862)
Train Batch: [28900/30247]	Loss 9.9236 (11.1553)	Top 1 Accuracy 69.688 (33.482)	Top 5 Accuracy 73.438 (36.982)
Train Batch: [29000/30247]	Loss 9.9379 (11.1513)	Top 1 Accuracy 68.281 (33.595)	Top 5 Accuracy 73.750 (37.102)
Train Batch: [29100/30247]	Loss 10.0743 (11.1473)	Top 1 Accuracy 61.719 (33.708)	Top 5 Accuracy 69.062 (37.220)
Train Batch: [29200/30247]	Loss 10.0584 (11.1434)	Top 1 Accuracy 64.062 (33.819)	Top 5 Accuracy 69.531 (37.338)
Train Batch: [29300/30247]	Loss 9.9947 (11.1394)	Top 1 Accuracy 66.562 (33.930)	Top 5 Accuracy 71.875 (37.455)
Train Batch: [29400/30247]	Loss 9.9772 (11.1355)	Top 1 Accuracy 66.406 (34.040)	Top 5 Accuracy 71.875 (37.570)
Train Batch: [29500/30247]	Loss 10.0277 (11.1315)	Top 1 Accuracy 64.531 (34.150)	Top 5 Accuracy 68.750 (37.686)
Train Batch: [29600/30247]	Loss 9.9773 (11.1275)	Top 1 Accuracy 64.844 (34.260)	Top 5 Accuracy 71.719 (37.801)
Train Batch: [29700/30247]	Loss 9.8315 (11.1236)	Top 1 Accuracy 72.344 (34.369)	Top 5 Accuracy 76.562 (37.916)
Train Batch: [29800/30247]	Loss 9.9471 (11.1197)	Top 1 Accuracy 66.094 (34.477)	Top 5 Accuracy 71.094 (38.030)
Train Batch: [29900/30247]	Loss 9.9899 (11.1158)	Top 1 Accuracy 63.750 (34.584)	Top 5 Accuracy 69.688 (38.142)
Train Batch: [30000/30247]	Loss 9.8324 (11.1119)	Top 1 Accuracy 70.781 (34.690)	Top 5 Accuracy 75.625 (38.255)
Train Batch: [30100/30247]	Loss 9.8495 (11.1080)	Top 1 Accuracy 70.312 (34.796)	Top 5 Accuracy 75.469 (38.365)
Train Batch: [30200/30247]	Loss 9.8744 (11.1042)	Top 1 Accuracy 68.594 (34.900)	Top 5 Accuracy 75.000 (38.475)
Saved Model!
Train Batch: [0/30247]	Loss 9.9597 (9.9597)	Top 1 Accuracy 66.562 (66.562)	Top 5 Accuracy 70.938 (70.938)
Train Batch: [100/30247]	Loss 9.8899 (9.9350)	Top 1 Accuracy 68.594 (66.450)	Top 5 Accuracy 73.281 (71.610)
Train Batch: [200/30247]	Loss 9.9447 (9.9306)	Top 1 Accuracy 66.562 (66.520)	Top 5 Accuracy 72.188 (71.699)
Train Batch: [300/30247]	Loss 9.8366 (9.9280)	Top 1 Accuracy 70.156 (66.567)	Top 5 Accuracy 75.625 (71.739)
Train Batch: [400/30247]	Loss 9.8335 (9.9255)	Top 1 Accuracy 70.312 (66.556)	Top 5 Accuracy 73.750 (71.762)
Train Batch: [500/30247]	Loss 9.9176 (9.9247)	Top 1 Accuracy 64.844 (66.484)	Top 5 Accuracy 72.812 (71.734)
Train Batch: [600/30247]	Loss 9.8717 (9.9223)	Top 1 Accuracy 68.125 (66.510)	Top 5 Accuracy 72.031 (71.748)
Train Batch: [700/30247]	Loss 9.9446 (9.9209)	Top 1 Accuracy 65.312 (66.494)	Top 5 Accuracy 71.094 (71.733)
Train Batch: [800/30247]	Loss 9.9495 (9.9184)	Top 1 Accuracy 62.188 (66.490)	Top 5 Accuracy 67.969 (71.741)
Train Batch: [900/30247]	Loss 10.0874 (9.9168)	Top 1 Accuracy 59.375 (66.492)	Top 5 Accuracy 65.781 (71.721)
Train Batch: [1000/30247]	Loss 9.9222 (9.9142)	Top 1 Accuracy 65.938 (66.524)	Top 5 Accuracy 69.844 (71.737)
Train Batch: [1100/30247]	Loss 9.9947 (9.9126)	Top 1 Accuracy 60.781 (66.498)	Top 5 Accuracy 70.156 (71.715)
Train Batch: [1200/30247]	Loss 10.0884 (9.9102)	Top 1 Accuracy 58.125 (66.524)	Top 5 Accuracy 66.406 (71.722)
Train Batch: [1300/30247]	Loss 9.7850 (9.9071)	Top 1 Accuracy 71.094 (66.558)	Top 5 Accuracy 74.531 (71.745)
Train Batch: [1400/30247]	Loss 9.8007 (9.9051)	Top 1 Accuracy 70.469 (66.549)	Top 5 Accuracy 72.969 (71.743)
Train Batch: [1500/30247]	Loss 9.9242 (9.9034)	Top 1 Accuracy 65.781 (66.539)	Top 5 Accuracy 70.156 (71.719)
Train Batch: [1600/30247]	Loss 9.8057 (9.9010)	Top 1 Accuracy 68.438 (66.549)	Top 5 Accuracy 74.375 (71.736)
Train Batch: [1700/30247]	Loss 9.8541 (9.8988)	Top 1 Accuracy 67.656 (66.566)	Top 5 Accuracy 71.094 (71.734)
Train Batch: [1800/30247]	Loss 9.8270 (9.8961)	Top 1 Accuracy 67.500 (66.589)	Top 5 Accuracy 70.781 (71.757)
Train Batch: [1900/30247]	Loss 10.1526 (9.8948)	Top 1 Accuracy 56.562 (66.573)	Top 5 Accuracy 62.969 (71.727)
Train Batch: [2000/30247]	Loss 9.7479 (9.8923)	Top 1 Accuracy 69.062 (66.584)	Top 5 Accuracy 73.438 (71.740)
Train Batch: [2100/30247]	Loss 10.0567 (9.8902)	Top 1 Accuracy 60.469 (66.584)	Top 5 Accuracy 65.781 (71.753)
Train Batch: [2200/30247]	Loss 9.7122 (9.8882)	Top 1 Accuracy 70.312 (66.589)	Top 5 Accuracy 75.781 (71.751)
Train Batch: [2300/30247]	Loss 9.7899 (9.8859)	Top 1 Accuracy 67.188 (66.600)	Top 5 Accuracy 72.500 (71.753)
Train Batch: [2400/30247]	Loss 9.7757 (9.8839)	Top 1 Accuracy 70.938 (66.599)	Top 5 Accuracy 74.219 (71.742)
Train Batch: [2500/30247]	Loss 9.7884 (9.8817)	Top 1 Accuracy 66.719 (66.603)	Top 5 Accuracy 73.594 (71.749)
Train Batch: [2600/30247]	Loss 9.9040 (9.8797)	Top 1 Accuracy 63.438 (66.606)	Top 5 Accuracy 68.750 (71.748)
Train Batch: [2700/30247]	Loss 9.8014 (9.8776)	Top 1 Accuracy 69.062 (66.615)	Top 5 Accuracy 73.281 (71.752)
Train Batch: [2800/30247]	Loss 9.8581 (9.8757)	Top 1 Accuracy 66.406 (66.621)	Top 5 Accuracy 69.062 (71.754)
Train Batch: [2900/30247]	Loss 9.8175 (9.8738)	Top 1 Accuracy 66.406 (66.620)	Top 5 Accuracy 71.875 (71.749)
Train Batch: [3000/30247]	Loss 9.7792 (9.8720)	Top 1 Accuracy 69.062 (66.614)	Top 5 Accuracy 73.906 (71.743)
Train Batch: [3100/30247]	Loss 9.8943 (9.8698)	Top 1 Accuracy 64.062 (66.624)	Top 5 Accuracy 68.125 (71.748)
Train Batch: [3200/30247]	Loss 9.7806 (9.8674)	Top 1 Accuracy 65.781 (66.636)	Top 5 Accuracy 74.062 (71.763)
Train Batch: [3300/30247]	Loss 9.9159 (9.8653)	Top 1 Accuracy 62.500 (66.643)	Top 5 Accuracy 67.031 (71.768)
Train Batch: [3400/30247]	Loss 9.8749 (9.8633)	Top 1 Accuracy 62.812 (66.645)	Top 5 Accuracy 70.000 (71.769)
Train Batch: [3500/30247]	Loss 9.8740 (9.8608)	Top 1 Accuracy 62.031 (66.660)	Top 5 Accuracy 70.156 (71.782)
Train Batch: [3600/30247]	Loss 9.7661 (9.8587)	Top 1 Accuracy 66.719 (66.669)	Top 5 Accuracy 72.500 (71.789)
Train Batch: [3700/30247]	Loss 9.8525 (9.8566)	Top 1 Accuracy 66.250 (66.676)	Top 5 Accuracy 70.469 (71.796)
Train Batch: [3800/30247]	Loss 9.7127 (9.8548)	Top 1 Accuracy 69.375 (66.668)	Top 5 Accuracy 72.500 (71.785)
Train Batch: [3900/30247]	Loss 9.7892 (9.8527)	Top 1 Accuracy 66.250 (66.676)	Top 5 Accuracy 71.094 (71.795)
Train Batch: [4000/30247]	Loss 9.7810 (9.8508)	Top 1 Accuracy 67.500 (66.677)	Top 5 Accuracy 71.719 (71.793)
Train Batch: [4100/30247]	Loss 9.7965 (9.8487)	Top 1 Accuracy 65.312 (66.685)	Top 5 Accuracy 71.562 (71.793)
Train Batch: [4200/30247]	Loss 9.7668 (9.8467)	Top 1 Accuracy 65.469 (66.692)	Top 5 Accuracy 73.438 (71.798)
Train Batch: [4300/30247]	Loss 9.6895 (9.8445)	Top 1 Accuracy 68.125 (66.702)	Top 5 Accuracy 72.812 (71.800)
Train Batch: [4400/30247]	Loss 9.7553 (9.8424)	Top 1 Accuracy 68.594 (66.707)	Top 5 Accuracy 72.500 (71.806)
Train Batch: [4500/30247]	Loss 9.7254 (9.8404)	Top 1 Accuracy 68.438 (66.710)	Top 5 Accuracy 72.656 (71.809)
Train Batch: [4600/30247]	Loss 9.5062 (9.8383)	Top 1 Accuracy 76.094 (66.715)	Top 5 Accuracy 80.781 (71.819)
Train Batch: [4700/30247]	Loss 9.6186 (9.8360)	Top 1 Accuracy 70.625 (66.729)	Top 5 Accuracy 75.312 (71.835)
Train Batch: [4800/30247]	Loss 9.6863 (9.8340)	Top 1 Accuracy 68.438 (66.736)	Top 5 Accuracy 73.906 (71.836)
Train Batch: [4900/30247]	Loss 9.6504 (9.8322)	Top 1 Accuracy 68.281 (66.735)	Top 5 Accuracy 76.094 (71.834)
Train Batch: [5000/30247]	Loss 9.6583 (9.8303)	Top 1 Accuracy 67.969 (66.735)	Top 5 Accuracy 74.062 (71.829)
Train Batch: [5100/30247]	Loss 9.7345 (9.8282)	Top 1 Accuracy 68.125 (66.746)	Top 5 Accuracy 71.562 (71.833)
Train Batch: [5200/30247]	Loss 9.5512 (9.8260)	Top 1 Accuracy 73.125 (66.756)	Top 5 Accuracy 77.500 (71.838)
Train Batch: [5300/30247]	Loss 9.8137 (9.8239)	Top 1 Accuracy 64.062 (66.759)	Top 5 Accuracy 66.094 (71.840)
Train Batch: [5400/30247]	Loss 9.6596 (9.8218)	Top 1 Accuracy 68.906 (66.771)	Top 5 Accuracy 73.281 (71.846)
Train Batch: [5500/30247]	Loss 9.6950 (9.8199)	Top 1 Accuracy 67.188 (66.770)	Top 5 Accuracy 72.812 (71.846)
Train Batch: [5600/30247]	Loss 9.5432 (9.8178)	Top 1 Accuracy 73.750 (66.777)	Top 5 Accuracy 77.500 (71.849)
Train Batch: [5700/30247]	Loss 9.7645 (9.8158)	Top 1 Accuracy 65.000 (66.782)	Top 5 Accuracy 70.781 (71.850)
Train Batch: [5800/30247]	Loss 9.6613 (9.8138)	Top 1 Accuracy 67.969 (66.789)	Top 5 Accuracy 72.344 (71.852)
Train Batch: [5900/30247]	Loss 9.7156 (9.8115)	Top 1 Accuracy 67.031 (66.802)	Top 5 Accuracy 70.000 (71.864)
Train Batch: [6000/30247]	Loss 9.6928 (9.8095)	Top 1 Accuracy 67.812 (66.807)	Top 5 Accuracy 73.594 (71.866)
Train Batch: [6100/30247]	Loss 9.8453 (9.8076)	Top 1 Accuracy 62.344 (66.810)	Top 5 Accuracy 68.125 (71.864)
Train Batch: [6200/30247]	Loss 9.6549 (9.8056)	Top 1 Accuracy 67.812 (66.815)	Top 5 Accuracy 72.500 (71.869)
Train Batch: [6300/30247]	Loss 9.7480 (9.8038)	Top 1 Accuracy 65.625 (66.812)	Top 5 Accuracy 70.156 (71.864)
Train Batch: [6400/30247]	Loss 9.4916 (9.8018)	Top 1 Accuracy 72.031 (66.818)	Top 5 Accuracy 76.719 (71.865)
Train Batch: [6500/30247]	Loss 9.6568 (9.8002)	Top 1 Accuracy 66.875 (66.814)	Top 5 Accuracy 75.000 (71.858)
Train Batch: [6600/30247]	Loss 9.7642 (9.7985)	Top 1 Accuracy 62.969 (66.808)	Top 5 Accuracy 67.188 (71.853)
Train Batch: [6700/30247]	Loss 9.6406 (9.7967)	Top 1 Accuracy 65.312 (66.809)	Top 5 Accuracy 72.969 (71.854)
Train Batch: [6800/30247]	Loss 9.6360 (9.7948)	Top 1 Accuracy 68.750 (66.809)	Top 5 Accuracy 71.875 (71.854)
Train Batch: [6900/30247]	Loss 9.6657 (9.7929)	Top 1 Accuracy 65.469 (66.813)	Top 5 Accuracy 72.812 (71.856)
Train Batch: [7000/30247]	Loss 9.6464 (9.7908)	Top 1 Accuracy 68.906 (66.823)	Top 5 Accuracy 73.594 (71.865)
Train Batch: [7100/30247]	Loss 9.7247 (9.7888)	Top 1 Accuracy 66.719 (66.831)	Top 5 Accuracy 70.938 (71.867)
Train Batch: [7200/30247]	Loss 9.7080 (9.7868)	Top 1 Accuracy 65.781 (66.838)	Top 5 Accuracy 70.625 (71.871)
Train Batch: [7300/30247]	Loss 9.7041 (9.7847)	Top 1 Accuracy 66.094 (66.845)	Top 5 Accuracy 72.500 (71.879)
Train Batch: [7400/30247]	Loss 9.5447 (9.7828)	Top 1 Accuracy 69.844 (66.847)	Top 5 Accuracy 74.531 (71.880)
Train Batch: [7500/30247]	Loss 9.7007 (9.7809)	Top 1 Accuracy 64.688 (66.854)	Top 5 Accuracy 69.688 (71.887)
Train Batch: [7600/30247]	Loss 9.6530 (9.7789)	Top 1 Accuracy 64.219 (66.860)	Top 5 Accuracy 71.562 (71.892)
Train Batch: [7700/30247]	Loss 9.5002 (9.7769)	Top 1 Accuracy 71.406 (66.866)	Top 5 Accuracy 75.312 (71.898)
Train Batch: [7800/30247]	Loss 9.5687 (9.7749)	Top 1 Accuracy 69.844 (66.874)	Top 5 Accuracy 75.469 (71.904)
Train Batch: [7900/30247]	Loss 9.4877 (9.7727)	Top 1 Accuracy 71.719 (66.886)	Top 5 Accuracy 75.625 (71.916)
Train Batch: [8000/30247]	Loss 9.6239 (9.7708)	Top 1 Accuracy 67.031 (66.891)	Top 5 Accuracy 72.188 (71.919)
Train Batch: [8100/30247]	Loss 9.6419 (9.7690)	Top 1 Accuracy 66.562 (66.894)	Top 5 Accuracy 69.531 (71.919)
Train Batch: [8200/30247]	Loss 9.6132 (9.7672)	Top 1 Accuracy 67.969 (66.896)	Top 5 Accuracy 72.344 (71.920)
Train Batch: [8300/30247]	Loss 9.4702 (9.7652)	Top 1 Accuracy 70.469 (66.905)	Top 5 Accuracy 76.250 (71.925)
Train Batch: [8400/30247]	Loss 9.4929 (9.7632)	Top 1 Accuracy 71.406 (66.910)	Top 5 Accuracy 74.688 (71.929)
Train Batch: [8500/30247]	Loss 9.6192 (9.7613)	Top 1 Accuracy 67.500 (66.916)	Top 5 Accuracy 72.969 (71.933)
Train Batch: [8600/30247]	Loss 9.5493 (9.7593)	Top 1 Accuracy 66.875 (66.925)	Top 5 Accuracy 73.594 (71.936)
Train Batch: [8700/30247]	Loss 9.6770 (9.7574)	Top 1 Accuracy 63.906 (66.930)	Top 5 Accuracy 69.062 (71.939)
Train Batch: [8800/30247]	Loss 9.6410 (9.7555)	Top 1 Accuracy 65.156 (66.935)	Top 5 Accuracy 70.625 (71.940)
Train Batch: [8900/30247]	Loss 9.5497 (9.7536)	Top 1 Accuracy 67.656 (66.942)	Top 5 Accuracy 71.719 (71.945)
Train Batch: [9000/30247]	Loss 9.5416 (9.7516)	Top 1 Accuracy 68.438 (66.952)	Top 5 Accuracy 73.594 (71.951)
Train Batch: [9100/30247]	Loss 9.6696 (9.7499)	Top 1 Accuracy 62.969 (66.949)	Top 5 Accuracy 71.250 (71.950)
Train Batch: [9200/30247]	Loss 9.5775 (9.7481)	Top 1 Accuracy 67.969 (66.950)	Top 5 Accuracy 73.125 (71.950)
Train Batch: [9300/30247]	Loss 9.6909 (9.7465)	Top 1 Accuracy 62.344 (66.947)	Top 5 Accuracy 69.531 (71.948)
Train Batch: [9400/30247]	Loss 9.6793 (9.7447)	Top 1 Accuracy 63.906 (66.949)	Top 5 Accuracy 69.844 (71.948)
Train Batch: [9500/30247]	Loss 9.4820 (9.7429)	Top 1 Accuracy 69.844 (66.950)	Top 5 Accuracy 75.000 (71.950)
Train Batch: [9600/30247]	Loss 9.5707 (9.7410)	Top 1 Accuracy 66.562 (66.956)	Top 5 Accuracy 71.719 (71.954)
Train Batch: [9700/30247]	Loss 9.6013 (9.7392)	Top 1 Accuracy 66.875 (66.957)	Top 5 Accuracy 71.875 (71.953)
Train Batch: [9800/30247]	Loss 9.5604 (9.7375)	Top 1 Accuracy 68.438 (66.956)	Top 5 Accuracy 71.719 (71.951)
Train Batch: [9900/30247]	Loss 9.4887 (9.7358)	Top 1 Accuracy 71.250 (66.958)	Top 5 Accuracy 74.531 (71.952)
Train Batch: [10000/30247]	Loss 9.3884 (9.7339)	Top 1 Accuracy 71.406 (66.962)	Top 5 Accuracy 77.031 (71.954)
Train Batch: [10100/30247]	Loss 9.5251 (9.7321)	Top 1 Accuracy 67.344 (66.964)	Top 5 Accuracy 72.188 (71.955)
Train Batch: [10200/30247]	Loss 9.5602 (9.7303)	Top 1 Accuracy 66.250 (66.967)	Top 5 Accuracy 70.938 (71.958)
Train Batch: [10300/30247]	Loss 9.5363 (9.7285)	Top 1 Accuracy 67.969 (66.968)	Top 5 Accuracy 74.531 (71.959)
Train Batch: [10400/30247]	Loss 9.4630 (9.7267)	Top 1 Accuracy 70.312 (66.971)	Top 5 Accuracy 74.062 (71.961)
Train Batch: [10500/30247]	Loss 9.4469 (9.7250)	Top 1 Accuracy 69.688 (66.973)	Top 5 Accuracy 74.844 (71.961)
Train Batch: [10600/30247]	Loss 9.5078 (9.7232)	Top 1 Accuracy 67.344 (66.974)	Top 5 Accuracy 74.219 (71.963)
Train Batch: [10700/30247]	Loss 9.4801 (9.7215)	Top 1 Accuracy 67.812 (66.976)	Top 5 Accuracy 73.750 (71.962)
Train Batch: [10800/30247]	Loss 9.4922 (9.7198)	Top 1 Accuracy 68.438 (66.977)	Top 5 Accuracy 71.875 (71.962)
Train Batch: [10900/30247]	Loss 9.5276 (9.7180)	Top 1 Accuracy 68.750 (66.982)	Top 5 Accuracy 71.719 (71.967)
Train Batch: [11000/30247]	Loss 9.3985 (9.7162)	Top 1 Accuracy 71.094 (66.985)	Top 5 Accuracy 75.938 (71.969)
Train Batch: [11100/30247]	Loss 9.5761 (9.7144)	Top 1 Accuracy 66.094 (66.988)	Top 5 Accuracy 71.562 (71.973)
Train Batch: [11200/30247]	Loss 9.3618 (9.7125)	Top 1 Accuracy 70.156 (66.993)	Top 5 Accuracy 74.375 (71.975)
Train Batch: [11300/30247]	Loss 9.6341 (9.7107)	Top 1 Accuracy 64.844 (66.996)	Top 5 Accuracy 67.500 (71.977)
Train Batch: [11400/30247]	Loss 9.4621 (9.7089)	Top 1 Accuracy 68.438 (67.003)	Top 5 Accuracy 72.812 (71.985)
Train Batch: [11500/30247]	Loss 9.3467 (9.7070)	Top 1 Accuracy 71.094 (67.009)	Top 5 Accuracy 76.562 (71.987)
Train Batch: [11600/30247]	Loss 9.5056 (9.7051)	Top 1 Accuracy 66.406 (67.016)	Top 5 Accuracy 72.812 (71.994)
Train Batch: [11700/30247]	Loss 9.4204 (9.7034)	Top 1 Accuracy 68.750 (67.019)	Top 5 Accuracy 75.000 (71.994)
Train Batch: [11800/30247]	Loss 9.5612 (9.7017)	Top 1 Accuracy 62.500 (67.022)	Top 5 Accuracy 70.469 (71.996)
Train Batch: [11900/30247]	Loss 9.6358 (9.7000)	Top 1 Accuracy 63.125 (67.021)	Top 5 Accuracy 68.281 (71.996)
Train Batch: [12000/30247]	Loss 9.4880 (9.6984)	Top 1 Accuracy 65.781 (67.019)	Top 5 Accuracy 74.375 (71.993)
Train Batch: [12100/30247]	Loss 9.3900 (9.6967)	Top 1 Accuracy 70.938 (67.024)	Top 5 Accuracy 74.062 (71.996)
Train Batch: [12200/30247]	Loss 9.5370 (9.6949)	Top 1 Accuracy 66.250 (67.029)	Top 5 Accuracy 70.625 (72.000)
Train Batch: [12300/30247]	Loss 9.6096 (9.6932)	Top 1 Accuracy 64.375 (67.029)	Top 5 Accuracy 68.594 (72.000)
Train Batch: [12400/30247]	Loss 9.6703 (9.6916)	Top 1 Accuracy 63.906 (67.031)	Top 5 Accuracy 66.562 (72.001)
Train Batch: [12500/30247]	Loss 9.5660 (9.6899)	Top 1 Accuracy 65.156 (67.034)	Top 5 Accuracy 69.688 (72.002)
Train Batch: [12600/30247]	Loss 9.5074 (9.6881)	Top 1 Accuracy 64.688 (67.039)	Top 5 Accuracy 69.531 (72.003)
Train Batch: [12700/30247]	Loss 9.3029 (9.6865)	Top 1 Accuracy 72.344 (67.041)	Top 5 Accuracy 78.125 (72.005)
Train Batch: [12800/30247]	Loss 9.4184 (9.6848)	Top 1 Accuracy 68.438 (67.043)	Top 5 Accuracy 73.125 (72.005)
Train Batch: [12900/30247]	Loss 9.4695 (9.6831)	Top 1 Accuracy 67.031 (67.047)	Top 5 Accuracy 71.719 (72.008)
Train Batch: [13000/30247]	Loss 9.4613 (9.6815)	Top 1 Accuracy 67.812 (67.047)	Top 5 Accuracy 72.812 (72.006)
