Namespace(aligner_model=None, aln_lr=0.0001, batch_size=64, data='/u/as3ek/github/reversible-meme/data', dec_lr=0.0001, decoder_model=None, enc_dim=512, enc_lr=0.0001, encoder_model=None, epochs=10, glove_path='/u/as3ek/github/reversible-meme/data/glove/glove.twitter.27B.200d.txt', id='run3', img_enc_dim=512, img_enc_net='resnet18', lambda_kld=1.0, log_interval=100, model_fldr='/u/as3ek/github/reversible-meme/models', step_size=5, train_enc=True, txt_enc_dim=512, use_glove=False, use_tf=False)
Let's use 4 GPUs!
Train Batch: [0/15120]	Loss 11.3211 (11.3211)	Top 1 Accuracy 0.000 (0.000)	Top 5 Accuracy 0.000 (0.000)
Train Batch: [100/15120]	Loss 4.5842 (5.9856)	Top 1 Accuracy 47.500 (46.278)	Top 5 Accuracy 56.250 (52.668)
Train Batch: [200/15120]	Loss 4.5119 (5.1426)	Top 1 Accuracy 46.641 (47.544)	Top 5 Accuracy 55.156 (55.208)
Train Batch: [300/15120]	Loss 4.4723 (4.8209)	Top 1 Accuracy 45.312 (48.244)	Top 5 Accuracy 54.141 (56.324)
Train Batch: [400/15120]	Loss 3.7631 (4.6439)	Top 1 Accuracy 52.812 (48.706)	Top 5 Accuracy 63.047 (57.035)
Train Batch: [500/15120]	Loss 3.9544 (4.5266)	Top 1 Accuracy 51.562 (49.057)	Top 5 Accuracy 61.250 (57.559)
Train Batch: [600/15120]	Loss 4.2604 (4.4517)	Top 1 Accuracy 46.641 (49.211)	Top 5 Accuracy 56.406 (57.845)
Train Batch: [700/15120]	Loss 4.0168 (4.3890)	Top 1 Accuracy 51.094 (49.455)	Top 5 Accuracy 60.078 (58.169)
Train Batch: [800/15120]	Loss 3.6974 (4.3440)	Top 1 Accuracy 54.609 (49.599)	Top 5 Accuracy 64.062 (58.408)
Train Batch: [900/15120]	Loss 4.0952 (4.3034)	Top 1 Accuracy 49.609 (49.770)	Top 5 Accuracy 59.219 (58.645)
Train Batch: [1000/15120]	Loss 4.1089 (4.2688)	Top 1 Accuracy 48.672 (49.905)	Top 5 Accuracy 60.859 (58.864)
Train Batch: [1100/15120]	Loss 3.4911 (4.2429)	Top 1 Accuracy 56.250 (49.996)	Top 5 Accuracy 64.375 (59.009)
Train Batch: [1200/15120]	Loss 3.7172 (4.2172)	Top 1 Accuracy 54.141 (50.103)	Top 5 Accuracy 64.688 (59.178)
Train Batch: [1300/15120]	Loss 3.6645 (4.1979)	Top 1 Accuracy 55.703 (50.168)	Top 5 Accuracy 64.922 (59.304)
Train Batch: [1400/15120]	Loss 4.0412 (4.1787)	Top 1 Accuracy 50.234 (50.244)	Top 5 Accuracy 60.000 (59.436)
Train Batch: [1500/15120]	Loss 3.7306 (4.1627)	Top 1 Accuracy 53.047 (50.305)	Top 5 Accuracy 64.453 (59.555)
Train Batch: [1600/15120]	Loss 3.5018 (4.1482)	Top 1 Accuracy 55.547 (50.354)	Top 5 Accuracy 66.172 (59.659)
Train Batch: [1700/15120]	Loss 3.3805 (4.1337)	Top 1 Accuracy 57.969 (50.411)	Top 5 Accuracy 68.516 (59.773)
Train Batch: [1800/15120]	Loss 4.1959 (4.1214)	Top 1 Accuracy 47.031 (50.446)	Top 5 Accuracy 57.188 (59.865)
Train Batch: [1900/15120]	Loss 4.1270 (4.1092)	Top 1 Accuracy 48.438 (50.497)	Top 5 Accuracy 59.922 (59.967)
Train Batch: [2000/15120]	Loss 3.8733 (4.0975)	Top 1 Accuracy 52.812 (50.538)	Top 5 Accuracy 62.109 (60.060)
Train Batch: [2100/15120]	Loss 3.8682 (4.0872)	Top 1 Accuracy 50.000 (50.579)	Top 5 Accuracy 60.625 (60.145)
Train Batch: [2200/15120]	Loss 3.7408 (4.0781)	Top 1 Accuracy 51.953 (50.606)	Top 5 Accuracy 62.188 (60.218)
Train Batch: [2300/15120]	Loss 4.1431 (4.0671)	Top 1 Accuracy 49.297 (50.659)	Top 5 Accuracy 59.922 (60.314)
Train Batch: [2400/15120]	Loss 4.2070 (4.0581)	Top 1 Accuracy 46.484 (50.694)	Top 5 Accuracy 57.734 (60.395)
Train Batch: [2500/15120]	Loss 3.8393 (4.0508)	Top 1 Accuracy 52.734 (50.718)	Top 5 Accuracy 64.375 (60.458)
Train Batch: [2600/15120]	Loss 3.8215 (4.0434)	Top 1 Accuracy 51.094 (50.741)	Top 5 Accuracy 62.734 (60.525)
Train Batch: [2700/15120]	Loss 3.9594 (4.0337)	Top 1 Accuracy 51.797 (50.798)	Top 5 Accuracy 61.328 (60.619)
Train Batch: [2800/15120]	Loss 3.8425 (4.0270)	Top 1 Accuracy 52.031 (50.821)	Top 5 Accuracy 63.672 (60.685)
Train Batch: [2900/15120]	Loss 4.0748 (4.0199)	Top 1 Accuracy 48.047 (50.848)	Top 5 Accuracy 58.984 (60.752)
Train Batch: [3000/15120]	Loss 3.6333 (4.0131)	Top 1 Accuracy 52.578 (50.872)	Top 5 Accuracy 64.688 (60.815)
Train Batch: [3100/15120]	Loss 4.0333 (4.0062)	Top 1 Accuracy 48.828 (50.907)	Top 5 Accuracy 61.953 (60.892)
Train Batch: [3200/15120]	Loss 3.4854 (3.9991)	Top 1 Accuracy 56.406 (50.944)	Top 5 Accuracy 66.406 (60.964)
Train Batch: [3300/15120]	Loss 4.0570 (3.9926)	Top 1 Accuracy 50.078 (50.976)	Top 5 Accuracy 60.625 (61.029)
Train Batch: [3400/15120]	Loss 3.7654 (3.9873)	Top 1 Accuracy 53.047 (50.991)	Top 5 Accuracy 63.984 (61.083)
Train Batch: [3500/15120]	Loss 3.8245 (3.9811)	Top 1 Accuracy 51.719 (51.021)	Top 5 Accuracy 63.281 (61.147)
Train Batch: [3600/15120]	Loss 3.3951 (3.9747)	Top 1 Accuracy 56.172 (51.058)	Top 5 Accuracy 68.359 (61.214)
Train Batch: [3700/15120]	Loss 3.9866 (3.9684)	Top 1 Accuracy 49.922 (51.091)	Top 5 Accuracy 62.656 (61.282)
Train Batch: [3800/15120]	Loss 3.6618 (3.9632)	Top 1 Accuracy 52.109 (51.109)	Top 5 Accuracy 64.297 (61.336)
Train Batch: [3900/15120]	Loss 3.5219 (3.9575)	Top 1 Accuracy 54.219 (51.135)	Top 5 Accuracy 66.406 (61.395)
Train Batch: [4000/15120]	Loss 3.6351 (3.9519)	Top 1 Accuracy 52.500 (51.158)	Top 5 Accuracy 63.828 (61.450)
Train Batch: [4100/15120]	Loss 3.9754 (3.9466)	Top 1 Accuracy 46.797 (51.184)	Top 5 Accuracy 60.156 (61.509)
Train Batch: [4200/15120]	Loss 3.4656 (3.9418)	Top 1 Accuracy 55.469 (51.200)	Top 5 Accuracy 67.500 (61.557)
Train Batch: [4300/15120]	Loss 3.7652 (3.9366)	Top 1 Accuracy 52.031 (51.226)	Top 5 Accuracy 64.297 (61.612)
Train Batch: [4400/15120]	Loss 3.6418 (3.9318)	Top 1 Accuracy 52.734 (51.246)	Top 5 Accuracy 64.297 (61.662)
Train Batch: [4500/15120]	Loss 3.4016 (3.9262)	Top 1 Accuracy 56.172 (51.281)	Top 5 Accuracy 67.656 (61.723)
Train Batch: [4600/15120]	Loss 3.6662 (3.9224)	Top 1 Accuracy 53.906 (51.287)	Top 5 Accuracy 65.625 (61.762)
Train Batch: [4700/15120]	Loss 3.2534 (3.9174)	Top 1 Accuracy 58.672 (51.316)	Top 5 Accuracy 69.844 (61.817)
Train Batch: [4800/15120]	Loss 3.9031 (3.9128)	Top 1 Accuracy 51.406 (51.340)	Top 5 Accuracy 62.969 (61.867)
Train Batch: [4900/15120]	Loss 3.4271 (3.9079)	Top 1 Accuracy 55.547 (51.364)	Top 5 Accuracy 65.547 (61.916)
Train Batch: [5000/15120]	Loss 3.5762 (3.9032)	Top 1 Accuracy 54.141 (51.384)	Top 5 Accuracy 66.172 (61.965)
Train Batch: [5100/15120]	Loss 3.8705 (3.8988)	Top 1 Accuracy 49.922 (51.403)	Top 5 Accuracy 61.406 (62.010)
Train Batch: [5200/15120]	Loss 3.5592 (3.8940)	Top 1 Accuracy 53.047 (51.430)	Top 5 Accuracy 64.609 (62.063)
Train Batch: [5300/15120]	Loss 3.8499 (3.8891)	Top 1 Accuracy 50.312 (51.459)	Top 5 Accuracy 61.953 (62.115)
Train Batch: [5400/15120]	Loss 3.9037 (3.8847)	Top 1 Accuracy 50.547 (51.486)	Top 5 Accuracy 60.938 (62.167)
Train Batch: [5500/15120]	Loss 4.0550 (3.8802)	Top 1 Accuracy 46.406 (51.511)	Top 5 Accuracy 59.453 (62.217)
Train Batch: [5600/15120]	Loss 3.3571 (3.8765)	Top 1 Accuracy 57.578 (51.527)	Top 5 Accuracy 67.500 (62.256)
Train Batch: [5700/15120]	Loss 3.1427 (3.8724)	Top 1 Accuracy 60.391 (51.547)	Top 5 Accuracy 70.547 (62.301)
Train Batch: [5800/15120]	Loss 3.9318 (3.8689)	Top 1 Accuracy 48.516 (51.566)	Top 5 Accuracy 61.094 (62.339)
Train Batch: [5900/15120]	Loss 3.5790 (3.8648)	Top 1 Accuracy 54.844 (51.590)	Top 5 Accuracy 65.469 (62.383)
Train Batch: [6000/15120]	Loss 3.5569 (3.8611)	Top 1 Accuracy 53.984 (51.608)	Top 5 Accuracy 66.641 (62.425)
Train Batch: [6100/15120]	Loss 3.7067 (3.8577)	Top 1 Accuracy 52.031 (51.621)	Top 5 Accuracy 63.750 (62.459)
Train Batch: [6200/15120]	Loss 3.8812 (3.8538)	Top 1 Accuracy 49.375 (51.641)	Top 5 Accuracy 61.406 (62.501)
Train Batch: [6300/15120]	Loss 4.1507 (3.8504)	Top 1 Accuracy 46.953 (51.656)	Top 5 Accuracy 59.297 (62.540)
Train Batch: [6400/15120]	Loss 3.8103 (3.8468)	Top 1 Accuracy 50.312 (51.676)	Top 5 Accuracy 63.594 (62.578)
Train Batch: [6500/15120]	Loss 3.7123 (3.8433)	Top 1 Accuracy 54.219 (51.696)	Top 5 Accuracy 64.766 (62.620)
Train Batch: [6600/15120]	Loss 3.2892 (3.8397)	Top 1 Accuracy 57.812 (51.714)	Top 5 Accuracy 68.984 (62.660)
Train Batch: [6700/15120]	Loss 3.6788 (3.8358)	Top 1 Accuracy 51.562 (51.738)	Top 5 Accuracy 64.062 (62.705)
Train Batch: [6800/15120]	Loss 3.5219 (3.8323)	Top 1 Accuracy 55.234 (51.759)	Top 5 Accuracy 67.031 (62.746)
Train Batch: [6900/15120]	Loss 3.7139 (3.8293)	Top 1 Accuracy 50.078 (51.773)	Top 5 Accuracy 62.969 (62.782)
Train Batch: [7000/15120]	Loss 3.1158 (3.8265)	Top 1 Accuracy 60.625 (51.785)	Top 5 Accuracy 71.562 (62.812)
Train Batch: [7100/15120]	Loss 3.6576 (3.8233)	Top 1 Accuracy 51.016 (51.799)	Top 5 Accuracy 63.438 (62.848)
Train Batch: [7200/15120]	Loss 3.6611 (3.8200)	Top 1 Accuracy 53.203 (51.819)	Top 5 Accuracy 66.172 (62.888)
Train Batch: [7300/15120]	Loss 3.8740 (3.8171)	Top 1 Accuracy 50.625 (51.833)	Top 5 Accuracy 62.266 (62.922)
Train Batch: [7400/15120]	Loss 3.7694 (3.8141)	Top 1 Accuracy 51.172 (51.849)	Top 5 Accuracy 63.125 (62.955)
Train Batch: [7500/15120]	Loss 3.4117 (3.8111)	Top 1 Accuracy 55.547 (51.863)	Top 5 Accuracy 67.656 (62.989)
Train Batch: [7600/15120]	Loss 3.6084 (3.8084)	Top 1 Accuracy 54.219 (51.873)	Top 5 Accuracy 65.234 (63.018)
Train Batch: [7700/15120]	Loss 4.1043 (3.8055)	Top 1 Accuracy 46.016 (51.888)	Top 5 Accuracy 59.531 (63.051)
Train Batch: [7800/15120]	Loss 3.8244 (3.8029)	Top 1 Accuracy 51.016 (51.899)	Top 5 Accuracy 64.219 (63.079)
Train Batch: [7900/15120]	Loss 3.7471 (3.8000)	Top 1 Accuracy 49.844 (51.910)	Top 5 Accuracy 62.109 (63.110)
Train Batch: [8000/15120]	Loss 3.3761 (3.7970)	Top 1 Accuracy 56.172 (51.924)	Top 5 Accuracy 68.438 (63.144)
Train Batch: [8100/15120]	Loss 3.3053 (3.7938)	Top 1 Accuracy 57.344 (51.945)	Top 5 Accuracy 68.906 (63.180)
Train Batch: [8200/15120]	Loss 3.5351 (3.7909)	Top 1 Accuracy 51.953 (51.963)	Top 5 Accuracy 66.016 (63.214)
Train Batch: [8300/15120]	Loss 3.9442 (3.7880)	Top 1 Accuracy 46.250 (51.977)	Top 5 Accuracy 60.781 (63.246)
Train Batch: [8400/15120]	Loss 3.7243 (3.7855)	Top 1 Accuracy 51.484 (51.989)	Top 5 Accuracy 63.828 (63.275)
Train Batch: [8500/15120]	Loss 3.5505 (3.7826)	Top 1 Accuracy 51.250 (52.005)	Top 5 Accuracy 64.375 (63.307)
Train Batch: [8600/15120]	Loss 3.3915 (3.7800)	Top 1 Accuracy 52.891 (52.019)	Top 5 Accuracy 67.188 (63.337)
Train Batch: [8700/15120]	Loss 3.3293 (3.7771)	Top 1 Accuracy 57.109 (52.038)	Top 5 Accuracy 68.359 (63.372)
Train Batch: [8800/15120]	Loss 3.6161 (3.7742)	Top 1 Accuracy 52.500 (52.053)	Top 5 Accuracy 64.297 (63.404)
Train Batch: [8900/15120]	Loss 3.2096 (3.7713)	Top 1 Accuracy 58.594 (52.071)	Top 5 Accuracy 70.156 (63.438)
Train Batch: [9000/15120]	Loss 3.3175 (3.7686)	Top 1 Accuracy 53.984 (52.086)	Top 5 Accuracy 68.203 (63.467)
Train Batch: [9100/15120]	Loss 3.2119 (3.7656)	Top 1 Accuracy 54.922 (52.104)	Top 5 Accuracy 68.828 (63.501)
Train Batch: [9200/15120]	Loss 3.6299 (3.7630)	Top 1 Accuracy 51.953 (52.116)	Top 5 Accuracy 64.219 (63.530)
Train Batch: [9300/15120]	Loss 3.5351 (3.7605)	Top 1 Accuracy 53.281 (52.132)	Top 5 Accuracy 66.641 (63.559)
Train Batch: [9400/15120]	Loss 3.5205 (3.7579)	Top 1 Accuracy 53.359 (52.144)	Top 5 Accuracy 65.703 (63.588)
Train Batch: [9500/15120]	Loss 3.3425 (3.7556)	Top 1 Accuracy 55.469 (52.153)	Top 5 Accuracy 68.984 (63.613)
Train Batch: [9600/15120]	Loss 3.8378 (3.7529)	Top 1 Accuracy 47.969 (52.168)	Top 5 Accuracy 61.953 (63.642)
Train Batch: [9700/15120]	Loss 3.3364 (3.7507)	Top 1 Accuracy 55.938 (52.177)	Top 5 Accuracy 69.141 (63.667)
Train Batch: [9800/15120]	Loss 3.3863 (3.7483)	Top 1 Accuracy 55.625 (52.190)	Top 5 Accuracy 67.969 (63.695)
Train Batch: [9900/15120]	Loss 3.3150 (3.7456)	Top 1 Accuracy 57.031 (52.209)	Top 5 Accuracy 68.125 (63.725)
Train Batch: [10000/15120]	Loss 3.4242 (3.7433)	Top 1 Accuracy 55.234 (52.225)	Top 5 Accuracy 68.750 (63.752)
Train Batch: [10100/15120]	Loss 3.3651 (3.7410)	Top 1 Accuracy 55.234 (52.235)	Top 5 Accuracy 68.516 (63.777)
Train Batch: [10200/15120]	Loss 3.8743 (3.7388)	Top 1 Accuracy 48.203 (52.246)	Top 5 Accuracy 61.562 (63.803)
Train Batch: [10300/15120]	Loss 3.5383 (3.7365)	Top 1 Accuracy 54.297 (52.257)	Top 5 Accuracy 67.109 (63.827)
Train Batch: [10400/15120]	Loss 3.5633 (3.7342)	Top 1 Accuracy 52.734 (52.269)	Top 5 Accuracy 65.781 (63.854)
Train Batch: [10500/15120]	Loss 3.3920 (3.7318)	Top 1 Accuracy 55.312 (52.281)	Top 5 Accuracy 67.969 (63.882)
Train Batch: [10600/15120]	Loss 3.2191 (3.7295)	Top 1 Accuracy 57.656 (52.294)	Top 5 Accuracy 69.531 (63.907)
Train Batch: [10700/15120]	Loss 3.4949 (3.7274)	Top 1 Accuracy 53.594 (52.305)	Top 5 Accuracy 67.266 (63.930)
Train Batch: [10800/15120]	Loss 3.3030 (3.7253)	Top 1 Accuracy 56.719 (52.316)	Top 5 Accuracy 67.891 (63.955)
Train Batch: [10900/15120]	Loss 3.5849 (3.7234)	Top 1 Accuracy 53.047 (52.323)	Top 5 Accuracy 66.719 (63.976)
Train Batch: [11000/15120]	Loss 2.9696 (3.7211)	Top 1 Accuracy 61.406 (52.338)	Top 5 Accuracy 73.828 (64.003)
Train Batch: [11100/15120]	Loss 3.4010 (3.7190)	Top 1 Accuracy 54.844 (52.350)	Top 5 Accuracy 66.719 (64.028)
Train Batch: [11200/15120]	Loss 3.3105 (3.7167)	Top 1 Accuracy 54.062 (52.363)	Top 5 Accuracy 68.125 (64.053)
Train Batch: [11300/15120]	Loss 3.4659 (3.7145)	Top 1 Accuracy 54.766 (52.376)	Top 5 Accuracy 66.562 (64.078)
Train Batch: [11400/15120]	Loss 3.3079 (3.7123)	Top 1 Accuracy 55.781 (52.387)	Top 5 Accuracy 69.609 (64.102)
Train Batch: [11500/15120]	Loss 3.6538 (3.7103)	Top 1 Accuracy 52.109 (52.398)	Top 5 Accuracy 65.000 (64.124)
Train Batch: [11600/15120]	Loss 3.1725 (3.7084)	Top 1 Accuracy 57.422 (52.408)	Top 5 Accuracy 70.938 (64.145)
Train Batch: [11700/15120]	Loss 3.5334 (3.7063)	Top 1 Accuracy 54.688 (52.421)	Top 5 Accuracy 66.719 (64.171)
Train Batch: [11800/15120]	Loss 3.0389 (3.7043)	Top 1 Accuracy 59.375 (52.431)	Top 5 Accuracy 72.578 (64.193)
Train Batch: [11900/15120]	Loss 3.5276 (3.7023)	Top 1 Accuracy 52.266 (52.441)	Top 5 Accuracy 66.641 (64.216)
Train Batch: [12000/15120]	Loss 3.4775 (3.7004)	Top 1 Accuracy 54.609 (52.448)	Top 5 Accuracy 67.031 (64.237)
Train Batch: [12100/15120]	Loss 3.4621 (3.6984)	Top 1 Accuracy 53.672 (52.458)	Top 5 Accuracy 66.953 (64.261)
Train Batch: [12200/15120]	Loss 2.9800 (3.6967)	Top 1 Accuracy 59.844 (52.465)	Top 5 Accuracy 71.875 (64.281)
Train Batch: [12300/15120]	Loss 3.6810 (3.6953)	Top 1 Accuracy 52.422 (52.469)	Top 5 Accuracy 65.234 (64.295)
Train Batch: [12400/15120]	Loss 3.3470 (3.6933)	Top 1 Accuracy 56.406 (52.479)	Top 5 Accuracy 69.531 (64.318)
Train Batch: [12500/15120]	Loss 3.5638 (3.6917)	Top 1 Accuracy 54.062 (52.486)	Top 5 Accuracy 66.875 (64.336)
Train Batch: [12600/15120]	Loss 3.7146 (3.6900)	Top 1 Accuracy 49.766 (52.494)	Top 5 Accuracy 64.062 (64.355)
Train Batch: [12700/15120]	Loss 3.3956 (3.6882)	Top 1 Accuracy 55.469 (52.502)	Top 5 Accuracy 68.047 (64.374)
Train Batch: [12800/15120]	Loss 3.0703 (3.6860)	Top 1 Accuracy 57.969 (52.519)	Top 5 Accuracy 71.562 (64.399)
Train Batch: [12900/15120]	Loss 3.5837 (3.6839)	Top 1 Accuracy 52.969 (52.533)	Top 5 Accuracy 65.078 (64.424)
Train Batch: [13000/15120]	Loss 3.8735 (3.6820)	Top 1 Accuracy 48.828 (52.543)	Top 5 Accuracy 61.797 (64.445)
Train Batch: [13100/15120]	Loss 2.9222 (3.6803)	Top 1 Accuracy 59.219 (52.551)	Top 5 Accuracy 72.422 (64.464)
Train Batch: [13200/15120]	Loss 3.5052 (3.6786)	Top 1 Accuracy 52.500 (52.559)	Top 5 Accuracy 65.156 (64.483)
Train Batch: [13300/15120]	Loss 3.4289 (3.6768)	Top 1 Accuracy 54.453 (52.567)	Top 5 Accuracy 67.500 (64.502)
Train Batch: [13400/15120]	Loss 3.1428 (3.6746)	Top 1 Accuracy 57.656 (52.582)	Top 5 Accuracy 69.844 (64.527)
Train Batch: [13500/15120]	Loss 3.5295 (3.6728)	Top 1 Accuracy 54.922 (52.593)	Top 5 Accuracy 67.422 (64.549)
Train Batch: [13600/15120]	Loss 3.0841 (3.6709)	Top 1 Accuracy 57.578 (52.605)	Top 5 Accuracy 70.469 (64.571)
Train Batch: [13700/15120]	Loss 3.8195 (3.6692)	Top 1 Accuracy 49.141 (52.614)	Top 5 Accuracy 62.422 (64.589)
Train Batch: [13800/15120]	Loss 3.3639 (3.6674)	Top 1 Accuracy 54.141 (52.623)	Top 5 Accuracy 68.672 (64.609)
Train Batch: [13900/15120]	Loss 2.9353 (3.6655)	Top 1 Accuracy 57.969 (52.634)	Top 5 Accuracy 72.344 (64.630)
Train Batch: [14000/15120]	Loss 3.0949 (3.6636)	Top 1 Accuracy 58.125 (52.644)	Top 5 Accuracy 71.016 (64.651)
Train Batch: [14100/15120]	Loss 3.2921 (3.6618)	Top 1 Accuracy 56.328 (52.654)	Top 5 Accuracy 69.453 (64.670)
Train Batch: [14200/15120]	Loss 3.5681 (3.6601)	Top 1 Accuracy 50.234 (52.661)	Top 5 Accuracy 64.766 (64.688)
Train Batch: [14300/15120]	Loss 3.2953 (3.6583)	Top 1 Accuracy 53.203 (52.672)	Top 5 Accuracy 68.594 (64.708)
Train Batch: [14400/15120]	Loss 3.1774 (3.6568)	Top 1 Accuracy 56.797 (52.679)	Top 5 Accuracy 70.938 (64.724)
Train Batch: [14500/15120]	Loss 3.2241 (3.6548)	Top 1 Accuracy 57.109 (52.690)	Top 5 Accuracy 70.469 (64.746)
Train Batch: [14600/15120]	Loss 3.4084 (3.6534)	Top 1 Accuracy 54.297 (52.695)	Top 5 Accuracy 67.344 (64.760)
Train Batch: [14700/15120]	Loss 3.2396 (3.6516)	Top 1 Accuracy 55.469 (52.706)	Top 5 Accuracy 68.672 (64.780)
Train Batch: [14800/15120]	Loss 3.4636 (3.6499)	Top 1 Accuracy 54.688 (52.716)	Top 5 Accuracy 67.734 (64.799)
Train Batch: [14900/15120]	Loss 3.0688 (3.6483)	Top 1 Accuracy 58.672 (52.723)	Top 5 Accuracy 71.719 (64.817)
Train Batch: [15000/15120]	Loss 3.5422 (3.6466)	Top 1 Accuracy 50.781 (52.732)	Top 5 Accuracy 65.625 (64.835)
Train Batch: [15100/15120]	Loss 3.6490 (3.6450)	Top 1 Accuracy 51.641 (52.741)	Top 5 Accuracy 64.922 (64.853)
Saved Model!
Train Batch: [0/15120]	Loss 3.2855 (3.2855)	Top 1 Accuracy 54.844 (54.844)	Top 5 Accuracy 67.656 (67.656)
Train Batch: [100/15120]	Loss 3.4441 (3.3580)	Top 1 Accuracy 53.281 (54.399)	Top 5 Accuracy 65.781 (67.772)
Train Batch: [200/15120]	Loss 3.5492 (3.3779)	Top 1 Accuracy 50.703 (54.051)	Top 5 Accuracy 65.391 (67.551)
Train Batch: [300/15120]	Loss 3.5487 (3.3866)	Top 1 Accuracy 50.625 (53.885)	Top 5 Accuracy 66.562 (67.436)
Train Batch: [400/15120]	Loss 3.8000 (3.3923)	Top 1 Accuracy 47.500 (53.824)	Top 5 Accuracy 62.891 (67.388)
Train Batch: [500/15120]	Loss 3.2768 (3.3809)	Top 1 Accuracy 56.094 (53.957)	Top 5 Accuracy 68.984 (67.562)
Train Batch: [600/15120]	Loss 3.2183 (3.3750)	Top 1 Accuracy 56.719 (54.024)	Top 5 Accuracy 68.281 (67.623)
Train Batch: [700/15120]	Loss 3.1407 (3.3739)	Top 1 Accuracy 58.516 (54.037)	Top 5 Accuracy 70.391 (67.642)
Train Batch: [800/15120]	Loss 3.7373 (3.3747)	Top 1 Accuracy 47.656 (54.025)	Top 5 Accuracy 62.578 (67.630)
Train Batch: [900/15120]	Loss 3.1863 (3.3719)	Top 1 Accuracy 55.234 (54.069)	Top 5 Accuracy 69.297 (67.649)
Train Batch: [1000/15120]	Loss 3.1388 (3.3707)	Top 1 Accuracy 59.219 (54.056)	Top 5 Accuracy 70.547 (67.656)
Train Batch: [1100/15120]	Loss 3.5303 (3.3711)	Top 1 Accuracy 51.953 (54.046)	Top 5 Accuracy 66.094 (67.654)
Train Batch: [1200/15120]	Loss 3.2299 (3.3658)	Top 1 Accuracy 55.391 (54.111)	Top 5 Accuracy 68.359 (67.716)
Train Batch: [1300/15120]	Loss 3.6280 (3.3672)	Top 1 Accuracy 51.797 (54.094)	Top 5 Accuracy 65.547 (67.705)
Train Batch: [1400/15120]	Loss 3.3768 (3.3680)	Top 1 Accuracy 53.281 (54.074)	Top 5 Accuracy 67.656 (67.696)
Train Batch: [1500/15120]	Loss 3.1674 (3.3673)	Top 1 Accuracy 56.094 (54.079)	Top 5 Accuracy 68.906 (67.708)
Train Batch: [1600/15120]	Loss 3.3083 (3.3666)	Top 1 Accuracy 54.062 (54.087)	Top 5 Accuracy 68.438 (67.716)
Train Batch: [1700/15120]	Loss 3.5369 (3.3673)	Top 1 Accuracy 52.188 (54.056)	Top 5 Accuracy 64.297 (67.705)
Train Batch: [1800/15120]	Loss 3.3328 (3.3646)	Top 1 Accuracy 54.609 (54.094)	Top 5 Accuracy 67.891 (67.733)
Train Batch: [1900/15120]	Loss 3.4236 (3.3625)	Top 1 Accuracy 52.109 (54.119)	Top 5 Accuracy 66.797 (67.757)
Train Batch: [2000/15120]	Loss 3.3000 (3.3623)	Top 1 Accuracy 55.391 (54.113)	Top 5 Accuracy 69.609 (67.760)
Train Batch: [2100/15120]	Loss 3.3116 (3.3603)	Top 1 Accuracy 54.141 (54.131)	Top 5 Accuracy 68.359 (67.780)
Train Batch: [2200/15120]	Loss 3.1001 (3.3583)	Top 1 Accuracy 57.500 (54.144)	Top 5 Accuracy 69.844 (67.800)
Train Batch: [2300/15120]	Loss 3.0243 (3.3578)	Top 1 Accuracy 56.875 (54.160)	Top 5 Accuracy 70.391 (67.810)
Train Batch: [2400/15120]	Loss 3.5269 (3.3564)	Top 1 Accuracy 52.656 (54.174)	Top 5 Accuracy 65.938 (67.824)
Train Batch: [2500/15120]	Loss 3.4860 (3.3558)	Top 1 Accuracy 51.172 (54.166)	Top 5 Accuracy 68.203 (67.831)
Train Batch: [2600/15120]	Loss 2.8401 (3.3547)	Top 1 Accuracy 62.109 (54.173)	Top 5 Accuracy 73.438 (67.844)
Train Batch: [2700/15120]	Loss 3.1944 (3.3534)	Top 1 Accuracy 55.547 (54.184)	Top 5 Accuracy 69.062 (67.854)
Train Batch: [2800/15120]	Loss 3.0418 (3.3524)	Top 1 Accuracy 57.500 (54.190)	Top 5 Accuracy 71.875 (67.866)
Train Batch: [2900/15120]	Loss 3.2082 (3.3521)	Top 1 Accuracy 56.172 (54.185)	Top 5 Accuracy 70.391 (67.871)
Train Batch: [3000/15120]	Loss 3.5945 (3.3517)	Top 1 Accuracy 50.703 (54.182)	Top 5 Accuracy 65.000 (67.871)
Train Batch: [3100/15120]	Loss 3.3355 (3.3505)	Top 1 Accuracy 53.203 (54.199)	Top 5 Accuracy 66.953 (67.889)
Train Batch: [3200/15120]	Loss 3.2081 (3.3502)	Top 1 Accuracy 56.016 (54.203)	Top 5 Accuracy 69.688 (67.893)
Train Batch: [3300/15120]	Loss 3.2575 (3.3499)	Top 1 Accuracy 53.047 (54.196)	Top 5 Accuracy 68.281 (67.895)
Train Batch: [3400/15120]	Loss 3.5375 (3.3492)	Top 1 Accuracy 52.031 (54.192)	Top 5 Accuracy 65.312 (67.896)
Train Batch: [3500/15120]	Loss 3.2170 (3.3480)	Top 1 Accuracy 56.562 (54.201)	Top 5 Accuracy 69.766 (67.908)
Train Batch: [3600/15120]	Loss 3.0263 (3.3457)	Top 1 Accuracy 57.344 (54.224)	Top 5 Accuracy 71.797 (67.935)
Train Batch: [3700/15120]	Loss 3.3972 (3.3460)	Top 1 Accuracy 52.188 (54.220)	Top 5 Accuracy 67.031 (67.932)
Train Batch: [3800/15120]	Loss 3.4445 (3.3446)	Top 1 Accuracy 50.703 (54.233)	Top 5 Accuracy 65.391 (67.947)
Train Batch: [3900/15120]	Loss 3.5334 (3.3444)	Top 1 Accuracy 48.984 (54.228)	Top 5 Accuracy 65.781 (67.947)
Train Batch: [4000/15120]	Loss 3.5076 (3.3429)	Top 1 Accuracy 52.422 (54.243)	Top 5 Accuracy 66.797 (67.965)
Train Batch: [4100/15120]	Loss 3.4226 (3.3424)	Top 1 Accuracy 52.812 (54.247)	Top 5 Accuracy 67.266 (67.970)
Train Batch: [4200/15120]	Loss 3.4464 (3.3415)	Top 1 Accuracy 54.297 (54.247)	Top 5 Accuracy 67.578 (67.979)
Train Batch: [4300/15120]	Loss 3.2911 (3.3411)	Top 1 Accuracy 56.094 (54.249)	Top 5 Accuracy 69.688 (67.979)
Train Batch: [4400/15120]	Loss 3.2696 (3.3408)	Top 1 Accuracy 55.078 (54.246)	Top 5 Accuracy 68.672 (67.980)
Train Batch: [4500/15120]	Loss 3.0932 (3.3402)	Top 1 Accuracy 57.812 (54.246)	Top 5 Accuracy 70.625 (67.988)
Train Batch: [4600/15120]	Loss 3.3063 (3.3398)	Top 1 Accuracy 54.531 (54.247)	Top 5 Accuracy 68.203 (67.994)
Train Batch: [4700/15120]	Loss 3.1655 (3.3396)	Top 1 Accuracy 56.172 (54.246)	Top 5 Accuracy 69.609 (67.994)
Train Batch: [4800/15120]	Loss 3.3855 (3.3387)	Top 1 Accuracy 53.594 (54.255)	Top 5 Accuracy 67.344 (68.005)
Train Batch: [4900/15120]	Loss 3.1773 (3.3381)	Top 1 Accuracy 54.297 (54.256)	Top 5 Accuracy 69.141 (68.011)
Train Batch: [5000/15120]	Loss 3.1969 (3.3384)	Top 1 Accuracy 57.344 (54.247)	Top 5 Accuracy 71.172 (68.007)
Train Batch: [5100/15120]	Loss 3.2475 (3.3375)	Top 1 Accuracy 55.938 (54.254)	Top 5 Accuracy 68.203 (68.016)
Train Batch: [5200/15120]	Loss 3.5698 (3.3370)	Top 1 Accuracy 52.031 (54.254)	Top 5 Accuracy 67.578 (68.020)
Train Batch: [5300/15120]	Loss 3.2527 (3.3361)	Top 1 Accuracy 52.734 (54.258)	Top 5 Accuracy 67.422 (68.029)
Train Batch: [5400/15120]	Loss 3.1569 (3.3356)	Top 1 Accuracy 56.094 (54.260)	Top 5 Accuracy 70.859 (68.033)
Train Batch: [5500/15120]	Loss 3.3090 (3.3353)	Top 1 Accuracy 55.469 (54.261)	Top 5 Accuracy 68.438 (68.036)
Train Batch: [5600/15120]	Loss 3.2639 (3.3350)	Top 1 Accuracy 54.688 (54.263)	Top 5 Accuracy 68.438 (68.039)
Train Batch: [5700/15120]	Loss 3.1647 (3.3342)	Top 1 Accuracy 58.672 (54.268)	Top 5 Accuracy 71.953 (68.048)
Train Batch: [5800/15120]	Loss 3.1182 (3.3337)	Top 1 Accuracy 56.641 (54.269)	Top 5 Accuracy 70.625 (68.052)
Train Batch: [5900/15120]	Loss 3.6365 (3.3330)	Top 1 Accuracy 48.984 (54.271)	Top 5 Accuracy 63.359 (68.058)
Train Batch: [6000/15120]	Loss 3.0481 (3.3322)	Top 1 Accuracy 56.719 (54.279)	Top 5 Accuracy 70.703 (68.065)
Train Batch: [6100/15120]	Loss 3.0639 (3.3315)	Top 1 Accuracy 56.719 (54.283)	Top 5 Accuracy 71.172 (68.074)
Train Batch: [6200/15120]	Loss 3.5142 (3.3306)	Top 1 Accuracy 52.422 (54.291)	Top 5 Accuracy 65.703 (68.084)
Train Batch: [6300/15120]	Loss 3.2041 (3.3300)	Top 1 Accuracy 56.250 (54.292)	Top 5 Accuracy 69.375 (68.089)
Train Batch: [6400/15120]	Loss 3.3472 (3.3297)	Top 1 Accuracy 52.031 (54.289)	Top 5 Accuracy 65.859 (68.093)
Train Batch: [6500/15120]	Loss 3.3658 (3.3286)	Top 1 Accuracy 54.375 (54.296)	Top 5 Accuracy 66.953 (68.102)
Train Batch: [6600/15120]	Loss 3.2839 (3.3279)	Top 1 Accuracy 54.219 (54.298)	Top 5 Accuracy 68.516 (68.108)
Train Batch: [6700/15120]	Loss 3.3661 (3.3271)	Top 1 Accuracy 53.594 (54.304)	Top 5 Accuracy 66.250 (68.117)
Train Batch: [6800/15120]	Loss 3.6996 (3.3264)	Top 1 Accuracy 49.766 (54.310)	Top 5 Accuracy 63.203 (68.125)
Train Batch: [6900/15120]	Loss 3.0211 (3.3257)	Top 1 Accuracy 57.266 (54.313)	Top 5 Accuracy 70.469 (68.132)
Train Batch: [7000/15120]	Loss 3.2474 (3.3247)	Top 1 Accuracy 54.297 (54.320)	Top 5 Accuracy 70.078 (68.141)
Train Batch: [7100/15120]	Loss 3.2408 (3.3238)	Top 1 Accuracy 54.219 (54.329)	Top 5 Accuracy 68.594 (68.152)
Train Batch: [7200/15120]	Loss 3.3996 (3.3237)	Top 1 Accuracy 51.406 (54.325)	Top 5 Accuracy 66.641 (68.154)
Train Batch: [7300/15120]	Loss 3.1137 (3.3231)	Top 1 Accuracy 58.125 (54.327)	Top 5 Accuracy 69.688 (68.160)
Train Batch: [7400/15120]	Loss 3.5855 (3.3225)	Top 1 Accuracy 48.516 (54.328)	Top 5 Accuracy 65.000 (68.166)
Train Batch: [7500/15120]	Loss 2.9587 (3.3217)	Top 1 Accuracy 60.000 (54.336)	Top 5 Accuracy 73.516 (68.175)
Train Batch: [7600/15120]	Loss 3.2096 (3.3214)	Top 1 Accuracy 54.062 (54.338)	Top 5 Accuracy 70.156 (68.181)
Train Batch: [7700/15120]	Loss 3.1743 (3.3204)	Top 1 Accuracy 58.203 (54.346)	Top 5 Accuracy 70.859 (68.191)
Train Batch: [7800/15120]	Loss 3.0747 (3.3191)	Top 1 Accuracy 58.516 (54.359)	Top 5 Accuracy 72.969 (68.205)
Train Batch: [7900/15120]	Loss 3.5309 (3.3188)	Top 1 Accuracy 53.281 (54.360)	Top 5 Accuracy 65.312 (68.208)
Train Batch: [8000/15120]	Loss 3.1283 (3.3184)	Top 1 Accuracy 56.172 (54.363)	Top 5 Accuracy 70.781 (68.213)
Train Batch: [8100/15120]	Loss 3.4037 (3.3180)	Top 1 Accuracy 53.672 (54.360)	Top 5 Accuracy 67.578 (68.215)
Train Batch: [8200/15120]	Loss 3.2972 (3.3175)	Top 1 Accuracy 53.906 (54.361)	Top 5 Accuracy 68.906 (68.218)
Train Batch: [8300/15120]	Loss 3.2519 (3.3166)	Top 1 Accuracy 56.016 (54.366)	Top 5 Accuracy 69.062 (68.225)
Train Batch: [8400/15120]	Loss 3.4013 (3.3161)	Top 1 Accuracy 52.266 (54.366)	Top 5 Accuracy 66.328 (68.230)
Train Batch: [8500/15120]	Loss 3.1622 (3.3156)	Top 1 Accuracy 54.375 (54.370)	Top 5 Accuracy 68.984 (68.235)
Train Batch: [8600/15120]	Loss 3.3143 (3.3151)	Top 1 Accuracy 53.281 (54.372)	Top 5 Accuracy 68.984 (68.241)
Train Batch: [8700/15120]	Loss 2.9676 (3.3146)	Top 1 Accuracy 57.578 (54.376)	Top 5 Accuracy 72.891 (68.246)
Train Batch: [8800/15120]	Loss 3.3627 (3.3139)	Top 1 Accuracy 53.750 (54.379)	Top 5 Accuracy 68.125 (68.251)
Train Batch: [8900/15120]	Loss 3.3154 (3.3130)	Top 1 Accuracy 54.375 (54.383)	Top 5 Accuracy 68.672 (68.260)
Train Batch: [9000/15120]	Loss 3.2323 (3.3125)	Top 1 Accuracy 56.250 (54.385)	Top 5 Accuracy 68.906 (68.266)
Train Batch: [9100/15120]	Loss 3.2571 (3.3117)	Top 1 Accuracy 54.922 (54.391)	Top 5 Accuracy 68.203 (68.274)
Train Batch: [9200/15120]	Loss 3.6008 (3.3112)	Top 1 Accuracy 50.234 (54.393)	Top 5 Accuracy 65.391 (68.278)
Train Batch: [9300/15120]	Loss 3.0147 (3.3106)	Top 1 Accuracy 57.031 (54.393)	Top 5 Accuracy 70.703 (68.282)
Train Batch: [9400/15120]	Loss 3.0555 (3.3099)	Top 1 Accuracy 56.875 (54.396)	Top 5 Accuracy 71.094 (68.290)
Train Batch: [9500/15120]	Loss 3.3955 (3.3096)	Top 1 Accuracy 52.188 (54.395)	Top 5 Accuracy 65.625 (68.293)
Train Batch: [9600/15120]	Loss 3.3683 (3.3090)	Top 1 Accuracy 51.641 (54.396)	Top 5 Accuracy 67.188 (68.297)
Train Batch: [9700/15120]	Loss 3.3497 (3.3087)	Top 1 Accuracy 53.750 (54.396)	Top 5 Accuracy 67.188 (68.298)
Train Batch: [9800/15120]	Loss 3.0413 (3.3082)	Top 1 Accuracy 56.641 (54.399)	Top 5 Accuracy 71.719 (68.302)
Train Batch: [9900/15120]	Loss 2.9326 (3.3077)	Top 1 Accuracy 56.562 (54.400)	Top 5 Accuracy 72.578 (68.307)
Train Batch: [10000/15120]	Loss 2.9661 (3.3073)	Top 1 Accuracy 57.188 (54.401)	Top 5 Accuracy 72.422 (68.311)
Train Batch: [10100/15120]	Loss 3.2393 (3.3067)	Top 1 Accuracy 53.125 (54.404)	Top 5 Accuracy 69.688 (68.317)
Train Batch: [10200/15120]	Loss 3.2152 (3.3060)	Top 1 Accuracy 56.172 (54.405)	Top 5 Accuracy 69.766 (68.324)
Train Batch: [10300/15120]	Loss 3.4007 (3.3057)	Top 1 Accuracy 51.406 (54.405)	Top 5 Accuracy 65.859 (68.325)
Train Batch: [10400/15120]	Loss 3.7455 (3.3054)	Top 1 Accuracy 50.078 (54.406)	Top 5 Accuracy 63.203 (68.328)
Train Batch: [10500/15120]	Loss 3.3205 (3.3050)	Top 1 Accuracy 52.422 (54.406)	Top 5 Accuracy 66.797 (68.332)
Train Batch: [10600/15120]	Loss 3.1210 (3.3043)	Top 1 Accuracy 56.094 (54.412)	Top 5 Accuracy 70.781 (68.340)
Train Batch: [10700/15120]	Loss 3.4475 (3.3036)	Top 1 Accuracy 50.312 (54.415)	Top 5 Accuracy 66.328 (68.346)
Train Batch: [10800/15120]	Loss 3.1200 (3.3034)	Top 1 Accuracy 57.578 (54.412)	Top 5 Accuracy 70.625 (68.348)
Train Batch: [10900/15120]	Loss 3.2361 (3.3028)	Top 1 Accuracy 53.594 (54.414)	Top 5 Accuracy 68.828 (68.354)
Train Batch: [11000/15120]	Loss 3.1730 (3.3025)	Top 1 Accuracy 55.469 (54.415)	Top 5 Accuracy 69.766 (68.357)
Train Batch: [11100/15120]	Loss 3.2764 (3.3019)	Top 1 Accuracy 53.281 (54.418)	Top 5 Accuracy 68.281 (68.361)
Train Batch: [11200/15120]	Loss 3.1301 (3.3010)	Top 1 Accuracy 58.984 (54.425)	Top 5 Accuracy 72.578 (68.372)
Train Batch: [11300/15120]	Loss 3.3122 (3.3003)	Top 1 Accuracy 53.984 (54.428)	Top 5 Accuracy 69.531 (68.379)
Train Batch: [11400/15120]	Loss 3.4174 (3.2997)	Top 1 Accuracy 51.953 (54.432)	Top 5 Accuracy 67.422 (68.384)
Train Batch: [11500/15120]	Loss 2.9773 (3.2991)	Top 1 Accuracy 57.734 (54.434)	Top 5 Accuracy 72.578 (68.390)
Train Batch: [11600/15120]	Loss 3.4454 (3.2983)	Top 1 Accuracy 52.266 (54.437)	Top 5 Accuracy 67.578 (68.399)
Train Batch: [11700/15120]	Loss 3.2512 (3.2978)	Top 1 Accuracy 54.531 (54.437)	Top 5 Accuracy 69.531 (68.405)
Train Batch: [11800/15120]	Loss 3.0962 (3.2974)	Top 1 Accuracy 56.719 (54.439)	Top 5 Accuracy 70.000 (68.410)
Train Batch: [11900/15120]	Loss 3.4665 (3.2972)	Top 1 Accuracy 50.547 (54.435)	Top 5 Accuracy 65.078 (68.409)
Train Batch: [12000/15120]	Loss 3.2810 (3.2969)	Top 1 Accuracy 54.062 (54.433)	Top 5 Accuracy 68.203 (68.410)
Train Batch: [12100/15120]	Loss 3.0307 (3.2964)	Top 1 Accuracy 57.891 (54.435)	Top 5 Accuracy 70.234 (68.416)
Train Batch: [12200/15120]	Loss 3.5029 (3.2959)	Top 1 Accuracy 52.578 (54.439)	Top 5 Accuracy 66.562 (68.421)
Train Batch: [12300/15120]	Loss 3.0226 (3.2953)	Top 1 Accuracy 57.500 (54.441)	Top 5 Accuracy 71.719 (68.428)
Train Batch: [12400/15120]	Loss 2.9175 (3.2950)	Top 1 Accuracy 59.922 (54.443)	Top 5 Accuracy 73.906 (68.432)
Train Batch: [12500/15120]	Loss 3.1342 (3.2941)	Top 1 Accuracy 56.641 (54.450)	Top 5 Accuracy 70.312 (68.442)
Train Batch: [12600/15120]	Loss 3.1265 (3.2938)	Top 1 Accuracy 56.328 (54.450)	Top 5 Accuracy 69.141 (68.445)
Train Batch: [12700/15120]	Loss 3.1361 (3.2933)	Top 1 Accuracy 57.188 (54.451)	Top 5 Accuracy 70.391 (68.449)
Train Batch: [12800/15120]	Loss 3.2764 (3.2923)	Top 1 Accuracy 54.219 (54.459)	Top 5 Accuracy 68.281 (68.460)
Train Batch: [12900/15120]	Loss 3.0434 (3.2918)	Top 1 Accuracy 56.562 (54.461)	Top 5 Accuracy 71.172 (68.464)
Train Batch: [13000/15120]	Loss 3.3485 (3.2916)	Top 1 Accuracy 50.703 (54.458)	Top 5 Accuracy 68.594 (68.464)
Train Batch: [13100/15120]	Loss 3.0761 (3.2911)	Top 1 Accuracy 57.656 (54.462)	Top 5 Accuracy 69.453 (68.471)
Train Batch: [13200/15120]	Loss 3.2717 (3.2903)	Top 1 Accuracy 52.969 (54.467)	Top 5 Accuracy 68.672 (68.479)
Train Batch: [13300/15120]	Loss 3.3836 (3.2897)	Top 1 Accuracy 53.672 (54.470)	Top 5 Accuracy 68.359 (68.485)
Train Batch: [13400/15120]	Loss 3.1238 (3.2889)	Top 1 Accuracy 55.469 (54.476)	Top 5 Accuracy 70.859 (68.494)
Train Batch: [13500/15120]	Loss 3.2756 (3.2885)	Top 1 Accuracy 54.141 (54.479)	Top 5 Accuracy 68.047 (68.500)
Train Batch: [13600/15120]	Loss 3.2699 (3.2877)	Top 1 Accuracy 53.281 (54.483)	Top 5 Accuracy 68.047 (68.507)
Train Batch: [13700/15120]	Loss 2.8803 (3.2872)	Top 1 Accuracy 59.297 (54.486)	Top 5 Accuracy 73.750 (68.512)
Train Batch: [13800/15120]	Loss 2.8874 (3.2867)	Top 1 Accuracy 58.516 (54.488)	Top 5 Accuracy 71.875 (68.517)
Train Batch: [13900/15120]	Loss 3.2602 (3.2861)	Top 1 Accuracy 51.094 (54.491)	Top 5 Accuracy 69.453 (68.522)
Train Batch: [14000/15120]	Loss 3.3338 (3.2858)	Top 1 Accuracy 51.953 (54.492)	Top 5 Accuracy 65.781 (68.525)
Train Batch: [14100/15120]	Loss 3.4991 (3.2853)	Top 1 Accuracy 48.047 (54.495)	Top 5 Accuracy 64.375 (68.530)
Train Batch: [14200/15120]	Loss 2.9356 (3.2850)	Top 1 Accuracy 57.969 (54.495)	Top 5 Accuracy 72.812 (68.534)
Train Batch: [14300/15120]	Loss 3.1035 (3.2844)	Top 1 Accuracy 57.578 (54.497)	Top 5 Accuracy 71.172 (68.539)
Train Batch: [14400/15120]	Loss 3.1036 (3.2840)	Top 1 Accuracy 57.188 (54.498)	Top 5 Accuracy 71.484 (68.543)
Train Batch: [14500/15120]	Loss 3.4264 (3.2836)	Top 1 Accuracy 51.406 (54.496)	Top 5 Accuracy 67.188 (68.546)
Train Batch: [14600/15120]	Loss 3.0860 (3.2832)	Top 1 Accuracy 56.953 (54.498)	Top 5 Accuracy 70.469 (68.551)
Train Batch: [14700/15120]	Loss 2.6371 (3.2827)	Top 1 Accuracy 61.328 (54.501)	Top 5 Accuracy 76.484 (68.555)
Train Batch: [14800/15120]	Loss 3.3460 (3.2823)	Top 1 Accuracy 52.891 (54.502)	Top 5 Accuracy 68.594 (68.560)
Train Batch: [14900/15120]	Loss 3.2906 (3.2819)	Top 1 Accuracy 52.812 (54.502)	Top 5 Accuracy 67.969 (68.563)
Train Batch: [15000/15120]	Loss 2.9222 (3.2814)	Top 1 Accuracy 58.125 (54.505)	Top 5 Accuracy 71.875 (68.568)
Train Batch: [15100/15120]	Loss 3.3409 (3.2807)	Top 1 Accuracy 53.516 (54.511)	Top 5 Accuracy 66.719 (68.576)
Saved Model!
Train Batch: [0/15120]	Loss 3.1596 (3.1596)	Top 1 Accuracy 55.234 (55.234)	Top 5 Accuracy 69.766 (69.766)
Train Batch: [100/15120]	Loss 3.3912 (3.1689)	Top 1 Accuracy 50.703 (55.075)	Top 5 Accuracy 65.703 (69.526)
Train Batch: [200/15120]	Loss 3.0732 (3.1556)	Top 1 Accuracy 54.531 (55.217)	Top 5 Accuracy 71.641 (69.690)
Train Batch: [300/15120]	Loss 3.0913 (3.1510)	Top 1 Accuracy 55.234 (55.181)	Top 5 Accuracy 70.547 (69.731)
Train Batch: [400/15120]	Loss 3.1435 (3.1513)	Top 1 Accuracy 56.094 (55.144)	Top 5 Accuracy 69.766 (69.701)
Train Batch: [500/15120]	Loss 3.7298 (3.1489)	Top 1 Accuracy 48.281 (55.161)	Top 5 Accuracy 60.469 (69.718)
Train Batch: [600/15120]	Loss 3.2848 (3.1547)	Top 1 Accuracy 54.766 (55.099)	Top 5 Accuracy 68.516 (69.613)
Train Batch: [700/15120]	Loss 3.0286 (3.1588)	Top 1 Accuracy 61.250 (55.037)	Top 5 Accuracy 72.734 (69.553)
Train Batch: [800/15120]	Loss 3.1996 (3.1569)	Top 1 Accuracy 54.609 (55.059)	Top 5 Accuracy 70.625 (69.582)
Train Batch: [900/15120]	Loss 3.0352 (3.1593)	Top 1 Accuracy 55.703 (55.031)	Top 5 Accuracy 70.234 (69.561)
Train Batch: [1000/15120]	Loss 3.2980 (3.1578)	Top 1 Accuracy 52.500 (55.051)	Top 5 Accuracy 67.812 (69.565)
Train Batch: [1100/15120]	Loss 3.3722 (3.1601)	Top 1 Accuracy 51.797 (55.017)	Top 5 Accuracy 67.578 (69.540)
Train Batch: [1200/15120]	Loss 3.0326 (3.1591)	Top 1 Accuracy 55.938 (55.030)	Top 5 Accuracy 71.484 (69.552)
Train Batch: [1300/15120]	Loss 3.1726 (3.1602)	Top 1 Accuracy 54.375 (55.017)	Top 5 Accuracy 70.156 (69.549)
Train Batch: [1400/15120]	Loss 2.9779 (3.1598)	Top 1 Accuracy 59.297 (55.014)	Top 5 Accuracy 73.203 (69.547)
Train Batch: [1500/15120]	Loss 3.0908 (3.1598)	Top 1 Accuracy 56.406 (55.008)	Top 5 Accuracy 70.000 (69.555)
Train Batch: [1600/15120]	Loss 3.1515 (3.1597)	Top 1 Accuracy 55.391 (55.004)	Top 5 Accuracy 69.688 (69.557)
Train Batch: [1700/15120]	Loss 3.1649 (3.1613)	Top 1 Accuracy 54.922 (54.972)	Top 5 Accuracy 69.141 (69.534)
Train Batch: [1800/15120]	Loss 3.3058 (3.1619)	Top 1 Accuracy 53.594 (54.955)	Top 5 Accuracy 68.203 (69.520)
Train Batch: [1900/15120]	Loss 2.7948 (3.1622)	Top 1 Accuracy 58.281 (54.958)	Top 5 Accuracy 73.516 (69.518)
Train Batch: [2000/15120]	Loss 3.0863 (3.1618)	Top 1 Accuracy 56.250 (54.963)	Top 5 Accuracy 69.922 (69.528)
Train Batch: [2100/15120]	Loss 2.8709 (3.1609)	Top 1 Accuracy 59.766 (54.975)	Top 5 Accuracy 73.359 (69.537)
Train Batch: [2200/15120]	Loss 3.0247 (3.1615)	Top 1 Accuracy 56.641 (54.960)	Top 5 Accuracy 71.328 (69.531)
Train Batch: [2300/15120]	Loss 3.2794 (3.1635)	Top 1 Accuracy 55.078 (54.924)	Top 5 Accuracy 69.297 (69.509)
Train Batch: [2400/15120]	Loss 3.0320 (3.1628)	Top 1 Accuracy 56.875 (54.929)	Top 5 Accuracy 72.109 (69.520)
Train Batch: [2500/15120]	Loss 3.1367 (3.1623)	Top 1 Accuracy 55.469 (54.939)	Top 5 Accuracy 69.844 (69.525)
Train Batch: [2600/15120]	Loss 3.1698 (3.1618)	Top 1 Accuracy 54.609 (54.941)	Top 5 Accuracy 68.828 (69.530)
Train Batch: [2700/15120]	Loss 3.1892 (3.1624)	Top 1 Accuracy 53.828 (54.935)	Top 5 Accuracy 67.422 (69.519)
Train Batch: [2800/15120]	Loss 3.1493 (3.1620)	Top 1 Accuracy 52.422 (54.933)	Top 5 Accuracy 70.078 (69.520)
Train Batch: [2900/15120]	Loss 2.9984 (3.1625)	Top 1 Accuracy 58.281 (54.920)	Top 5 Accuracy 73.203 (69.516)
Train Batch: [3000/15120]	Loss 3.2662 (3.1609)	Top 1 Accuracy 54.922 (54.940)	Top 5 Accuracy 67.734 (69.533)
Train Batch: [3100/15120]	Loss 2.9736 (3.1601)	Top 1 Accuracy 58.750 (54.943)	Top 5 Accuracy 71.406 (69.538)
Train Batch: [3200/15120]	Loss 3.4479 (3.1599)	Top 1 Accuracy 48.984 (54.947)	Top 5 Accuracy 65.469 (69.542)
Train Batch: [3300/15120]	Loss 2.9483 (3.1594)	Top 1 Accuracy 55.000 (54.948)	Top 5 Accuracy 71.797 (69.546)
Train Batch: [3400/15120]	Loss 3.2814 (3.1605)	Top 1 Accuracy 55.078 (54.934)	Top 5 Accuracy 69.141 (69.535)
Train Batch: [3500/15120]	Loss 3.5645 (3.1600)	Top 1 Accuracy 49.141 (54.936)	Top 5 Accuracy 63.438 (69.538)
Train Batch: [3600/15120]	Loss 3.2606 (3.1594)	Top 1 Accuracy 53.750 (54.942)	Top 5 Accuracy 68.672 (69.549)
Train Batch: [3700/15120]	Loss 3.0386 (3.1580)	Top 1 Accuracy 57.344 (54.954)	Top 5 Accuracy 71.562 (69.562)
Train Batch: [3800/15120]	Loss 3.5931 (3.1585)	Top 1 Accuracy 51.562 (54.944)	Top 5 Accuracy 65.625 (69.556)
Train Batch: [3900/15120]	Loss 3.2657 (3.1584)	Top 1 Accuracy 51.953 (54.944)	Top 5 Accuracy 69.922 (69.560)
Train Batch: [4000/15120]	Loss 2.9725 (3.1585)	Top 1 Accuracy 56.719 (54.943)	Top 5 Accuracy 71.562 (69.558)
Train Batch: [4100/15120]	Loss 3.1602 (3.1580)	Top 1 Accuracy 52.266 (54.946)	Top 5 Accuracy 68.516 (69.563)
Train Batch: [4200/15120]	Loss 2.8071 (3.1576)	Top 1 Accuracy 58.047 (54.946)	Top 5 Accuracy 74.688 (69.567)
Train Batch: [4300/15120]	Loss 2.8383 (3.1561)	Top 1 Accuracy 58.438 (54.965)	Top 5 Accuracy 72.266 (69.586)
Train Batch: [4400/15120]	Loss 3.0472 (3.1562)	Top 1 Accuracy 53.984 (54.962)	Top 5 Accuracy 70.703 (69.588)
Train Batch: [4500/15120]	Loss 2.8058 (3.1558)	Top 1 Accuracy 60.234 (54.961)	Top 5 Accuracy 73.828 (69.592)
Train Batch: [4600/15120]	Loss 3.0252 (3.1550)	Top 1 Accuracy 57.500 (54.967)	Top 5 Accuracy 70.312 (69.602)
Train Batch: [4700/15120]	Loss 3.4117 (3.1554)	Top 1 Accuracy 52.891 (54.960)	Top 5 Accuracy 66.875 (69.597)
Train Batch: [4800/15120]	Loss 2.7395 (3.1547)	Top 1 Accuracy 59.844 (54.967)	Top 5 Accuracy 75.781 (69.606)
Train Batch: [4900/15120]	Loss 3.0602 (3.1535)	Top 1 Accuracy 55.625 (54.983)	Top 5 Accuracy 70.703 (69.622)
Train Batch: [5000/15120]	Loss 3.0090 (3.1530)	Top 1 Accuracy 57.578 (54.988)	Top 5 Accuracy 71.484 (69.628)
Train Batch: [5100/15120]	Loss 2.8759 (3.1526)	Top 1 Accuracy 59.062 (54.991)	Top 5 Accuracy 72.109 (69.633)
Train Batch: [5200/15120]	Loss 3.1643 (3.1525)	Top 1 Accuracy 53.203 (54.987)	Top 5 Accuracy 68.750 (69.634)
Train Batch: [5300/15120]	Loss 2.6964 (3.1522)	Top 1 Accuracy 59.922 (54.988)	Top 5 Accuracy 74.844 (69.638)
Train Batch: [5400/15120]	Loss 3.0707 (3.1518)	Top 1 Accuracy 56.875 (54.986)	Top 5 Accuracy 69.922 (69.640)
Train Batch: [5500/15120]	Loss 2.9410 (3.1511)	Top 1 Accuracy 59.141 (54.991)	Top 5 Accuracy 72.891 (69.649)
Train Batch: [5600/15120]	Loss 3.4618 (3.1513)	Top 1 Accuracy 52.422 (54.984)	Top 5 Accuracy 66.797 (69.646)
Train Batch: [5700/15120]	Loss 3.0472 (3.1509)	Top 1 Accuracy 56.016 (54.987)	Top 5 Accuracy 70.156 (69.649)
Train Batch: [5800/15120]	Loss 3.3207 (3.1514)	Top 1 Accuracy 51.875 (54.979)	Top 5 Accuracy 67.734 (69.643)
Train Batch: [5900/15120]	Loss 3.0933 (3.1506)	Top 1 Accuracy 54.531 (54.989)	Top 5 Accuracy 70.469 (69.652)
Train Batch: [6000/15120]	Loss 3.0968 (3.1503)	Top 1 Accuracy 57.734 (54.993)	Top 5 Accuracy 70.625 (69.658)
Train Batch: [6100/15120]	Loss 2.9112 (3.1505)	Top 1 Accuracy 57.734 (54.988)	Top 5 Accuracy 73.750 (69.656)
Train Batch: [6200/15120]	Loss 3.3181 (3.1500)	Top 1 Accuracy 52.891 (54.990)	Top 5 Accuracy 68.594 (69.660)
Train Batch: [6300/15120]	Loss 3.1959 (3.1499)	Top 1 Accuracy 53.594 (54.988)	Top 5 Accuracy 69.922 (69.661)
Train Batch: [6400/15120]	Loss 3.2863 (3.1493)	Top 1 Accuracy 51.953 (54.993)	Top 5 Accuracy 68.750 (69.669)
Train Batch: [6500/15120]	Loss 3.2489 (3.1488)	Top 1 Accuracy 55.781 (54.998)	Top 5 Accuracy 67.422 (69.675)
Train Batch: [6600/15120]	Loss 3.3072 (3.1490)	Top 1 Accuracy 53.359 (54.990)	Top 5 Accuracy 66.484 (69.673)
Train Batch: [6700/15120]	Loss 3.0300 (3.1482)	Top 1 Accuracy 55.938 (55.003)	Top 5 Accuracy 70.234 (69.683)
Train Batch: [6800/15120]	Loss 2.6271 (3.1479)	Top 1 Accuracy 61.562 (55.003)	Top 5 Accuracy 75.859 (69.688)
Train Batch: [6900/15120]	Loss 3.0906 (3.1471)	Top 1 Accuracy 57.578 (55.012)	Top 5 Accuracy 71.250 (69.699)
Train Batch: [7000/15120]	Loss 3.1386 (3.1464)	Top 1 Accuracy 54.531 (55.017)	Top 5 Accuracy 69.609 (69.707)
Train Batch: [7100/15120]	Loss 2.8492 (3.1466)	Top 1 Accuracy 60.625 (55.010)	Top 5 Accuracy 73.438 (69.702)
Train Batch: [7200/15120]	Loss 3.1129 (3.1465)	Top 1 Accuracy 53.750 (55.008)	Top 5 Accuracy 70.859 (69.701)
Train Batch: [7300/15120]	Loss 3.0394 (3.1458)	Top 1 Accuracy 55.000 (55.016)	Top 5 Accuracy 70.781 (69.711)
Train Batch: [7400/15120]	Loss 3.4364 (3.1454)	Top 1 Accuracy 49.922 (55.021)	Top 5 Accuracy 67.734 (69.717)
Train Batch: [7500/15120]	Loss 3.1718 (3.1450)	Top 1 Accuracy 54.141 (55.024)	Top 5 Accuracy 68.047 (69.721)
Train Batch: [7600/15120]	Loss 3.1701 (3.1450)	Top 1 Accuracy 55.391 (55.024)	Top 5 Accuracy 69.297 (69.722)
Train Batch: [7700/15120]	Loss 2.7530 (3.1448)	Top 1 Accuracy 60.469 (55.027)	Top 5 Accuracy 74.766 (69.725)
Train Batch: [7800/15120]	Loss 3.2137 (3.1448)	Top 1 Accuracy 53.906 (55.029)	Top 5 Accuracy 67.344 (69.726)
Train Batch: [7900/15120]	Loss 3.2002 (3.1445)	Top 1 Accuracy 52.891 (55.032)	Top 5 Accuracy 68.906 (69.730)
Train Batch: [8000/15120]	Loss 2.7771 (3.1441)	Top 1 Accuracy 58.672 (55.034)	Top 5 Accuracy 74.219 (69.734)
Train Batch: [8100/15120]	Loss 3.0933 (3.1438)	Top 1 Accuracy 55.938 (55.039)	Top 5 Accuracy 70.234 (69.739)
Train Batch: [8200/15120]	Loss 2.9747 (3.1436)	Top 1 Accuracy 56.719 (55.039)	Top 5 Accuracy 72.969 (69.741)
Train Batch: [8300/15120]	Loss 3.2041 (3.1434)	Top 1 Accuracy 53.672 (55.036)	Top 5 Accuracy 69.922 (69.743)
Train Batch: [8400/15120]	Loss 3.0342 (3.1438)	Top 1 Accuracy 57.734 (55.030)	Top 5 Accuracy 71.094 (69.739)
Train Batch: [8500/15120]	Loss 3.2608 (3.1436)	Top 1 Accuracy 52.422 (55.032)	Top 5 Accuracy 67.422 (69.742)
Train Batch: [8600/15120]	Loss 3.3145 (3.1430)	Top 1 Accuracy 50.859 (55.035)	Top 5 Accuracy 66.719 (69.747)
Train Batch: [8700/15120]	Loss 3.2403 (3.1427)	Top 1 Accuracy 55.312 (55.038)	Top 5 Accuracy 68.516 (69.753)
Train Batch: [8800/15120]	Loss 3.0841 (3.1425)	Top 1 Accuracy 53.359 (55.037)	Top 5 Accuracy 68.828 (69.754)
Train Batch: [8900/15120]	Loss 2.6616 (3.1422)	Top 1 Accuracy 59.062 (55.041)	Top 5 Accuracy 75.859 (69.759)
Train Batch: [9000/15120]	Loss 3.3980 (3.1422)	Top 1 Accuracy 51.719 (55.040)	Top 5 Accuracy 67.812 (69.759)
Train Batch: [9100/15120]	Loss 3.0435 (3.1419)	Top 1 Accuracy 55.156 (55.039)	Top 5 Accuracy 70.312 (69.762)
Train Batch: [9200/15120]	Loss 3.1150 (3.1416)	Top 1 Accuracy 53.750 (55.040)	Top 5 Accuracy 69.609 (69.765)
Train Batch: [9300/15120]	Loss 2.9417 (3.1411)	Top 1 Accuracy 56.250 (55.044)	Top 5 Accuracy 71.406 (69.770)
Train Batch: [9400/15120]	Loss 3.6046 (3.1409)	Top 1 Accuracy 47.578 (55.044)	Top 5 Accuracy 64.141 (69.773)
Train Batch: [9500/15120]	Loss 3.1348 (3.1405)	Top 1 Accuracy 55.781 (55.048)	Top 5 Accuracy 71.328 (69.778)
Train Batch: [9600/15120]	Loss 3.1331 (3.1403)	Top 1 Accuracy 56.250 (55.049)	Top 5 Accuracy 70.625 (69.779)
Train Batch: [9700/15120]	Loss 3.0268 (3.1405)	Top 1 Accuracy 56.875 (55.043)	Top 5 Accuracy 71.406 (69.776)
Train Batch: [9800/15120]	Loss 3.0582 (3.1398)	Top 1 Accuracy 57.812 (55.051)	Top 5 Accuracy 71.953 (69.786)
Train Batch: [9900/15120]	Loss 3.2186 (3.1391)	Top 1 Accuracy 53.359 (55.057)	Top 5 Accuracy 70.000 (69.794)
Train Batch: [10000/15120]	Loss 2.9557 (3.1388)	Top 1 Accuracy 57.109 (55.058)	Top 5 Accuracy 71.953 (69.796)
Train Batch: [10100/15120]	Loss 3.0594 (3.1385)	Top 1 Accuracy 55.312 (55.060)	Top 5 Accuracy 70.547 (69.799)
Train Batch: [10200/15120]	Loss 3.2396 (3.1380)	Top 1 Accuracy 53.672 (55.063)	Top 5 Accuracy 66.641 (69.804)
Train Batch: [10300/15120]	Loss 3.1910 (3.1376)	Top 1 Accuracy 52.734 (55.069)	Top 5 Accuracy 68.203 (69.811)
Train Batch: [10400/15120]	Loss 2.9981 (3.1373)	Top 1 Accuracy 55.703 (55.069)	Top 5 Accuracy 70.938 (69.814)
Train Batch: [10500/15120]	Loss 3.0386 (3.1371)	Top 1 Accuracy 53.984 (55.068)	Top 5 Accuracy 70.234 (69.816)
Train Batch: [10600/15120]	Loss 3.0298 (3.1371)	Top 1 Accuracy 53.750 (55.067)	Top 5 Accuracy 70.781 (69.816)
Train Batch: [10700/15120]	Loss 3.1599 (3.1366)	Top 1 Accuracy 55.078 (55.073)	Top 5 Accuracy 71.016 (69.824)
Train Batch: [10800/15120]	Loss 3.5155 (3.1361)	Top 1 Accuracy 48.672 (55.075)	Top 5 Accuracy 65.469 (69.827)
Train Batch: [10900/15120]	Loss 2.7439 (3.1359)	Top 1 Accuracy 60.078 (55.074)	Top 5 Accuracy 75.078 (69.829)
Train Batch: [11000/15120]	Loss 3.3777 (3.1356)	Top 1 Accuracy 52.109 (55.075)	Top 5 Accuracy 67.969 (69.832)
Train Batch: [11100/15120]	Loss 2.9056 (3.1354)	Top 1 Accuracy 59.062 (55.075)	Top 5 Accuracy 71.797 (69.835)
Train Batch: [11200/15120]	Loss 3.1500 (3.1352)	Top 1 Accuracy 53.359 (55.075)	Top 5 Accuracy 70.234 (69.837)
Train Batch: [11300/15120]	Loss 3.2830 (3.1350)	Top 1 Accuracy 55.078 (55.076)	Top 5 Accuracy 69.062 (69.840)
Train Batch: [11400/15120]	Loss 2.7055 (3.1346)	Top 1 Accuracy 61.094 (55.082)	Top 5 Accuracy 75.312 (69.845)
Train Batch: [11500/15120]	Loss 3.3396 (3.1348)	Top 1 Accuracy 52.031 (55.079)	Top 5 Accuracy 66.562 (69.845)
Train Batch: [11600/15120]	Loss 3.1001 (3.1346)	Top 1 Accuracy 55.391 (55.081)	Top 5 Accuracy 70.469 (69.848)
Train Batch: [11700/15120]	Loss 3.1480 (3.1341)	Top 1 Accuracy 52.969 (55.084)	Top 5 Accuracy 67.266 (69.853)
Train Batch: [11800/15120]	Loss 2.9793 (3.1338)	Top 1 Accuracy 54.141 (55.088)	Top 5 Accuracy 70.000 (69.857)
Train Batch: [11900/15120]	Loss 2.9515 (3.1336)	Top 1 Accuracy 57.812 (55.087)	Top 5 Accuracy 72.031 (69.859)
Train Batch: [12000/15120]	Loss 3.2884 (3.1331)	Top 1 Accuracy 52.344 (55.088)	Top 5 Accuracy 66.875 (69.862)
Train Batch: [12100/15120]	Loss 3.1309 (3.1328)	Top 1 Accuracy 53.125 (55.091)	Top 5 Accuracy 68.828 (69.866)
Train Batch: [12200/15120]	Loss 3.1603 (3.1326)	Top 1 Accuracy 54.844 (55.093)	Top 5 Accuracy 69.609 (69.869)
Train Batch: [12300/15120]	Loss 2.7520 (3.1325)	Top 1 Accuracy 60.000 (55.092)	Top 5 Accuracy 74.375 (69.870)
Train Batch: [12400/15120]	Loss 3.1296 (3.1321)	Top 1 Accuracy 55.312 (55.097)	Top 5 Accuracy 70.000 (69.875)
Train Batch: [12500/15120]	Loss 2.7935 (3.1317)	Top 1 Accuracy 58.906 (55.100)	Top 5 Accuracy 72.344 (69.881)
Train Batch: [12600/15120]	Loss 3.0479 (3.1314)	Top 1 Accuracy 57.031 (55.101)	Top 5 Accuracy 70.547 (69.883)
Train Batch: [12700/15120]	Loss 3.2748 (3.1313)	Top 1 Accuracy 52.188 (55.099)	Top 5 Accuracy 68.672 (69.884)
Train Batch: [12800/15120]	Loss 3.0701 (3.1311)	Top 1 Accuracy 58.047 (55.101)	Top 5 Accuracy 70.469 (69.887)
Train Batch: [12900/15120]	Loss 2.9664 (3.1308)	Top 1 Accuracy 55.156 (55.101)	Top 5 Accuracy 71.484 (69.890)
Train Batch: [13000/15120]	Loss 2.9445 (3.1304)	Top 1 Accuracy 57.500 (55.104)	Top 5 Accuracy 72.969 (69.894)
Train Batch: [13100/15120]	Loss 3.4232 (3.1297)	Top 1 Accuracy 47.578 (55.109)	Top 5 Accuracy 65.312 (69.901)
Train Batch: [13200/15120]	Loss 2.9539 (3.1294)	Top 1 Accuracy 52.734 (55.111)	Top 5 Accuracy 70.312 (69.905)
Train Batch: [13300/15120]	Loss 3.1216 (3.1294)	Top 1 Accuracy 57.188 (55.110)	Top 5 Accuracy 69.922 (69.905)
Train Batch: [13400/15120]	Loss 2.9090 (3.1289)	Top 1 Accuracy 60.469 (55.114)	Top 5 Accuracy 73.047 (69.910)
Train Batch: [13500/15120]	Loss 3.3241 (3.1289)	Top 1 Accuracy 53.047 (55.113)	Top 5 Accuracy 68.906 (69.911)
Train Batch: [13600/15120]	Loss 2.9191 (3.1283)	Top 1 Accuracy 57.734 (55.118)	Top 5 Accuracy 71.094 (69.918)
Train Batch: [13700/15120]	Loss 3.3571 (3.1282)	Top 1 Accuracy 52.422 (55.117)	Top 5 Accuracy 66.406 (69.919)
Train Batch: [13800/15120]	Loss 2.7641 (3.1278)	Top 1 Accuracy 58.672 (55.120)	Top 5 Accuracy 74.688 (69.922)
Train Batch: [13900/15120]	Loss 2.5138 (3.1275)	Top 1 Accuracy 63.906 (55.121)	Top 5 Accuracy 76.797 (69.925)
Train Batch: [14000/15120]	Loss 3.4169 (3.1271)	Top 1 Accuracy 48.906 (55.122)	Top 5 Accuracy 66.406 (69.929)
Train Batch: [14100/15120]	Loss 3.1665 (3.1268)	Top 1 Accuracy 56.172 (55.124)	Top 5 Accuracy 70.156 (69.933)
Train Batch: [14200/15120]	Loss 2.8958 (3.1266)	Top 1 Accuracy 57.500 (55.125)	Top 5 Accuracy 73.438 (69.935)
Train Batch: [14300/15120]	Loss 3.4137 (3.1261)	Top 1 Accuracy 51.797 (55.130)	Top 5 Accuracy 66.094 (69.942)
Train Batch: [14400/15120]	Loss 2.8321 (3.1259)	Top 1 Accuracy 58.594 (55.129)	Top 5 Accuracy 73.203 (69.944)
Train Batch: [14500/15120]	Loss 3.1147 (3.1257)	Top 1 Accuracy 53.828 (55.129)	Top 5 Accuracy 69.844 (69.945)
Train Batch: [14600/15120]	Loss 2.4706 (3.1253)	Top 1 Accuracy 62.969 (55.132)	Top 5 Accuracy 77.656 (69.950)
Train Batch: [14700/15120]	Loss 2.8404 (3.1248)	Top 1 Accuracy 58.594 (55.137)	Top 5 Accuracy 72.734 (69.955)
Train Batch: [14800/15120]	Loss 2.8261 (3.1245)	Top 1 Accuracy 56.562 (55.140)	Top 5 Accuracy 72.578 (69.959)
Train Batch: [14900/15120]	Loss 3.2429 (3.1241)	Top 1 Accuracy 54.141 (55.142)	Top 5 Accuracy 70.547 (69.963)
Train Batch: [15000/15120]	Loss 2.9244 (3.1239)	Top 1 Accuracy 58.516 (55.142)	Top 5 Accuracy 72.969 (69.965)
Train Batch: [15100/15120]	Loss 2.9728 (3.1239)	Top 1 Accuracy 57.578 (55.139)	Top 5 Accuracy 71.641 (69.964)
Saved Model!
Train Batch: [0/15120]	Loss 2.8834 (2.8834)	Top 1 Accuracy 58.281 (58.281)	Top 5 Accuracy 71.484 (71.484)
Train Batch: [100/15120]	Loss 3.0008 (3.0323)	Top 1 Accuracy 56.562 (55.818)	Top 5 Accuracy 70.156 (70.734)
Train Batch: [200/15120]	Loss 3.1430 (3.0300)	Top 1 Accuracy 52.344 (55.686)	Top 5 Accuracy 67.656 (70.716)
Train Batch: [300/15120]	Loss 2.9632 (3.0403)	Top 1 Accuracy 56.172 (55.515)	Top 5 Accuracy 71.562 (70.665)
Train Batch: [400/15120]	Loss 3.2117 (3.0395)	Top 1 Accuracy 53.359 (55.552)	Top 5 Accuracy 67.422 (70.668)
Train Batch: [500/15120]	Loss 2.4723 (3.0406)	Top 1 Accuracy 62.500 (55.531)	Top 5 Accuracy 76.953 (70.645)
Train Batch: [600/15120]	Loss 2.7476 (3.0389)	Top 1 Accuracy 59.375 (55.529)	Top 5 Accuracy 72.891 (70.646)
Train Batch: [700/15120]	Loss 2.7749 (3.0403)	Top 1 Accuracy 59.297 (55.501)	Top 5 Accuracy 72.422 (70.621)
Train Batch: [800/15120]	Loss 3.5343 (3.0411)	Top 1 Accuracy 50.547 (55.480)	Top 5 Accuracy 65.078 (70.600)
Train Batch: [900/15120]	Loss 3.0106 (3.0412)	Top 1 Accuracy 55.078 (55.486)	Top 5 Accuracy 71.797 (70.596)
Train Batch: [1000/15120]	Loss 3.0394 (3.0402)	Top 1 Accuracy 55.703 (55.489)	Top 5 Accuracy 71.016 (70.610)
Train Batch: [1100/15120]	Loss 2.8292 (3.0375)	Top 1 Accuracy 58.359 (55.505)	Top 5 Accuracy 73.047 (70.646)
Train Batch: [1200/15120]	Loss 3.2216 (3.0392)	Top 1 Accuracy 52.344 (55.500)	Top 5 Accuracy 69.531 (70.630)
Train Batch: [1300/15120]	Loss 3.0605 (3.0382)	Top 1 Accuracy 53.281 (55.506)	Top 5 Accuracy 70.234 (70.649)
Train Batch: [1400/15120]	Loss 3.1056 (3.0399)	Top 1 Accuracy 54.688 (55.483)	Top 5 Accuracy 70.859 (70.631)
Train Batch: [1500/15120]	Loss 2.5027 (3.0400)	Top 1 Accuracy 65.234 (55.496)	Top 5 Accuracy 77.031 (70.641)
Train Batch: [1600/15120]	Loss 3.0973 (3.0392)	Top 1 Accuracy 54.375 (55.518)	Top 5 Accuracy 70.000 (70.659)
Train Batch: [1700/15120]	Loss 3.0745 (3.0403)	Top 1 Accuracy 53.516 (55.502)	Top 5 Accuracy 69.219 (70.648)
Train Batch: [1800/15120]	Loss 2.9952 (3.0411)	Top 1 Accuracy 55.078 (55.480)	Top 5 Accuracy 70.781 (70.638)
Train Batch: [1900/15120]	Loss 2.7089 (3.0402)	Top 1 Accuracy 60.859 (55.494)	Top 5 Accuracy 74.297 (70.655)
Train Batch: [2000/15120]	Loss 3.2542 (3.0395)	Top 1 Accuracy 51.016 (55.501)	Top 5 Accuracy 67.812 (70.666)
Train Batch: [2100/15120]	Loss 2.9118 (3.0384)	Top 1 Accuracy 57.344 (55.518)	Top 5 Accuracy 71.875 (70.685)
Train Batch: [2200/15120]	Loss 3.6087 (3.0385)	Top 1 Accuracy 48.359 (55.513)	Top 5 Accuracy 63.984 (70.687)
Train Batch: [2300/15120]	Loss 2.8125 (3.0391)	Top 1 Accuracy 58.984 (55.497)	Top 5 Accuracy 74.062 (70.678)
Train Batch: [2400/15120]	Loss 3.0826 (3.0390)	Top 1 Accuracy 54.922 (55.494)	Top 5 Accuracy 69.375 (70.676)
Train Batch: [2500/15120]	Loss 3.2822 (3.0389)	Top 1 Accuracy 52.656 (55.495)	Top 5 Accuracy 67.656 (70.679)
Train Batch: [2600/15120]	Loss 3.2086 (3.0373)	Top 1 Accuracy 53.984 (55.524)	Top 5 Accuracy 68.359 (70.701)
Train Batch: [2700/15120]	Loss 3.0642 (3.0381)	Top 1 Accuracy 55.625 (55.512)	Top 5 Accuracy 70.312 (70.694)
Train Batch: [2800/15120]	Loss 2.9513 (3.0381)	Top 1 Accuracy 58.516 (55.518)	Top 5 Accuracy 72.969 (70.697)
Train Batch: [2900/15120]	Loss 3.2754 (3.0375)	Top 1 Accuracy 51.953 (55.528)	Top 5 Accuracy 66.094 (70.706)
Train Batch: [3000/15120]	Loss 2.7992 (3.0381)	Top 1 Accuracy 58.672 (55.517)	Top 5 Accuracy 74.219 (70.700)
Train Batch: [3100/15120]	Loss 2.8662 (3.0381)	Top 1 Accuracy 59.062 (55.511)	Top 5 Accuracy 73.594 (70.699)
Train Batch: [3200/15120]	Loss 3.1253 (3.0380)	Top 1 Accuracy 55.391 (55.514)	Top 5 Accuracy 69.297 (70.700)
Train Batch: [3300/15120]	Loss 2.8866 (3.0378)	Top 1 Accuracy 58.125 (55.512)	Top 5 Accuracy 71.875 (70.704)
Train Batch: [3400/15120]	Loss 3.1848 (3.0375)	Top 1 Accuracy 53.672 (55.513)	Top 5 Accuracy 68.828 (70.708)
Train Batch: [3500/15120]	Loss 3.0904 (3.0381)	Top 1 Accuracy 53.438 (55.502)	Top 5 Accuracy 69.531 (70.702)
Train Batch: [3600/15120]	Loss 3.2180 (3.0378)	Top 1 Accuracy 55.547 (55.507)	Top 5 Accuracy 68.203 (70.706)
Train Batch: [3700/15120]	Loss 2.8810 (3.0375)	Top 1 Accuracy 57.734 (55.510)	Top 5 Accuracy 72.500 (70.708)
Train Batch: [3800/15120]	Loss 2.6798 (3.0370)	Top 1 Accuracy 59.141 (55.512)	Top 5 Accuracy 75.781 (70.713)
Train Batch: [3900/15120]	Loss 3.1468 (3.0369)	Top 1 Accuracy 56.406 (55.507)	Top 5 Accuracy 70.469 (70.711)
Train Batch: [4000/15120]	Loss 2.7348 (3.0371)	Top 1 Accuracy 60.469 (55.505)	Top 5 Accuracy 75.312 (70.706)
Train Batch: [4100/15120]	Loss 2.6384 (3.0367)	Top 1 Accuracy 61.406 (55.508)	Top 5 Accuracy 75.078 (70.708)
Train Batch: [4200/15120]	Loss 3.0069 (3.0361)	Top 1 Accuracy 56.406 (55.512)	Top 5 Accuracy 70.938 (70.716)
Train Batch: [4300/15120]	Loss 3.3409 (3.0368)	Top 1 Accuracy 51.172 (55.498)	Top 5 Accuracy 66.250 (70.709)
Train Batch: [4400/15120]	Loss 2.7927 (3.0363)	Top 1 Accuracy 59.453 (55.506)	Top 5 Accuracy 74.531 (70.717)
Train Batch: [4500/15120]	Loss 2.8348 (3.0354)	Top 1 Accuracy 57.734 (55.519)	Top 5 Accuracy 73.203 (70.730)
Train Batch: [4600/15120]	Loss 2.7057 (3.0346)	Top 1 Accuracy 58.828 (55.526)	Top 5 Accuracy 74.375 (70.738)
Train Batch: [4700/15120]	Loss 3.3285 (3.0349)	Top 1 Accuracy 52.578 (55.520)	Top 5 Accuracy 68.594 (70.734)
Train Batch: [4800/15120]	Loss 2.6797 (3.0349)	Top 1 Accuracy 59.531 (55.517)	Top 5 Accuracy 74.609 (70.733)
Train Batch: [4900/15120]	Loss 2.9899 (3.0339)	Top 1 Accuracy 56.875 (55.531)	Top 5 Accuracy 70.547 (70.749)
Train Batch: [5000/15120]	Loss 2.9130 (3.0346)	Top 1 Accuracy 57.344 (55.517)	Top 5 Accuracy 73.281 (70.741)
Train Batch: [5100/15120]	Loss 3.0822 (3.0345)	Top 1 Accuracy 55.234 (55.517)	Top 5 Accuracy 70.703 (70.742)
Train Batch: [5200/15120]	Loss 2.9775 (3.0342)	Top 1 Accuracy 55.625 (55.519)	Top 5 Accuracy 73.203 (70.744)
Train Batch: [5300/15120]	Loss 3.0785 (3.0339)	Top 1 Accuracy 54.375 (55.525)	Top 5 Accuracy 69.609 (70.747)
Train Batch: [5400/15120]	Loss 3.1179 (3.0340)	Top 1 Accuracy 55.703 (55.520)	Top 5 Accuracy 69.688 (70.743)
Train Batch: [5500/15120]	Loss 2.5533 (3.0335)	Top 1 Accuracy 61.953 (55.526)	Top 5 Accuracy 76.797 (70.747)
Train Batch: [5600/15120]	Loss 3.2027 (3.0330)	Top 1 Accuracy 52.891 (55.528)	Top 5 Accuracy 66.875 (70.750)
Train Batch: [5700/15120]	Loss 2.7899 (3.0327)	Top 1 Accuracy 57.969 (55.530)	Top 5 Accuracy 72.109 (70.753)
Train Batch: [5800/15120]	Loss 3.0146 (3.0327)	Top 1 Accuracy 54.844 (55.526)	Top 5 Accuracy 71.016 (70.752)
Train Batch: [5900/15120]	Loss 3.0745 (3.0324)	Top 1 Accuracy 55.781 (55.527)	Top 5 Accuracy 69.844 (70.754)
Train Batch: [6000/15120]	Loss 3.1168 (3.0328)	Top 1 Accuracy 55.000 (55.522)	Top 5 Accuracy 70.625 (70.749)
Train Batch: [6100/15120]	Loss 2.9895 (3.0323)	Top 1 Accuracy 57.812 (55.529)	Top 5 Accuracy 73.594 (70.756)
Train Batch: [6200/15120]	Loss 2.7715 (3.0330)	Top 1 Accuracy 58.438 (55.520)	Top 5 Accuracy 72.656 (70.747)
Train Batch: [6300/15120]	Loss 2.7918 (3.0324)	Top 1 Accuracy 58.594 (55.525)	Top 5 Accuracy 72.500 (70.753)
Train Batch: [6400/15120]	Loss 2.9108 (3.0321)	Top 1 Accuracy 56.641 (55.522)	Top 5 Accuracy 72.188 (70.754)
Train Batch: [6500/15120]	Loss 3.4692 (3.0320)	Top 1 Accuracy 50.625 (55.523)	Top 5 Accuracy 66.953 (70.756)
Train Batch: [6600/15120]	Loss 2.8305 (3.0316)	Top 1 Accuracy 57.422 (55.527)	Top 5 Accuracy 72.656 (70.762)
Train Batch: [6700/15120]	Loss 2.6786 (3.0310)	Top 1 Accuracy 61.250 (55.532)	Top 5 Accuracy 75.078 (70.770)
Train Batch: [6800/15120]	Loss 3.2492 (3.0314)	Top 1 Accuracy 50.469 (55.524)	Top 5 Accuracy 67.344 (70.763)
Train Batch: [6900/15120]	Loss 2.8258 (3.0309)	Top 1 Accuracy 59.062 (55.528)	Top 5 Accuracy 73.672 (70.769)
Train Batch: [7000/15120]	Loss 2.8443 (3.0307)	Top 1 Accuracy 60.000 (55.532)	Top 5 Accuracy 73.750 (70.775)
Train Batch: [7100/15120]	Loss 2.6965 (3.0307)	Top 1 Accuracy 58.125 (55.530)	Top 5 Accuracy 73.672 (70.774)
Train Batch: [7200/15120]	Loss 3.1755 (3.0313)	Top 1 Accuracy 56.250 (55.523)	Top 5 Accuracy 70.703 (70.767)
Train Batch: [7300/15120]	Loss 2.7662 (3.0311)	Top 1 Accuracy 58.125 (55.523)	Top 5 Accuracy 72.266 (70.770)
Train Batch: [7400/15120]	Loss 3.0218 (3.0309)	Top 1 Accuracy 54.609 (55.525)	Top 5 Accuracy 71.406 (70.773)
Train Batch: [7500/15120]	Loss 3.4205 (3.0308)	Top 1 Accuracy 49.922 (55.525)	Top 5 Accuracy 64.609 (70.775)
Train Batch: [7600/15120]	Loss 3.3247 (3.0306)	Top 1 Accuracy 49.141 (55.524)	Top 5 Accuracy 66.641 (70.777)
Train Batch: [7700/15120]	Loss 3.1397 (3.0305)	Top 1 Accuracy 51.562 (55.524)	Top 5 Accuracy 70.156 (70.779)
Train Batch: [7800/15120]	Loss 3.4003 (3.0302)	Top 1 Accuracy 50.391 (55.527)	Top 5 Accuracy 67.812 (70.783)
Train Batch: [7900/15120]	Loss 3.0161 (3.0296)	Top 1 Accuracy 56.484 (55.532)	Top 5 Accuracy 71.094 (70.789)
Train Batch: [8000/15120]	Loss 3.1751 (3.0293)	Top 1 Accuracy 54.766 (55.536)	Top 5 Accuracy 68.984 (70.793)
Train Batch: [8100/15120]	Loss 2.7341 (3.0292)	Top 1 Accuracy 58.359 (55.534)	Top 5 Accuracy 74.531 (70.794)
Train Batch: [8200/15120]	Loss 3.0925 (3.0291)	Top 1 Accuracy 53.750 (55.533)	Top 5 Accuracy 68.750 (70.795)
Train Batch: [8300/15120]	Loss 3.2694 (3.0287)	Top 1 Accuracy 52.656 (55.536)	Top 5 Accuracy 68.125 (70.798)
Train Batch: [8400/15120]	Loss 3.1088 (3.0284)	Top 1 Accuracy 55.312 (55.538)	Top 5 Accuracy 70.703 (70.803)
Train Batch: [8500/15120]	Loss 3.1577 (3.0280)	Top 1 Accuracy 53.359 (55.541)	Top 5 Accuracy 70.391 (70.809)
Train Batch: [8600/15120]	Loss 2.8286 (3.0276)	Top 1 Accuracy 58.516 (55.544)	Top 5 Accuracy 73.594 (70.813)
Train Batch: [8700/15120]	Loss 2.9647 (3.0276)	Top 1 Accuracy 55.312 (55.545)	Top 5 Accuracy 70.547 (70.812)
